#
# A fatal error has been detected by the Java Runtime Environment:
#
#  SIGSEGV (0xb) at pc=0x00007fff6f10be9d, pid=3481, tid=775
#
# JRE version: Java(TM) SE Runtime Environment (8.0_73-b02) (build 1.8.0_73-b02)
# Java VM: Java HotSpot(TM) 64-Bit Server VM (25.73-b02 mixed mode bsd-amd64 compressed oops)
# Problematic frame:
# C  [libobjc.A.dylib+0x6e9d]  objc_msgSend+0x1d
#
# Failed to write core dump. Core dumps have been disabled. To enable core dumping, try "ulimit -c unlimited" before starting Java again
#
# If you would like to submit a bug report, please visit:
#   http://bugreport.java.com/bugreport/crash.jsp
# The crash happened outside the Java Virtual Machine in native code.
# See problematic frame for where to report the bug.
#

---------------  T H R E A D  ---------------

Current thread (0x00007fcfb4952000):  JavaThread "AWT-AppKit" daemon [_thread_in_native, id=775, stack(0x00007ffee77ef000,0x00007ffee7fef000)]

siginfo: si_signo: 11 (SIGSEGV), si_code: 1 (SEGV_MAPERR), si_addr: 0x0000000000000018

Registers:
RAX=0x00007fcfb9d3fcc0, RBX=0x0000000120f17450, RCX=0x0000000000000001, RDX=0x0000000000000000
RSP=0x00007ffee7fe9d18, RBP=0x00007ffee7fe9dd0, RSI=0x00007fff4612631e, RDI=0x00007fcfb9ad3180
R8 =0x0000000000000000, R9 =0x0000000000000000, R10=0x0000000000000000, R11=0x00007fff4612631e
R12=0x0000000000000000, R13=0x0000000198ddacb0, R14=0x0000000120f17440, R15=0x00007fcfb4952000
RIP=0x00007fff6f10be9d, EFLAGS=0x0000000000010246, ERR=0x0000000000000004
  TRAPNO=0x000000000000000e

Top of Stack: (sp=0x00007ffee7fe9d18)
0x00007ffee7fe9d18:   0000000120f15157 00007ffee7fe9d70
0x00007ffee7fe9d28:   0000000000000003 00007ffee7fe9d50
0x00007ffee7fe9d38:   0000000108219646 0000000198ddacb0
0x00007ffee7fe9d48:   0000000198ddacb0 00007fcfb9d3fcc0
0x00007ffee7fe9d58:   0000000120f176a0 0000000120f17710
0x00007ffee7fe9d68:   00007fffa1fc5b38 00007fffa3715178
0x00007ffee7fe9d78:   0000000120f17450 0000000120f17690
0x00007ffee7fe9d88:   00007fcfb9d3fcc0 00007fcfb9ad3180
0x00007ffee7fe9d98:   00007fcfb9e16170 00007fcfb9d3fcc0
0x00007ffee7fe9da8:   00007fcfb9ad3180 00007ffee7fe9e58
0x00007ffee7fe9db8:   00007fcfb49521f8 0000000198ddacb0
0x00007ffee7fe9dc8:   00007ffee7fe9e80 00007ffee7fe9e48
0x00007ffee7fe9dd8:   0000000109815954 0000000198ddacb0
0x00007ffee7fe9de8:   00007ffee7fe9e80 00007ffee7fe9e48
0x00007ffee7fe9df8:   00000001098156e7 00000001098156a2
0x00007ffee7fe9e08:   00007ffee7fe9e08 0000000198ddacb0
0x00007ffee7fe9e18:   00007ffee7fe9e80 0000000198dee028
0x00007ffee7fe9e28:   0000000000000000 0000000198ddacb0
0x00007ffee7fe9e38:   0000000000000000 00007ffee7fe9e68
0x00007ffee7fe9e48:   00007ffee7fe9ec8 0000000109807c4d
0x00007ffee7fe9e58:   00000007405bfd30 000000010980f578
0x00007ffee7fe9e68:   00007fcfb9d3fcc0 00007ffee7fe9ec8
0x00007ffee7fe9e78:   00007fcfb9ad3180 0000000109810d82
0x00007ffee7fe9e88:   00007ffee7fe9e88 0000000198ddae7a
0x00007ffee7fe9e98:   00007ffee7fe9ef0 0000000198dee028
0x00007ffee7fe9ea8:   0000000000000000 0000000198ddae88
0x00007ffee7fe9eb8:   00007ffee7fe9e68 00007ffee7fe9ed8
0x00007ffee7fe9ec8:   00007ffee7fe9f38 0000000109807c4d
0x00007ffee7fe9ed8:   00007fcfb9d3fcc0 00000007403d0aa0
0x00007ffee7fe9ee8:   00007fcfb9ad3180 00000007403d0aa0
0x00007ffee7fe9ef8:   00007ffee7fe9ef8 000000019b2509de
0x00007ffee7fe9f08:   00007ffee7fe9f48 000000019b250a98 

Instructions: (pc=0x00007fff6f10be9d)
0x00007fff6f10be7d:   0f 1f 00 48 85 ff 2e 74 62 40 f6 c7 01 2e 75 66
0x00007fff6f10be8d:   49 ba f8 ff ff ff ff 7f 00 00 4c 23 17 49 89 f3
0x00007fff6f10be9d:   45 23 5a 18 49 c1 e3 04 4d 03 5a 10 49 3b 33 75
0x00007fff6f10bead:   04 41 ff 63 08 49 83 3b 01 76 0d 49 83 c3 10 49 

Register to memory mapping:

RAX=0x00007fcfb9d3fcc0 is an unknown value
RBX=0x0000000120f17450: Java_jogamp_nativewindow_macosx_OSXUtil_GetScreenRefreshRate0+0x1cf0 in /private/var/folders/qx/wrjdfy9d1sq4_104x_y4g7kr0000gn/T/jogamp_0000/file_cache/jln4698064352227040282/jln3050027969519277917/libnativewindow_macosx.jnilib at 0x0000000120f10000
RCX=0x0000000000000001 is an unknown value
RDX=0x0000000000000000 is an unknown value
RSP=0x00007ffee7fe9d18 is pointing into the stack for thread: 0x00007fcfb4952000
RBP=0x00007ffee7fe9dd0 is pointing into the stack for thread: 0x00007fcfb4952000
RSI=0x00007fff4612631e: .str.41.llvm.C4DC25C8+0x43861 in /System/Library/Frameworks/AppKit.framework/Versions/C/AppKit at 0x00007fff4544c000
RDI=0x00007fcfb9ad3180 is an unknown value
R8 =0x0000000000000000 is an unknown value
R9 =0x0000000000000000 is an unknown value
R10=0x0000000000000000 is an unknown value
R11=0x00007fff4612631e: .str.41.llvm.C4DC25C8+0x43861 in /System/Library/Frameworks/AppKit.framework/Versions/C/AppKit at 0x00007fff4544c000
R12=0x0000000000000000 is an unknown value
R13={method} {0x0000000198ddacb0} 'UnsetJAWTRootSurfaceLayer0' '(JJ)V' in 'jogamp/nativewindow/jawt/macosx/MacOSXJAWTWindow'
R14=0x0000000120f17440: Java_jogamp_nativewindow_macosx_OSXUtil_GetScreenRefreshRate0+0x1ce0 in /private/var/folders/qx/wrjdfy9d1sq4_104x_y4g7kr0000gn/T/jogamp_0000/file_cache/jln4698064352227040282/jln3050027969519277917/libnativewindow_macosx.jnilib at 0x0000000120f10000
R15=0x00007fcfb4952000 is a thread


Stack: [0x00007ffee77ef000,0x00007ffee7fef000],  sp=0x00007ffee7fe9d18,  free space=8171k
Native frames: (J=compiled Java code, j=interpreted, Vv=VM code, C=native code)
C  [libobjc.A.dylib+0x6e9d]  objc_msgSend+0x1d
j  jogamp.nativewindow.jawt.macosx.MacOSXJAWTWindow.UnsetJAWTRootSurfaceLayer0(JJ)V+0
j  jogamp.nativewindow.jawt.macosx.MacOSXJAWTWindow.access$200(JJ)V+2
j  jogamp.nativewindow.jawt.macosx.MacOSXJAWTWindow$1.run()V+38
J 2589 C1 com.jogamp.common.util.RunnableTask.run()V (345 bytes) @ 0x000000010a00e314 [0x000000010a00e180+0x194]
v  ~StubRoutines::call_stub
V  [libjvm.dylib+0x2eae7a]  JavaCalls::call_helper(JavaValue*, methodHandle*, JavaCallArguments*, Thread*)+0x6ae
V  [libjvm.dylib+0x321f83]  jni_invoke_nonstatic(JNIEnv_*, JavaValue*, _jobject*, JNICallType, _jmethodID*, JNI_ArgumentPusher*, Thread*)+0x2ec
V  [libjvm.dylib+0x314757]  jni_CallVoidMethod+0x16b
C  [libnativewindow_macosx.jnilib+0x5326]  Java_jogamp_nativewindow_jawt_macosx_MacOSXJAWTWindow_UnsetJAWTRootSurfaceLayer0+0x2b6
C  [Foundation+0x682b5]  __NSThreadPerformPerform+0x14e
C  [CoreFoundation+0xa3a11]  __CFRUNLOOP_IS_CALLING_OUT_TO_A_SOURCE0_PERFORM_FUNCTION__+0x11
C  [CoreFoundation+0x15d42c]  __CFRunLoopDoSource0+0x6c
C  [CoreFoundation+0x864cc]  __CFRunLoopDoSources0+0x12c
C  [CoreFoundation+0x858ed]  __CFRunLoopRun+0x50d
C  [CoreFoundation+0x85153]  CFRunLoopRunSpecific+0x1e3
C  [HIToolbox+0x2fd96]  RunCurrentEventLoopInMode+0x11e
C  [HIToolbox+0x2fa0f]  ReceiveNextEventCommon+0x16e
C  [HIToolbox+0x2f884]  _BlockUntilNextEventMatchingListInModeWithFilter+0x40
C  [AppKit+0x41a73]  _DPSNextEvent+0x825
C  [AppKit+0x7d7e34]  -[NSApplication(NSEvent) _nextEventMatchingEventMask:untilDate:inMode:dequeue:]+0xbe4
C  [libosxapp.dylib+0x23aa]  -[NSApplicationAWT nextEventMatchingMask:untilDate:inMode:dequeue:]+0x7c
C  [AppKit+0x36885]  -[NSApplication run]+0x2fc
C  [libosxapp.dylib+0x214d]  +[NSApplicationAWT runAWTLoopWithApp:]+0x9c
C  [libawt_lwawt.dylib+0x4455b]  -[AWTStarter starter:]+0x389
C  [Foundation+0x682b5]  __NSThreadPerformPerform+0x14e
C  [CoreFoundation+0xa3a11]  __CFRUNLOOP_IS_CALLING_OUT_TO_A_SOURCE0_PERFORM_FUNCTION__+0x11
C  [CoreFoundation+0x15d42c]  __CFRunLoopDoSource0+0x6c
C  [CoreFoundation+0x86470]  __CFRunLoopDoSources0+0xd0
C  [CoreFoundation+0x858ed]  __CFRunLoopRun+0x50d
C  [CoreFoundation+0x85153]  CFRunLoopRunSpecific+0x1e3
C  [java+0x6463]  CreateExecutionEnvironment+0x367
C  [java+0x21ac]  JLI_Launch+0x7a0
C  [java+0x84c0]  main+0x65
C  [java+0x1a04]  start+0x34
C  0x0000000000000007

Java frames: (J=compiled Java code, j=interpreted, Vv=VM code)
j  jogamp.nativewindow.jawt.macosx.MacOSXJAWTWindow.UnsetJAWTRootSurfaceLayer0(JJ)V+0
j  jogamp.nativewindow.jawt.macosx.MacOSXJAWTWindow.access$200(JJ)V+2
j  jogamp.nativewindow.jawt.macosx.MacOSXJAWTWindow$1.run()V+38
J 2589 C1 com.jogamp.common.util.RunnableTask.run()V (345 bytes) @ 0x000000010a00e314 [0x000000010a00e180+0x194]
v  ~StubRoutines::call_stub

---------------  P R O C E S S  ---------------

Java Threads: ( => current thread )
  0x00007fcfba93a000 JavaThread "Thread-49" [_thread_blocked, id=4615, stack(0x000070000e4f0000,0x000070000e5f0000)]
  0x00007fcfb534f000 JavaThread "Image Fetcher 3" daemon [_thread_blocked, id=72403, stack(0x00007000106e2000,0x00007000107e2000)]
  0x00007fcfb5e7d800 JavaThread "Image Fetcher 2" daemon [_thread_blocked, id=59939, stack(0x00007000105df000,0x00007000106df000)]
  0x00007fcfb5431800 JavaThread "Image Fetcher 1" daemon [_thread_blocked, id=71427, stack(0x00007000104dc000,0x00007000105dc000)]
  0x00007fcfb4eb3800 JavaThread "Image Fetcher 0" daemon [_thread_blocked, id=35891, stack(0x00007000103d9000,0x00007000104d9000)]
  0x00007fcfb4431800 JavaThread "Keep-Alive-Timer" daemon [_thread_blocked, id=57435, stack(0x000070000fe47000,0x000070000ff47000)]
  0x00007fcfb5b3a000 JavaThread "Animation Thread" [_thread_blocked, id=74819, stack(0x000070000fc41000,0x000070000fd41000)]
  0x00007fcfb528a000 JavaThread "AWT-EventQueue-1" [_thread_in_native, id=74515, stack(0x000070000fd44000,0x000070000fe44000)]
  0x00007fcfb520d800 JavaThread "DestroyJavaVM" [_thread_blocked, id=6659, stack(0x000070000e5f6000,0x000070000e6f6000)]
  0x00007fcfb51e0000 JavaThread "AWT-EventQueue-0" [_thread_blocked, id=77847, stack(0x000070000fb3e000,0x000070000fc3e000)]
  0x00007fcfb5950000 JavaThread "Java2D Disposer" daemon [_thread_blocked, id=80659, stack(0x000070000f8b5000,0x000070000f9b5000)]
  0x00007fcfb595a800 JavaThread "Java2D Queue Flusher" daemon [_thread_blocked, id=82695, stack(0x000070000f7b2000,0x000070000f8b2000)]
  0x00007fcfb513c800 JavaThread "AWT-Shutdown" [_thread_blocked, id=38955, stack(0x000070000f4a3000,0x000070000f5a3000)]
=>0x00007fcfb4952000 JavaThread "AWT-AppKit" daemon [_thread_in_native, id=775, stack(0x00007ffee77ef000,0x00007ffee7fef000)]
  0x00007fcfb580f000 JavaThread "Service Thread" daemon [_thread_blocked, id=16643, stack(0x000070000f21a000,0x000070000f31a000)]
  0x00007fcfb4829800 JavaThread "C1 CompilerThread2" daemon [_thread_blocked, id=17155, stack(0x000070000f117000,0x000070000f217000)]
  0x00007fcfb580e000 JavaThread "C2 CompilerThread1" daemon [_thread_blocked, id=13059, stack(0x000070000f014000,0x000070000f114000)]
  0x00007fcfb4828800 JavaThread "C2 CompilerThread0" daemon [_thread_blocked, id=17667, stack(0x000070000ef11000,0x000070000f011000)]
  0x00007fcfb482e800 JavaThread "Signal Dispatcher" daemon [_thread_blocked, id=18187, stack(0x000070000ee0e000,0x000070000ef0e000)]
  0x00007fcfb4858800 JavaThread "Finalizer" daemon [_thread_blocked, id=20483, stack(0x000070000ed0b000,0x000070000ee0b000)]
  0x00007fcfb4852000 JavaThread "Reference Handler" daemon [_thread_blocked, id=11523, stack(0x000070000ec08000,0x000070000ed08000)]

Other Threads:
  0x00007fcfb4017000 VMThread [stack: 0x000070000eb05000,0x000070000ec05000] [id=21251]
  0x00007fcfb580f800 WatcherThread [stack: 0x000070000f31d000,0x000070000f41d000] [id=16387]

VM state:not at safepoint (normal execution)

VM Mutex/Monitor currently owned by a thread: None

Heap:
 PSYoungGen      total 53760K, used 37017K [0x0000000795580000, 0x0000000799000000, 0x00000007c0000000)
  eden space 48640K, 65% used [0x0000000795580000,0x00000007974aa028,0x0000000798500000)
  from space 5120K, 99% used [0x0000000798b00000,0x0000000798ffc590,0x0000000799000000)
  to   space 5120K, 0% used [0x0000000798600000,0x0000000798600000,0x0000000798b00000)
 ParOldGen       total 66560K, used 21516K [0x0000000740000000, 0x0000000744100000, 0x0000000795580000)
  object space 66560K, 32% used [0x0000000740000000,0x0000000741503250,0x0000000744100000)
 Metaspace       used 23581K, capacity 23873K, committed 24192K, reserved 1071104K
  class space    used 2328K, capacity 2417K, committed 2432K, reserved 1048576K

Card table byte_map: [0x0000000118bc0000,0x0000000118fc1000] byte_map_base: 0x00000001151c0000

Marking Bits: (ParMarkBitMap*) 0x000000010890bea0
 Begin Bits: [0x000000011926c000, 0x000000011b26c000)
 End Bits:   [0x000000011b26c000, 0x000000011d26c000)

Polling page: 0x0000000107c8d000

CodeCache: size=245760Kb used=8489Kb max_used=8492Kb free=237270Kb
 bounds [0x0000000109800000, 0x000000010a060000, 0x0000000118800000]
 total_blobs=3396 nmethods=2485 adapters=824
 compilation: enabled

Compilation events (10 events):
Event: 11.151 Thread 0x00007fcfb4829800 2821       3       sun.misc.URLClassPath$JarLoader$2::getContentLength (9 bytes)
Event: 11.152 Thread 0x00007fcfb4829800 nmethod 2821 0x000000010a047f50 code [0x000000010a0480c0, 0x000000010a048310]
Event: 11.152 Thread 0x00007fcfb4829800 2822       3       sun.misc.URLClassPath$JarLoader$2::getCodeSigners (8 bytes)
Event: 11.152 Thread 0x00007fcfb4829800 nmethod 2822 0x000000010a047b10 code [0x000000010a047c80, 0x000000010a047ea8]
Event: 11.152 Thread 0x00007fcfb4829800 2823   !   3       java.util.jar.JarFile$JarFileEntry::getCodeSigners (78 bytes)
Event: 11.153 Thread 0x00007fcfb4829800 nmethod 2823 0x000000010a04d110 code [0x000000010a04d2e0, 0x000000010a04d8f8]
Event: 11.156 Thread 0x00007fcfb4829800 2825       3       sun.java2d.pipe.RenderBuffer::putFloat (26 bytes)
Event: 11.156 Thread 0x00007fcfb4829800 nmethod 2825 0x000000010a04cd50 code [0x000000010a04cec0, 0x000000010a04d050]
Event: 11.156 Thread 0x00007fcfb4829800 2824       1       sun.java2d.SurfaceData::isValid (5 bytes)
Event: 11.156 Thread 0x00007fcfb4829800 nmethod 2824 0x0000000109fa6bd0 code [0x0000000109fa6d20, 0x0000000109fa6e30]

GC Heap History (10 events):
Event: 3.871 GC heap before
{Heap before GC invocations=1 (full 0):
 PSYoungGen      total 38400K, used 33280K [0x0000000795580000, 0x0000000798000000, 0x00000007c0000000)
  eden space 33280K, 100% used [0x0000000795580000,0x0000000797600000,0x0000000797600000)
  from space 5120K, 0% used [0x0000000797b00000,0x0000000797b00000,0x0000000798000000)
  to   space 5120K, 0% used [0x0000000797600000,0x0000000797600000,0x0000000797b00000)
 ParOldGen       total 87552K, used 0K [0x0000000740000000, 0x0000000745580000, 0x0000000795580000)
  object space 87552K, 0% used [0x0000000740000000,0x0000000740000000,0x0000000745580000)
 Metaspace       used 16017K, capacity 16219K, committed 16384K, reserved 1064960K
  class space    used 1623K, capacity 1692K, committed 1792K, reserved 1048576K
Event: 3.879 GC heap after
Heap after GC invocations=1 (full 0):
 PSYoungGen      total 38400K, used 5111K [0x0000000795580000, 0x0000000798000000, 0x00000007c0000000)
  eden space 33280K, 0% used [0x0000000795580000,0x0000000795580000,0x0000000797600000)
  from space 5120K, 99% used [0x0000000797600000,0x0000000797afde00,0x0000000797b00000)
  to   space 5120K, 0% used [0x0000000797b00000,0x0000000797b00000,0x0000000798000000)
 ParOldGen       total 87552K, used 16K [0x0000000740000000, 0x0000000745580000, 0x0000000795580000)
  object space 87552K, 0% used [0x0000000740000000,0x0000000740004000,0x0000000745580000)
 Metaspace       used 16017K, capacity 16219K, committed 16384K, reserved 1064960K
  class space    used 1623K, capacity 1692K, committed 1792K, reserved 1048576K
}
Event: 5.171 GC heap before
{Heap before GC invocations=2 (full 0):
 PSYoungGen      total 38400K, used 29748K [0x0000000795580000, 0x0000000798000000, 0x00000007c0000000)
  eden space 33280K, 74% used [0x0000000795580000,0x0000000796d8f2a0,0x0000000797600000)
  from space 5120K, 99% used [0x0000000797600000,0x0000000797afde00,0x0000000797b00000)
  to   space 5120K, 0% used [0x0000000797b00000,0x0000000797b00000,0x0000000798000000)
 ParOldGen       total 87552K, used 16K [0x0000000740000000, 0x0000000745580000, 0x0000000795580000)
  object space 87552K, 0% used [0x0000000740000000,0x0000000740004000,0x0000000745580000)
 Metaspace       used 20801K, capacity 21077K, committed 21248K, reserved 1069056K
  class space    used 2131K, capacity 2255K, committed 2304K, reserved 1048576K
Event: 5.182 GC heap after
Heap after GC invocations=2 (full 0):
 PSYoungGen      total 38400K, used 5091K [0x0000000795580000, 0x0000000798000000, 0x00000007c0000000)
  eden space 33280K, 0% used [0x0000000795580000,0x0000000795580000,0x0000000797600000)
  from space 5120K, 99% used [0x0000000797b00000,0x0000000797ff8c00,0x0000000798000000)
  to   space 5120K, 0% used [0x0000000797600000,0x0000000797600000,0x0000000797b00000)
 ParOldGen       total 87552K, used 3890K [0x0000000740000000, 0x0000000745580000, 0x0000000795580000)
  object space 87552K, 4% used [0x0000000740000000,0x00000007403cc830,0x0000000745580000)
 Metaspace       used 20801K, capacity 21077K, committed 21248K, reserved 1069056K
  class space    used 2131K, capacity 2255K, committed 2304K, reserved 1048576K
}
Event: 5.182 GC heap before
{Heap before GC invocations=3 (full 1):
 PSYoungGen      total 38400K, used 5091K [0x0000000795580000, 0x0000000798000000, 0x00000007c0000000)
  eden space 33280K, 0% used [0x0000000795580000,0x0000000795580000,0x0000000797600000)
  from space 5120K, 99% used [0x0000000797b00000,0x0000000797ff8c00,0x0000000798000000)
  to   space 5120K, 0% used [0x0000000797600000,0x0000000797600000,0x0000000797b00000)
 ParOldGen       total 87552K, used 3890K [0x0000000740000000, 0x0000000745580000, 0x0000000795580000)
  object space 87552K, 4% used [0x0000000740000000,0x00000007403cc830,0x0000000745580000)
 Metaspace       used 20801K, capacity 21077K, committed 21248K, reserved 1069056K
  class space    used 2131K, capacity 2255K, committed 2304K, reserved 1048576K
Event: 5.219 GC heap after
Heap after GC invocations=3 (full 1):
 PSYoungGen      total 38400K, used 0K [0x0000000795580000, 0x0000000798000000, 0x00000007c0000000)
  eden space 33280K, 0% used [0x0000000795580000,0x0000000795580000,0x0000000797600000)
  from space 5120K, 0% used [0x0000000797b00000,0x0000000797b00000,0x0000000798000000)
  to   space 5120K, 0% used [0x0000000797600000,0x0000000797600000,0x0000000797b00000)
 ParOldGen       total 66560K, used 8787K [0x0000000740000000, 0x0000000744100000, 0x0000000795580000)
  object space 66560K, 13% used [0x0000000740000000,0x0000000740894f58,0x0000000744100000)
 Metaspace       used 20801K, capacity 21077K, committed 21248K, reserved 1069056K
  class space    used 2131K, capacity 2255K, committed 2304K, reserved 1048576K
}
Event: 6.107 GC heap before
{Heap before GC invocations=4 (full 1):
 PSYoungGen      total 38400K, used 33067K [0x0000000795580000, 0x0000000798000000, 0x00000007c0000000)
  eden space 33280K, 99% used [0x0000000795580000,0x00000007975caf08,0x0000000797600000)
  from space 5120K, 0% used [0x0000000797b00000,0x0000000797b00000,0x0000000798000000)
  to   space 5120K, 0% used [0x0000000797600000,0x0000000797600000,0x0000000797b00000)
 ParOldGen       total 66560K, used 8787K [0x0000000740000000, 0x0000000744100000, 0x0000000795580000)
  object space 66560K, 13% used [0x0000000740000000,0x0000000740894f58,0x0000000744100000)
 Metaspace       used 22980K, capacity 23291K, committed 23424K, reserved 1071104K
  class space    used 2319K, capacity 2416K, committed 2432K, reserved 1048576K
Event: 6.117 GC heap after
Heap after GC invocations=4 (full 1):
 PSYoungGen      total 38400K, used 5104K [0x0000000795580000, 0x0000000799000000, 0x00000007c0000000)
  eden space 33280K, 0% used [0x0000000795580000,0x0000000795580000,0x0000000797600000)
  from space 5120K, 99% used [0x0000000797600000,0x0000000797afc1c0,0x0000000797b00000)
  to   space 5120K, 0% used [0x0000000798b00000,0x0000000798b00000,0x0000000799000000)
 ParOldGen       total 66560K, used 16652K [0x0000000740000000, 0x0000000744100000, 0x0000000795580000)
  object space 66560K, 25% used [0x0000000740000000,0x00000007410430f0,0x0000000744100000)
 Metaspace       used 22980K, capacity 23291K, committed 23424K, reserved 1071104K
  class space    used 2319K, capacity 2416K, committed 2432K, reserved 1048576K
}
Event: 8.684 GC heap before
{Heap before GC invocations=5 (full 1):
 PSYoungGen      total 38400K, used 38299K [0x0000000795580000, 0x0000000799000000, 0x00000007c0000000)
  eden space 33280K, 99% used [0x0000000795580000,0x00000007975eae08,0x0000000797600000)
  from space 5120K, 99% used [0x0000000797600000,0x0000000797afc1c0,0x0000000797b00000)
  to   space 5120K, 0% used [0x0000000798b00000,0x0000000798b00000,0x0000000799000000)
 ParOldGen       total 66560K, used 16652K [0x0000000740000000, 0x0000000744100000, 0x0000000795580000)
  object space 66560K, 25% used [0x0000000740000000,0x00000007410430f0,0x0000000744100000)
 Metaspace       used 23338K, capacity 23617K, committed 23936K, reserved 1071104K
  class space    used 2321K, capacity 2417K, committed 2432K, reserved 1048576K
Event: 8.692 GC heap after
Heap after GC invocations=5 (full 1):
 PSYoungGen      total 53760K, used 5105K [0x0000000795580000, 0x0000000799000000, 0x00000007c0000000)
  eden space 48640K, 0% used [0x0000000795580000,0x0000000795580000,0x0000000798500000)
  from space 5120K, 99% used [0x0000000798b00000,0x0000000798ffc590,0x0000000799000000)
  to   space 5120K, 0% used [0x0000000798600000,0x0000000798600000,0x0000000798b00000)
 ParOldGen       total 66560K, used 21516K [0x0000000740000000, 0x0000000744100000, 0x0000000795580000)
  object space 66560K, 32% used [0x0000000740000000,0x0000000741503250,0x0000000744100000)
 Metaspace       used 23338K, capacity 23617K, committed 23936K, reserved 1071104K
  class space    used 2321K, capacity 2417K, committed 2432K, reserved 1048576K
}

Deoptimization events (10 events):
Event: 5.680 Thread 0x00007fcfb528a000 Uncommon trap: reason=unstable_if action=reinterpret pc=0x0000000109e0133c method=com.jogamp.common.util.IntIntHashMap.get(I)I @ 28
Event: 5.859 Thread 0x00007fcfb528a000 Uncommon trap: reason=unstable_if action=reinterpret pc=0x0000000109e53d68 method=processing.opengl.PGraphicsOpenGL$InGeometry.addVertex(FFFIFFFFFIFIIIFIZ)I @ 218
Event: 8.132 Thread 0x00007fcfb528a000 Uncommon trap: reason=unstable_if action=reinterpret pc=0x0000000109f55504 method=de.fhpotsdam.unfolding.core.Coordinate.equals(Ljava/lang/Object;)Z @ 38
Event: 11.115 Thread 0x00007fcfb528a000 Uncommon trap: reason=unstable_if action=reinterpret pc=0x0000000109e2be28 method=com.jogamp.common.util.VersionNumber.compareTo(Lcom/jogamp/common/util/VersionNumber;)I @ 21
Event: 11.131 Thread 0x00007fcfb5990000 Uncommon trap: reason=class_check action=maybe_recompile pc=0x0000000109be6464 method=java.util.HashMap.putVal(ILjava/lang/Object;Ljava/lang/Object;ZZ)Ljava/lang/Object; @ 91
Event: 11.131 Thread 0x00007fcfb5990000 Uncommon trap: reason=class_check action=maybe_recompile pc=0x0000000109be6464 method=java.util.HashMap.putVal(ILjava/lang/Object;Ljava/lang/Object;ZZ)Ljava/lang/Object; @ 91
Event: 11.131 Thread 0x00007fcfb5990000 Uncommon trap: reason=class_check action=maybe_recompile pc=0x0000000109be6464 method=java.util.HashMap.putVal(ILjava/lang/Object;Ljava/lang/Object;ZZ)Ljava/lang/Object; @ 91
Event: 11.132 Thread 0x00007fcfb5990000 Uncommon trap: reason=class_check action=maybe_recompile pc=0x0000000109be6464 method=java.util.HashMap.putVal(ILjava/lang/Object;Ljava/lang/Object;ZZ)Ljava/lang/Object; @ 91
Event: 11.132 Thread 0x00007fcfb5990000 Uncommon trap: reason=class_check action=maybe_recompile pc=0x0000000109be8728 method=java.util.HashMap.putVal(ILjava/lang/Object;Ljava/lang/Object;ZZ)Ljava/lang/Object; @ 91
Event: 11.155 Thread 0x00007fcfb528a000 Uncommon trap: reason=unstable_if action=reinterpret pc=0x0000000109e88f98 method=java.security.AccessControlContext.optimize()Ljava/security/AccessControlContext; @ 233

Internal exceptions (10 events):
Event: 0.266 Thread 0x00007fcfb5801000 Exception <a 'java/lang/NoSuchFieldError': method resolution failed> (0x0000000795832ed8) thrown at [/HUDSON3/workspace/8-2-build-macosx-x86_64/jdk8u73/6086/hotspot/src/share/vm/prims/methodHandles.cpp, line 1146]
Event: 0.270 Thread 0x00007fcfb5801000 Exception <a 'java/lang/NoSuchFieldError': method resolution failed> (0x00000007958406a8) thrown at [/HUDSON3/workspace/8-2-build-macosx-x86_64/jdk8u73/6086/hotspot/src/share/vm/prims/methodHandles.cpp, line 1146]
Event: 0.537 Thread 0x00007fcfb5801000 Exception <a 'java/io/FileNotFoundException'> (0x00000007958bc538) thrown at [/HUDSON3/workspace/8-2-build-macosx-x86_64/jdk8u73/6086/hotspot/src/share/vm/prims/jni.cpp, line 709]
Event: 0.537 Thread 0x00007fcfb5801000 Exception <a 'java/io/FileNotFoundException'> (0x00000007958bd068) thrown at [/HUDSON3/workspace/8-2-build-macosx-x86_64/jdk8u73/6086/hotspot/src/share/vm/prims/jni.cpp, line 709]
Event: 0.722 Thread 0x00007fcfb5801000 Exception <a 'java/io/FileNotFoundException'> (0x0000000795a0a9a8) thrown at [/HUDSON3/workspace/8-2-build-macosx-x86_64/jdk8u73/6086/hotspot/src/share/vm/prims/jni.cpp, line 709]
Event: 3.405 Thread 0x00007fcfb5b3a000 Exception <a 'java/lang/UnsatisfiedLinkError': com.jogamp.common.util.JarUtil.fixNativeLibAttribs(Ljava/lang/String;)Z> (0x0000000796c91920) thrown at [/HUDSON3/workspace/8-2-build-macosx-x86_64/jdk8u73/6086/hotspot/src/share/vm/prims/nativeLookup.cpp, li
Event: 3.883 Thread 0x00007fcfb4858800 Exception <a 'java/lang/NullPointerException'> (0x00000007956f6408) thrown at [/HUDSON3/workspace/8-2-build-macosx-x86_64/jdk8u73/6086/hotspot/src/share/vm/interpreter/linkResolver.cpp, line 1178]
Event: 4.786 Thread 0x00007fcfb528a000 Exception <a 'java/io/FileNotFoundException'> (0x0000000795f85ae0) thrown at [/HUDSON3/workspace/8-2-build-macosx-x86_64/jdk8u73/6086/hotspot/src/share/vm/prims/jni.cpp, line 709]
Event: 4.786 Thread 0x00007fcfb528a000 Exception <a 'java/io/FileNotFoundException'> (0x0000000795f8bcf0) thrown at [/HUDSON3/workspace/8-2-build-macosx-x86_64/jdk8u73/6086/hotspot/src/share/vm/prims/jni.cpp, line 709]
Event: 4.786 Thread 0x00007fcfb528a000 Implicit null exception at 0x00000001099b1675 to 0x00000001099b19d9

Events (10 events):
Event: 11.155 Thread 0x00007fcfb528a000 DEOPT UNPACKING pc=0x0000000109805229 sp=0x000070000fe41880 mode 2
Event: 11.155 loading class java/awt/LightweightDispatcher$2
Event: 11.155 loading class java/awt/LightweightDispatcher$2 done
Event: 11.155 loading class java/awt/event/AWTEventListenerProxy
Event: 11.155 loading class java/awt/event/AWTEventListenerProxy done
Event: 11.155 loading class java/awt/Toolkit$ToolkitEventMulticaster
Event: 11.155 loading class java/awt/Toolkit$ToolkitEventMulticaster done
Event: 11.156 Thread 0x00007fcfb5990000 Thread exited: 0x00007fcfb5990000
Event: 11.156 loading class java/awt/Window$1DisposeAction
Event: 11.157 loading class java/awt/Window$1DisposeAction done


Dynamic libraries:
0x0000000020353000 	/System/Library/Frameworks/Cocoa.framework/Versions/A/Cocoa
0x0000000020353000 	/System/Library/Frameworks/Security.framework/Versions/A/Security
0x0000000020353000 	/System/Library/Frameworks/ApplicationServices.framework/Versions/A/ApplicationServices
0x0000000020353000 	/usr/lib/libz.1.dylib
0x0000000020353000 	/usr/lib/libSystem.B.dylib
0x0000000020353000 	/usr/lib/libobjc.A.dylib
0x0000000020353000 	/System/Library/Frameworks/CoreFoundation.framework/Versions/A/CoreFoundation
0x0000000020353000 	/System/Library/Frameworks/Foundation.framework/Versions/C/Foundation
0x0000000020353000 	/System/Library/Frameworks/AppKit.framework/Versions/C/AppKit
0x0000000020353000 	/System/Library/Frameworks/CoreData.framework/Versions/A/CoreData
0x0000000020353000 	/System/Library/PrivateFrameworks/RemoteViewServices.framework/Versions/A/RemoteViewServices
0x0000000020353000 	/System/Library/PrivateFrameworks/UIFoundation.framework/Versions/A/UIFoundation
0x0000000020353000 	/System/Library/PrivateFrameworks/DFRFoundation.framework/Versions/A/DFRFoundation
0x0000000020353000 	/System/Library/Frameworks/Metal.framework/Versions/A/Metal
0x0000000020353000 	/System/Library/PrivateFrameworks/DesktopServicesPriv.framework/Versions/A/DesktopServicesPriv
0x0000000020353000 	/usr/lib/libenergytrace.dylib
0x0000000020353000 	/System/Library/PrivateFrameworks/SkyLight.framework/Versions/A/SkyLight
0x0000000020353000 	/System/Library/Frameworks/CoreGraphics.framework/Versions/A/CoreGraphics
0x0000000020353000 	/usr/lib/libScreenReader.dylib
0x0000000020353000 	/System/Library/Frameworks/Accelerate.framework/Versions/A/Accelerate
0x0000000020353000 	/System/Library/Frameworks/IOSurface.framework/Versions/A/IOSurface
0x0000000020353000 	/System/Library/Frameworks/AudioToolbox.framework/Versions/A/AudioToolbox
0x0000000020353000 	/System/Library/Frameworks/AudioUnit.framework/Versions/A/AudioUnit
0x0000000020353000 	/System/Library/PrivateFrameworks/DataDetectorsCore.framework/Versions/A/DataDetectorsCore
0x0000000020353000 	/System/Library/Frameworks/Carbon.framework/Versions/A/Frameworks/HIToolbox.framework/Versions/A/HIToolbox
0x0000000020353000 	/usr/lib/libicucore.A.dylib
0x0000000020353000 	/System/Library/Frameworks/QuartzCore.framework/Versions/A/QuartzCore
0x0000000020353000 	/System/Library/PrivateFrameworks/SignpostNotification.framework/Versions/A/SignpostNotification
0x0000000020353000 	/System/Library/Frameworks/Carbon.framework/Versions/A/Frameworks/SpeechRecognition.framework/Versions/A/SpeechRecognition
0x0000000020353000 	/usr/lib/libauto.dylib
0x0000000020353000 	/usr/lib/libxml2.2.dylib
0x0000000020353000 	/System/Library/PrivateFrameworks/CoreUI.framework/Versions/A/CoreUI
0x0000000020353000 	/System/Library/Frameworks/CoreAudio.framework/Versions/A/CoreAudio
0x0000000020353000 	/System/Library/Frameworks/DiskArbitration.framework/Versions/A/DiskArbitration
0x0000000020353000 	/usr/lib/liblangid.dylib
0x0000000020353000 	/System/Library/PrivateFrameworks/MultitouchSupport.framework/Versions/A/MultitouchSupport
0x0000000020353000 	/System/Library/Frameworks/IOKit.framework/Versions/A/IOKit
0x0000000020353000 	/usr/lib/libDiagnosticMessagesClient.dylib
0x0000000020353000 	/System/Library/Frameworks/CoreServices.framework/Versions/A/CoreServices
0x0000000020353000 	/System/Library/PrivateFrameworks/PerformanceAnalysis.framework/Versions/A/PerformanceAnalysis
0x0000000020353000 	/System/Library/Frameworks/OpenGL.framework/Versions/A/OpenGL
0x0000000020353000 	/System/Library/Frameworks/ColorSync.framework/Versions/A/ColorSync
0x0000000020353000 	/System/Library/Frameworks/CoreImage.framework/Versions/A/CoreImage
0x0000000020353000 	/System/Library/Frameworks/CoreText.framework/Versions/A/CoreText
0x0000000020353000 	/System/Library/Frameworks/ImageIO.framework/Versions/A/ImageIO
0x0000000020353000 	/System/Library/PrivateFrameworks/Backup.framework/Versions/A/Backup
0x0000000020353000 	/usr/lib/libarchive.2.dylib
0x0000000020353000 	/System/Library/Frameworks/CFNetwork.framework/Versions/A/CFNetwork
0x0000000020353000 	/System/Library/Frameworks/SystemConfiguration.framework/Versions/A/SystemConfiguration
0x0000000020353000 	/usr/lib/libCRFSuite.dylib
0x0000000020353000 	/usr/lib/libc++.1.dylib
0x0000000020353000 	/usr/lib/libc++abi.dylib
0x0000000020353000 	/usr/lib/system/libcache.dylib
0x0000000020353000 	/usr/lib/system/libcommonCrypto.dylib
0x0000000020353000 	/usr/lib/system/libcompiler_rt.dylib
0x0000000020353000 	/usr/lib/system/libcopyfile.dylib
0x0000000020353000 	/usr/lib/system/libcorecrypto.dylib
0x0000000020353000 	/usr/lib/system/libdispatch.dylib
0x0000000020353000 	/usr/lib/system/libdyld.dylib
0x0000000020353000 	/usr/lib/system/libkeymgr.dylib
0x0000000020353000 	/usr/lib/system/liblaunch.dylib
0x0000000020353000 	/usr/lib/system/libmacho.dylib
0x0000000020353000 	/usr/lib/system/libquarantine.dylib
0x0000000020353000 	/usr/lib/system/libremovefile.dylib
0x0000000020353000 	/usr/lib/system/libsystem_asl.dylib
0x0000000020353000 	/usr/lib/system/libsystem_blocks.dylib
0x0000000020353000 	/usr/lib/system/libsystem_c.dylib
0x0000000020353000 	/usr/lib/system/libsystem_configuration.dylib
0x0000000020353000 	/usr/lib/system/libsystem_coreservices.dylib
0x0000000020353000 	/usr/lib/system/libsystem_darwin.dylib
0x0000000020353000 	/usr/lib/system/libsystem_dnssd.dylib
0x0000000020353000 	/usr/lib/system/libsystem_info.dylib
0x0000000020353000 	/usr/lib/system/libsystem_m.dylib
0x0000000020353000 	/usr/lib/system/libsystem_malloc.dylib
0x0000000020353000 	/usr/lib/system/libsystem_network.dylib
0x0000000020353000 	/usr/lib/system/libsystem_networkextension.dylib
0x0000000020353000 	/usr/lib/system/libsystem_notify.dylib
0x0000000020353000 	/usr/lib/system/libsystem_sandbox.dylib
0x0000000020353000 	/usr/lib/system/libsystem_secinit.dylib
0x0000000020353000 	/usr/lib/system/libsystem_kernel.dylib
0x0000000020353000 	/usr/lib/system/libsystem_platform.dylib
0x0000000020353000 	/usr/lib/system/libsystem_pthread.dylib
0x0000000020353000 	/usr/lib/system/libsystem_symptoms.dylib
0x0000000020353000 	/usr/lib/system/libsystem_trace.dylib
0x0000000020353000 	/usr/lib/system/libunwind.dylib
0x0000000020353000 	/usr/lib/system/libxpc.dylib
0x0000000020353000 	/usr/lib/closure/libclosured.dylib
0x0000000020353000 	/usr/lib/libbsm.0.dylib
0x0000000020353000 	/usr/lib/system/libkxld.dylib
0x0000000020353000 	/usr/lib/libOpenScriptingUtil.dylib
0x0000000020353000 	/usr/lib/libcoretls.dylib
0x0000000020353000 	/usr/lib/libcoretls_cfhelpers.dylib
0x0000000020353000 	/usr/lib/libpam.2.dylib
0x0000000020353000 	/usr/lib/libsqlite3.dylib
0x0000000020353000 	/usr/lib/libxar.1.dylib
0x0000000020353000 	/usr/lib/libbz2.1.0.dylib
0x0000000020353000 	/usr/lib/liblzma.5.dylib
0x0000000020353000 	/usr/lib/libnetwork.dylib
0x0000000020353000 	/usr/lib/libapple_nghttp2.dylib
0x0000000020353000 	/usr/lib/libpcap.A.dylib
0x0000000020353000 	/usr/lib/libboringssl.dylib
0x0000000020353000 	/usr/lib/libusrtcp.dylib
0x0000000020353000 	/usr/lib/libapple_crypto.dylib
0x0000000020353000 	/System/Library/Frameworks/CoreServices.framework/Versions/A/Frameworks/FSEvents.framework/Versions/A/FSEvents
0x0000000020353000 	/System/Library/Frameworks/CoreServices.framework/Versions/A/Frameworks/CarbonCore.framework/Versions/A/CarbonCore
0x0000000020353000 	/System/Library/Frameworks/CoreServices.framework/Versions/A/Frameworks/Metadata.framework/Versions/A/Metadata
0x0000000020353000 	/System/Library/Frameworks/CoreServices.framework/Versions/A/Frameworks/OSServices.framework/Versions/A/OSServices
0x0000000020353000 	/System/Library/Frameworks/CoreServices.framework/Versions/A/Frameworks/SearchKit.framework/Versions/A/SearchKit
0x0000000020353000 	/System/Library/Frameworks/CoreServices.framework/Versions/A/Frameworks/AE.framework/Versions/A/AE
0x0000000020353000 	/System/Library/Frameworks/CoreServices.framework/Versions/A/Frameworks/LaunchServices.framework/Versions/A/LaunchServices
0x0000000020353000 	/System/Library/Frameworks/CoreServices.framework/Versions/A/Frameworks/DictionaryServices.framework/Versions/A/DictionaryServices
0x0000000020353000 	/System/Library/Frameworks/CoreServices.framework/Versions/A/Frameworks/SharedFileList.framework/Versions/A/SharedFileList
0x0000000020353000 	/System/Library/Frameworks/NetFS.framework/Versions/A/NetFS
0x0000000020353000 	/System/Library/PrivateFrameworks/NetAuth.framework/Versions/A/NetAuth
0x0000000020353000 	/System/Library/PrivateFrameworks/login.framework/Versions/A/Frameworks/loginsupport.framework/Versions/A/loginsupport
0x0000000020353000 	/System/Library/PrivateFrameworks/TCC.framework/Versions/A/TCC
0x0000000020353000 	/usr/lib/libmecabra.dylib
0x0000000020353000 	/System/Library/Frameworks/ApplicationServices.framework/Versions/A/Frameworks/ATS.framework/Versions/A/ATS
0x0000000020353000 	/System/Library/Frameworks/ApplicationServices.framework/Versions/A/Frameworks/ColorSyncLegacy.framework/Versions/A/ColorSyncLegacy
0x0000000020353000 	/System/Library/Frameworks/ApplicationServices.framework/Versions/A/Frameworks/HIServices.framework/Versions/A/HIServices
0x0000000020353000 	/System/Library/Frameworks/ApplicationServices.framework/Versions/A/Frameworks/LangAnalysis.framework/Versions/A/LangAnalysis
0x0000000020353000 	/System/Library/Frameworks/ApplicationServices.framework/Versions/A/Frameworks/PrintCore.framework/Versions/A/PrintCore
0x0000000020353000 	/System/Library/Frameworks/ApplicationServices.framework/Versions/A/Frameworks/QD.framework/Versions/A/QD
0x0000000020353000 	/System/Library/Frameworks/ApplicationServices.framework/Versions/A/Frameworks/SpeechSynthesis.framework/Versions/A/SpeechSynthesis
0x0000000020353000 	/System/Library/Frameworks/CoreDisplay.framework/Versions/A/CoreDisplay
0x0000000020353000 	/System/Library/Frameworks/Accelerate.framework/Versions/A/Frameworks/vImage.framework/Versions/A/vImage
0x0000000020353000 	/System/Library/Frameworks/Accelerate.framework/Versions/A/Frameworks/vecLib.framework/Versions/A/vecLib
0x0000000020353000 	/System/Library/Frameworks/Accelerate.framework/Versions/A/Frameworks/vecLib.framework/Versions/A/libvDSP.dylib
0x0000000020353000 	/System/Library/Frameworks/Accelerate.framework/Versions/A/Frameworks/vecLib.framework/Versions/A/libBNNS.dylib
0x0000000020353000 	/System/Library/Frameworks/Accelerate.framework/Versions/A/Frameworks/vecLib.framework/Versions/A/libQuadrature.dylib
0x0000000020353000 	/System/Library/Frameworks/Accelerate.framework/Versions/A/Frameworks/vecLib.framework/Versions/A/libvMisc.dylib
0x0000000020353000 	/System/Library/Frameworks/Accelerate.framework/Versions/A/Frameworks/vecLib.framework/Versions/A/libLAPACK.dylib
0x0000000020353000 	/System/Library/Frameworks/Accelerate.framework/Versions/A/Frameworks/vecLib.framework/Versions/A/libBLAS.dylib
0x0000000020353000 	/System/Library/Frameworks/Accelerate.framework/Versions/A/Frameworks/vecLib.framework/Versions/A/libLinearAlgebra.dylib
0x0000000020353000 	/System/Library/Frameworks/Accelerate.framework/Versions/A/Frameworks/vecLib.framework/Versions/A/libSparse.dylib
0x0000000020353000 	/System/Library/Frameworks/Accelerate.framework/Versions/A/Frameworks/vecLib.framework/Versions/A/libSparseBLAS.dylib
0x0000000020353000 	/System/Library/PrivateFrameworks/GPUWrangler.framework/Versions/A/GPUWrangler
0x0000000020353000 	/System/Library/PrivateFrameworks/IOAccelerator.framework/Versions/A/IOAccelerator
0x0000000020353000 	/System/Library/PrivateFrameworks/IOPresentment.framework/Versions/A/IOPresentment
0x0000000020353000 	/System/Library/PrivateFrameworks/DSExternalDisplay.framework/Versions/A/DSExternalDisplay
0x0000000020353000 	/System/Library/Frameworks/OpenGL.framework/Versions/A/Libraries/libCoreFSCache.dylib
0x0000000020353000 	/System/Library/Frameworks/CoreVideo.framework/Versions/A/CoreVideo
0x0000000020353000 	/System/Library/PrivateFrameworks/GraphVisualizer.framework/Versions/A/GraphVisualizer
0x0000000020353000 	/System/Library/Frameworks/MetalPerformanceShaders.framework/Versions/A/MetalPerformanceShaders
0x0000000020353000 	/usr/lib/libFosl_dynamic.dylib
0x0000000020353000 	/System/Library/PrivateFrameworks/FaceCore.framework/Versions/A/FaceCore
0x0000000020353000 	/System/Library/Frameworks/OpenCL.framework/Versions/A/OpenCL
0x0000000020353000 	/usr/lib/libcompression.dylib
0x0000000020353000 	/System/Library/Frameworks/ApplicationServices.framework/Versions/A/Frameworks/ATS.framework/Versions/A/Resources/libFontParser.dylib
0x0000000020353000 	/System/Library/Frameworks/ApplicationServices.framework/Versions/A/Frameworks/ATS.framework/Versions/A/Resources/libFontRegistry.dylib
0x0000000020353000 	/System/Library/Frameworks/ImageIO.framework/Versions/A/Resources/libJPEG.dylib
0x0000000020353000 	/System/Library/Frameworks/ImageIO.framework/Versions/A/Resources/libTIFF.dylib
0x0000000020353000 	/System/Library/Frameworks/ImageIO.framework/Versions/A/Resources/libPng.dylib
0x0000000020353000 	/System/Library/Frameworks/ImageIO.framework/Versions/A/Resources/libGIF.dylib
0x0000000020353000 	/System/Library/Frameworks/ImageIO.framework/Versions/A/Resources/libJP2.dylib
0x0000000020353000 	/System/Library/Frameworks/ImageIO.framework/Versions/A/Resources/libRadiance.dylib
0x0000000020353000 	/System/Library/PrivateFrameworks/AppleJPEG.framework/Versions/A/AppleJPEG
0x0000000020353000 	/System/Library/Frameworks/MetalPerformanceShaders.framework/Frameworks/MPSCore.framework/Versions/A/MPSCore
0x0000000020353000 	/System/Library/Frameworks/MetalPerformanceShaders.framework/Frameworks/MPSImage.framework/Versions/A/MPSImage
0x0000000020353000 	/System/Library/Frameworks/MetalPerformanceShaders.framework/Frameworks/MPSNeuralNetwork.framework/Versions/A/MPSNeuralNetwork
0x0000000020353000 	/System/Library/Frameworks/MetalPerformanceShaders.framework/Frameworks/MPSMatrix.framework/Versions/A/MPSMatrix
0x0000000020353000 	/System/Library/PrivateFrameworks/MetalTools.framework/Versions/A/MetalTools
0x0000000020353000 	/System/Library/Frameworks/OpenGL.framework/Versions/A/Libraries/libGLU.dylib
0x0000000020353000 	/System/Library/Frameworks/OpenGL.framework/Versions/A/Libraries/libGFXShared.dylib
0x0000000020353000 	/System/Library/Frameworks/OpenGL.framework/Versions/A/Libraries/libGL.dylib
0x0000000020353000 	/System/Library/Frameworks/OpenGL.framework/Versions/A/Libraries/libGLImage.dylib
0x0000000020353000 	/System/Library/Frameworks/OpenGL.framework/Versions/A/Libraries/libCVMSPluginSupport.dylib
0x0000000020353000 	/System/Library/Frameworks/OpenGL.framework/Versions/A/Libraries/libCoreVMClient.dylib
0x0000000020353000 	/usr/lib/libcups.2.dylib
0x0000000020353000 	/System/Library/Frameworks/Kerberos.framework/Versions/A/Kerberos
0x0000000020353000 	/System/Library/Frameworks/GSS.framework/Versions/A/GSS
0x0000000020353000 	/usr/lib/libresolv.9.dylib
0x0000000020353000 	/usr/lib/libiconv.2.dylib
0x0000000020353000 	/System/Library/PrivateFrameworks/Heimdal.framework/Versions/A/Heimdal
0x0000000020353000 	/usr/lib/libheimdal-asn1.dylib
0x0000000020353000 	/System/Library/Frameworks/OpenDirectory.framework/Versions/A/OpenDirectory
0x0000000020353000 	/System/Library/PrivateFrameworks/CommonAuth.framework/Versions/A/CommonAuth
0x0000000020353000 	/System/Library/Frameworks/OpenDirectory.framework/Versions/A/Frameworks/CFOpenDirectory.framework/Versions/A/CFOpenDirectory
0x0000000020353000 	/System/Library/Frameworks/SecurityFoundation.framework/Versions/A/SecurityFoundation
0x0000000020353000 	/System/Library/PrivateFrameworks/APFS.framework/Versions/A/APFS
0x0000000020353000 	/usr/lib/libutil.dylib
0x0000000020353000 	/System/Library/PrivateFrameworks/AppleSauce.framework/Versions/A/AppleSauce
0x0000000020353000 	/System/Library/PrivateFrameworks/LinguisticData.framework/Versions/A/LinguisticData
0x0000000020353000 	/usr/lib/libmarisa.dylib
0x0000000020353000 	/System/Library/PrivateFrameworks/Lexicon.framework/Versions/A/Lexicon
0x0000000020353000 	/usr/lib/libChineseTokenizer.dylib
0x0000000020353000 	/usr/lib/libcmph.dylib
0x0000000020353000 	/System/Library/PrivateFrameworks/LanguageModeling.framework/Versions/A/LanguageModeling
0x0000000020353000 	/System/Library/PrivateFrameworks/CoreEmoji.framework/Versions/A/CoreEmoji
0x0000000020353000 	/System/Library/Frameworks/ServiceManagement.framework/Versions/A/ServiceManagement
0x0000000020353000 	/System/Library/PrivateFrameworks/BackgroundTaskManagement.framework/Versions/A/BackgroundTaskManagement
0x0000000020353000 	/usr/lib/libxslt.1.dylib
0x0000000020353000 	/System/Library/Frameworks/Carbon.framework/Versions/A/Frameworks/Ink.framework/Versions/A/Ink
0x0000000020353000 	/System/Library/PrivateFrameworks/TextureIO.framework/Versions/A/TextureIO
0x0000000020353000 	/usr/lib/libate.dylib
0x0000000020353000 	/System/Library/PrivateFrameworks/CrashReporterSupport.framework/Versions/A/CrashReporterSupport
0x0000000020353000 	/System/Library/PrivateFrameworks/Sharing.framework/Versions/A/Sharing
0x0000000020353000 	/System/Library/PrivateFrameworks/IconServices.framework/Versions/A/IconServices
0x0000000020353000 	/System/Library/PrivateFrameworks/AuthKit.framework/Versions/A/AuthKit
0x0000000020353000 	/System/Library/PrivateFrameworks/Apple80211.framework/Versions/A/Apple80211
0x0000000020353000 	/System/Library/PrivateFrameworks/CoreUtils.framework/Versions/A/CoreUtils
0x0000000020353000 	/System/Library/Frameworks/CoreWLAN.framework/Versions/A/CoreWLAN
0x0000000020353000 	/System/Library/Frameworks/IOBluetooth.framework/Versions/A/IOBluetooth
0x0000000020353000 	/System/Library/PrivateFrameworks/ProtocolBuffer.framework/Versions/A/ProtocolBuffer
0x0000000020353000 	/System/Library/PrivateFrameworks/MobileKeyBag.framework/Versions/A/MobileKeyBag
0x0000000020353000 	/System/Library/PrivateFrameworks/CorePhoneNumbers.framework/Versions/A/CorePhoneNumbers
0x0000000020353000 	/System/Library/PrivateFrameworks/AppleIDAuthSupport.framework/Versions/A/AppleIDAuthSupport
0x0000000020353000 	/System/Library/PrivateFrameworks/KeychainCircle.framework/Versions/A/KeychainCircle
0x0000000020353000 	/System/Library/PrivateFrameworks/CoreWiFi.framework/Versions/A/CoreWiFi
0x0000000020353000 	/System/Library/Frameworks/CoreBluetooth.framework/Versions/A/CoreBluetooth
0x0000000020353000 	/System/Library/PrivateFrameworks/DebugSymbols.framework/Versions/A/DebugSymbols
0x0000000020353000 	/System/Library/PrivateFrameworks/CoreSymbolication.framework/Versions/A/CoreSymbolication
0x0000000020353000 	/System/Library/PrivateFrameworks/Symbolication.framework/Versions/A/Symbolication
0x0000000020353000 	/System/Library/PrivateFrameworks/AppleFSCompression.framework/Versions/A/AppleFSCompression
0x0000000020353000 	/System/Library/PrivateFrameworks/SpeechRecognitionCore.framework/Versions/A/SpeechRecognitionCore
0x0000000108028000 	/Library/Java/JavaVirtualMachines/jdk1.8.0_73.jdk/Contents/Home/jre/lib/server/libjvm.dylib
0x0000000020353000 	/usr/lib/libstdc++.6.0.9.dylib
0x0000000107c4a000 	/Library/Java/JavaVirtualMachines/jdk1.8.0_73.jdk/Contents/Home/jre/lib/libverify.dylib
0x0000000107c58000 	/Library/Java/JavaVirtualMachines/jdk1.8.0_73.jdk/Contents/Home/jre/lib/libjava.dylib
0x0000000107cd7000 	/Library/Java/JavaVirtualMachines/jdk1.8.0_73.jdk/Contents/Home/jre/lib/libzip.dylib
0x0000000020353000 	/System/Library/Frameworks/JavaVM.framework/Versions/A/Frameworks/JavaRuntimeSupport.framework/Versions/A/JavaRuntimeSupport
0x0000000020353000 	/System/Library/Frameworks/JavaVM.framework/Versions/A/Frameworks/JavaNativeFoundation.framework/Versions/A/JavaNativeFoundation
0x0000000020353000 	/System/Library/Frameworks/JavaVM.framework/Versions/A/JavaVM
0x0000000020353000 	/System/Library/Frameworks/Carbon.framework/Versions/A/Carbon
0x0000000020353000 	/System/Library/PrivateFrameworks/JavaLaunching.framework/Versions/A/JavaLaunching
0x0000000020353000 	/System/Library/Frameworks/Carbon.framework/Versions/A/Frameworks/CommonPanels.framework/Versions/A/CommonPanels
0x0000000020353000 	/System/Library/Frameworks/Carbon.framework/Versions/A/Frameworks/Help.framework/Versions/A/Help
0x0000000020353000 	/System/Library/Frameworks/Carbon.framework/Versions/A/Frameworks/ImageCapture.framework/Versions/A/ImageCapture
0x0000000020353000 	/System/Library/Frameworks/Carbon.framework/Versions/A/Frameworks/OpenScripting.framework/Versions/A/OpenScripting
0x0000000020353000 	/System/Library/Frameworks/Carbon.framework/Versions/A/Frameworks/Print.framework/Versions/A/Print
0x0000000020353000 	/System/Library/Frameworks/Carbon.framework/Versions/A/Frameworks/SecurityHI.framework/Versions/A/SecurityHI
0x0000000120852000 	/Library/Java/JavaVirtualMachines/jdk1.8.0_73.jdk/Contents/Home/jre/lib/libawt.dylib
0x00000001208fa000 	/Library/Java/JavaVirtualMachines/jdk1.8.0_73.jdk/Contents/Home/jre/lib/./libmlib_image.dylib
0x00000001209c6000 	/Library/Java/JavaVirtualMachines/jdk1.8.0_73.jdk/Contents/Home/jre/lib/libawt_lwawt.dylib
0x0000000120a7b000 	/Library/Java/JavaVirtualMachines/jdk1.8.0_73.jdk/Contents/Home/jre/lib/./libosxapp.dylib
0x0000000020353000 	/System/Library/Frameworks/ExceptionHandling.framework/Versions/A/ExceptionHandling
0x0000000020353000 	/System/Library/PrivateFrameworks/CoreServicesInternal.framework/Versions/A/CoreServicesInternal
0x0000000020353000 	/System/Library/CoreServices/RawCamera.bundle/Contents/MacOS/RawCamera
0x0000000020353000 	/System/Library/PrivateFrameworks/MobileAsset.framework/Versions/A/MobileAsset
0x0000000020353000 	/System/Library/PrivateFrameworks/StreamingZip.framework/Versions/A/StreamingZip
0x0000000020353000 	/System/Library/Frameworks/MediaToolbox.framework/Versions/A/MediaToolbox
0x0000000020353000 	/System/Library/PrivateFrameworks/CoreAVCHD.framework/Versions/A/CoreAVCHD
0x0000000020353000 	/System/Library/Frameworks/MediaAccessibility.framework/Versions/A/MediaAccessibility
0x0000000020353000 	/System/Library/PrivateFrameworks/Mangrove.framework/Versions/A/Mangrove
0x0000000020353000 	/System/Library/Frameworks/CoreMedia.framework/Versions/A/CoreMedia
0x0000000020353000 	/System/Library/Frameworks/VideoToolbox.framework/Versions/A/VideoToolbox
0x0000000020353000 	/System/Library/PrivateFrameworks/CoreAUC.framework/Versions/A/CoreAUC
0x0000000020353000 	/usr/lib/libspindump.dylib
0x0000000020353000 	/System/Library/PrivateFrameworks/AppleVA.framework/Versions/A/AppleVA
0x0000000020353000 	/System/Library/Frameworks/Accelerate.framework/Versions/A/Frameworks/vImage.framework/Versions/A/Libraries/libCGInterfaces.dylib
0x0000000020353000 	/System/Library/Frameworks/ApplicationServices.framework/Versions/A/Frameworks/ATS.framework/Versions/A/Resources/libTrueTypeScaler.dylib
0x0000000020353000 	/System/Library/Extensions/AppleIntelBDWGraphicsMTLDriver.bundle/Contents/MacOS/AppleIntelBDWGraphicsMTLDriver
0x0000000020353000 	/System/Library/PrivateFrameworks/GPUCompiler.framework/Versions/3802/Libraries/libmetal_timestamp.dylib
0x0000000020353000 	/System/Library/PrivateFrameworks/FamilyControls.framework/Versions/A/FamilyControls
0x0000000020353000 	/System/Library/PrivateFrameworks/CommerceKit.framework/Versions/A/Frameworks/CommerceCore.framework/Versions/A/CommerceCore
0x0000000020353000 	/System/Library/PrivateFrameworks/SystemAdministration.framework/Versions/A/SystemAdministration
0x0000000020353000 	/System/Library/PrivateFrameworks/AppContainer.framework/Versions/A/AppContainer
0x0000000020353000 	/System/Library/PrivateFrameworks/SecCodeWrapper.framework/Versions/A/SecCodeWrapper
0x0000000020353000 	/System/Library/PrivateFrameworks/DiskManagement.framework/Versions/A/DiskManagement
0x0000000020353000 	/System/Library/Frameworks/DirectoryService.framework/Versions/A/DirectoryService
0x0000000020353000 	/System/Library/PrivateFrameworks/DiskImages.framework/Versions/A/DiskImages
0x0000000020353000 	/System/Library/PrivateFrameworks/LoginUIKit.framework/Versions/A/Frameworks/LoginUICore.framework/Versions/A/LoginUICore
0x0000000020353000 	/usr/lib/libCoreStorage.dylib
0x0000000020353000 	/usr/lib/libcsfde.dylib
0x0000000020353000 	/usr/lib/libodfde.dylib
0x0000000020353000 	/System/Library/PrivateFrameworks/MediaKit.framework/Versions/A/MediaKit
0x0000000020353000 	/System/Library/Frameworks/DiscRecording.framework/Versions/A/DiscRecording
0x0000000020353000 	/System/Library/PrivateFrameworks/EFILogin.framework/Versions/A/EFILogin
0x0000000020353000 	/System/Library/PrivateFrameworks/ProtectedCloudStorage.framework/Versions/A/ProtectedCloudStorage
0x0000000020353000 	/usr/lib/libcurl.4.dylib
0x0000000020353000 	/usr/lib/libcrypto.35.dylib
0x0000000020353000 	/usr/lib/libssl.35.dylib
0x0000000020353000 	/System/Library/Frameworks/LDAP.framework/Versions/A/LDAP
0x0000000020353000 	/System/Library/PrivateFrameworks/TrustEvaluationAgent.framework/Versions/A/TrustEvaluationAgent
0x0000000020353000 	/usr/lib/libsasl2.2.dylib
0x0000000020353000 	/System/Library/PrivateFrameworks/CoreDaemon.framework/Versions/B/CoreDaemon
0x0000000020353000 	/System/Library/PrivateFrameworks/AppleSRP.framework/Versions/A/AppleSRP
0x0000000020353000 	/System/Library/Frameworks/OpenGL.framework/Versions/A/Resources/GLEngine.bundle/GLEngine
0x0000000020353000 	/System/Library/Frameworks/OpenGL.framework/Versions/A/Libraries/libGLProgrammability.dylib
0x00000001233ac000 	/System/Library/Extensions/AppleIntelBDWGraphicsGLDriver.bundle/Contents/MacOS/AppleIntelBDWGraphicsGLDriver
0x0000000020353000 	/System/Library/PrivateFrameworks/GPUSupport.framework/Versions/A/Libraries/libGPUSupportMercury.dylib
0x0000000020353000 	/System/Library/Frameworks/OpenGL.framework/Versions/A/Resources/GLRendererFloat.bundle/GLRendererFloat
0x0000000020353000 	/System/Library/Frameworks/OpenCL.framework/Versions/A/Libraries/libcldcpuengine.dylib
0x00000001243a0000 	/Library/Java/JavaVirtualMachines/jdk1.8.0_73.jdk/Contents/Home/jre/lib/libfontmanager.dylib
0x0000000020353000 	/System/Library/PrivateFrameworks/ViewBridge.framework/Versions/A/ViewBridge
0x000000012599e000 	/Library/Java/JavaVirtualMachines/jdk1.8.0_73.jdk/Contents/Home/jre/lib/libosxui.dylib
0x000000012661b000 	/Library/Java/JavaVirtualMachines/jdk1.8.0_73.jdk/Contents/Home/jre/lib/libnet.dylib
0x0000000126632000 	/Library/Java/JavaVirtualMachines/jdk1.8.0_73.jdk/Contents/Home/jre/lib/libnio.dylib
0x0000000120eb6000 	/private/var/folders/qx/wrjdfy9d1sq4_104x_y4g7kr0000gn/T/jogamp_0000/file_cache/jln4698064352227040282/jln3050027969519277917/libgluegen-rt.jnilib
0x0000000120f0a000 	/private/var/folders/qx/wrjdfy9d1sq4_104x_y4g7kr0000gn/T/jogamp_0000/file_cache/jln4698064352227040282/jln3050027969519277917/libnativewindow_awt.jnilib
0x0000000120f0d000 	/Library/Java/JavaVirtualMachines/jdk1.8.0_73.jdk/Contents/Home/jre/lib/libjawt.dylib
0x0000000120f10000 	/private/var/folders/qx/wrjdfy9d1sq4_104x_y4g7kr0000gn/T/jogamp_0000/file_cache/jln4698064352227040282/jln3050027969519277917/libnativewindow_macosx.jnilib
0x0000000198f1e000 	/private/var/folders/qx/wrjdfy9d1sq4_104x_y4g7kr0000gn/T/jogamp_0000/file_cache/jln4698064352227040282/jln3050027969519277917/libjogl_desktop.jnilib
0x0000000193175000 	/Library/Java/JavaVirtualMachines/jdk1.8.0_73.jdk/Contents/Home/jre/lib/libsunec.dylib

VM Arguments:
jvm_args: -Djava.security.policy=java.policy.applet -Dfile.encoding=UTF-8 
java_command: sun.applet.AppletViewer module3.EarthquakeCityMap1536604104194.html
java_class_path (initial): /Library/Java/JavaVirtualMachines/jdk1.8.0_73.jdk/Contents/Home/jre/lib/resources.jar:/Library/Java/JavaVirtualMachines/jdk1.8.0_73.jdk/Contents/Home/jre/lib/rt.jar:/Library/Java/JavaVirtualMachines/jdk1.8.0_73.jdk/Contents/Home/jre/lib/jsse.jar:/Library/Java/JavaVirtualMachines/jdk1.8.0_73.jdk/Contents/Home/jre/lib/jce.jar:/Library/Java/JavaVirtualMachines/jdk1.8.0_73.jdk/Contents/Home/jre/lib/charsets.jar:/Library/Java/JavaVirtualMachines/jdk1.8.0_73.jdk/Contents/Home/jre/lib/jfr.jar:/Library/Java/JavaVirtualMachines/jdk1.8.0_73.jdk/Contents/Home/jre/lib/ext/sunec.jar:/Library/Java/JavaVirtualMachines/jdk1.8.0_73.jdk/Contents/Home/jre/lib/ext/nashorn.jar:/Library/Java/JavaVirtualMachines/jdk1.8.0_73.jdk/Contents/Home/jre/lib/ext/cldrdata.jar:/Library/Java/JavaVirtualMachines/jdk1.8.0_73.jdk/Contents/Home/jre/lib/ext/jfxrt.jar:/Library/Java/JavaVirtualMachines/jdk1.8.0_73.jdk/Contents/Home/jre/lib/ext/dnsns.jar:/Library/Java/JavaVirtualMachines/jdk1.8.0_73.jdk/Contents/Home/jre/lib/ext/localedata.jar:/Library/Java/JavaVirtualMachines/jdk1.8.0_73.jdk/Contents/Home/jre/lib/ext/sunjce_provider.jar:/Library/Java/JavaVirtualMachines/jdk1.8.0_73.jdk/Contents/Home/jre/lib/ext/sunpkcs11.jar:/Library/Java/JavaVirtualMachines/jdk1.8.0_73.jdk/Contents/Home/jre/lib/ext/jaccess.jar:/Library/Java/JavaVirtualMachines/jdk1.8.0_73.jdk/Contents/Home/jre/lib/ext/zipfs.jar:/System/Library/Java/Extensions/MRJToolkit.jar:/Users/ZRC/eclipse-workspace/UCSDUnfoldingMaps/build:/Users/ZRC/eclipse-workspace/UCSDUnfoldingMaps/lib/core.jar:/Users/ZRC/eclipse-workspace/UCSDUnfoldingMaps/lib/gluegen-rt.jar:/Users/ZRC/eclipse-workspace/UCSDUnfoldingMaps/lib/jogl-all.jar:/Users/ZRC/eclipse-workspace/UCSDUnfoldingMaps/lib/log4j-1.2.15.jar:/Users/ZRC/eclipse-workspace/UCSDUnfoldingMaps/lib/sqlite-jdbc-3.7.2.jar:/Users/ZRC/eclipse-workspace/UCSDUnfoldingMaps/lib/json4processing.jar:/Users/ZRC/eclipse-workspace/UCSDUnfoldingMaps/lib/libTUIO.jar:/Users/ZRC/eclipse-workspace/
Launcher Type: SUN_STANDARD

Environment Variables:
PATH=/usr/bin:/bin:/usr/sbin:/sbin
SHELL=/bin/zsh
DISPLAY=/private/tmp/com.apple.launchd.j5495vNUtb/org.macosforge.xquartz:0

Signal Handlers:
SIGSEGV: [libjvm.dylib+0x5a71a5], sa_mask[0]=11111111011111110111111111111111, sa_flags=SA_ONSTACK|SA_RESTART|SA_SIGINFO
SIGBUS: [libjvm.dylib+0x5a71a5], sa_mask[0]=11111111011111110111111111111111, sa_flags=SA_RESTART|SA_SIGINFO
SIGFPE: [libjvm.dylib+0x480eb4], sa_mask[0]=11111111011111110111111111111111, sa_flags=SA_RESTART|SA_SIGINFO
SIGPIPE: [libjvm.dylib+0x480eb4], sa_mask[0]=11111111011111110111111111111111, sa_flags=SA_RESTART|SA_SIGINFO
SIGXFSZ: [libjvm.dylib+0x480eb4], sa_mask[0]=11111111011111110111111111111111, sa_flags=SA_RESTART|SA_SIGINFO
SIGILL: [libjvm.dylib+0x480eb4], sa_mask[0]=11111111011111110111111111111111, sa_flags=SA_RESTART|SA_SIGINFO
SIGUSR1: SIG_DFL, sa_mask[0]=00000000000000000000000000000000, sa_flags=none
SIGUSR2: [libjvm.dylib+0x4809d2], sa_mask[0]=00100000000000000000000000000000, sa_flags=SA_RESTART|SA_SIGINFO
SIGHUP: [libjvm.dylib+0x47efa9], sa_mask[0]=11111111011111110111111111111111, sa_flags=SA_RESTART|SA_SIGINFO
SIGINT: [libjvm.dylib+0x47efa9], sa_mask[0]=11111111011111110111111111111111, sa_flags=SA_RESTART|SA_SIGINFO
SIGTERM: [libjvm.dylib+0x47efa9], sa_mask[0]=11111111011111110111111111111111, sa_flags=SA_RESTART|SA_SIGINFO
SIGQUIT: [libjvm.dylib+0x47efa9], sa_mask[0]=11111111011111110111111111111111, sa_flags=SA_RESTART|SA_SIGINFO


---------------  S Y S T E M  ---------------

OS:Bsduname:Darwin 17.7.0 Darwin Kernel Version 17.7.0: Thu Jun 21 22:53:14 PDT 2018; root:xnu-4570.71.2~1/RELEASE_X86_64 x86_64
rlimit: STACK 8192k, CORE 0k, NPROC 709, NOFILE 10240, AS infinity
load average:1.97 1.75 1.84

CPU:total 4 (2 cores per cpu, 2 threads per core) family 6 model 61 stepping 4, cmov, cx8, fxsr, mmx, sse, sse2, sse3, ssse3, sse4.1, sse4.2, popcnt, avx, avx2, aes, clmul, erms, 3dnowpref, lzcnt, ht, tsc, tscinvbit, bmi1, bmi2, adx

Memory: 4k page, physical 8388608k(1386648k free)

/proc/meminfo:


vm_info: Java HotSpot(TM) 64-Bit Server VM (25.73-b02) for bsd-amd64 JRE (1.8.0_73-b02), built on Jan 29 2016 15:02:00 by "java_re" with gcc 4.2.1 (Based on Apple Inc. build 5658) (LLVM build 2336.11.00)

time: Mon Sep 10 14:28:35 2018
elapsed time: 11 seconds (0d 0h 0m 11s)

