#
# A fatal error has been detected by the Java Runtime Environment:
#
#  SIGSEGV (0xb) at pc=0x00007fff6f10be9d, pid=27613, tid=775
#
# JRE version: Java(TM) SE Runtime Environment (8.0_73-b02) (build 1.8.0_73-b02)
# Java VM: Java HotSpot(TM) 64-Bit Server VM (25.73-b02 mixed mode bsd-amd64 compressed oops)
# Problematic frame:
# C  [libobjc.A.dylib+0x6e9d]  objc_msgSend+0x1d
#
# Failed to write core dump. Core dumps have been disabled. To enable core dumping, try "ulimit -c unlimited" before starting Java again
#
# If you would like to submit a bug report, please visit:
#   http://bugreport.java.com/bugreport/crash.jsp
# The crash happened outside the Java Virtual Machine in native code.
# See problematic frame for where to report the bug.
#

---------------  T H R E A D  ---------------

Current thread (0x00007fef968a2000):  JavaThread "AWT-AppKit" daemon [_thread_in_native, id=775, stack(0x00007ffee99cf000,0x00007ffeea1cf000)]

siginfo: si_signo: 11 (SIGSEGV), si_code: 1 (SEGV_MAPERR), si_addr: 0x0000000000000018

Registers:
RAX=0x00007fef99e03f30, RBX=0x00000001234d9450, RCX=0x0000000000000001, RDX=0x0000000000000000
RSP=0x00007ffeea1c9e18, RBP=0x00007ffeea1c9ed0, RSI=0x00007fff4612631e, RDI=0x00007fef99e00510
R8 =0x0000000000000000, R9 =0x0000000000000000, R10=0x0000000000000000, R11=0x00007fff4612631e
R12=0x0000000000000000, R13=0x00000001983a7ae8, R14=0x00000001234d9440, R15=0x00007fef968a2000
RIP=0x00007fff6f10be9d, EFLAGS=0x0000000000010246, ERR=0x0000000000000004
  TRAPNO=0x000000000000000e

Top of Stack: (sp=0x00007ffeea1c9e18)
0x00007ffeea1c9e18:   00000001234d7157 00007ffeea1c9e70
0x00007ffeea1c9e28:   0000000000000003 00007ffeea1c9e50
0x00007ffeea1c9e38:   0000000105c5b646 00000001983a7ae8
0x00007ffeea1c9e48:   00000001983a7ae8 00007fef99e03f30
0x00007ffeea1c9e58:   00000001234d96a0 00000001234d9710
0x00007ffeea1c9e68:   00007fffa1fc5b38 00007fffa3715178
0x00007ffeea1c9e78:   00000001234d9450 00000001234d9690
0x00007ffeea1c9e88:   00007fef99e03f30 00007fef99e00510
0x00007ffeea1c9e98:   00007fef99c51c40 00007fef99e03f30
0x00007ffeea1c9ea8:   00007fef99e00510 00007ffeea1c9f50
0x00007ffeea1c9eb8:   00007fef968a21f8 00000001983a7ae8
0x00007ffeea1c9ec8:   00007ffeea1c9f78 00007ffeea1c9f40
0x00007ffeea1c9ed8:   0000000110ef2954 00007ffeea1c9f40
0x00007ffeea1c9ee8:   0000000110ef26d9 0000000110efe823
0x00007ffeea1c9ef8:   0000000110ef26a2 00007ffeea1c9f00
0x00007ffeea1c9f08:   00000001983a7ae8 00007ffeea1c9f78
0x00007ffeea1c9f18:   00000001983aa720 0000000000000000
0x00007ffeea1c9f28:   00000001983a7ae8 0000000000000000
0x00007ffeea1c9f38:   00007ffeea1c9f60 00007ffeea1c9fc0
0x00007ffeea1c9f48:   0000000110ee4c4d 0000000741713b28
0x00007ffeea1c9f58:   0000000110eec578 00007fef99e03f30
0x00007ffeea1c9f68:   0000000110eeddb9 00007fef99e00510
0x00007ffeea1c9f78:   0000000110eedd82 00007ffeea1c9f80
0x00007ffeea1c9f88:   00000001983a7cb2 00007ffeea1c9fe8
0x00007ffeea1c9f98:   00000001983aa720 0000000000000000
0x00007ffeea1c9fa8:   00000001983a7cc0 00007ffeea1c9f60
0x00007ffeea1c9fb8:   00007ffeea1c9fd0 00007ffeea1ca030
0x00007ffeea1c9fc8:   0000000110ee4c4d 00007fef99e03f30
0x00007ffeea1c9fd8:   0000000742bedb00 00007fef99e00510
0x00007ffeea1c9fe8:   0000000742bedb00 00007ffeea1c9ff0
0x00007ffeea1c9ff8:   000000019b659466 00007ffeea1ca040
0x00007ffeea1ca008:   000000019b659520 0000000000000000 

Instructions: (pc=0x00007fff6f10be9d)
0x00007fff6f10be7d:   0f 1f 00 48 85 ff 2e 74 62 40 f6 c7 01 2e 75 66
0x00007fff6f10be8d:   49 ba f8 ff ff ff ff 7f 00 00 4c 23 17 49 89 f3
0x00007fff6f10be9d:   45 23 5a 18 49 c1 e3 04 4d 03 5a 10 49 3b 33 75
0x00007fff6f10bead:   04 41 ff 63 08 49 83 3b 01 76 0d 49 83 c3 10 49 

Register to memory mapping:

RAX=0x00007fef99e03f30 is an unknown value
RBX=0x00000001234d9450: Java_jogamp_nativewindow_macosx_OSXUtil_GetScreenRefreshRate0+0x1cf0 in /private/var/folders/qx/wrjdfy9d1sq4_104x_y4g7kr0000gn/T/jogamp_0000/file_cache/jln2927333207128239252/jln1797222239158540866/libnativewindow_macosx.jnilib at 0x00000001234d2000
RCX=0x0000000000000001 is an unknown value
RDX=0x0000000000000000 is an unknown value
RSP=0x00007ffeea1c9e18 is pointing into the stack for thread: 0x00007fef968a2000
RBP=0x00007ffeea1c9ed0 is pointing into the stack for thread: 0x00007fef968a2000
RSI=0x00007fff4612631e: .str.41.llvm.C4DC25C8+0x43861 in /System/Library/Frameworks/AppKit.framework/Versions/C/AppKit at 0x00007fff4544c000
RDI=0x00007fef99e00510 is an unknown value
R8 =0x0000000000000000 is an unknown value
R9 =0x0000000000000000 is an unknown value
R10=0x0000000000000000 is an unknown value
R11=0x00007fff4612631e: .str.41.llvm.C4DC25C8+0x43861 in /System/Library/Frameworks/AppKit.framework/Versions/C/AppKit at 0x00007fff4544c000
R12=0x0000000000000000 is an unknown value
R13={method} {0x00000001983a7ae8} 'UnsetJAWTRootSurfaceLayer0' '(JJ)V' in 'jogamp/nativewindow/jawt/macosx/MacOSXJAWTWindow'
R14=0x00000001234d9440: Java_jogamp_nativewindow_macosx_OSXUtil_GetScreenRefreshRate0+0x1ce0 in /private/var/folders/qx/wrjdfy9d1sq4_104x_y4g7kr0000gn/T/jogamp_0000/file_cache/jln2927333207128239252/jln1797222239158540866/libnativewindow_macosx.jnilib at 0x00000001234d2000
R15=0x00007fef968a2000 is a thread


Stack: [0x00007ffee99cf000,0x00007ffeea1cf000],  sp=0x00007ffeea1c9e18,  free space=8171k
Native frames: (J=compiled Java code, j=interpreted, Vv=VM code, C=native code)
C  [libobjc.A.dylib+0x6e9d]  objc_msgSend+0x1d
j  jogamp.nativewindow.jawt.macosx.MacOSXJAWTWindow.UnsetJAWTRootSurfaceLayer0(JJ)V+0
j  jogamp.nativewindow.jawt.macosx.MacOSXJAWTWindow.access$200(JJ)V+2
j  jogamp.nativewindow.jawt.macosx.MacOSXJAWTWindow$1.run()V+38
j  com.jogamp.common.util.RunnableTask.run()V+24
v  ~StubRoutines::call_stub
V  [libjvm.dylib+0x2eae7a]  JavaCalls::call_helper(JavaValue*, methodHandle*, JavaCallArguments*, Thread*)+0x6ae
V  [libjvm.dylib+0x321f83]  jni_invoke_nonstatic(JNIEnv_*, JavaValue*, _jobject*, JNICallType, _jmethodID*, JNI_ArgumentPusher*, Thread*)+0x2ec
V  [libjvm.dylib+0x314757]  jni_CallVoidMethod+0x16b
C  [libnativewindow_macosx.jnilib+0x5326]  Java_jogamp_nativewindow_jawt_macosx_MacOSXJAWTWindow_UnsetJAWTRootSurfaceLayer0+0x2b6
C  [Foundation+0x682b5]  __NSThreadPerformPerform+0x14e
C  [CoreFoundation+0xa3a11]  __CFRUNLOOP_IS_CALLING_OUT_TO_A_SOURCE0_PERFORM_FUNCTION__+0x11
C  [CoreFoundation+0x15d42c]  __CFRunLoopDoSource0+0x6c
C  [CoreFoundation+0x864cc]  __CFRunLoopDoSources0+0x12c
C  [CoreFoundation+0x858ed]  __CFRunLoopRun+0x50d
C  [CoreFoundation+0x85153]  CFRunLoopRunSpecific+0x1e3
C  [HIToolbox+0x2fd96]  RunCurrentEventLoopInMode+0x11e
C  [HIToolbox+0x2fa0f]  ReceiveNextEventCommon+0x16e
C  [HIToolbox+0x2f884]  _BlockUntilNextEventMatchingListInModeWithFilter+0x40
C  [AppKit+0x41a73]  _DPSNextEvent+0x825
C  [AppKit+0x7d7e34]  -[NSApplication(NSEvent) _nextEventMatchingEventMask:untilDate:inMode:dequeue:]+0xbe4
C  [libosxapp.dylib+0x23aa]  -[NSApplicationAWT nextEventMatchingMask:untilDate:inMode:dequeue:]+0x7c
C  [AppKit+0x36885]  -[NSApplication run]+0x2fc
C  [libosxapp.dylib+0x214d]  +[NSApplicationAWT runAWTLoopWithApp:]+0x9c
C  [libawt_lwawt.dylib+0x4455b]  -[AWTStarter starter:]+0x389
C  [Foundation+0x682b5]  __NSThreadPerformPerform+0x14e
C  [CoreFoundation+0xa3a11]  __CFRUNLOOP_IS_CALLING_OUT_TO_A_SOURCE0_PERFORM_FUNCTION__+0x11
C  [CoreFoundation+0x15d42c]  __CFRunLoopDoSource0+0x6c
C  [CoreFoundation+0x86470]  __CFRunLoopDoSources0+0xd0
C  [CoreFoundation+0x858ed]  __CFRunLoopRun+0x50d
C  [CoreFoundation+0x85153]  CFRunLoopRunSpecific+0x1e3
C  [java+0x6463]  CreateExecutionEnvironment+0x367
C  [java+0x21ac]  JLI_Launch+0x7a0
C  [java+0x84c0]  main+0x65
C  [java+0x1a04]  start+0x34
C  0x0000000000000007

Java frames: (J=compiled Java code, j=interpreted, Vv=VM code)
j  jogamp.nativewindow.jawt.macosx.MacOSXJAWTWindow.UnsetJAWTRootSurfaceLayer0(JJ)V+0
j  jogamp.nativewindow.jawt.macosx.MacOSXJAWTWindow.access$200(JJ)V+2
j  jogamp.nativewindow.jawt.macosx.MacOSXJAWTWindow$1.run()V+38
j  com.jogamp.common.util.RunnableTask.run()V+24
v  ~StubRoutines::call_stub

---------------  P R O C E S S  ---------------

Java Threads: ( => current thread )
  0x00007fef95497000 JavaThread "Thread-19" [_thread_blocked, id=4407, stack(0x00007000071f8000,0x00007000072f8000)]
  0x00007fef96a3d000 JavaThread "AWT-EventQueue-1" [_thread_in_native, id=57099, stack(0x00007000089c9000,0x0000700008ac9000)]
  0x00007fef951b5800 JavaThread "DestroyJavaVM" [_thread_blocked, id=6915, stack(0x0000700007381000,0x0000700007481000)]
  0x00007fef968da800 JavaThread "AWT-EventQueue-0" [_thread_blocked, id=52739, stack(0x00007000087c3000,0x00007000088c3000)]
  0x00007fef962c3000 JavaThread "Java2D Disposer" daemon [_thread_blocked, id=79887, stack(0x00007000084b7000,0x00007000085b7000)]
  0x00007fef96959000 JavaThread "Java2D Queue Flusher" daemon [_thread_blocked, id=45379, stack(0x00007000083b4000,0x00007000084b4000)]
  0x00007fef96141000 JavaThread "AWT-Shutdown" [_thread_blocked, id=25643, stack(0x00007000081ab000,0x00007000082ab000)]
=>0x00007fef968a2000 JavaThread "AWT-AppKit" daemon [_thread_in_native, id=775, stack(0x00007ffee99cf000,0x00007ffeea1cf000)]
  0x00007fef9500c000 JavaThread "Service Thread" daemon [_thread_blocked, id=14339, stack(0x0000700007fa5000,0x00007000080a5000)]
  0x00007fef96802000 JavaThread "C1 CompilerThread2" daemon [_thread_blocked, id=17411, stack(0x0000700007ea2000,0x0000700007fa2000)]
  0x00007fef96801000 JavaThread "C2 CompilerThread1" daemon [_thread_blocked, id=17923, stack(0x0000700007d9f000,0x0000700007e9f000)]
  0x00007fef9681e000 JavaThread "C2 CompilerThread0" daemon [_thread_blocked, id=18179, stack(0x0000700007c9c000,0x0000700007d9c000)]
  0x00007fef9681d800 JavaThread "Signal Dispatcher" daemon [_thread_blocked, id=18435, stack(0x0000700007b99000,0x0000700007c99000)]
  0x00007fef9581d000 JavaThread "Finalizer" daemon [_thread_blocked, id=20739, stack(0x0000700007a96000,0x0000700007b96000)]
  0x00007fef95816800 JavaThread "Reference Handler" daemon [_thread_blocked, id=20995, stack(0x0000700007993000,0x0000700007a93000)]

Other Threads:
  0x00007fef95814000 VMThread [stack: 0x0000700007890000,0x0000700007990000] [id=11779]
  0x00007fef96068000 WatcherThread [stack: 0x00007000080a8000,0x00007000081a8000] [id=14851]

VM state:not at safepoint (normal execution)

VM Mutex/Monitor currently owned by a thread: None

Heap:
 PSYoungGen      total 595456K, used 174424K [0x0000000795580000, 0x00000007bca80000, 0x00000007c0000000)
  eden space 585728K, 29% used [0x0000000795580000,0x000000079ffbe258,0x00000007b9180000)
  from space 9728K, 0% used [0x00000007bc100000,0x00000007bc118000,0x00000007bca80000)
  to   space 29184K, 0% used [0x00000007b9180000,0x00000007b9180000,0x00000007bae00000)
 ParOldGen       total 125440K, used 57097K [0x0000000740000000, 0x0000000747a80000, 0x0000000795580000)
  object space 125440K, 45% used [0x0000000740000000,0x00000007437c2620,0x0000000747a80000)
 Metaspace       used 19584K, capacity 19759K, committed 19968K, reserved 1067008K
  class space    used 1935K, capacity 2014K, committed 2048K, reserved 1048576K

Card table byte_map: [0x0000000107654000,0x0000000107a55000] byte_map_base: 0x0000000103c54000

Marking Bits: (ParMarkBitMap*) 0x000000010634dea0
 Begin Bits: [0x0000000107d00000, 0x0000000109d00000)
 End Bits:   [0x0000000109d00000, 0x000000010bd00000)

Polling page: 0x00000001069f7000

CodeCache: size=245760Kb used=7416Kb max_used=7416Kb free=238343Kb
 bounds [0x0000000110edd000, 0x000000011162d000, 0x000000011fedd000]
 total_blobs=2941 nmethods=2054 adapters=801
 compilation: enabled

Compilation events (10 events):
Event: 23.789 Thread 0x00007fef96802000 2372       3       sun.misc.URLClassPath$JarLoader$2::getCodeSigners (8 bytes)
Event: 23.789 Thread 0x00007fef96802000 nmethod 2372 0x0000000111622650 code [0x00000001116227c0, 0x00000001116229e8]
Event: 23.789 Thread 0x00007fef96802000 2373   !   3       java.util.jar.JarFile$JarFileEntry::getCodeSigners (78 bytes)
Event: 23.789 Thread 0x00007fef96802000 nmethod 2373 0x0000000111622a90 code [0x0000000111622c60, 0x0000000111623278]
Event: 23.789 Thread 0x00007fef96802000 2374       3       java.util.jar.JarFile::access$200 (5 bytes)
Event: 23.789 Thread 0x00007fef96802000 nmethod 2374 0x00000001116234d0 code [0x0000000111623640, 0x00000001116237a8]
Event: 23.792 Thread 0x00007fef96802000 2375       3       jogamp.opengl.GLFBODrawableImpl::getDefaultReadFramebuffer (24 bytes)
Event: 23.792 Thread 0x00007fef96802000 nmethod 2375 0x0000000111623850 code [0x00000001116239e0, 0x0000000111623e08]
Event: 23.797 Thread 0x00007fef96802000 2376       1       java.awt.Component::getTreeLock (4 bytes)
Event: 23.798 Thread 0x00007fef96802000 nmethod 2376 0x0000000111623f90 code [0x00000001116240e0, 0x00000001116241f0]

GC Heap History (10 events):
Event: 11.017 GC heap before
{Heap before GC invocations=11 (full 1):
 PSYoungGen      total 294912K, used 266240K [0x0000000795580000, 0x00000007b2e80000, 0x00000007c0000000)
  eden space 266240K, 100% used [0x0000000795580000,0x00000007a5980000,0x00000007a5980000)
  from space 28672K, 0% used [0x00000007a5980000,0x00000007a5980000,0x00000007a7580000)
  to   space 29184K, 0% used [0x00000007b1200000,0x00000007b1200000,0x00000007b2e80000)
 ParOldGen       total 125440K, used 56945K [0x0000000740000000, 0x0000000747a80000, 0x0000000795580000)
  object space 125440K, 45% used [0x0000000740000000,0x000000074379c620,0x0000000747a80000)
 Metaspace       used 19379K, capacity 19599K, committed 19968K, reserved 1067008K
  class space    used 1926K, capacity 1982K, committed 2048K, reserved 1048576K
Event: 11.017 GC heap after
Heap after GC invocations=11 (full 1):
 PSYoungGen      total 365568K, used 128K [0x0000000795580000, 0x00000007b1280000, 0x00000007c0000000)
  eden space 365056K, 0% used [0x0000000795580000,0x0000000795580000,0x00000007aba00000)
  from space 512K, 25% used [0x00000007b1200000,0x00000007b1220000,0x00000007b1280000)
  to   space 30208K, 0% used [0x00000007ad780000,0x00000007ad780000,0x00000007af500000)
 ParOldGen       total 125440K, used 56945K [0x0000000740000000, 0x0000000747a80000, 0x0000000795580000)
  object space 125440K, 45% used [0x0000000740000000,0x000000074379c620,0x0000000747a80000)
 Metaspace       used 19379K, capacity 19599K, committed 19968K, reserved 1067008K
  class space    used 1926K, capacity 1982K, committed 2048K, reserved 1048576K
}
Event: 13.442 GC heap before
{Heap before GC invocations=12 (full 1):
 PSYoungGen      total 365568K, used 365184K [0x0000000795580000, 0x00000007b1280000, 0x00000007c0000000)
  eden space 365056K, 100% used [0x0000000795580000,0x00000007aba00000,0x00000007aba00000)
  from space 512K, 25% used [0x00000007b1200000,0x00000007b1220000,0x00000007b1280000)
  to   space 30208K, 0% used [0x00000007ad780000,0x00000007ad780000,0x00000007af500000)
 ParOldGen       total 125440K, used 56945K [0x0000000740000000, 0x0000000747a80000, 0x0000000795580000)
  object space 125440K, 45% used [0x0000000740000000,0x000000074379c620,0x0000000747a80000)
 Metaspace       used 19405K, capacity 19599K, committed 19968K, reserved 1067008K
  class space    used 1926K, capacity 1982K, committed 2048K, reserved 1048576K
Event: 13.443 GC heap after
Heap after GC invocations=12 (full 1):
 PSYoungGen      total 425472K, used 96K [0x0000000795580000, 0x00000007b6a80000, 0x00000007c0000000)
  eden space 395264K, 0% used [0x0000000795580000,0x0000000795580000,0x00000007ad780000)
  from space 30208K, 0% used [0x00000007ad780000,0x00000007ad798000,0x00000007af500000)
  to   space 30208K, 0% used [0x00000007b4d00000,0x00000007b4d00000,0x00000007b6a80000)
 ParOldGen       total 125440K, used 57009K [0x0000000740000000, 0x0000000747a80000, 0x0000000795580000)
  object space 125440K, 45% used [0x0000000740000000,0x00000007437ac620,0x0000000747a80000)
 Metaspace       used 19405K, capacity 19599K, committed 19968K, reserved 1067008K
  class space    used 1926K, capacity 1982K, committed 2048K, reserved 1048576K
}
Event: 16.082 GC heap before
{Heap before GC invocations=13 (full 1):
 PSYoungGen      total 425472K, used 395360K [0x0000000795580000, 0x00000007b6a80000, 0x00000007c0000000)
  eden space 395264K, 100% used [0x0000000795580000,0x00000007ad780000,0x00000007ad780000)
  from space 30208K, 0% used [0x00000007ad780000,0x00000007ad798000,0x00000007af500000)
  to   space 30208K, 0% used [0x00000007b4d00000,0x00000007b4d00000,0x00000007b6a80000)
 ParOldGen       total 125440K, used 57009K [0x0000000740000000, 0x0000000747a80000, 0x0000000795580000)
  object space 125440K, 45% used [0x0000000740000000,0x00000007437ac620,0x0000000747a80000)
 Metaspace       used 19451K, capacity 19599K, committed 19968K, reserved 1067008K
  class space    used 1927K, capacity 1982K, committed 2048K, reserved 1048576K
Event: 16.083 GC heap after
Heap after GC invocations=13 (full 1):
 PSYoungGen      total 515584K, used 128K [0x0000000795580000, 0x00000007b8180000, 0x00000007c0000000)
  eden space 485376K, 0% used [0x0000000795580000,0x0000000795580000,0x00000007b2f80000)
  from space 30208K, 0% used [0x00000007b4d00000,0x00000007b4d20000,0x00000007b6a80000)
  to   space 30208K, 0% used [0x00000007b2f80000,0x00000007b2f80000,0x00000007b4d00000)
 ParOldGen       total 125440K, used 57033K [0x0000000740000000, 0x0000000747a80000, 0x0000000795580000)
  object space 125440K, 45% used [0x0000000740000000,0x00000007437b2620,0x0000000747a80000)
 Metaspace       used 19451K, capacity 19599K, committed 19968K, reserved 1067008K
  class space    used 1927K, capacity 1982K, committed 2048K, reserved 1048576K
}
Event: 19.206 GC heap before
{Heap before GC invocations=14 (full 1):
 PSYoungGen      total 515584K, used 485504K [0x0000000795580000, 0x00000007b8180000, 0x00000007c0000000)
  eden space 485376K, 100% used [0x0000000795580000,0x00000007b2f80000,0x00000007b2f80000)
  from space 30208K, 0% used [0x00000007b4d00000,0x00000007b4d20000,0x00000007b6a80000)
  to   space 30208K, 0% used [0x00000007b2f80000,0x00000007b2f80000,0x00000007b4d00000)
 ParOldGen       total 125440K, used 57033K [0x0000000740000000, 0x0000000747a80000, 0x0000000795580000)
  object space 125440K, 45% used [0x0000000740000000,0x00000007437b2620,0x0000000747a80000)
 Metaspace       used 19482K, capacity 19663K, committed 19968K, reserved 1067008K
  class space    used 1927K, capacity 1982K, committed 2048K, reserved 1048576K
Event: 19.207 GC heap after
Heap after GC invocations=14 (full 1):
 PSYoungGen      total 515584K, used 96K [0x0000000795580000, 0x00000007bde00000, 0x00000007c0000000)
  eden space 485376K, 0% used [0x0000000795580000,0x0000000795580000,0x00000007b2f80000)
  from space 30208K, 0% used [0x00000007b2f80000,0x00000007b2f98000,0x00000007b4d00000)
  to   space 29696K, 0% used [0x00000007bc100000,0x00000007bc100000,0x00000007bde00000)
 ParOldGen       total 125440K, used 57097K [0x0000000740000000, 0x0000000747a80000, 0x0000000795580000)
  object space 125440K, 45% used [0x0000000740000000,0x00000007437c2620,0x0000000747a80000)
 Metaspace       used 19482K, capacity 19663K, committed 19968K, reserved 1067008K
  class space    used 1927K, capacity 1982K, committed 2048K, reserved 1048576K
}
Event: 22.598 GC heap before
{Heap before GC invocations=15 (full 1):
 PSYoungGen      total 515584K, used 485472K [0x0000000795580000, 0x00000007bde00000, 0x00000007c0000000)
  eden space 485376K, 100% used [0x0000000795580000,0x00000007b2f80000,0x00000007b2f80000)
  from space 30208K, 0% used [0x00000007b2f80000,0x00000007b2f98000,0x00000007b4d00000)
  to   space 29696K, 0% used [0x00000007bc100000,0x00000007bc100000,0x00000007bde00000)
 ParOldGen       total 125440K, used 57097K [0x0000000740000000, 0x0000000747a80000, 0x0000000795580000)
  object space 125440K, 45% used [0x0000000740000000,0x00000007437c2620,0x0000000747a80000)
 Metaspace       used 19507K, capacity 19727K, committed 19968K, reserved 1067008K
  class space    used 1927K, capacity 1982K, committed 2048K, reserved 1048576K
Event: 22.599 GC heap after
Heap after GC invocations=15 (full 1):
 PSYoungGen      total 595456K, used 96K [0x0000000795580000, 0x00000007bca80000, 0x00000007c0000000)
  eden space 585728K, 0% used [0x0000000795580000,0x0000000795580000,0x00000007b9180000)
  from space 9728K, 0% used [0x00000007bc100000,0x00000007bc118000,0x00000007bca80000)
  to   space 29184K, 0% used [0x00000007b9180000,0x00000007b9180000,0x00000007bae00000)
 ParOldGen       total 125440K, used 57097K [0x0000000740000000, 0x0000000747a80000, 0x0000000795580000)
  object space 125440K, 45% used [0x0000000740000000,0x00000007437c2620,0x0000000747a80000)
 Metaspace       used 19507K, capacity 19727K, committed 19968K, reserved 1067008K
  class space    used 1927K, capacity 1982K, committed 2048K, reserved 1048576K
}

Deoptimization events (10 events):
Event: 5.512 Thread 0x00007fef96a3d000 Uncommon trap: reason=unstable_if action=reinterpret pc=0x0000000111405220 method=com.jogamp.common.util.IntIntHashMap.get(I)I @ 19
Event: 5.517 Thread 0x00007fef96a3d000 Uncommon trap: reason=unstable_if action=reinterpret pc=0x000000011143dd60 method=de.fhpotsdam.unfolding.mapdisplay.Java2DMapDisplay.getInnerTransformedPosition(FFZ)[F @ 1
Event: 5.690 Thread 0x00007fef96a3d000 Uncommon trap: reason=unstable_if action=reinterpret pc=0x00000001114c62b8 method=module6.CommonMarker.draw(Lprocessing/core/PGraphics;FF)V @ 18
Event: 5.692 Thread 0x00007fef96a3d000 Uncommon trap: reason=unstable_if action=reinterpret pc=0x000000011153ffdc method=processing.opengl.PGraphicsOpenGL$InGeometry.addVertex(FFFIFFFFFIFIIIFIZ)I @ 211
Event: 5.783 Thread 0x00007fef96a3d000 Uncommon trap: reason=unstable_if action=reinterpret pc=0x0000000110fe8ce8 method=com.jogamp.common.util.VersionNumber.compareTo(Lcom/jogamp/common/util/VersionNumber;)I @ 21
Event: 15.545 Thread 0x00007fef968a2000 Uncommon trap: reason=unstable_if action=reinterpret pc=0x0000000111340574 method=java.util.HashMap.putVal(ILjava/lang/Object;Ljava/lang/Object;ZZ)Ljava/lang/Object; @ 193
Event: 23.591 Thread 0x00007fef968da800 Uncommon trap: reason=unstable_if action=reinterpret pc=0x000000011145dc54 method=java.awt.font.FontRenderContext.equals(Ljava/awt/font/FontRenderContext;)Z @ 2
Event: 23.785 Thread 0x00007fef95185800 Uncommon trap: reason=unstable_if action=reinterpret pc=0x00000001113910fc method=java.util.HashMap.putVal(ILjava/lang/Object;Ljava/lang/Object;ZZ)Ljava/lang/Object; @ 81
Event: 23.797 Thread 0x00007fef95497000 Uncommon trap: reason=predicate action=maybe_recompile pc=0x00000001115c41f0 method=java.util.Vector.indexOf(Ljava/lang/Object;I)I @ 44
Event: 23.798 Thread 0x00007fef96a3d000 Uncommon trap: reason=unstable_if action=reinterpret pc=0x0000000111434470 method=java.util.ArrayList.isEmpty()Z @ 4

Internal exceptions (10 events):
Event: 0.305 Thread 0x00007fef96006800 Exception <a 'java/lang/NoSuchFieldError': method resolution failed> (0x0000000795840628) thrown at [/HUDSON3/workspace/8-2-build-macosx-x86_64/jdk8u73/6086/hotspot/src/share/vm/prims/methodHandles.cpp, line 1146]
Event: 0.509 Thread 0x00007fef96006800 Exception <a 'java/io/FileNotFoundException'> (0x00000007958bc4c0) thrown at [/HUDSON3/workspace/8-2-build-macosx-x86_64/jdk8u73/6086/hotspot/src/share/vm/prims/jni.cpp, line 709]
Event: 0.510 Thread 0x00007fef96006800 Exception <a 'java/io/FileNotFoundException'> (0x00000007958bcff0) thrown at [/HUDSON3/workspace/8-2-build-macosx-x86_64/jdk8u73/6086/hotspot/src/share/vm/prims/jni.cpp, line 709]
Event: 0.620 Thread 0x00007fef96006800 Exception <a 'java/io/FileNotFoundException'> (0x0000000795a0a830) thrown at [/HUDSON3/workspace/8-2-build-macosx-x86_64/jdk8u73/6086/hotspot/src/share/vm/prims/jni.cpp, line 709]
Event: 2.913 Thread 0x00007fef969c9000 Exception <a 'java/lang/UnsatisfiedLinkError': com.jogamp.common.util.JarUtil.fixNativeLibAttribs(Ljava/lang/String;)Z> (0x0000000796c8d8a8) thrown at [/HUDSON3/workspace/8-2-build-macosx-x86_64/jdk8u73/6086/hotspot/src/share/vm/prims/nativeLookup.cpp, li
Event: 3.237 Thread 0x00007fef9581d000 Exception <a 'java/lang/NullPointerException'> (0x00000007956a4b08) thrown at [/HUDSON3/workspace/8-2-build-macosx-x86_64/jdk8u73/6086/hotspot/src/share/vm/interpreter/linkResolver.cpp, line 1178]
Event: 3.980 Thread 0x00007fef96a3d000 Exception <a 'java/io/FileNotFoundException'> (0x0000000795f75e48) thrown at [/HUDSON3/workspace/8-2-build-macosx-x86_64/jdk8u73/6086/hotspot/src/share/vm/prims/jni.cpp, line 709]
Event: 3.981 Thread 0x00007fef96a3d000 Exception <a 'java/io/FileNotFoundException'> (0x0000000795f7c058) thrown at [/HUDSON3/workspace/8-2-build-macosx-x86_64/jdk8u73/6086/hotspot/src/share/vm/prims/jni.cpp, line 709]
Event: 3.981 Thread 0x00007fef96a3d000 Implicit null exception at 0x0000000111092335 to 0x0000000111092699
Event: 5.512 Thread 0x00007fef96a3d000 Implicit null exception at 0x00000001114050a5 to 0x00000001114051f9

Events (10 events):
Event: 23.796 loading class java/awt/Toolkit$ToolkitEventMulticaster done
Event: 23.797 Thread 0x00007fef95185800 Thread exited: 0x00007fef95185800
Event: 23.797 Thread 0x00007fef95497000 Uncommon trap: trap_request=0xffffff86 fr.pc=0x00000001115c41f0
Event: 23.797 Thread 0x00007fef95497000 DEOPT PACKING pc=0x00000001115c41f0 sp=0x00007000072f77f0
Event: 23.797 Thread 0x00007fef95497000 DEOPT UNPACKING pc=0x0000000110ee2229 sp=0x00007000072f77a0 mode 2
Event: 23.797 loading class java/awt/Window$1DisposeAction
Event: 23.797 loading class java/awt/Window$1DisposeAction done
Event: 23.798 Thread 0x00007fef96a3d000 Uncommon trap: trap_request=0xffffff65 fr.pc=0x0000000111434470
Event: 23.798 Thread 0x00007fef96a3d000 DEOPT PACKING pc=0x0000000111434470 sp=0x0000700008ac6800
Event: 23.798 Thread 0x00007fef96a3d000 DEOPT UNPACKING pc=0x0000000110ee2229 sp=0x0000700008ac67b8 mode 2


Dynamic libraries:
0x0000000020353000 	/System/Library/Frameworks/Cocoa.framework/Versions/A/Cocoa
0x0000000020353000 	/System/Library/Frameworks/Security.framework/Versions/A/Security
0x0000000020353000 	/System/Library/Frameworks/ApplicationServices.framework/Versions/A/ApplicationServices
0x0000000020353000 	/usr/lib/libz.1.dylib
0x0000000020353000 	/usr/lib/libSystem.B.dylib
0x0000000020353000 	/usr/lib/libobjc.A.dylib
0x0000000020353000 	/System/Library/Frameworks/CoreFoundation.framework/Versions/A/CoreFoundation
0x0000000020353000 	/System/Library/Frameworks/Foundation.framework/Versions/C/Foundation
0x0000000020353000 	/System/Library/Frameworks/AppKit.framework/Versions/C/AppKit
0x0000000020353000 	/System/Library/Frameworks/CoreData.framework/Versions/A/CoreData
0x0000000020353000 	/System/Library/PrivateFrameworks/RemoteViewServices.framework/Versions/A/RemoteViewServices
0x0000000020353000 	/System/Library/PrivateFrameworks/UIFoundation.framework/Versions/A/UIFoundation
0x0000000020353000 	/System/Library/PrivateFrameworks/DFRFoundation.framework/Versions/A/DFRFoundation
0x0000000020353000 	/System/Library/Frameworks/Metal.framework/Versions/A/Metal
0x0000000020353000 	/System/Library/PrivateFrameworks/DesktopServicesPriv.framework/Versions/A/DesktopServicesPriv
0x0000000020353000 	/usr/lib/libenergytrace.dylib
0x0000000020353000 	/System/Library/PrivateFrameworks/SkyLight.framework/Versions/A/SkyLight
0x0000000020353000 	/System/Library/Frameworks/CoreGraphics.framework/Versions/A/CoreGraphics
0x0000000020353000 	/usr/lib/libScreenReader.dylib
0x0000000020353000 	/System/Library/Frameworks/Accelerate.framework/Versions/A/Accelerate
0x0000000020353000 	/System/Library/Frameworks/IOSurface.framework/Versions/A/IOSurface
0x0000000020353000 	/System/Library/Frameworks/AudioToolbox.framework/Versions/A/AudioToolbox
0x0000000020353000 	/System/Library/Frameworks/AudioUnit.framework/Versions/A/AudioUnit
0x0000000020353000 	/System/Library/PrivateFrameworks/DataDetectorsCore.framework/Versions/A/DataDetectorsCore
0x0000000020353000 	/System/Library/Frameworks/Carbon.framework/Versions/A/Frameworks/HIToolbox.framework/Versions/A/HIToolbox
0x0000000020353000 	/usr/lib/libicucore.A.dylib
0x0000000020353000 	/System/Library/Frameworks/QuartzCore.framework/Versions/A/QuartzCore
0x0000000020353000 	/System/Library/PrivateFrameworks/SignpostNotification.framework/Versions/A/SignpostNotification
0x0000000020353000 	/System/Library/Frameworks/Carbon.framework/Versions/A/Frameworks/SpeechRecognition.framework/Versions/A/SpeechRecognition
0x0000000020353000 	/usr/lib/libauto.dylib
0x0000000020353000 	/usr/lib/libxml2.2.dylib
0x0000000020353000 	/System/Library/PrivateFrameworks/CoreUI.framework/Versions/A/CoreUI
0x0000000020353000 	/System/Library/Frameworks/CoreAudio.framework/Versions/A/CoreAudio
0x0000000020353000 	/System/Library/Frameworks/DiskArbitration.framework/Versions/A/DiskArbitration
0x0000000020353000 	/usr/lib/liblangid.dylib
0x0000000020353000 	/System/Library/PrivateFrameworks/MultitouchSupport.framework/Versions/A/MultitouchSupport
0x0000000020353000 	/System/Library/Frameworks/IOKit.framework/Versions/A/IOKit
0x0000000020353000 	/usr/lib/libDiagnosticMessagesClient.dylib
0x0000000020353000 	/System/Library/Frameworks/CoreServices.framework/Versions/A/CoreServices
0x0000000020353000 	/System/Library/PrivateFrameworks/PerformanceAnalysis.framework/Versions/A/PerformanceAnalysis
0x0000000020353000 	/System/Library/Frameworks/OpenGL.framework/Versions/A/OpenGL
0x0000000020353000 	/System/Library/Frameworks/ColorSync.framework/Versions/A/ColorSync
0x0000000020353000 	/System/Library/Frameworks/CoreImage.framework/Versions/A/CoreImage
0x0000000020353000 	/System/Library/Frameworks/CoreText.framework/Versions/A/CoreText
0x0000000020353000 	/System/Library/Frameworks/ImageIO.framework/Versions/A/ImageIO
0x0000000020353000 	/System/Library/PrivateFrameworks/Backup.framework/Versions/A/Backup
0x0000000020353000 	/usr/lib/libarchive.2.dylib
0x0000000020353000 	/System/Library/Frameworks/CFNetwork.framework/Versions/A/CFNetwork
0x0000000020353000 	/System/Library/Frameworks/SystemConfiguration.framework/Versions/A/SystemConfiguration
0x0000000020353000 	/usr/lib/libCRFSuite.dylib
0x0000000020353000 	/usr/lib/libc++.1.dylib
0x0000000020353000 	/usr/lib/libc++abi.dylib
0x0000000020353000 	/usr/lib/system/libcache.dylib
0x0000000020353000 	/usr/lib/system/libcommonCrypto.dylib
0x0000000020353000 	/usr/lib/system/libcompiler_rt.dylib
0x0000000020353000 	/usr/lib/system/libcopyfile.dylib
0x0000000020353000 	/usr/lib/system/libcorecrypto.dylib
0x0000000020353000 	/usr/lib/system/libdispatch.dylib
0x0000000020353000 	/usr/lib/system/libdyld.dylib
0x0000000020353000 	/usr/lib/system/libkeymgr.dylib
0x0000000020353000 	/usr/lib/system/liblaunch.dylib
0x0000000020353000 	/usr/lib/system/libmacho.dylib
0x0000000020353000 	/usr/lib/system/libquarantine.dylib
0x0000000020353000 	/usr/lib/system/libremovefile.dylib
0x0000000020353000 	/usr/lib/system/libsystem_asl.dylib
0x0000000020353000 	/usr/lib/system/libsystem_blocks.dylib
0x0000000020353000 	/usr/lib/system/libsystem_c.dylib
0x0000000020353000 	/usr/lib/system/libsystem_configuration.dylib
0x0000000020353000 	/usr/lib/system/libsystem_coreservices.dylib
0x0000000020353000 	/usr/lib/system/libsystem_darwin.dylib
0x0000000020353000 	/usr/lib/system/libsystem_dnssd.dylib
0x0000000020353000 	/usr/lib/system/libsystem_info.dylib
0x0000000020353000 	/usr/lib/system/libsystem_m.dylib
0x0000000020353000 	/usr/lib/system/libsystem_malloc.dylib
0x0000000020353000 	/usr/lib/system/libsystem_network.dylib
0x0000000020353000 	/usr/lib/system/libsystem_networkextension.dylib
0x0000000020353000 	/usr/lib/system/libsystem_notify.dylib
0x0000000020353000 	/usr/lib/system/libsystem_sandbox.dylib
0x0000000020353000 	/usr/lib/system/libsystem_secinit.dylib
0x0000000020353000 	/usr/lib/system/libsystem_kernel.dylib
0x0000000020353000 	/usr/lib/system/libsystem_platform.dylib
0x0000000020353000 	/usr/lib/system/libsystem_pthread.dylib
0x0000000020353000 	/usr/lib/system/libsystem_symptoms.dylib
0x0000000020353000 	/usr/lib/system/libsystem_trace.dylib
0x0000000020353000 	/usr/lib/system/libunwind.dylib
0x0000000020353000 	/usr/lib/system/libxpc.dylib
0x0000000020353000 	/usr/lib/closure/libclosured.dylib
0x0000000020353000 	/usr/lib/libbsm.0.dylib
0x0000000020353000 	/usr/lib/system/libkxld.dylib
0x0000000020353000 	/usr/lib/libOpenScriptingUtil.dylib
0x0000000020353000 	/usr/lib/libcoretls.dylib
0x0000000020353000 	/usr/lib/libcoretls_cfhelpers.dylib
0x0000000020353000 	/usr/lib/libpam.2.dylib
0x0000000020353000 	/usr/lib/libsqlite3.dylib
0x0000000020353000 	/usr/lib/libxar.1.dylib
0x0000000020353000 	/usr/lib/libbz2.1.0.dylib
0x0000000020353000 	/usr/lib/liblzma.5.dylib
0x0000000020353000 	/usr/lib/libnetwork.dylib
0x0000000020353000 	/usr/lib/libapple_nghttp2.dylib
0x0000000020353000 	/usr/lib/libpcap.A.dylib
0x0000000020353000 	/usr/lib/libboringssl.dylib
0x0000000020353000 	/usr/lib/libusrtcp.dylib
0x0000000020353000 	/usr/lib/libapple_crypto.dylib
0x0000000020353000 	/System/Library/Frameworks/CoreServices.framework/Versions/A/Frameworks/FSEvents.framework/Versions/A/FSEvents
0x0000000020353000 	/System/Library/Frameworks/CoreServices.framework/Versions/A/Frameworks/CarbonCore.framework/Versions/A/CarbonCore
0x0000000020353000 	/System/Library/Frameworks/CoreServices.framework/Versions/A/Frameworks/Metadata.framework/Versions/A/Metadata
0x0000000020353000 	/System/Library/Frameworks/CoreServices.framework/Versions/A/Frameworks/OSServices.framework/Versions/A/OSServices
0x0000000020353000 	/System/Library/Frameworks/CoreServices.framework/Versions/A/Frameworks/SearchKit.framework/Versions/A/SearchKit
0x0000000020353000 	/System/Library/Frameworks/CoreServices.framework/Versions/A/Frameworks/AE.framework/Versions/A/AE
0x0000000020353000 	/System/Library/Frameworks/CoreServices.framework/Versions/A/Frameworks/LaunchServices.framework/Versions/A/LaunchServices
0x0000000020353000 	/System/Library/Frameworks/CoreServices.framework/Versions/A/Frameworks/DictionaryServices.framework/Versions/A/DictionaryServices
0x0000000020353000 	/System/Library/Frameworks/CoreServices.framework/Versions/A/Frameworks/SharedFileList.framework/Versions/A/SharedFileList
0x0000000020353000 	/System/Library/Frameworks/NetFS.framework/Versions/A/NetFS
0x0000000020353000 	/System/Library/PrivateFrameworks/NetAuth.framework/Versions/A/NetAuth
0x0000000020353000 	/System/Library/PrivateFrameworks/login.framework/Versions/A/Frameworks/loginsupport.framework/Versions/A/loginsupport
0x0000000020353000 	/System/Library/PrivateFrameworks/TCC.framework/Versions/A/TCC
0x0000000020353000 	/usr/lib/libmecabra.dylib
0x0000000020353000 	/System/Library/Frameworks/ApplicationServices.framework/Versions/A/Frameworks/ATS.framework/Versions/A/ATS
0x0000000020353000 	/System/Library/Frameworks/ApplicationServices.framework/Versions/A/Frameworks/ColorSyncLegacy.framework/Versions/A/ColorSyncLegacy
0x0000000020353000 	/System/Library/Frameworks/ApplicationServices.framework/Versions/A/Frameworks/HIServices.framework/Versions/A/HIServices
0x0000000020353000 	/System/Library/Frameworks/ApplicationServices.framework/Versions/A/Frameworks/LangAnalysis.framework/Versions/A/LangAnalysis
0x0000000020353000 	/System/Library/Frameworks/ApplicationServices.framework/Versions/A/Frameworks/PrintCore.framework/Versions/A/PrintCore
0x0000000020353000 	/System/Library/Frameworks/ApplicationServices.framework/Versions/A/Frameworks/QD.framework/Versions/A/QD
0x0000000020353000 	/System/Library/Frameworks/ApplicationServices.framework/Versions/A/Frameworks/SpeechSynthesis.framework/Versions/A/SpeechSynthesis
0x0000000020353000 	/System/Library/Frameworks/CoreDisplay.framework/Versions/A/CoreDisplay
0x0000000020353000 	/System/Library/Frameworks/Accelerate.framework/Versions/A/Frameworks/vImage.framework/Versions/A/vImage
0x0000000020353000 	/System/Library/Frameworks/Accelerate.framework/Versions/A/Frameworks/vecLib.framework/Versions/A/vecLib
0x0000000020353000 	/System/Library/Frameworks/Accelerate.framework/Versions/A/Frameworks/vecLib.framework/Versions/A/libvDSP.dylib
0x0000000020353000 	/System/Library/Frameworks/Accelerate.framework/Versions/A/Frameworks/vecLib.framework/Versions/A/libBNNS.dylib
0x0000000020353000 	/System/Library/Frameworks/Accelerate.framework/Versions/A/Frameworks/vecLib.framework/Versions/A/libQuadrature.dylib
0x0000000020353000 	/System/Library/Frameworks/Accelerate.framework/Versions/A/Frameworks/vecLib.framework/Versions/A/libvMisc.dylib
0x0000000020353000 	/System/Library/Frameworks/Accelerate.framework/Versions/A/Frameworks/vecLib.framework/Versions/A/libLAPACK.dylib
0x0000000020353000 	/System/Library/Frameworks/Accelerate.framework/Versions/A/Frameworks/vecLib.framework/Versions/A/libBLAS.dylib
0x0000000020353000 	/System/Library/Frameworks/Accelerate.framework/Versions/A/Frameworks/vecLib.framework/Versions/A/libLinearAlgebra.dylib
0x0000000020353000 	/System/Library/Frameworks/Accelerate.framework/Versions/A/Frameworks/vecLib.framework/Versions/A/libSparse.dylib
0x0000000020353000 	/System/Library/Frameworks/Accelerate.framework/Versions/A/Frameworks/vecLib.framework/Versions/A/libSparseBLAS.dylib
0x0000000020353000 	/System/Library/PrivateFrameworks/GPUWrangler.framework/Versions/A/GPUWrangler
0x0000000020353000 	/System/Library/PrivateFrameworks/IOAccelerator.framework/Versions/A/IOAccelerator
0x0000000020353000 	/System/Library/PrivateFrameworks/IOPresentment.framework/Versions/A/IOPresentment
0x0000000020353000 	/System/Library/PrivateFrameworks/DSExternalDisplay.framework/Versions/A/DSExternalDisplay
0x0000000020353000 	/System/Library/Frameworks/OpenGL.framework/Versions/A/Libraries/libCoreFSCache.dylib
0x0000000020353000 	/System/Library/Frameworks/CoreVideo.framework/Versions/A/CoreVideo
0x0000000020353000 	/System/Library/PrivateFrameworks/GraphVisualizer.framework/Versions/A/GraphVisualizer
0x0000000020353000 	/System/Library/Frameworks/MetalPerformanceShaders.framework/Versions/A/MetalPerformanceShaders
0x0000000020353000 	/usr/lib/libFosl_dynamic.dylib
0x0000000020353000 	/System/Library/PrivateFrameworks/FaceCore.framework/Versions/A/FaceCore
0x0000000020353000 	/System/Library/Frameworks/OpenCL.framework/Versions/A/OpenCL
0x0000000020353000 	/usr/lib/libcompression.dylib
0x0000000020353000 	/System/Library/Frameworks/ApplicationServices.framework/Versions/A/Frameworks/ATS.framework/Versions/A/Resources/libFontParser.dylib
0x0000000020353000 	/System/Library/Frameworks/ApplicationServices.framework/Versions/A/Frameworks/ATS.framework/Versions/A/Resources/libFontRegistry.dylib
0x0000000020353000 	/System/Library/Frameworks/ImageIO.framework/Versions/A/Resources/libJPEG.dylib
0x0000000020353000 	/System/Library/Frameworks/ImageIO.framework/Versions/A/Resources/libTIFF.dylib
0x0000000020353000 	/System/Library/Frameworks/ImageIO.framework/Versions/A/Resources/libPng.dylib
0x0000000020353000 	/System/Library/Frameworks/ImageIO.framework/Versions/A/Resources/libGIF.dylib
0x0000000020353000 	/System/Library/Frameworks/ImageIO.framework/Versions/A/Resources/libJP2.dylib
0x0000000020353000 	/System/Library/Frameworks/ImageIO.framework/Versions/A/Resources/libRadiance.dylib
0x0000000020353000 	/System/Library/PrivateFrameworks/AppleJPEG.framework/Versions/A/AppleJPEG
0x0000000020353000 	/System/Library/Frameworks/MetalPerformanceShaders.framework/Frameworks/MPSCore.framework/Versions/A/MPSCore
0x0000000020353000 	/System/Library/Frameworks/MetalPerformanceShaders.framework/Frameworks/MPSImage.framework/Versions/A/MPSImage
0x0000000020353000 	/System/Library/Frameworks/MetalPerformanceShaders.framework/Frameworks/MPSNeuralNetwork.framework/Versions/A/MPSNeuralNetwork
0x0000000020353000 	/System/Library/Frameworks/MetalPerformanceShaders.framework/Frameworks/MPSMatrix.framework/Versions/A/MPSMatrix
0x0000000020353000 	/System/Library/PrivateFrameworks/MetalTools.framework/Versions/A/MetalTools
0x0000000020353000 	/System/Library/Frameworks/OpenGL.framework/Versions/A/Libraries/libGLU.dylib
0x0000000020353000 	/System/Library/Frameworks/OpenGL.framework/Versions/A/Libraries/libGFXShared.dylib
0x0000000020353000 	/System/Library/Frameworks/OpenGL.framework/Versions/A/Libraries/libGL.dylib
0x0000000020353000 	/System/Library/Frameworks/OpenGL.framework/Versions/A/Libraries/libGLImage.dylib
0x0000000020353000 	/System/Library/Frameworks/OpenGL.framework/Versions/A/Libraries/libCVMSPluginSupport.dylib
0x0000000020353000 	/System/Library/Frameworks/OpenGL.framework/Versions/A/Libraries/libCoreVMClient.dylib
0x0000000020353000 	/usr/lib/libcups.2.dylib
0x0000000020353000 	/System/Library/Frameworks/Kerberos.framework/Versions/A/Kerberos
0x0000000020353000 	/System/Library/Frameworks/GSS.framework/Versions/A/GSS
0x0000000020353000 	/usr/lib/libresolv.9.dylib
0x0000000020353000 	/usr/lib/libiconv.2.dylib
0x0000000020353000 	/System/Library/PrivateFrameworks/Heimdal.framework/Versions/A/Heimdal
0x0000000020353000 	/usr/lib/libheimdal-asn1.dylib
0x0000000020353000 	/System/Library/Frameworks/OpenDirectory.framework/Versions/A/OpenDirectory
0x0000000020353000 	/System/Library/PrivateFrameworks/CommonAuth.framework/Versions/A/CommonAuth
0x0000000020353000 	/System/Library/Frameworks/OpenDirectory.framework/Versions/A/Frameworks/CFOpenDirectory.framework/Versions/A/CFOpenDirectory
0x0000000020353000 	/System/Library/Frameworks/SecurityFoundation.framework/Versions/A/SecurityFoundation
0x0000000020353000 	/System/Library/PrivateFrameworks/APFS.framework/Versions/A/APFS
0x0000000020353000 	/usr/lib/libutil.dylib
0x0000000020353000 	/System/Library/PrivateFrameworks/AppleSauce.framework/Versions/A/AppleSauce
0x0000000020353000 	/System/Library/PrivateFrameworks/LinguisticData.framework/Versions/A/LinguisticData
0x0000000020353000 	/usr/lib/libmarisa.dylib
0x0000000020353000 	/System/Library/PrivateFrameworks/Lexicon.framework/Versions/A/Lexicon
0x0000000020353000 	/usr/lib/libChineseTokenizer.dylib
0x0000000020353000 	/usr/lib/libcmph.dylib
0x0000000020353000 	/System/Library/PrivateFrameworks/LanguageModeling.framework/Versions/A/LanguageModeling
0x0000000020353000 	/System/Library/PrivateFrameworks/CoreEmoji.framework/Versions/A/CoreEmoji
0x0000000020353000 	/System/Library/Frameworks/ServiceManagement.framework/Versions/A/ServiceManagement
0x0000000020353000 	/System/Library/PrivateFrameworks/BackgroundTaskManagement.framework/Versions/A/BackgroundTaskManagement
0x0000000020353000 	/usr/lib/libxslt.1.dylib
0x0000000020353000 	/System/Library/Frameworks/Carbon.framework/Versions/A/Frameworks/Ink.framework/Versions/A/Ink
0x0000000020353000 	/System/Library/PrivateFrameworks/TextureIO.framework/Versions/A/TextureIO
0x0000000020353000 	/usr/lib/libate.dylib
0x0000000020353000 	/System/Library/PrivateFrameworks/CrashReporterSupport.framework/Versions/A/CrashReporterSupport
0x0000000020353000 	/System/Library/PrivateFrameworks/Sharing.framework/Versions/A/Sharing
0x0000000020353000 	/System/Library/PrivateFrameworks/IconServices.framework/Versions/A/IconServices
0x0000000020353000 	/System/Library/PrivateFrameworks/AuthKit.framework/Versions/A/AuthKit
0x0000000020353000 	/System/Library/PrivateFrameworks/Apple80211.framework/Versions/A/Apple80211
0x0000000020353000 	/System/Library/PrivateFrameworks/CoreUtils.framework/Versions/A/CoreUtils
0x0000000020353000 	/System/Library/Frameworks/CoreWLAN.framework/Versions/A/CoreWLAN
0x0000000020353000 	/System/Library/Frameworks/IOBluetooth.framework/Versions/A/IOBluetooth
0x0000000020353000 	/System/Library/PrivateFrameworks/ProtocolBuffer.framework/Versions/A/ProtocolBuffer
0x0000000020353000 	/System/Library/PrivateFrameworks/MobileKeyBag.framework/Versions/A/MobileKeyBag
0x0000000020353000 	/System/Library/PrivateFrameworks/CorePhoneNumbers.framework/Versions/A/CorePhoneNumbers
0x0000000020353000 	/System/Library/PrivateFrameworks/AppleIDAuthSupport.framework/Versions/A/AppleIDAuthSupport
0x0000000020353000 	/System/Library/PrivateFrameworks/KeychainCircle.framework/Versions/A/KeychainCircle
0x0000000020353000 	/System/Library/PrivateFrameworks/CoreWiFi.framework/Versions/A/CoreWiFi
0x0000000020353000 	/System/Library/Frameworks/CoreBluetooth.framework/Versions/A/CoreBluetooth
0x0000000020353000 	/System/Library/PrivateFrameworks/DebugSymbols.framework/Versions/A/DebugSymbols
0x0000000020353000 	/System/Library/PrivateFrameworks/CoreSymbolication.framework/Versions/A/CoreSymbolication
0x0000000020353000 	/System/Library/PrivateFrameworks/Symbolication.framework/Versions/A/Symbolication
0x0000000020353000 	/System/Library/PrivateFrameworks/AppleFSCompression.framework/Versions/A/AppleFSCompression
0x0000000020353000 	/System/Library/PrivateFrameworks/SpeechRecognitionCore.framework/Versions/A/SpeechRecognitionCore
0x0000000105a6a000 	/Library/Java/JavaVirtualMachines/jdk1.8.0_73.jdk/Contents/Home/jre/lib/server/libjvm.dylib
0x0000000020353000 	/usr/lib/libstdc++.6.0.9.dylib
0x0000000107200000 	/Library/Java/JavaVirtualMachines/jdk1.8.0_73.jdk/Contents/Home/jre/lib/libverify.dylib
0x000000010720e000 	/Library/Java/JavaVirtualMachines/jdk1.8.0_73.jdk/Contents/Home/jre/lib/libjava.dylib
0x000000010728b000 	/Library/Java/JavaVirtualMachines/jdk1.8.0_73.jdk/Contents/Home/jre/lib/libzip.dylib
0x0000000020353000 	/System/Library/Frameworks/JavaVM.framework/Versions/A/Frameworks/JavaRuntimeSupport.framework/Versions/A/JavaRuntimeSupport
0x0000000020353000 	/System/Library/Frameworks/JavaVM.framework/Versions/A/Frameworks/JavaNativeFoundation.framework/Versions/A/JavaNativeFoundation
0x0000000020353000 	/System/Library/Frameworks/JavaVM.framework/Versions/A/JavaVM
0x0000000020353000 	/System/Library/Frameworks/Carbon.framework/Versions/A/Carbon
0x0000000020353000 	/System/Library/PrivateFrameworks/JavaLaunching.framework/Versions/A/JavaLaunching
0x0000000020353000 	/System/Library/Frameworks/Carbon.framework/Versions/A/Frameworks/CommonPanels.framework/Versions/A/CommonPanels
0x0000000020353000 	/System/Library/Frameworks/Carbon.framework/Versions/A/Frameworks/Help.framework/Versions/A/Help
0x0000000020353000 	/System/Library/Frameworks/Carbon.framework/Versions/A/Frameworks/ImageCapture.framework/Versions/A/ImageCapture
0x0000000020353000 	/System/Library/Frameworks/Carbon.framework/Versions/A/Frameworks/OpenScripting.framework/Versions/A/OpenScripting
0x0000000020353000 	/System/Library/Frameworks/Carbon.framework/Versions/A/Frameworks/Print.framework/Versions/A/Print
0x0000000020353000 	/System/Library/Frameworks/Carbon.framework/Versions/A/Frameworks/SecurityHI.framework/Versions/A/SecurityHI
0x000000010f5bc000 	/Library/Java/JavaVirtualMachines/jdk1.8.0_73.jdk/Contents/Home/jre/lib/libawt.dylib
0x000000010f664000 	/Library/Java/JavaVirtualMachines/jdk1.8.0_73.jdk/Contents/Home/jre/lib/./libmlib_image.dylib
0x000000010f730000 	/Library/Java/JavaVirtualMachines/jdk1.8.0_73.jdk/Contents/Home/jre/lib/libawt_lwawt.dylib
0x000000010f7e5000 	/Library/Java/JavaVirtualMachines/jdk1.8.0_73.jdk/Contents/Home/jre/lib/./libosxapp.dylib
0x0000000020353000 	/System/Library/Frameworks/ExceptionHandling.framework/Versions/A/ExceptionHandling
0x0000000020353000 	/System/Library/PrivateFrameworks/CoreServicesInternal.framework/Versions/A/CoreServicesInternal
0x0000000020353000 	/System/Library/CoreServices/RawCamera.bundle/Contents/MacOS/RawCamera
0x0000000020353000 	/System/Library/PrivateFrameworks/MobileAsset.framework/Versions/A/MobileAsset
0x0000000020353000 	/System/Library/PrivateFrameworks/StreamingZip.framework/Versions/A/StreamingZip
0x0000000020353000 	/System/Library/Frameworks/MediaToolbox.framework/Versions/A/MediaToolbox
0x0000000020353000 	/System/Library/PrivateFrameworks/CoreAVCHD.framework/Versions/A/CoreAVCHD
0x0000000020353000 	/System/Library/Frameworks/MediaAccessibility.framework/Versions/A/MediaAccessibility
0x0000000020353000 	/System/Library/PrivateFrameworks/Mangrove.framework/Versions/A/Mangrove
0x0000000020353000 	/System/Library/Frameworks/CoreMedia.framework/Versions/A/CoreMedia
0x0000000020353000 	/System/Library/Frameworks/VideoToolbox.framework/Versions/A/VideoToolbox
0x0000000020353000 	/System/Library/PrivateFrameworks/CoreAUC.framework/Versions/A/CoreAUC
0x0000000020353000 	/usr/lib/libspindump.dylib
0x0000000020353000 	/System/Library/PrivateFrameworks/AppleVA.framework/Versions/A/AppleVA
0x0000000020353000 	/System/Library/Frameworks/Accelerate.framework/Versions/A/Frameworks/vImage.framework/Versions/A/Libraries/libCGInterfaces.dylib
0x0000000020353000 	/System/Library/Frameworks/ApplicationServices.framework/Versions/A/Frameworks/ATS.framework/Versions/A/Resources/libTrueTypeScaler.dylib
0x0000000020353000 	/System/Library/Extensions/AppleIntelBDWGraphicsMTLDriver.bundle/Contents/MacOS/AppleIntelBDWGraphicsMTLDriver
0x0000000020353000 	/System/Library/PrivateFrameworks/GPUCompiler.framework/Versions/3802/Libraries/libmetal_timestamp.dylib
0x0000000020353000 	/System/Library/PrivateFrameworks/FamilyControls.framework/Versions/A/FamilyControls
0x0000000020353000 	/System/Library/PrivateFrameworks/CommerceKit.framework/Versions/A/Frameworks/CommerceCore.framework/Versions/A/CommerceCore
0x0000000020353000 	/System/Library/PrivateFrameworks/SystemAdministration.framework/Versions/A/SystemAdministration
0x0000000020353000 	/System/Library/PrivateFrameworks/AppContainer.framework/Versions/A/AppContainer
0x0000000020353000 	/System/Library/PrivateFrameworks/SecCodeWrapper.framework/Versions/A/SecCodeWrapper
0x0000000020353000 	/System/Library/PrivateFrameworks/DiskManagement.framework/Versions/A/DiskManagement
0x0000000020353000 	/System/Library/Frameworks/DirectoryService.framework/Versions/A/DirectoryService
0x0000000020353000 	/System/Library/PrivateFrameworks/DiskImages.framework/Versions/A/DiskImages
0x0000000020353000 	/System/Library/PrivateFrameworks/LoginUIKit.framework/Versions/A/Frameworks/LoginUICore.framework/Versions/A/LoginUICore
0x0000000020353000 	/usr/lib/libCoreStorage.dylib
0x0000000020353000 	/usr/lib/libcsfde.dylib
0x0000000020353000 	/usr/lib/libodfde.dylib
0x0000000020353000 	/System/Library/PrivateFrameworks/MediaKit.framework/Versions/A/MediaKit
0x0000000020353000 	/System/Library/Frameworks/DiscRecording.framework/Versions/A/DiscRecording
0x0000000020353000 	/System/Library/PrivateFrameworks/EFILogin.framework/Versions/A/EFILogin
0x0000000020353000 	/System/Library/PrivateFrameworks/ProtectedCloudStorage.framework/Versions/A/ProtectedCloudStorage
0x0000000020353000 	/usr/lib/libcurl.4.dylib
0x0000000020353000 	/usr/lib/libcrypto.35.dylib
0x0000000020353000 	/usr/lib/libssl.35.dylib
0x0000000020353000 	/System/Library/Frameworks/LDAP.framework/Versions/A/LDAP
0x0000000020353000 	/System/Library/PrivateFrameworks/TrustEvaluationAgent.framework/Versions/A/TrustEvaluationAgent
0x0000000020353000 	/usr/lib/libsasl2.2.dylib
0x0000000020353000 	/System/Library/PrivateFrameworks/CoreDaemon.framework/Versions/B/CoreDaemon
0x0000000020353000 	/System/Library/PrivateFrameworks/AppleSRP.framework/Versions/A/AppleSRP
0x0000000020353000 	/System/Library/Frameworks/OpenGL.framework/Versions/A/Resources/GLEngine.bundle/GLEngine
0x0000000020353000 	/System/Library/Frameworks/OpenGL.framework/Versions/A/Libraries/libGLProgrammability.dylib
0x0000000121189000 	/System/Library/Extensions/AppleIntelBDWGraphicsGLDriver.bundle/Contents/MacOS/AppleIntelBDWGraphicsGLDriver
0x0000000020353000 	/System/Library/PrivateFrameworks/GPUSupport.framework/Versions/A/Libraries/libGPUSupportMercury.dylib
0x0000000020353000 	/System/Library/Frameworks/OpenGL.framework/Versions/A/Resources/GLRendererFloat.bundle/GLRendererFloat
0x0000000020353000 	/System/Library/Frameworks/OpenCL.framework/Versions/A/Libraries/libcldcpuengine.dylib
0x000000012217d000 	/Library/Java/JavaVirtualMachines/jdk1.8.0_73.jdk/Contents/Home/jre/lib/libfontmanager.dylib
0x000000012344d000 	/Library/Java/JavaVirtualMachines/jdk1.8.0_73.jdk/Contents/Home/jre/lib/libosxui.dylib
0x0000000020353000 	/System/Library/PrivateFrameworks/ViewBridge.framework/Versions/A/ViewBridge
0x00000001243f9000 	/Library/Java/JavaVirtualMachines/jdk1.8.0_73.jdk/Contents/Home/jre/lib/libnet.dylib
0x0000000124410000 	/Library/Java/JavaVirtualMachines/jdk1.8.0_73.jdk/Contents/Home/jre/lib/libnio.dylib
0x000000010fd9a000 	/private/var/folders/qx/wrjdfy9d1sq4_104x_y4g7kr0000gn/T/jogamp_0000/file_cache/jln2927333207128239252/jln1797222239158540866/libgluegen-rt.jnilib
0x000000012344a000 	/private/var/folders/qx/wrjdfy9d1sq4_104x_y4g7kr0000gn/T/jogamp_0000/file_cache/jln2927333207128239252/jln1797222239158540866/libnativewindow_awt.jnilib
0x00000001234cf000 	/Library/Java/JavaVirtualMachines/jdk1.8.0_73.jdk/Contents/Home/jre/lib/libjawt.dylib
0x00000001234d2000 	/private/var/folders/qx/wrjdfy9d1sq4_104x_y4g7kr0000gn/T/jogamp_0000/file_cache/jln2927333207128239252/jln1797222239158540866/libnativewindow_macosx.jnilib
0x0000000190dd2000 	/private/var/folders/qx/wrjdfy9d1sq4_104x_y4g7kr0000gn/T/jogamp_0000/file_cache/jln2927333207128239252/jln1797222239158540866/libjogl_desktop.jnilib
0x000000019e3bd000 	/Library/Java/JavaVirtualMachines/jdk1.8.0_73.jdk/Contents/Home/jre/lib/libt2k.dylib

VM Arguments:
jvm_args: -Djava.security.policy=java.policy.applet -Dfile.encoding=UTF-8 
java_command: sun.applet.AppletViewer module6.AirportMap1536858601382.html
java_class_path (initial): /Library/Java/JavaVirtualMachines/jdk1.8.0_73.jdk/Contents/Home/jre/lib/resources.jar:/Library/Java/JavaVirtualMachines/jdk1.8.0_73.jdk/Contents/Home/jre/lib/rt.jar:/Library/Java/JavaVirtualMachines/jdk1.8.0_73.jdk/Contents/Home/jre/lib/jsse.jar:/Library/Java/JavaVirtualMachines/jdk1.8.0_73.jdk/Contents/Home/jre/lib/jce.jar:/Library/Java/JavaVirtualMachines/jdk1.8.0_73.jdk/Contents/Home/jre/lib/charsets.jar:/Library/Java/JavaVirtualMachines/jdk1.8.0_73.jdk/Contents/Home/jre/lib/jfr.jar:/Library/Java/JavaVirtualMachines/jdk1.8.0_73.jdk/Contents/Home/jre/lib/ext/sunec.jar:/Library/Java/JavaVirtualMachines/jdk1.8.0_73.jdk/Contents/Home/jre/lib/ext/nashorn.jar:/Library/Java/JavaVirtualMachines/jdk1.8.0_73.jdk/Contents/Home/jre/lib/ext/cldrdata.jar:/Library/Java/JavaVirtualMachines/jdk1.8.0_73.jdk/Contents/Home/jre/lib/ext/jfxrt.jar:/Library/Java/JavaVirtualMachines/jdk1.8.0_73.jdk/Contents/Home/jre/lib/ext/dnsns.jar:/Library/Java/JavaVirtualMachines/jdk1.8.0_73.jdk/Contents/Home/jre/lib/ext/localedata.jar:/Library/Java/JavaVirtualMachines/jdk1.8.0_73.jdk/Contents/Home/jre/lib/ext/sunjce_provider.jar:/Library/Java/JavaVirtualMachines/jdk1.8.0_73.jdk/Contents/Home/jre/lib/ext/sunpkcs11.jar:/Library/Java/JavaVirtualMachines/jdk1.8.0_73.jdk/Contents/Home/jre/lib/ext/jaccess.jar:/Library/Java/JavaVirtualMachines/jdk1.8.0_73.jdk/Contents/Home/jre/lib/ext/zipfs.jar:/System/Library/Java/Extensions/MRJToolkit.jar:/Users/ZRC/eclipse-workspace/UCSDUnfoldingMaps/build:/Users/ZRC/eclipse-workspace/UCSDUnfoldingMaps/lib/core.jar:/Users/ZRC/eclipse-workspace/UCSDUnfoldingMaps/lib/gluegen-rt.jar:/Users/ZRC/eclipse-workspace/UCSDUnfoldingMaps/lib/jogl-all.jar:/Users/ZRC/eclipse-workspace/UCSDUnfoldingMaps/lib/log4j-1.2.15.jar:/Users/ZRC/eclipse-workspace/UCSDUnfoldingMaps/lib/sqlite-jdbc-3.7.2.jar:/Users/ZRC/eclipse-workspace/UCSDUnfoldingMaps/lib/json4processing.jar:/Users/ZRC/eclipse-workspace/UCSDUnfoldingMaps/lib/libTUIO.jar:/Users/ZRC/eclipse-workspace/
Launcher Type: SUN_STANDARD

Environment Variables:
PATH=/usr/bin:/bin:/usr/sbin:/sbin
SHELL=/bin/zsh
DISPLAY=/private/tmp/com.apple.launchd.j5495vNUtb/org.macosforge.xquartz:0

Signal Handlers:
SIGSEGV: [libjvm.dylib+0x5a71a5], sa_mask[0]=11111111011111110111111111111111, sa_flags=SA_ONSTACK|SA_RESTART|SA_SIGINFO
SIGBUS: [libjvm.dylib+0x5a71a5], sa_mask[0]=11111111011111110111111111111111, sa_flags=SA_RESTART|SA_SIGINFO
SIGFPE: [libjvm.dylib+0x480eb4], sa_mask[0]=11111111011111110111111111111111, sa_flags=SA_RESTART|SA_SIGINFO
SIGPIPE: [libjvm.dylib+0x480eb4], sa_mask[0]=11111111011111110111111111111111, sa_flags=SA_RESTART|SA_SIGINFO
SIGXFSZ: [libjvm.dylib+0x480eb4], sa_mask[0]=11111111011111110111111111111111, sa_flags=SA_RESTART|SA_SIGINFO
SIGILL: [libjvm.dylib+0x480eb4], sa_mask[0]=11111111011111110111111111111111, sa_flags=SA_RESTART|SA_SIGINFO
SIGUSR1: SIG_DFL, sa_mask[0]=00000000000000000000000000000000, sa_flags=none
SIGUSR2: [libjvm.dylib+0x4809d2], sa_mask[0]=00100000000000000000000000000000, sa_flags=SA_RESTART|SA_SIGINFO
SIGHUP: [libjvm.dylib+0x47efa9], sa_mask[0]=11111111011111110111111111111111, sa_flags=SA_RESTART|SA_SIGINFO
SIGINT: [libjvm.dylib+0x47efa9], sa_mask[0]=11111111011111110111111111111111, sa_flags=SA_RESTART|SA_SIGINFO
SIGTERM: [libjvm.dylib+0x47efa9], sa_mask[0]=11111111011111110111111111111111, sa_flags=SA_RESTART|SA_SIGINFO
SIGQUIT: [libjvm.dylib+0x47efa9], sa_mask[0]=11111111011111110111111111111111, sa_flags=SA_RESTART|SA_SIGINFO


---------------  S Y S T E M  ---------------

OS:Bsduname:Darwin 17.7.0 Darwin Kernel Version 17.7.0: Thu Jun 21 22:53:14 PDT 2018; root:xnu-4570.71.2~1/RELEASE_X86_64 x86_64
rlimit: STACK 8192k, CORE 0k, NPROC 709, NOFILE 10240, AS infinity
load average:2.69 2.19 2.28

CPU:total 4 (2 cores per cpu, 2 threads per core) family 6 model 61 stepping 4, cmov, cx8, fxsr, mmx, sse, sse2, sse3, ssse3, sse4.1, sse4.2, popcnt, avx, avx2, aes, clmul, erms, 3dnowpref, lzcnt, ht, tsc, tscinvbit, bmi1, bmi2, adx

Memory: 4k page, physical 8388608k(131556k free)

/proc/meminfo:


vm_info: Java HotSpot(TM) 64-Bit Server VM (25.73-b02) for bsd-amd64 JRE (1.8.0_73-b02), built on Jan 29 2016 15:02:00 by "java_re" with gcc 4.2.1 (Based on Apple Inc. build 5658) (LLVM build 2336.11.00)

time: Thu Sep 13 13:10:25 2018
elapsed time: 23 seconds (0d 0h 0m 23s)

