#
# A fatal error has been detected by the Java Runtime Environment:
#
#  SIGSEGV (0xb) at pc=0x00007fff6f10be9d, pid=3635, tid=775
#
# JRE version: Java(TM) SE Runtime Environment (8.0_73-b02) (build 1.8.0_73-b02)
# Java VM: Java HotSpot(TM) 64-Bit Server VM (25.73-b02 mixed mode bsd-amd64 compressed oops)
# Problematic frame:
# C  [libobjc.A.dylib+0x6e9d]  objc_msgSend+0x1d
#
# Failed to write core dump. Core dumps have been disabled. To enable core dumping, try "ulimit -c unlimited" before starting Java again
#
# If you would like to submit a bug report, please visit:
#   http://bugreport.java.com/bugreport/crash.jsp
# The crash happened outside the Java Virtual Machine in native code.
# See problematic frame for where to report the bug.
#

---------------  T H R E A D  ---------------

Current thread (0x00007f8010815800):  JavaThread "AWT-AppKit" daemon [_thread_in_native, id=775, stack(0x00007ffeece54000,0x00007ffeed654000)]

siginfo: si_signo: 11 (SIGSEGV), si_code: 1 (SEGV_MAPERR), si_addr: 0x0000000000000018

Registers:
RAX=0x000000011b8b2710, RBX=0x000000011b8b2450, RCX=0x00007f8015ca4470, RDX=0x0000000000000000
RSP=0x00007ffeed64ed18, RBP=0x00007ffeed64edd0, RSI=0x00007fff4612631e, RDI=0x00007f8015ca4470
R8 =0x0000000001270026, R9 =0x0000000000000001, R10=0x0000000000000000, R11=0x00007fff4612631e
R12=0x0000000000000000, R13=0x000000018e070d10, R14=0x000000011b8b2440, R15=0x00007f8010815800
RIP=0x00007fff6f10be9d, EFLAGS=0x0000000000010246, ERR=0x0000000000000004
  TRAPNO=0x000000000000000e

Top of Stack: (sp=0x00007ffeed64ed18)
0x00007ffeed64ed18:   000000011b8b0194 00007ffeed64ed70
0x00007ffeed64ed28:   0000000000000003 00007ffeed64ed50
0x00007ffeed64ed38:   00000001027d6646 000000011b8b0fb4
0x00007ffeed64ed48:   00007f80108159f8 00007f8015d3d150
0x00007ffeed64ed58:   000000011b8b26a0 000000011b8b2710
0x00007ffeed64ed68:   00007fffa1fc5b38 00007fffa3715178
0x00007ffeed64ed78:   000000011b8b2450 000000011b8b2690
0x00007ffeed64ed88:   00007f8015d3d150 00007f8015ca4470
0x00007ffeed64ed98:   00007f8015cd75a0 00007f8015d3d150
0x00007ffeed64eda8:   00007f8015ca4470 00007ffeed64ee58
0x00007ffeed64edb8:   00007f80108159f8 000000018e070d10
0x00007ffeed64edc8:   00007ffeed64ee80 00007ffeed64ee48
0x00007ffeed64edd8:   000000010a062954 000000018e070d10
0x00007ffeed64ede8:   00007ffeed64ee80 00007ffeed64ee48
0x00007ffeed64edf8:   000000010a0626e7 000000010a0626a2
0x00007ffeed64ee08:   00007ffeed64ee08 000000018e070d10
0x00007ffeed64ee18:   00007ffeed64ee80 000000018e094028
0x00007ffeed64ee28:   0000000000000000 000000018e070d10
0x00007ffeed64ee38:   0000000000000000 00007ffeed64ee68
0x00007ffeed64ee48:   00007ffeed64eec8 000000010a054c4d
0x00007ffeed64ee58:   00000007405a5a10 000000010a05c578
0x00007ffeed64ee68:   00007f8015d3d150 00007ffeed64eec8
0x00007ffeed64ee78:   00007f8015ca4470 000000010a05dd82
0x00007ffeed64ee88:   00007ffeed64ee88 000000018e070eda
0x00007ffeed64ee98:   00007ffeed64eef0 000000018e094028
0x00007ffeed64eea8:   0000000000000000 000000018e070ee8
0x00007ffeed64eeb8:   00007ffeed64ee68 00007ffeed64eed8
0x00007ffeed64eec8:   00007ffeed64ef38 000000010a054c4d
0x00007ffeed64eed8:   00007f8015d3d150 00000007403b28f0
0x00007ffeed64eee8:   00007f8015ca4470 00000007403b28f0
0x00007ffeed64eef8:   00007ffeed64eef8 0000000196ea4f5e
0x00007ffeed64ef08:   00007ffeed64ef48 0000000196ea5018 

Instructions: (pc=0x00007fff6f10be9d)
0x00007fff6f10be7d:   0f 1f 00 48 85 ff 2e 74 62 40 f6 c7 01 2e 75 66
0x00007fff6f10be8d:   49 ba f8 ff ff ff ff 7f 00 00 4c 23 17 49 89 f3
0x00007fff6f10be9d:   45 23 5a 18 49 c1 e3 04 4d 03 5a 10 49 3b 33 75
0x00007fff6f10bead:   04 41 ff 63 08 49 83 3b 01 76 0d 49 83 c3 10 49 

Register to memory mapping:

RAX=0x000000011b8b2710: Java_jogamp_nativewindow_macosx_OSXUtil_GetScreenRefreshRate0+0x1fb0 in /private/var/folders/qx/wrjdfy9d1sq4_104x_y4g7kr0000gn/T/jogamp_0000/file_cache/jln4576607930688085607/jln7724582282525566365/libnativewindow_macosx.jnilib at 0x000000011b8ab000
RBX=0x000000011b8b2450: Java_jogamp_nativewindow_macosx_OSXUtil_GetScreenRefreshRate0+0x1cf0 in /private/var/folders/qx/wrjdfy9d1sq4_104x_y4g7kr0000gn/T/jogamp_0000/file_cache/jln4576607930688085607/jln7724582282525566365/libnativewindow_macosx.jnilib at 0x000000011b8ab000
RCX=0x00007f8015ca4470 is an unknown value
RDX=0x0000000000000000 is an unknown value
RSP=0x00007ffeed64ed18 is pointing into the stack for thread: 0x00007f8010815800
RBP=0x00007ffeed64edd0 is pointing into the stack for thread: 0x00007f8010815800
RSI=0x00007fff4612631e: .str.41.llvm.C4DC25C8+0x43861 in /System/Library/Frameworks/AppKit.framework/Versions/C/AppKit at 0x00007fff4544c000
RDI=0x00007f8015ca4470 is an unknown value
R8 =0x0000000001270026 is an unknown value
R9 =0x0000000000000001 is an unknown value
R10=0x0000000000000000 is an unknown value
R11=0x00007fff4612631e: .str.41.llvm.C4DC25C8+0x43861 in /System/Library/Frameworks/AppKit.framework/Versions/C/AppKit at 0x00007fff4544c000
R12=0x0000000000000000 is an unknown value
R13={method} {0x000000018e070d10} 'UnsetJAWTRootSurfaceLayer0' '(JJ)V' in 'jogamp/nativewindow/jawt/macosx/MacOSXJAWTWindow'
R14=0x000000011b8b2440: Java_jogamp_nativewindow_macosx_OSXUtil_GetScreenRefreshRate0+0x1ce0 in /private/var/folders/qx/wrjdfy9d1sq4_104x_y4g7kr0000gn/T/jogamp_0000/file_cache/jln4576607930688085607/jln7724582282525566365/libnativewindow_macosx.jnilib at 0x000000011b8ab000
R15=0x00007f8010815800 is a thread


Stack: [0x00007ffeece54000,0x00007ffeed654000],  sp=0x00007ffeed64ed18,  free space=8171k
Native frames: (J=compiled Java code, j=interpreted, Vv=VM code, C=native code)
C  [libobjc.A.dylib+0x6e9d]  objc_msgSend+0x1d
j  jogamp.nativewindow.jawt.macosx.MacOSXJAWTWindow.UnsetJAWTRootSurfaceLayer0(JJ)V+0
j  jogamp.nativewindow.jawt.macosx.MacOSXJAWTWindow.access$200(JJ)V+2
j  jogamp.nativewindow.jawt.macosx.MacOSXJAWTWindow$1.run()V+38
J 2625 C1 com.jogamp.common.util.RunnableTask.run()V (345 bytes) @ 0x000000010a855594 [0x000000010a855400+0x194]
v  ~StubRoutines::call_stub
V  [libjvm.dylib+0x2eae7a]  JavaCalls::call_helper(JavaValue*, methodHandle*, JavaCallArguments*, Thread*)+0x6ae
V  [libjvm.dylib+0x321f83]  jni_invoke_nonstatic(JNIEnv_*, JavaValue*, _jobject*, JNICallType, _jmethodID*, JNI_ArgumentPusher*, Thread*)+0x2ec
V  [libjvm.dylib+0x314757]  jni_CallVoidMethod+0x16b
C  [libnativewindow_macosx.jnilib+0x5326]  Java_jogamp_nativewindow_jawt_macosx_MacOSXJAWTWindow_UnsetJAWTRootSurfaceLayer0+0x2b6
C  [Foundation+0x682b5]  __NSThreadPerformPerform+0x14e
C  [CoreFoundation+0xa3a11]  __CFRUNLOOP_IS_CALLING_OUT_TO_A_SOURCE0_PERFORM_FUNCTION__+0x11
C  [CoreFoundation+0x15d42c]  __CFRunLoopDoSource0+0x6c
C  [CoreFoundation+0x86470]  __CFRunLoopDoSources0+0xd0
C  [CoreFoundation+0x858ed]  __CFRunLoopRun+0x50d
C  [CoreFoundation+0x85153]  CFRunLoopRunSpecific+0x1e3
C  [HIToolbox+0x2fd96]  RunCurrentEventLoopInMode+0x11e
C  [HIToolbox+0x2fa0f]  ReceiveNextEventCommon+0x16e
C  [HIToolbox+0x2f884]  _BlockUntilNextEventMatchingListInModeWithFilter+0x40
C  [AppKit+0x41a73]  _DPSNextEvent+0x825
C  [AppKit+0x7d7e34]  -[NSApplication(NSEvent) _nextEventMatchingEventMask:untilDate:inMode:dequeue:]+0xbe4
C  [libosxapp.dylib+0x23aa]  -[NSApplicationAWT nextEventMatchingMask:untilDate:inMode:dequeue:]+0x7c
C  [AppKit+0x36885]  -[NSApplication run]+0x2fc
C  [libosxapp.dylib+0x214d]  +[NSApplicationAWT runAWTLoopWithApp:]+0x9c
C  [libawt_lwawt.dylib+0x4455b]  -[AWTStarter starter:]+0x389
C  [Foundation+0x682b5]  __NSThreadPerformPerform+0x14e
C  [CoreFoundation+0xa3a11]  __CFRUNLOOP_IS_CALLING_OUT_TO_A_SOURCE0_PERFORM_FUNCTION__+0x11
C  [CoreFoundation+0x15d42c]  __CFRunLoopDoSource0+0x6c
C  [CoreFoundation+0x86470]  __CFRunLoopDoSources0+0xd0
C  [CoreFoundation+0x858ed]  __CFRunLoopRun+0x50d
C  [CoreFoundation+0x85153]  CFRunLoopRunSpecific+0x1e3
C  [java+0x6463]  CreateExecutionEnvironment+0x367
C  [java+0x21ac]  JLI_Launch+0x7a0
C  [java+0x84c0]  main+0x65
C  [java+0x1a04]  start+0x34
C  0x0000000000000007

Java frames: (J=compiled Java code, j=interpreted, Vv=VM code)
j  jogamp.nativewindow.jawt.macosx.MacOSXJAWTWindow.UnsetJAWTRootSurfaceLayer0(JJ)V+0
j  jogamp.nativewindow.jawt.macosx.MacOSXJAWTWindow.access$200(JJ)V+2
j  jogamp.nativewindow.jawt.macosx.MacOSXJAWTWindow$1.run()V+38
J 2625 C1 com.jogamp.common.util.RunnableTask.run()V (345 bytes) @ 0x000000010a855594 [0x000000010a855400+0x194]
v  ~StubRoutines::call_stub

---------------  P R O C E S S  ---------------

Java Threads: ( => current thread )
  0x00007f8010395000 JavaThread "Thread-19" [_thread_blocked, id=29199, stack(0x0000700006cba000,0x0000700006dba000)]
  0x00007f8010913000 JavaThread "Keep-Alive-Timer" daemon [_thread_blocked, id=58639, stack(0x0000700006b34000,0x0000700006c34000)]
  0x00007f80114cd800 JavaThread "AWT-EventQueue-1" [_thread_in_native, id=57103, stack(0x0000700006a31000,0x0000700006b31000)]
  0x00007f8011320000 JavaThread "DestroyJavaVM" [_thread_blocked, id=4611, stack(0x0000700005260000,0x0000700005360000)]
  0x00007f80119eb800 JavaThread "AWT-EventQueue-0" [_thread_blocked, id=80155, stack(0x000070000682b000,0x000070000692b000)]
  0x00007f801011a000 JavaThread "Java2D Disposer" daemon [_thread_blocked, id=51215, stack(0x000070000651f000,0x000070000661f000)]
  0x00007f801083b800 JavaThread "Java2D Queue Flusher" daemon [_thread_blocked, id=82695, stack(0x000070000641c000,0x000070000651c000)]
  0x00007f801199e000 JavaThread "AWT-Shutdown" [_thread_blocked, id=38699, stack(0x0000700006213000,0x0000700006313000)]
=>0x00007f8010815800 JavaThread "AWT-AppKit" daemon [_thread_in_native, id=775, stack(0x00007ffeece54000,0x00007ffeed654000)]
  0x00007f8010801000 JavaThread "Service Thread" daemon [_thread_blocked, id=17411, stack(0x0000700005f8a000,0x000070000608a000)]
  0x00007f8010060000 JavaThread "C1 CompilerThread2" daemon [_thread_blocked, id=13827, stack(0x0000700005e87000,0x0000700005f87000)]
  0x00007f801005f800 JavaThread "C2 CompilerThread1" daemon [_thread_blocked, id=13315, stack(0x0000700005d84000,0x0000700005e84000)]
  0x00007f8010041000 JavaThread "C2 CompilerThread0" daemon [_thread_blocked, id=18179, stack(0x0000700005c81000,0x0000700005d81000)]
  0x00007f8010039800 JavaThread "Signal Dispatcher" daemon [_thread_blocked, id=13063, stack(0x0000700005b7e000,0x0000700005c7e000)]
  0x00007f8011041000 JavaThread "Finalizer" daemon [_thread_blocked, id=19971, stack(0x0000700005a7b000,0x0000700005b7b000)]
  0x00007f8010039000 JavaThread "Reference Handler" daemon [_thread_blocked, id=20483, stack(0x0000700005978000,0x0000700005a78000)]

Other Threads:
  0x00007f8010036000 VMThread [stack: 0x0000700005875000,0x0000700005975000] [id=20995]
  0x00007f8011840000 WatcherThread [stack: 0x000070000608d000,0x000070000618d000] [id=16899]

VM state:not at safepoint (normal execution)

VM Mutex/Monitor currently owned by a thread: None

Heap:
 PSYoungGen      total 52224K, used 11992K [0x0000000795580000, 0x0000000798f80000, 0x00000007c0000000)
  eden space 47104K, 14% used [0x0000000795580000,0x0000000795c417a0,0x0000000798380000)
  from space 5120K, 99% used [0x0000000798a80000,0x0000000798f74b10,0x0000000798f80000)
  to   space 5120K, 0% used [0x0000000798580000,0x0000000798580000,0x0000000798a80000)
 ParOldGen       total 68096K, used 16908K [0x0000000740000000, 0x0000000744280000, 0x0000000795580000)
  object space 68096K, 24% used [0x0000000740000000,0x0000000741083238,0x0000000744280000)
 Metaspace       used 23741K, capacity 24033K, committed 24320K, reserved 1071104K
  class space    used 2339K, capacity 2449K, committed 2560K, reserved 1048576K

Card table byte_map: [0x00000001041c9000,0x00000001045ca000] byte_map_base: 0x00000001007c9000

Marking Bits: (ParMarkBitMap*) 0x0000000102ec8ea0
 Begin Bits: [0x0000000104875000, 0x0000000106875000)
 End Bits:   [0x0000000106875000, 0x0000000108875000)

Polling page: 0x00000001035b5000

CodeCache: size=245760Kb used=9144Kb max_used=9144Kb free=236615Kb
 bounds [0x000000010a04d000, 0x000000010a94d000, 0x000000011904d000]
 total_blobs=3624 nmethods=2707 adapters=830
 compilation: enabled

Compilation events (10 events):
Event: 12.471 Thread 0x00007f8010060000 2934   !   3       sun.lwawt.LWComponentPeer::isShowing (49 bytes)
Event: 12.471 Thread 0x00007f8010060000 nmethod 2934 0x000000010a93f790 code [0x000000010a93f940, 0x000000010a940228]
Event: 12.475 Thread 0x00007f8010060000 2935       1       sun.java2d.SurfaceData::isValid (5 bytes)
Event: 12.475 Thread 0x00007f8010060000 nmethod 2935 0x000000010a9207d0 code [0x000000010a920920, 0x000000010a920a30]
Event: 12.475 Thread 0x00007f8010060000 2936       3       sun.java2d.pipe.RenderBuffer::putFloat (26 bytes)
Event: 12.476 Thread 0x00007f8010060000 nmethod 2936 0x000000010a93f3d0 code [0x000000010a93f540, 0x000000010a93f6d0]
Event: 12.481 Thread 0x00007f8010060000 2938   !   3       sun.font.FontDesignMetrics::getMetrics (265 bytes)
Event: 12.481 Thread 0x00007f801005f800 2939       4       sun.font.SunFontManager::maybeUsingAlternateCompositeFonts (20 bytes)
Event: 12.483 Thread 0x00007f801005f800 nmethod 2939 0x000000010a93f150 code [0x000000010a93f2a0, 0x000000010a93f338]
Event: 12.485 Thread 0x00007f8010060000 nmethod 2938 0x000000010a944710 code [0x000000010a944b20, 0x000000010a947458]

GC Heap History (10 events):
Event: 3.067 GC heap before
{Heap before GC invocations=1 (full 0):
 PSYoungGen      total 38400K, used 33280K [0x0000000795580000, 0x0000000798000000, 0x00000007c0000000)
  eden space 33280K, 100% used [0x0000000795580000,0x0000000797600000,0x0000000797600000)
  from space 5120K, 0% used [0x0000000797b00000,0x0000000797b00000,0x0000000798000000)
  to   space 5120K, 0% used [0x0000000797600000,0x0000000797600000,0x0000000797b00000)
 ParOldGen       total 87552K, used 0K [0x0000000740000000, 0x0000000745580000, 0x0000000795580000)
  object space 87552K, 0% used [0x0000000740000000,0x0000000740000000,0x0000000745580000)
 Metaspace       used 15984K, capacity 16155K, committed 16384K, reserved 1064960K
  class space    used 1620K, capacity 1692K, committed 1792K, reserved 1048576K
Event: 3.074 GC heap after
Heap after GC invocations=1 (full 0):
 PSYoungGen      total 38400K, used 5113K [0x0000000795580000, 0x0000000798000000, 0x00000007c0000000)
  eden space 33280K, 0% used [0x0000000795580000,0x0000000795580000,0x0000000797600000)
  from space 5120K, 99% used [0x0000000797600000,0x0000000797afe7d8,0x0000000797b00000)
  to   space 5120K, 0% used [0x0000000797b00000,0x0000000797b00000,0x0000000798000000)
 ParOldGen       total 87552K, used 16K [0x0000000740000000, 0x0000000745580000, 0x0000000795580000)
  object space 87552K, 0% used [0x0000000740000000,0x0000000740004000,0x0000000745580000)
 Metaspace       used 15984K, capacity 16155K, committed 16384K, reserved 1064960K
  class space    used 1620K, capacity 1692K, committed 1792K, reserved 1048576K
}
Event: 4.144 GC heap before
{Heap before GC invocations=2 (full 0):
 PSYoungGen      total 38400K, used 29700K [0x0000000795580000, 0x0000000798000000, 0x00000007c0000000)
  eden space 33280K, 73% used [0x0000000795580000,0x0000000796d82858,0x0000000797600000)
  from space 5120K, 99% used [0x0000000797600000,0x0000000797afe7d8,0x0000000797b00000)
  to   space 5120K, 0% used [0x0000000797b00000,0x0000000797b00000,0x0000000798000000)
 ParOldGen       total 87552K, used 16K [0x0000000740000000, 0x0000000745580000, 0x0000000795580000)
  object space 87552K, 0% used [0x0000000740000000,0x0000000740004000,0x0000000745580000)
 Metaspace       used 20808K, capacity 21073K, committed 21248K, reserved 1069056K
  class space    used 2136K, capacity 2255K, committed 2304K, reserved 1048576K
Event: 4.155 GC heap after
Heap after GC invocations=2 (full 0):
 PSYoungGen      total 38400K, used 5106K [0x0000000795580000, 0x0000000798000000, 0x00000007c0000000)
  eden space 33280K, 0% used [0x0000000795580000,0x0000000795580000,0x0000000797600000)
  from space 5120K, 99% used [0x0000000797b00000,0x0000000797ffc950,0x0000000798000000)
  to   space 5120K, 0% used [0x0000000797600000,0x0000000797600000,0x0000000797b00000)
 ParOldGen       total 87552K, used 3844K [0x0000000740000000, 0x0000000745580000, 0x0000000795580000)
  object space 87552K, 4% used [0x0000000740000000,0x00000007403c1068,0x0000000745580000)
 Metaspace       used 20808K, capacity 21073K, committed 21248K, reserved 1069056K
  class space    used 2136K, capacity 2255K, committed 2304K, reserved 1048576K
}
Event: 4.155 GC heap before
{Heap before GC invocations=3 (full 1):
 PSYoungGen      total 38400K, used 5106K [0x0000000795580000, 0x0000000798000000, 0x00000007c0000000)
  eden space 33280K, 0% used [0x0000000795580000,0x0000000795580000,0x0000000797600000)
  from space 5120K, 99% used [0x0000000797b00000,0x0000000797ffc950,0x0000000798000000)
  to   space 5120K, 0% used [0x0000000797600000,0x0000000797600000,0x0000000797b00000)
 ParOldGen       total 87552K, used 3844K [0x0000000740000000, 0x0000000745580000, 0x0000000795580000)
  object space 87552K, 4% used [0x0000000740000000,0x00000007403c1068,0x0000000745580000)
 Metaspace       used 20808K, capacity 21073K, committed 21248K, reserved 1069056K
  class space    used 2136K, capacity 2255K, committed 2304K, reserved 1048576K
Event: 4.196 GC heap after
Heap after GC invocations=3 (full 1):
 PSYoungGen      total 38400K, used 0K [0x0000000795580000, 0x0000000798000000, 0x00000007c0000000)
  eden space 33280K, 0% used [0x0000000795580000,0x0000000795580000,0x0000000797600000)
  from space 5120K, 0% used [0x0000000797b00000,0x0000000797b00000,0x0000000798000000)
  to   space 5120K, 0% used [0x0000000797600000,0x0000000797600000,0x0000000797b00000)
 ParOldGen       total 68096K, used 8775K [0x0000000740000000, 0x0000000744280000, 0x0000000795580000)
  object space 68096K, 12% used [0x0000000740000000,0x0000000740891e10,0x0000000744280000)
 Metaspace       used 20808K, capacity 21073K, committed 21248K, reserved 1069056K
  class space    used 2136K, capacity 2255K, committed 2304K, reserved 1048576K
}
Event: 4.952 GC heap before
{Heap before GC invocations=4 (full 1):
 PSYoungGen      total 38400K, used 33222K [0x0000000795580000, 0x0000000798000000, 0x00000007c0000000)
  eden space 33280K, 99% used [0x0000000795580000,0x00000007975f1b70,0x0000000797600000)
  from space 5120K, 0% used [0x0000000797b00000,0x0000000797b00000,0x0000000798000000)
  to   space 5120K, 0% used [0x0000000797600000,0x0000000797600000,0x0000000797b00000)
 ParOldGen       total 68096K, used 8775K [0x0000000740000000, 0x0000000744280000, 0x0000000795580000)
  object space 68096K, 12% used [0x0000000740000000,0x0000000740891e10,0x0000000744280000)
 Metaspace       used 23059K, capacity 23317K, committed 23552K, reserved 1071104K
  class space    used 2330K, capacity 2447K, committed 2560K, reserved 1048576K
Event: 4.964 GC heap after
Heap after GC invocations=4 (full 1):
 PSYoungGen      total 38400K, used 5106K [0x0000000795580000, 0x0000000798f80000, 0x00000007c0000000)
  eden space 33280K, 0% used [0x0000000795580000,0x0000000795580000,0x0000000797600000)
  from space 5120K, 99% used [0x0000000797600000,0x0000000797afcb30,0x0000000797b00000)
  to   space 5120K, 0% used [0x0000000798a80000,0x0000000798a80000,0x0000000798f80000)
 ParOldGen       total 68096K, used 16900K [0x0000000740000000, 0x0000000744280000, 0x0000000795580000)
  object space 68096K, 24% used [0x0000000740000000,0x0000000741081238,0x0000000744280000)
 Metaspace       used 23059K, capacity 23317K, committed 23552K, reserved 1071104K
  class space    used 2330K, capacity 2447K, committed 2560K, reserved 1048576K
}
Event: 11.337 GC heap before
{Heap before GC invocations=5 (full 1):
 PSYoungGen      total 38400K, used 38386K [0x0000000795580000, 0x0000000798f80000, 0x00000007c0000000)
  eden space 33280K, 100% used [0x0000000795580000,0x0000000797600000,0x0000000797600000)
  from space 5120K, 99% used [0x0000000797600000,0x0000000797afcb30,0x0000000797b00000)
  to   space 5120K, 0% used [0x0000000798a80000,0x0000000798a80000,0x0000000798f80000)
 ParOldGen       total 68096K, used 16900K [0x0000000740000000, 0x0000000744280000, 0x0000000795580000)
  object space 68096K, 24% used [0x0000000740000000,0x0000000741081238,0x0000000744280000)
 Metaspace       used 23666K, capacity 23905K, committed 24320K, reserved 1071104K
  class space    used 2331K, capacity 2449K, committed 2560K, reserved 1048576K
Event: 11.342 GC heap after
Heap after GC invocations=5 (full 1):
 PSYoungGen      total 52224K, used 5074K [0x0000000795580000, 0x0000000798f80000, 0x00000007c0000000)
  eden space 47104K, 0% used [0x0000000795580000,0x0000000795580000,0x0000000798380000)
  from space 5120K, 99% used [0x0000000798a80000,0x0000000798f74b10,0x0000000798f80000)
  to   space 5120K, 0% used [0x0000000798580000,0x0000000798580000,0x0000000798a80000)
 ParOldGen       total 68096K, used 16908K [0x0000000740000000, 0x0000000744280000, 0x0000000795580000)
  object space 68096K, 24% used [0x0000000740000000,0x0000000741083238,0x0000000744280000)
 Metaspace       used 23666K, capacity 23905K, committed 24320K, reserved 1071104K
  class space    used 2331K, capacity 2449K, committed 2560K, reserved 1048576K
}

Deoptimization events (10 events):
Event: 4.785 Thread 0x00007f8016160800 Uncommon trap: reason=unstable_if action=reinterpret pc=0x000000010a6d61f0 method=sun.awt.image.PNGImageDecoder.produceImage()V @ 867
Event: 8.837 Thread 0x00007f80114cd800 Uncommon trap: reason=predicate action=maybe_recompile pc=0x000000010a88ed14 method=processing.core.PGraphics.textSentence([CIIFF)Z @ 15
Event: 12.474 Thread 0x00007f80119eb800 Uncommon trap: reason=unstable_if action=reinterpret pc=0x000000010a7c7e3c method=java.awt.font.FontRenderContext.equals(Ljava/awt/font/FontRenderContext;)Z @ 2
Event: 12.502 Thread 0x00007f8010123800 Uncommon trap: reason=class_check action=maybe_recompile pc=0x000000010a4ba020 method=java.util.HashMap.putVal(ILjava/lang/Object;Ljava/lang/Object;ZZ)Ljava/lang/Object; @ 91
Event: 12.502 Thread 0x00007f8010123800 Uncommon trap: reason=class_check action=maybe_recompile pc=0x000000010a4ba020 method=java.util.HashMap.putVal(ILjava/lang/Object;Ljava/lang/Object;ZZ)Ljava/lang/Object; @ 91
Event: 12.502 Thread 0x00007f8010123800 Uncommon trap: reason=class_check action=maybe_recompile pc=0x000000010a4ba020 method=java.util.HashMap.putVal(ILjava/lang/Object;Ljava/lang/Object;ZZ)Ljava/lang/Object; @ 91
Event: 12.502 Thread 0x00007f8010123800 Uncommon trap: reason=class_check action=maybe_recompile pc=0x000000010a4ba020 method=java.util.HashMap.putVal(ILjava/lang/Object;Ljava/lang/Object;ZZ)Ljava/lang/Object; @ 91
Event: 12.502 Thread 0x00007f8010123800 Uncommon trap: reason=class_check action=maybe_recompile pc=0x000000010a420f2c method=java.util.HashMap.putVal(ILjava/lang/Object;Ljava/lang/Object;ZZ)Ljava/lang/Object; @ 91
Event: 12.503 Thread 0x00007f80119eb800 Uncommon trap: reason=unstable_if action=reinterpret pc=0x000000010a7be578 method=java.awt.font.FontRenderContext.equals(Ljava/awt/font/FontRenderContext;)Z @ 2
Event: 12.516 Thread 0x00007f80114cd800 Uncommon trap: reason=unstable_if action=reinterpret pc=0x000000010a8b41d4 method=java.security.AccessControlContext.optimize()Ljava/security/AccessControlContext; @ 233

Internal exceptions (10 events):
Event: 0.194 Thread 0x00007f8010009800 Exception <a 'java/lang/NoSuchFieldError': method resolution failed> (0x0000000795832e50) thrown at [/HUDSON3/workspace/8-2-build-macosx-x86_64/jdk8u73/6086/hotspot/src/share/vm/prims/methodHandles.cpp, line 1146]
Event: 0.196 Thread 0x00007f8010009800 Exception <a 'java/lang/NoSuchFieldError': method resolution failed> (0x0000000795840620) thrown at [/HUDSON3/workspace/8-2-build-macosx-x86_64/jdk8u73/6086/hotspot/src/share/vm/prims/methodHandles.cpp, line 1146]
Event: 0.390 Thread 0x00007f8010009800 Exception <a 'java/io/FileNotFoundException'> (0x00000007958bc4b0) thrown at [/HUDSON3/workspace/8-2-build-macosx-x86_64/jdk8u73/6086/hotspot/src/share/vm/prims/jni.cpp, line 709]
Event: 0.390 Thread 0x00007f8010009800 Exception <a 'java/io/FileNotFoundException'> (0x00000007958bcfe0) thrown at [/HUDSON3/workspace/8-2-build-macosx-x86_64/jdk8u73/6086/hotspot/src/share/vm/prims/jni.cpp, line 709]
Event: 0.497 Thread 0x00007f8010009800 Exception <a 'java/io/FileNotFoundException'> (0x0000000795a0a920) thrown at [/HUDSON3/workspace/8-2-build-macosx-x86_64/jdk8u73/6086/hotspot/src/share/vm/prims/jni.cpp, line 709]
Event: 2.769 Thread 0x00007f8011cc3800 Exception <a 'java/lang/UnsatisfiedLinkError': com.jogamp.common.util.JarUtil.fixNativeLibAttribs(Ljava/lang/String;)Z> (0x0000000796c91af0) thrown at [/HUDSON3/workspace/8-2-build-macosx-x86_64/jdk8u73/6086/hotspot/src/share/vm/prims/nativeLookup.cpp, li
Event: 3.077 Thread 0x00007f8011041000 Exception <a 'java/lang/NullPointerException'> (0x00000007956a3070) thrown at [/HUDSON3/workspace/8-2-build-macosx-x86_64/jdk8u73/6086/hotspot/src/share/vm/interpreter/linkResolver.cpp, line 1178]
Event: 3.779 Thread 0x00007f80114cd800 Exception <a 'java/io/FileNotFoundException'> (0x0000000795f47ad0) thrown at [/HUDSON3/workspace/8-2-build-macosx-x86_64/jdk8u73/6086/hotspot/src/share/vm/prims/jni.cpp, line 709]
Event: 3.779 Thread 0x00007f80114cd800 Exception <a 'java/io/FileNotFoundException'> (0x0000000795f4dce0) thrown at [/HUDSON3/workspace/8-2-build-macosx-x86_64/jdk8u73/6086/hotspot/src/share/vm/prims/jni.cpp, line 709]
Event: 3.779 Thread 0x00007f80114cd800 Implicit null exception at 0x000000010a203835 to 0x000000010a203b99

Events (10 events):
Event: 12.516 Thread 0x00007f80114cd800 Uncommon trap: trap_request=0xffffff65 fr.pc=0x000000010a8b41d4
Event: 12.516 Thread 0x00007f80114cd800 DEOPT PACKING pc=0x000000010a8b41d4 sp=0x0000700006b2e8b0
Event: 12.516 Thread 0x00007f80114cd800 DEOPT UNPACKING pc=0x000000010a052229 sp=0x0000700006b2e880 mode 2
Event: 12.516 loading class java/awt/LightweightDispatcher$2
Event: 12.516 loading class java/awt/LightweightDispatcher$2 done
Event: 12.516 loading class java/awt/event/AWTEventListenerProxy
Event: 12.516 loading class java/awt/event/AWTEventListenerProxy done
Event: 12.516 loading class java/awt/Toolkit$ToolkitEventMulticaster
Event: 12.516 loading class java/awt/Toolkit$ToolkitEventMulticaster done
Event: 12.517 Thread 0x00007f8010123800 Thread exited: 0x00007f8010123800


Dynamic libraries:
0x0000000020353000 	/System/Library/Frameworks/Cocoa.framework/Versions/A/Cocoa
0x0000000020353000 	/System/Library/Frameworks/Security.framework/Versions/A/Security
0x0000000020353000 	/System/Library/Frameworks/ApplicationServices.framework/Versions/A/ApplicationServices
0x0000000020353000 	/usr/lib/libz.1.dylib
0x0000000020353000 	/usr/lib/libSystem.B.dylib
0x0000000020353000 	/usr/lib/libobjc.A.dylib
0x0000000020353000 	/System/Library/Frameworks/CoreFoundation.framework/Versions/A/CoreFoundation
0x0000000020353000 	/System/Library/Frameworks/Foundation.framework/Versions/C/Foundation
0x0000000020353000 	/System/Library/Frameworks/AppKit.framework/Versions/C/AppKit
0x0000000020353000 	/System/Library/Frameworks/CoreData.framework/Versions/A/CoreData
0x0000000020353000 	/System/Library/PrivateFrameworks/RemoteViewServices.framework/Versions/A/RemoteViewServices
0x0000000020353000 	/System/Library/PrivateFrameworks/UIFoundation.framework/Versions/A/UIFoundation
0x0000000020353000 	/System/Library/PrivateFrameworks/DFRFoundation.framework/Versions/A/DFRFoundation
0x0000000020353000 	/System/Library/Frameworks/Metal.framework/Versions/A/Metal
0x0000000020353000 	/System/Library/PrivateFrameworks/DesktopServicesPriv.framework/Versions/A/DesktopServicesPriv
0x0000000020353000 	/usr/lib/libenergytrace.dylib
0x0000000020353000 	/System/Library/PrivateFrameworks/SkyLight.framework/Versions/A/SkyLight
0x0000000020353000 	/System/Library/Frameworks/CoreGraphics.framework/Versions/A/CoreGraphics
0x0000000020353000 	/usr/lib/libScreenReader.dylib
0x0000000020353000 	/System/Library/Frameworks/Accelerate.framework/Versions/A/Accelerate
0x0000000020353000 	/System/Library/Frameworks/IOSurface.framework/Versions/A/IOSurface
0x0000000020353000 	/System/Library/Frameworks/AudioToolbox.framework/Versions/A/AudioToolbox
0x0000000020353000 	/System/Library/Frameworks/AudioUnit.framework/Versions/A/AudioUnit
0x0000000020353000 	/System/Library/PrivateFrameworks/DataDetectorsCore.framework/Versions/A/DataDetectorsCore
0x0000000020353000 	/System/Library/Frameworks/Carbon.framework/Versions/A/Frameworks/HIToolbox.framework/Versions/A/HIToolbox
0x0000000020353000 	/usr/lib/libicucore.A.dylib
0x0000000020353000 	/System/Library/Frameworks/QuartzCore.framework/Versions/A/QuartzCore
0x0000000020353000 	/System/Library/PrivateFrameworks/SignpostNotification.framework/Versions/A/SignpostNotification
0x0000000020353000 	/System/Library/Frameworks/Carbon.framework/Versions/A/Frameworks/SpeechRecognition.framework/Versions/A/SpeechRecognition
0x0000000020353000 	/usr/lib/libauto.dylib
0x0000000020353000 	/usr/lib/libxml2.2.dylib
0x0000000020353000 	/System/Library/PrivateFrameworks/CoreUI.framework/Versions/A/CoreUI
0x0000000020353000 	/System/Library/Frameworks/CoreAudio.framework/Versions/A/CoreAudio
0x0000000020353000 	/System/Library/Frameworks/DiskArbitration.framework/Versions/A/DiskArbitration
0x0000000020353000 	/usr/lib/liblangid.dylib
0x0000000020353000 	/System/Library/PrivateFrameworks/MultitouchSupport.framework/Versions/A/MultitouchSupport
0x0000000020353000 	/System/Library/Frameworks/IOKit.framework/Versions/A/IOKit
0x0000000020353000 	/usr/lib/libDiagnosticMessagesClient.dylib
0x0000000020353000 	/System/Library/Frameworks/CoreServices.framework/Versions/A/CoreServices
0x0000000020353000 	/System/Library/PrivateFrameworks/PerformanceAnalysis.framework/Versions/A/PerformanceAnalysis
0x0000000020353000 	/System/Library/Frameworks/OpenGL.framework/Versions/A/OpenGL
0x0000000020353000 	/System/Library/Frameworks/ColorSync.framework/Versions/A/ColorSync
0x0000000020353000 	/System/Library/Frameworks/CoreImage.framework/Versions/A/CoreImage
0x0000000020353000 	/System/Library/Frameworks/CoreText.framework/Versions/A/CoreText
0x0000000020353000 	/System/Library/Frameworks/ImageIO.framework/Versions/A/ImageIO
0x0000000020353000 	/System/Library/PrivateFrameworks/Backup.framework/Versions/A/Backup
0x0000000020353000 	/usr/lib/libarchive.2.dylib
0x0000000020353000 	/System/Library/Frameworks/CFNetwork.framework/Versions/A/CFNetwork
0x0000000020353000 	/System/Library/Frameworks/SystemConfiguration.framework/Versions/A/SystemConfiguration
0x0000000020353000 	/usr/lib/libCRFSuite.dylib
0x0000000020353000 	/usr/lib/libc++.1.dylib
0x0000000020353000 	/usr/lib/libc++abi.dylib
0x0000000020353000 	/usr/lib/system/libcache.dylib
0x0000000020353000 	/usr/lib/system/libcommonCrypto.dylib
0x0000000020353000 	/usr/lib/system/libcompiler_rt.dylib
0x0000000020353000 	/usr/lib/system/libcopyfile.dylib
0x0000000020353000 	/usr/lib/system/libcorecrypto.dylib
0x0000000020353000 	/usr/lib/system/libdispatch.dylib
0x0000000020353000 	/usr/lib/system/libdyld.dylib
0x0000000020353000 	/usr/lib/system/libkeymgr.dylib
0x0000000020353000 	/usr/lib/system/liblaunch.dylib
0x0000000020353000 	/usr/lib/system/libmacho.dylib
0x0000000020353000 	/usr/lib/system/libquarantine.dylib
0x0000000020353000 	/usr/lib/system/libremovefile.dylib
0x0000000020353000 	/usr/lib/system/libsystem_asl.dylib
0x0000000020353000 	/usr/lib/system/libsystem_blocks.dylib
0x0000000020353000 	/usr/lib/system/libsystem_c.dylib
0x0000000020353000 	/usr/lib/system/libsystem_configuration.dylib
0x0000000020353000 	/usr/lib/system/libsystem_coreservices.dylib
0x0000000020353000 	/usr/lib/system/libsystem_darwin.dylib
0x0000000020353000 	/usr/lib/system/libsystem_dnssd.dylib
0x0000000020353000 	/usr/lib/system/libsystem_info.dylib
0x0000000020353000 	/usr/lib/system/libsystem_m.dylib
0x0000000020353000 	/usr/lib/system/libsystem_malloc.dylib
0x0000000020353000 	/usr/lib/system/libsystem_network.dylib
0x0000000020353000 	/usr/lib/system/libsystem_networkextension.dylib
0x0000000020353000 	/usr/lib/system/libsystem_notify.dylib
0x0000000020353000 	/usr/lib/system/libsystem_sandbox.dylib
0x0000000020353000 	/usr/lib/system/libsystem_secinit.dylib
0x0000000020353000 	/usr/lib/system/libsystem_kernel.dylib
0x0000000020353000 	/usr/lib/system/libsystem_platform.dylib
0x0000000020353000 	/usr/lib/system/libsystem_pthread.dylib
0x0000000020353000 	/usr/lib/system/libsystem_symptoms.dylib
0x0000000020353000 	/usr/lib/system/libsystem_trace.dylib
0x0000000020353000 	/usr/lib/system/libunwind.dylib
0x0000000020353000 	/usr/lib/system/libxpc.dylib
0x0000000020353000 	/usr/lib/closure/libclosured.dylib
0x0000000020353000 	/usr/lib/libbsm.0.dylib
0x0000000020353000 	/usr/lib/system/libkxld.dylib
0x0000000020353000 	/usr/lib/libOpenScriptingUtil.dylib
0x0000000020353000 	/usr/lib/libcoretls.dylib
0x0000000020353000 	/usr/lib/libcoretls_cfhelpers.dylib
0x0000000020353000 	/usr/lib/libpam.2.dylib
0x0000000020353000 	/usr/lib/libsqlite3.dylib
0x0000000020353000 	/usr/lib/libxar.1.dylib
0x0000000020353000 	/usr/lib/libbz2.1.0.dylib
0x0000000020353000 	/usr/lib/liblzma.5.dylib
0x0000000020353000 	/usr/lib/libnetwork.dylib
0x0000000020353000 	/usr/lib/libapple_nghttp2.dylib
0x0000000020353000 	/usr/lib/libpcap.A.dylib
0x0000000020353000 	/usr/lib/libboringssl.dylib
0x0000000020353000 	/usr/lib/libusrtcp.dylib
0x0000000020353000 	/usr/lib/libapple_crypto.dylib
0x0000000020353000 	/System/Library/Frameworks/CoreServices.framework/Versions/A/Frameworks/FSEvents.framework/Versions/A/FSEvents
0x0000000020353000 	/System/Library/Frameworks/CoreServices.framework/Versions/A/Frameworks/CarbonCore.framework/Versions/A/CarbonCore
0x0000000020353000 	/System/Library/Frameworks/CoreServices.framework/Versions/A/Frameworks/Metadata.framework/Versions/A/Metadata
0x0000000020353000 	/System/Library/Frameworks/CoreServices.framework/Versions/A/Frameworks/OSServices.framework/Versions/A/OSServices
0x0000000020353000 	/System/Library/Frameworks/CoreServices.framework/Versions/A/Frameworks/SearchKit.framework/Versions/A/SearchKit
0x0000000020353000 	/System/Library/Frameworks/CoreServices.framework/Versions/A/Frameworks/AE.framework/Versions/A/AE
0x0000000020353000 	/System/Library/Frameworks/CoreServices.framework/Versions/A/Frameworks/LaunchServices.framework/Versions/A/LaunchServices
0x0000000020353000 	/System/Library/Frameworks/CoreServices.framework/Versions/A/Frameworks/DictionaryServices.framework/Versions/A/DictionaryServices
0x0000000020353000 	/System/Library/Frameworks/CoreServices.framework/Versions/A/Frameworks/SharedFileList.framework/Versions/A/SharedFileList
0x0000000020353000 	/System/Library/Frameworks/NetFS.framework/Versions/A/NetFS
0x0000000020353000 	/System/Library/PrivateFrameworks/NetAuth.framework/Versions/A/NetAuth
0x0000000020353000 	/System/Library/PrivateFrameworks/login.framework/Versions/A/Frameworks/loginsupport.framework/Versions/A/loginsupport
0x0000000020353000 	/System/Library/PrivateFrameworks/TCC.framework/Versions/A/TCC
0x0000000020353000 	/usr/lib/libmecabra.dylib
0x0000000020353000 	/System/Library/Frameworks/ApplicationServices.framework/Versions/A/Frameworks/ATS.framework/Versions/A/ATS
0x0000000020353000 	/System/Library/Frameworks/ApplicationServices.framework/Versions/A/Frameworks/ColorSyncLegacy.framework/Versions/A/ColorSyncLegacy
0x0000000020353000 	/System/Library/Frameworks/ApplicationServices.framework/Versions/A/Frameworks/HIServices.framework/Versions/A/HIServices
0x0000000020353000 	/System/Library/Frameworks/ApplicationServices.framework/Versions/A/Frameworks/LangAnalysis.framework/Versions/A/LangAnalysis
0x0000000020353000 	/System/Library/Frameworks/ApplicationServices.framework/Versions/A/Frameworks/PrintCore.framework/Versions/A/PrintCore
0x0000000020353000 	/System/Library/Frameworks/ApplicationServices.framework/Versions/A/Frameworks/QD.framework/Versions/A/QD
0x0000000020353000 	/System/Library/Frameworks/ApplicationServices.framework/Versions/A/Frameworks/SpeechSynthesis.framework/Versions/A/SpeechSynthesis
0x0000000020353000 	/System/Library/Frameworks/CoreDisplay.framework/Versions/A/CoreDisplay
0x0000000020353000 	/System/Library/Frameworks/Accelerate.framework/Versions/A/Frameworks/vImage.framework/Versions/A/vImage
0x0000000020353000 	/System/Library/Frameworks/Accelerate.framework/Versions/A/Frameworks/vecLib.framework/Versions/A/vecLib
0x0000000020353000 	/System/Library/Frameworks/Accelerate.framework/Versions/A/Frameworks/vecLib.framework/Versions/A/libvDSP.dylib
0x0000000020353000 	/System/Library/Frameworks/Accelerate.framework/Versions/A/Frameworks/vecLib.framework/Versions/A/libBNNS.dylib
0x0000000020353000 	/System/Library/Frameworks/Accelerate.framework/Versions/A/Frameworks/vecLib.framework/Versions/A/libQuadrature.dylib
0x0000000020353000 	/System/Library/Frameworks/Accelerate.framework/Versions/A/Frameworks/vecLib.framework/Versions/A/libvMisc.dylib
0x0000000020353000 	/System/Library/Frameworks/Accelerate.framework/Versions/A/Frameworks/vecLib.framework/Versions/A/libLAPACK.dylib
0x0000000020353000 	/System/Library/Frameworks/Accelerate.framework/Versions/A/Frameworks/vecLib.framework/Versions/A/libBLAS.dylib
0x0000000020353000 	/System/Library/Frameworks/Accelerate.framework/Versions/A/Frameworks/vecLib.framework/Versions/A/libLinearAlgebra.dylib
0x0000000020353000 	/System/Library/Frameworks/Accelerate.framework/Versions/A/Frameworks/vecLib.framework/Versions/A/libSparse.dylib
0x0000000020353000 	/System/Library/Frameworks/Accelerate.framework/Versions/A/Frameworks/vecLib.framework/Versions/A/libSparseBLAS.dylib
0x0000000020353000 	/System/Library/PrivateFrameworks/GPUWrangler.framework/Versions/A/GPUWrangler
0x0000000020353000 	/System/Library/PrivateFrameworks/IOAccelerator.framework/Versions/A/IOAccelerator
0x0000000020353000 	/System/Library/PrivateFrameworks/IOPresentment.framework/Versions/A/IOPresentment
0x0000000020353000 	/System/Library/PrivateFrameworks/DSExternalDisplay.framework/Versions/A/DSExternalDisplay
0x0000000020353000 	/System/Library/Frameworks/OpenGL.framework/Versions/A/Libraries/libCoreFSCache.dylib
0x0000000020353000 	/System/Library/Frameworks/CoreVideo.framework/Versions/A/CoreVideo
0x0000000020353000 	/System/Library/PrivateFrameworks/GraphVisualizer.framework/Versions/A/GraphVisualizer
0x0000000020353000 	/System/Library/Frameworks/MetalPerformanceShaders.framework/Versions/A/MetalPerformanceShaders
0x0000000020353000 	/usr/lib/libFosl_dynamic.dylib
0x0000000020353000 	/System/Library/PrivateFrameworks/FaceCore.framework/Versions/A/FaceCore
0x0000000020353000 	/System/Library/Frameworks/OpenCL.framework/Versions/A/OpenCL
0x0000000020353000 	/usr/lib/libcompression.dylib
0x0000000020353000 	/System/Library/Frameworks/ApplicationServices.framework/Versions/A/Frameworks/ATS.framework/Versions/A/Resources/libFontParser.dylib
0x0000000020353000 	/System/Library/Frameworks/ApplicationServices.framework/Versions/A/Frameworks/ATS.framework/Versions/A/Resources/libFontRegistry.dylib
0x0000000020353000 	/System/Library/Frameworks/ImageIO.framework/Versions/A/Resources/libJPEG.dylib
0x0000000020353000 	/System/Library/Frameworks/ImageIO.framework/Versions/A/Resources/libTIFF.dylib
0x0000000020353000 	/System/Library/Frameworks/ImageIO.framework/Versions/A/Resources/libPng.dylib
0x0000000020353000 	/System/Library/Frameworks/ImageIO.framework/Versions/A/Resources/libGIF.dylib
0x0000000020353000 	/System/Library/Frameworks/ImageIO.framework/Versions/A/Resources/libJP2.dylib
0x0000000020353000 	/System/Library/Frameworks/ImageIO.framework/Versions/A/Resources/libRadiance.dylib
0x0000000020353000 	/System/Library/PrivateFrameworks/AppleJPEG.framework/Versions/A/AppleJPEG
0x0000000020353000 	/System/Library/Frameworks/MetalPerformanceShaders.framework/Frameworks/MPSCore.framework/Versions/A/MPSCore
0x0000000020353000 	/System/Library/Frameworks/MetalPerformanceShaders.framework/Frameworks/MPSImage.framework/Versions/A/MPSImage
0x0000000020353000 	/System/Library/Frameworks/MetalPerformanceShaders.framework/Frameworks/MPSNeuralNetwork.framework/Versions/A/MPSNeuralNetwork
0x0000000020353000 	/System/Library/Frameworks/MetalPerformanceShaders.framework/Frameworks/MPSMatrix.framework/Versions/A/MPSMatrix
0x0000000020353000 	/System/Library/PrivateFrameworks/MetalTools.framework/Versions/A/MetalTools
0x0000000020353000 	/System/Library/Frameworks/OpenGL.framework/Versions/A/Libraries/libGLU.dylib
0x0000000020353000 	/System/Library/Frameworks/OpenGL.framework/Versions/A/Libraries/libGFXShared.dylib
0x0000000020353000 	/System/Library/Frameworks/OpenGL.framework/Versions/A/Libraries/libGL.dylib
0x0000000020353000 	/System/Library/Frameworks/OpenGL.framework/Versions/A/Libraries/libGLImage.dylib
0x0000000020353000 	/System/Library/Frameworks/OpenGL.framework/Versions/A/Libraries/libCVMSPluginSupport.dylib
0x0000000020353000 	/System/Library/Frameworks/OpenGL.framework/Versions/A/Libraries/libCoreVMClient.dylib
0x0000000020353000 	/usr/lib/libcups.2.dylib
0x0000000020353000 	/System/Library/Frameworks/Kerberos.framework/Versions/A/Kerberos
0x0000000020353000 	/System/Library/Frameworks/GSS.framework/Versions/A/GSS
0x0000000020353000 	/usr/lib/libresolv.9.dylib
0x0000000020353000 	/usr/lib/libiconv.2.dylib
0x0000000020353000 	/System/Library/PrivateFrameworks/Heimdal.framework/Versions/A/Heimdal
0x0000000020353000 	/usr/lib/libheimdal-asn1.dylib
0x0000000020353000 	/System/Library/Frameworks/OpenDirectory.framework/Versions/A/OpenDirectory
0x0000000020353000 	/System/Library/PrivateFrameworks/CommonAuth.framework/Versions/A/CommonAuth
0x0000000020353000 	/System/Library/Frameworks/OpenDirectory.framework/Versions/A/Frameworks/CFOpenDirectory.framework/Versions/A/CFOpenDirectory
0x0000000020353000 	/System/Library/Frameworks/SecurityFoundation.framework/Versions/A/SecurityFoundation
0x0000000020353000 	/System/Library/PrivateFrameworks/APFS.framework/Versions/A/APFS
0x0000000020353000 	/usr/lib/libutil.dylib
0x0000000020353000 	/System/Library/PrivateFrameworks/AppleSauce.framework/Versions/A/AppleSauce
0x0000000020353000 	/System/Library/PrivateFrameworks/LinguisticData.framework/Versions/A/LinguisticData
0x0000000020353000 	/usr/lib/libmarisa.dylib
0x0000000020353000 	/System/Library/PrivateFrameworks/Lexicon.framework/Versions/A/Lexicon
0x0000000020353000 	/usr/lib/libChineseTokenizer.dylib
0x0000000020353000 	/usr/lib/libcmph.dylib
0x0000000020353000 	/System/Library/PrivateFrameworks/LanguageModeling.framework/Versions/A/LanguageModeling
0x0000000020353000 	/System/Library/PrivateFrameworks/CoreEmoji.framework/Versions/A/CoreEmoji
0x0000000020353000 	/System/Library/Frameworks/ServiceManagement.framework/Versions/A/ServiceManagement
0x0000000020353000 	/System/Library/PrivateFrameworks/BackgroundTaskManagement.framework/Versions/A/BackgroundTaskManagement
0x0000000020353000 	/usr/lib/libxslt.1.dylib
0x0000000020353000 	/System/Library/Frameworks/Carbon.framework/Versions/A/Frameworks/Ink.framework/Versions/A/Ink
0x0000000020353000 	/System/Library/PrivateFrameworks/TextureIO.framework/Versions/A/TextureIO
0x0000000020353000 	/usr/lib/libate.dylib
0x0000000020353000 	/System/Library/PrivateFrameworks/CrashReporterSupport.framework/Versions/A/CrashReporterSupport
0x0000000020353000 	/System/Library/PrivateFrameworks/Sharing.framework/Versions/A/Sharing
0x0000000020353000 	/System/Library/PrivateFrameworks/IconServices.framework/Versions/A/IconServices
0x0000000020353000 	/System/Library/PrivateFrameworks/AuthKit.framework/Versions/A/AuthKit
0x0000000020353000 	/System/Library/PrivateFrameworks/Apple80211.framework/Versions/A/Apple80211
0x0000000020353000 	/System/Library/PrivateFrameworks/CoreUtils.framework/Versions/A/CoreUtils
0x0000000020353000 	/System/Library/Frameworks/CoreWLAN.framework/Versions/A/CoreWLAN
0x0000000020353000 	/System/Library/Frameworks/IOBluetooth.framework/Versions/A/IOBluetooth
0x0000000020353000 	/System/Library/PrivateFrameworks/ProtocolBuffer.framework/Versions/A/ProtocolBuffer
0x0000000020353000 	/System/Library/PrivateFrameworks/MobileKeyBag.framework/Versions/A/MobileKeyBag
0x0000000020353000 	/System/Library/PrivateFrameworks/CorePhoneNumbers.framework/Versions/A/CorePhoneNumbers
0x0000000020353000 	/System/Library/PrivateFrameworks/AppleIDAuthSupport.framework/Versions/A/AppleIDAuthSupport
0x0000000020353000 	/System/Library/PrivateFrameworks/KeychainCircle.framework/Versions/A/KeychainCircle
0x0000000020353000 	/System/Library/PrivateFrameworks/CoreWiFi.framework/Versions/A/CoreWiFi
0x0000000020353000 	/System/Library/Frameworks/CoreBluetooth.framework/Versions/A/CoreBluetooth
0x0000000020353000 	/System/Library/PrivateFrameworks/DebugSymbols.framework/Versions/A/DebugSymbols
0x0000000020353000 	/System/Library/PrivateFrameworks/CoreSymbolication.framework/Versions/A/CoreSymbolication
0x0000000020353000 	/System/Library/PrivateFrameworks/Symbolication.framework/Versions/A/Symbolication
0x0000000020353000 	/System/Library/PrivateFrameworks/AppleFSCompression.framework/Versions/A/AppleFSCompression
0x0000000020353000 	/System/Library/PrivateFrameworks/SpeechRecognitionCore.framework/Versions/A/SpeechRecognitionCore
0x00000001025e5000 	/Library/Java/JavaVirtualMachines/jdk1.8.0_73.jdk/Contents/Home/jre/lib/server/libjvm.dylib
0x0000000020353000 	/usr/lib/libstdc++.6.0.9.dylib
0x0000000103572000 	/Library/Java/JavaVirtualMachines/jdk1.8.0_73.jdk/Contents/Home/jre/lib/libverify.dylib
0x0000000103580000 	/Library/Java/JavaVirtualMachines/jdk1.8.0_73.jdk/Contents/Home/jre/lib/libjava.dylib
0x0000000103e00000 	/Library/Java/JavaVirtualMachines/jdk1.8.0_73.jdk/Contents/Home/jre/lib/libzip.dylib
0x0000000020353000 	/System/Library/Frameworks/JavaVM.framework/Versions/A/Frameworks/JavaRuntimeSupport.framework/Versions/A/JavaRuntimeSupport
0x0000000020353000 	/System/Library/Frameworks/JavaVM.framework/Versions/A/Frameworks/JavaNativeFoundation.framework/Versions/A/JavaNativeFoundation
0x0000000020353000 	/System/Library/Frameworks/JavaVM.framework/Versions/A/JavaVM
0x0000000020353000 	/System/Library/Frameworks/Carbon.framework/Versions/A/Carbon
0x0000000020353000 	/System/Library/PrivateFrameworks/JavaLaunching.framework/Versions/A/JavaLaunching
0x0000000020353000 	/System/Library/Frameworks/Carbon.framework/Versions/A/Frameworks/CommonPanels.framework/Versions/A/CommonPanels
0x0000000020353000 	/System/Library/Frameworks/Carbon.framework/Versions/A/Frameworks/Help.framework/Versions/A/Help
0x0000000020353000 	/System/Library/Frameworks/Carbon.framework/Versions/A/Frameworks/ImageCapture.framework/Versions/A/ImageCapture
0x0000000020353000 	/System/Library/Frameworks/Carbon.framework/Versions/A/Frameworks/OpenScripting.framework/Versions/A/OpenScripting
0x0000000020353000 	/System/Library/Frameworks/Carbon.framework/Versions/A/Frameworks/Print.framework/Versions/A/Print
0x0000000020353000 	/System/Library/Frameworks/Carbon.framework/Versions/A/Frameworks/SecurityHI.framework/Versions/A/SecurityHI
0x000000011b1d5000 	/Library/Java/JavaVirtualMachines/jdk1.8.0_73.jdk/Contents/Home/jre/lib/libawt.dylib
0x000000011b27d000 	/Library/Java/JavaVirtualMachines/jdk1.8.0_73.jdk/Contents/Home/jre/lib/./libmlib_image.dylib
0x000000011b349000 	/Library/Java/JavaVirtualMachines/jdk1.8.0_73.jdk/Contents/Home/jre/lib/libawt_lwawt.dylib
0x000000011b3fe000 	/Library/Java/JavaVirtualMachines/jdk1.8.0_73.jdk/Contents/Home/jre/lib/./libosxapp.dylib
0x0000000020353000 	/System/Library/Frameworks/ExceptionHandling.framework/Versions/A/ExceptionHandling
0x0000000020353000 	/System/Library/PrivateFrameworks/CoreServicesInternal.framework/Versions/A/CoreServicesInternal
0x0000000020353000 	/System/Library/CoreServices/RawCamera.bundle/Contents/MacOS/RawCamera
0x0000000020353000 	/System/Library/PrivateFrameworks/MobileAsset.framework/Versions/A/MobileAsset
0x0000000020353000 	/System/Library/PrivateFrameworks/StreamingZip.framework/Versions/A/StreamingZip
0x0000000020353000 	/System/Library/Frameworks/MediaToolbox.framework/Versions/A/MediaToolbox
0x0000000020353000 	/System/Library/PrivateFrameworks/CoreAVCHD.framework/Versions/A/CoreAVCHD
0x0000000020353000 	/System/Library/Frameworks/MediaAccessibility.framework/Versions/A/MediaAccessibility
0x0000000020353000 	/System/Library/PrivateFrameworks/Mangrove.framework/Versions/A/Mangrove
0x0000000020353000 	/System/Library/Frameworks/CoreMedia.framework/Versions/A/CoreMedia
0x0000000020353000 	/System/Library/Frameworks/VideoToolbox.framework/Versions/A/VideoToolbox
0x0000000020353000 	/System/Library/PrivateFrameworks/CoreAUC.framework/Versions/A/CoreAUC
0x0000000020353000 	/usr/lib/libspindump.dylib
0x0000000020353000 	/System/Library/PrivateFrameworks/AppleVA.framework/Versions/A/AppleVA
0x0000000020353000 	/System/Library/Frameworks/Accelerate.framework/Versions/A/Frameworks/vImage.framework/Versions/A/Libraries/libCGInterfaces.dylib
0x0000000020353000 	/System/Library/Frameworks/ApplicationServices.framework/Versions/A/Frameworks/ATS.framework/Versions/A/Resources/libTrueTypeScaler.dylib
0x0000000020353000 	/System/Library/Extensions/AppleIntelBDWGraphicsMTLDriver.bundle/Contents/MacOS/AppleIntelBDWGraphicsMTLDriver
0x0000000020353000 	/System/Library/PrivateFrameworks/GPUCompiler.framework/Versions/3802/Libraries/libmetal_timestamp.dylib
0x0000000020353000 	/System/Library/PrivateFrameworks/FamilyControls.framework/Versions/A/FamilyControls
0x0000000020353000 	/System/Library/PrivateFrameworks/CommerceKit.framework/Versions/A/Frameworks/CommerceCore.framework/Versions/A/CommerceCore
0x0000000020353000 	/System/Library/PrivateFrameworks/SystemAdministration.framework/Versions/A/SystemAdministration
0x0000000020353000 	/System/Library/PrivateFrameworks/AppContainer.framework/Versions/A/AppContainer
0x0000000020353000 	/System/Library/PrivateFrameworks/SecCodeWrapper.framework/Versions/A/SecCodeWrapper
0x0000000020353000 	/System/Library/PrivateFrameworks/DiskManagement.framework/Versions/A/DiskManagement
0x0000000020353000 	/System/Library/Frameworks/DirectoryService.framework/Versions/A/DirectoryService
0x0000000020353000 	/System/Library/PrivateFrameworks/DiskImages.framework/Versions/A/DiskImages
0x0000000020353000 	/System/Library/PrivateFrameworks/LoginUIKit.framework/Versions/A/Frameworks/LoginUICore.framework/Versions/A/LoginUICore
0x0000000020353000 	/usr/lib/libCoreStorage.dylib
0x0000000020353000 	/usr/lib/libcsfde.dylib
0x0000000020353000 	/usr/lib/libodfde.dylib
0x0000000020353000 	/System/Library/PrivateFrameworks/MediaKit.framework/Versions/A/MediaKit
0x0000000020353000 	/System/Library/Frameworks/DiscRecording.framework/Versions/A/DiscRecording
0x0000000020353000 	/System/Library/PrivateFrameworks/EFILogin.framework/Versions/A/EFILogin
0x0000000020353000 	/System/Library/PrivateFrameworks/ProtectedCloudStorage.framework/Versions/A/ProtectedCloudStorage
0x0000000020353000 	/usr/lib/libcurl.4.dylib
0x0000000020353000 	/usr/lib/libcrypto.35.dylib
0x0000000020353000 	/usr/lib/libssl.35.dylib
0x0000000020353000 	/System/Library/Frameworks/LDAP.framework/Versions/A/LDAP
0x0000000020353000 	/System/Library/PrivateFrameworks/TrustEvaluationAgent.framework/Versions/A/TrustEvaluationAgent
0x0000000020353000 	/usr/lib/libsasl2.2.dylib
0x0000000020353000 	/System/Library/PrivateFrameworks/CoreDaemon.framework/Versions/B/CoreDaemon
0x0000000020353000 	/System/Library/PrivateFrameworks/AppleSRP.framework/Versions/A/AppleSRP
0x0000000020353000 	/System/Library/Frameworks/OpenGL.framework/Versions/A/Resources/GLEngine.bundle/GLEngine
0x0000000020353000 	/System/Library/Frameworks/OpenGL.framework/Versions/A/Libraries/libGLProgrammability.dylib
0x000000011dd27000 	/System/Library/Extensions/AppleIntelBDWGraphicsGLDriver.bundle/Contents/MacOS/AppleIntelBDWGraphicsGLDriver
0x0000000020353000 	/System/Library/PrivateFrameworks/GPUSupport.framework/Versions/A/Libraries/libGPUSupportMercury.dylib
0x0000000020353000 	/System/Library/Frameworks/OpenGL.framework/Versions/A/Resources/GLRendererFloat.bundle/GLRendererFloat
0x0000000020353000 	/System/Library/Frameworks/OpenCL.framework/Versions/A/Libraries/libcldcpuengine.dylib
0x000000011ed1b000 	/Library/Java/JavaVirtualMachines/jdk1.8.0_73.jdk/Contents/Home/jre/lib/libfontmanager.dylib
0x0000000120013000 	/Library/Java/JavaVirtualMachines/jdk1.8.0_73.jdk/Contents/Home/jre/lib/libosxui.dylib
0x0000000020353000 	/System/Library/PrivateFrameworks/ViewBridge.framework/Versions/A/ViewBridge
0x0000000120fb1000 	/Library/Java/JavaVirtualMachines/jdk1.8.0_73.jdk/Contents/Home/jre/lib/libnet.dylib
0x0000000120fc8000 	/Library/Java/JavaVirtualMachines/jdk1.8.0_73.jdk/Contents/Home/jre/lib/libnio.dylib
0x000000011b851000 	/private/var/folders/qx/wrjdfy9d1sq4_104x_y4g7kr0000gn/T/jogamp_0000/file_cache/jln4576607930688085607/jln7724582282525566365/libgluegen-rt.jnilib
0x000000011b8a5000 	/private/var/folders/qx/wrjdfy9d1sq4_104x_y4g7kr0000gn/T/jogamp_0000/file_cache/jln4576607930688085607/jln7724582282525566365/libnativewindow_awt.jnilib
0x000000011b8a8000 	/Library/Java/JavaVirtualMachines/jdk1.8.0_73.jdk/Contents/Home/jre/lib/libjawt.dylib
0x000000011b8ab000 	/private/var/folders/qx/wrjdfy9d1sq4_104x_y4g7kr0000gn/T/jogamp_0000/file_cache/jln4576607930688085607/jln7724582282525566365/libnativewindow_macosx.jnilib
0x0000000194098000 	/private/var/folders/qx/wrjdfy9d1sq4_104x_y4g7kr0000gn/T/jogamp_0000/file_cache/jln4576607930688085607/jln7724582282525566365/libjogl_desktop.jnilib
0x000000018d735000 	/Library/Java/JavaVirtualMachines/jdk1.8.0_73.jdk/Contents/Home/jre/lib/libsunec.dylib
0x0000000197613000 	/Library/Java/JavaVirtualMachines/jdk1.8.0_73.jdk/Contents/Home/jre/lib/libt2k.dylib

VM Arguments:
jvm_args: -Djava.security.policy=java.policy.applet -Dfile.encoding=UTF-8 
java_command: sun.applet.AppletViewer module3.EarthquakeCityMap1536605454799.html
java_class_path (initial): /Library/Java/JavaVirtualMachines/jdk1.8.0_73.jdk/Contents/Home/jre/lib/resources.jar:/Library/Java/JavaVirtualMachines/jdk1.8.0_73.jdk/Contents/Home/jre/lib/rt.jar:/Library/Java/JavaVirtualMachines/jdk1.8.0_73.jdk/Contents/Home/jre/lib/jsse.jar:/Library/Java/JavaVirtualMachines/jdk1.8.0_73.jdk/Contents/Home/jre/lib/jce.jar:/Library/Java/JavaVirtualMachines/jdk1.8.0_73.jdk/Contents/Home/jre/lib/charsets.jar:/Library/Java/JavaVirtualMachines/jdk1.8.0_73.jdk/Contents/Home/jre/lib/jfr.jar:/Library/Java/JavaVirtualMachines/jdk1.8.0_73.jdk/Contents/Home/jre/lib/ext/sunec.jar:/Library/Java/JavaVirtualMachines/jdk1.8.0_73.jdk/Contents/Home/jre/lib/ext/nashorn.jar:/Library/Java/JavaVirtualMachines/jdk1.8.0_73.jdk/Contents/Home/jre/lib/ext/cldrdata.jar:/Library/Java/JavaVirtualMachines/jdk1.8.0_73.jdk/Contents/Home/jre/lib/ext/jfxrt.jar:/Library/Java/JavaVirtualMachines/jdk1.8.0_73.jdk/Contents/Home/jre/lib/ext/dnsns.jar:/Library/Java/JavaVirtualMachines/jdk1.8.0_73.jdk/Contents/Home/jre/lib/ext/localedata.jar:/Library/Java/JavaVirtualMachines/jdk1.8.0_73.jdk/Contents/Home/jre/lib/ext/sunjce_provider.jar:/Library/Java/JavaVirtualMachines/jdk1.8.0_73.jdk/Contents/Home/jre/lib/ext/sunpkcs11.jar:/Library/Java/JavaVirtualMachines/jdk1.8.0_73.jdk/Contents/Home/jre/lib/ext/jaccess.jar:/Library/Java/JavaVirtualMachines/jdk1.8.0_73.jdk/Contents/Home/jre/lib/ext/zipfs.jar:/System/Library/Java/Extensions/MRJToolkit.jar:/Users/ZRC/eclipse-workspace/UCSDUnfoldingMaps/build:/Users/ZRC/eclipse-workspace/UCSDUnfoldingMaps/lib/core.jar:/Users/ZRC/eclipse-workspace/UCSDUnfoldingMaps/lib/gluegen-rt.jar:/Users/ZRC/eclipse-workspace/UCSDUnfoldingMaps/lib/jogl-all.jar:/Users/ZRC/eclipse-workspace/UCSDUnfoldingMaps/lib/log4j-1.2.15.jar:/Users/ZRC/eclipse-workspace/UCSDUnfoldingMaps/lib/sqlite-jdbc-3.7.2.jar:/Users/ZRC/eclipse-workspace/UCSDUnfoldingMaps/lib/json4processing.jar:/Users/ZRC/eclipse-workspace/UCSDUnfoldingMaps/lib/libTUIO.jar:/Users/ZRC/eclipse-workspace/
Launcher Type: SUN_STANDARD

Environment Variables:
PATH=/usr/bin:/bin:/usr/sbin:/sbin
SHELL=/bin/zsh
DISPLAY=/private/tmp/com.apple.launchd.j5495vNUtb/org.macosforge.xquartz:0

Signal Handlers:
SIGSEGV: [libjvm.dylib+0x5a71a5], sa_mask[0]=11111111011111110111111111111111, sa_flags=SA_ONSTACK|SA_RESTART|SA_SIGINFO
SIGBUS: [libjvm.dylib+0x5a71a5], sa_mask[0]=11111111011111110111111111111111, sa_flags=SA_RESTART|SA_SIGINFO
SIGFPE: [libjvm.dylib+0x480eb4], sa_mask[0]=11111111011111110111111111111111, sa_flags=SA_RESTART|SA_SIGINFO
SIGPIPE: [libjvm.dylib+0x480eb4], sa_mask[0]=11111111011111110111111111111111, sa_flags=SA_RESTART|SA_SIGINFO
SIGXFSZ: [libjvm.dylib+0x480eb4], sa_mask[0]=11111111011111110111111111111111, sa_flags=SA_RESTART|SA_SIGINFO
SIGILL: [libjvm.dylib+0x480eb4], sa_mask[0]=11111111011111110111111111111111, sa_flags=SA_RESTART|SA_SIGINFO
SIGUSR1: SIG_DFL, sa_mask[0]=00000000000000000000000000000000, sa_flags=none
SIGUSR2: [libjvm.dylib+0x4809d2], sa_mask[0]=00100000000000000000000000000000, sa_flags=SA_RESTART|SA_SIGINFO
SIGHUP: [libjvm.dylib+0x47efa9], sa_mask[0]=11111111011111110111111111111111, sa_flags=SA_RESTART|SA_SIGINFO
SIGINT: [libjvm.dylib+0x47efa9], sa_mask[0]=11111111011111110111111111111111, sa_flags=SA_RESTART|SA_SIGINFO
SIGTERM: [libjvm.dylib+0x47efa9], sa_mask[0]=11111111011111110111111111111111, sa_flags=SA_RESTART|SA_SIGINFO
SIGQUIT: [libjvm.dylib+0x47efa9], sa_mask[0]=11111111011111110111111111111111, sa_flags=SA_RESTART|SA_SIGINFO


---------------  S Y S T E M  ---------------

OS:Bsduname:Darwin 17.7.0 Darwin Kernel Version 17.7.0: Thu Jun 21 22:53:14 PDT 2018; root:xnu-4570.71.2~1/RELEASE_X86_64 x86_64
rlimit: STACK 8192k, CORE 0k, NPROC 709, NOFILE 10240, AS infinity
load average:2.10 1.98 1.84

CPU:total 4 (2 cores per cpu, 2 threads per core) family 6 model 61 stepping 4, cmov, cx8, fxsr, mmx, sse, sse2, sse3, ssse3, sse4.1, sse4.2, popcnt, avx, avx2, aes, clmul, erms, 3dnowpref, lzcnt, ht, tsc, tscinvbit, bmi1, bmi2, adx

Memory: 4k page, physical 8388608k(440416k free)

/proc/meminfo:


vm_info: Java HotSpot(TM) 64-Bit Server VM (25.73-b02) for bsd-amd64 JRE (1.8.0_73-b02), built on Jan 29 2016 15:02:00 by "java_re" with gcc 4.2.1 (Based on Apple Inc. build 5658) (LLVM build 2336.11.00)

time: Mon Sep 10 14:51:07 2018
elapsed time: 12 seconds (0d 0h 0m 12s)

