#
# A fatal error has been detected by the Java Runtime Environment:
#
#  SIGSEGV (0xb) at pc=0x00007fff6f10be9d, pid=15750, tid=775
#
# JRE version: Java(TM) SE Runtime Environment (8.0_73-b02) (build 1.8.0_73-b02)
# Java VM: Java HotSpot(TM) 64-Bit Server VM (25.73-b02 mixed mode bsd-amd64 compressed oops)
# Problematic frame:
# C  [libobjc.A.dylib+0x6e9d]  objc_msgSend+0x1d
#
# Failed to write core dump. Core dumps have been disabled. To enable core dumping, try "ulimit -c unlimited" before starting Java again
#
# If you would like to submit a bug report, please visit:
#   http://bugreport.java.com/bugreport/crash.jsp
# The crash happened outside the Java Virtual Machine in native code.
# See problematic frame for where to report the bug.
#

---------------  T H R E A D  ---------------

Current thread (0x00007f806c866800):  JavaThread "AWT-AppKit" daemon [_thread_in_native, id=775, stack(0x00007ffeee3cf000,0x00007ffeeebcf000)]

siginfo: si_signo: 11 (SIGSEGV), si_code: 1 (SEGV_MAPERR), si_addr: 0x0000000000000018

Registers:
RAX=0x00007f8071b2b760, RBX=0x000000010b29a450, RCX=0x0000000000000001, RDX=0x0000000000000000
RSP=0x00007ffeeebc9df8, RBP=0x00007ffeeebc9eb0, RSI=0x00007fff4612631e, RDI=0x00007f8071b25700
R8 =0x0000000006e900fa, R9 =0x0000000000000001, R10=0x0000000000000000, R11=0x00007fff4612631e
R12=0x0000000000000000, R13=0x0000000193eaab70, R14=0x000000010b29a440, R15=0x00007f806c866800
RIP=0x00007fff6f10be9d, EFLAGS=0x0000000000010246, ERR=0x0000000000000004
  TRAPNO=0x000000000000000e

Top of Stack: (sp=0x00007ffeeebc9df8)
0x00007ffeeebc9df8:   000000010b298157 00007ffeeebc9e50
0x00007ffeeebc9e08:   0000000000000003 00007ffeeebc9e30
0x00007ffeeebc9e18:   000000010125b646 0000000193eaab70
0x00007ffeeebc9e28:   0000000193eaab70 00007f8071b2b760
0x00007ffeeebc9e38:   000000010b29a6a0 000000010b29a710
0x00007ffeeebc9e48:   00007fffa1fc5b38 00007fffa3715178
0x00007ffeeebc9e58:   000000010b29a450 000000010b29a690
0x00007ffeeebc9e68:   00007f8071b2b760 00007f8071b25700
0x00007ffeeebc9e78:   00007f8071e15a90 00007f8071b2b760
0x00007ffeeebc9e88:   00007f8071b25700 00007ffeeebc9f30
0x00007ffeeebc9e98:   00007f806c8669f8 0000000193eaab70
0x00007ffeeebc9ea8:   00007ffeeebc9f58 00007ffeeebc9f20
0x00007ffeeebc9eb8:   000000010c9f5954 00007ffeeebc9f20
0x00007ffeeebc9ec8:   000000010c9f56d9 000000010ca01823
0x00007ffeeebc9ed8:   000000010c9f56a2 00007ffeeebc9ee0
0x00007ffeeebc9ee8:   0000000193eaab70 00007ffeeebc9f58
0x00007ffeeebc9ef8:   0000000193ead7a8 0000000000000000
0x00007ffeeebc9f08:   0000000193eaab70 0000000000000000
0x00007ffeeebc9f18:   00007ffeeebc9f40 00007ffeeebc9fa0
0x00007ffeeebc9f28:   000000010c9e7c4d 0000000797ff52c0
0x00007ffeeebc9f38:   000000010c9ef578 00007f8071b2b760
0x00007ffeeebc9f48:   000000010c9f0db9 00007f8071b25700
0x00007ffeeebc9f58:   000000010c9f0d82 00007ffeeebc9f60
0x00007ffeeebc9f68:   0000000193eaad3a 00007ffeeebc9fc8
0x00007ffeeebc9f78:   0000000193ead7a8 0000000000000000
0x00007ffeeebc9f88:   0000000193eaad48 00007ffeeebc9f40
0x00007ffeeebc9f98:   00007ffeeebc9fb0 00007ffeeebca010
0x00007ffeeebc9fa8:   000000010c9e7c4d 00007f8071b2b760
0x00007ffeeebc9fb8:   0000000797f038b0 00007f8071b25700
0x00007ffeeebc9fc8:   0000000797f038b0 00007ffeeebc9fd0
0x00007ffeeebc9fd8:   000000019934afae 00007ffeeebca020
0x00007ffeeebc9fe8:   000000019934b068 0000000000000000 

Instructions: (pc=0x00007fff6f10be9d)
0x00007fff6f10be7d:   0f 1f 00 48 85 ff 2e 74 62 40 f6 c7 01 2e 75 66
0x00007fff6f10be8d:   49 ba f8 ff ff ff ff 7f 00 00 4c 23 17 49 89 f3
0x00007fff6f10be9d:   45 23 5a 18 49 c1 e3 04 4d 03 5a 10 49 3b 33 75
0x00007fff6f10bead:   04 41 ff 63 08 49 83 3b 01 76 0d 49 83 c3 10 49 

Register to memory mapping:

RAX=0x00007f8071b2b760 is an unknown value
RBX=0x000000010b29a450: Java_jogamp_nativewindow_macosx_OSXUtil_GetScreenRefreshRate0+0x1cf0 in /private/var/folders/qx/wrjdfy9d1sq4_104x_y4g7kr0000gn/T/jogamp_0000/file_cache/jln7730221856195367396/jln6157170054374006013/libnativewindow_macosx.jnilib at 0x000000010b293000
RCX=0x0000000000000001 is an unknown value
RDX=0x0000000000000000 is an unknown value
RSP=0x00007ffeeebc9df8 is pointing into the stack for thread: 0x00007f806c866800
RBP=0x00007ffeeebc9eb0 is pointing into the stack for thread: 0x00007f806c866800
RSI=0x00007fff4612631e: .str.41.llvm.C4DC25C8+0x43861 in /System/Library/Frameworks/AppKit.framework/Versions/C/AppKit at 0x00007fff4544c000
RDI=0x00007f8071b25700 is an unknown value
R8 =0x0000000006e900fa is an unknown value
R9 =0x0000000000000001 is an unknown value
R10=0x0000000000000000 is an unknown value
R11=0x00007fff4612631e: .str.41.llvm.C4DC25C8+0x43861 in /System/Library/Frameworks/AppKit.framework/Versions/C/AppKit at 0x00007fff4544c000
R12=0x0000000000000000 is an unknown value
R13={method} {0x0000000193eaab70} 'UnsetJAWTRootSurfaceLayer0' '(JJ)V' in 'jogamp/nativewindow/jawt/macosx/MacOSXJAWTWindow'
R14=0x000000010b29a440: Java_jogamp_nativewindow_macosx_OSXUtil_GetScreenRefreshRate0+0x1ce0 in /private/var/folders/qx/wrjdfy9d1sq4_104x_y4g7kr0000gn/T/jogamp_0000/file_cache/jln7730221856195367396/jln6157170054374006013/libnativewindow_macosx.jnilib at 0x000000010b293000
R15=0x00007f806c866800 is a thread


Stack: [0x00007ffeee3cf000,0x00007ffeeebcf000],  sp=0x00007ffeeebc9df8,  free space=8171k
Native frames: (J=compiled Java code, j=interpreted, Vv=VM code, C=native code)
C  [libobjc.A.dylib+0x6e9d]  objc_msgSend+0x1d
j  jogamp.nativewindow.jawt.macosx.MacOSXJAWTWindow.UnsetJAWTRootSurfaceLayer0(JJ)V+0
j  jogamp.nativewindow.jawt.macosx.MacOSXJAWTWindow.access$200(JJ)V+2
j  jogamp.nativewindow.jawt.macosx.MacOSXJAWTWindow$1.run()V+38
j  com.jogamp.common.util.RunnableTask.run()V+24
v  ~StubRoutines::call_stub
V  [libjvm.dylib+0x2eae7a]
V  [libjvm.dylib+0x321f83]
V  [libjvm.dylib+0x314757]
C  [libnativewindow_macosx.jnilib+0x5326]  Java_jogamp_nativewindow_jawt_macosx_MacOSXJAWTWindow_UnsetJAWTRootSurfaceLayer0+0x2b6
C  [Foundation+0x682b5]  __NSThreadPerformPerform+0x14e
C  [CoreFoundation+0xa3a11]  __CFRUNLOOP_IS_CALLING_OUT_TO_A_SOURCE0_PERFORM_FUNCTION__+0x11
C  [CoreFoundation+0x15d42c]  __CFRunLoopDoSource0+0x6c
C  [CoreFoundation+0x864cc]  __CFRunLoopDoSources0+0x12c
C  [CoreFoundation+0x858ed]  __CFRunLoopRun+0x50d
C  [CoreFoundation+0x85153]  CFRunLoopRunSpecific+0x1e3
C  [HIToolbox+0x2fd96]  RunCurrentEventLoopInMode+0x11e
C  [HIToolbox+0x2fa0f]  ReceiveNextEventCommon+0x16e
C  [HIToolbox+0x2f884]  _BlockUntilNextEventMatchingListInModeWithFilter+0x40
C  [AppKit+0x41a73]  _DPSNextEvent+0x825
C  [AppKit+0x7d7e34]  -[NSApplication(NSEvent) _nextEventMatchingEventMask:untilDate:inMode:dequeue:]+0xbe4
C  [libosxapp.dylib+0x23aa]  -[NSApplicationAWT nextEventMatchingMask:untilDate:inMode:dequeue:]+0x7c
C  [AppKit+0x36885]  -[NSApplication run]+0x2fc
C  [libosxapp.dylib+0x214d]  +[NSApplicationAWT runAWTLoopWithApp:]+0x9c
C  [libawt_lwawt.dylib+0x4455b]  -[AWTStarter starter:]+0x389
C  [Foundation+0x682b5]  __NSThreadPerformPerform+0x14e
C  [CoreFoundation+0xa3a11]  __CFRUNLOOP_IS_CALLING_OUT_TO_A_SOURCE0_PERFORM_FUNCTION__+0x11
C  [CoreFoundation+0x15d42c]  __CFRunLoopDoSource0+0x6c
C  [CoreFoundation+0x86470]  __CFRunLoopDoSources0+0xd0
C  [CoreFoundation+0x858ed]  __CFRunLoopRun+0x50d
C  [CoreFoundation+0x85153]  CFRunLoopRunSpecific+0x1e3
C  [java+0x6463]  CreateExecutionEnvironment+0x367
C  [java+0x21ac]  JLI_Launch+0x7a0
C  [java+0x84c0]  main+0x65
C  [java+0x1a04]  start+0x34
C  0x0000000000000007

Java frames: (J=compiled Java code, j=interpreted, Vv=VM code)
j  jogamp.nativewindow.jawt.macosx.MacOSXJAWTWindow.UnsetJAWTRootSurfaceLayer0(JJ)V+0
j  jogamp.nativewindow.jawt.macosx.MacOSXJAWTWindow.access$200(JJ)V+2
j  jogamp.nativewindow.jawt.macosx.MacOSXJAWTWindow$1.run()V+38
j  com.jogamp.common.util.RunnableTask.run()V+24
v  ~StubRoutines::call_stub

---------------  P R O C E S S  ---------------

Java Threads: ( => current thread )
  0x00007f806ddaf000 JavaThread "Thread-19" [_thread_blocked, id=58935, stack(0x00007000119ce000,0x0000700011ace000)]
  0x00007f807207c000 JavaThread "Image Fetcher 3" daemon [_thread_blocked, id=57619, stack(0x0000700011ad1000,0x0000700011bd1000)]
  0x00007f806cb22000 JavaThread "Image Fetcher 2" daemon [_thread_blocked, id=69891, stack(0x00007000120e3000,0x00007000121e3000)]
  0x00007f806db6e000 JavaThread "Image Fetcher 1" daemon [_thread_blocked, id=58627, stack(0x0000700011fe0000,0x00007000120e0000)]
  0x00007f806e534800 JavaThread "Image Fetcher 0" daemon [_thread_blocked, id=58371, stack(0x0000700011edd000,0x0000700011fdd000)]
  0x00007f806cd22000 JavaThread "Keep-Alive-Timer" daemon [_thread_blocked, id=70715, stack(0x0000700011dda000,0x0000700011eda000)]
  0x00007f806e1db000 JavaThread "Animation Thread" [_thread_blocked, id=73759, stack(0x0000700011745000,0x0000700011845000)]
  0x00007f806d380800 JavaThread "AWT-EventQueue-1" [_thread_in_native, id=55563, stack(0x0000700011848000,0x0000700011948000)]
  0x00007f806e001800 JavaThread "DestroyJavaVM" [_thread_blocked, id=9731, stack(0x000070001017d000,0x000070001027d000)]
  0x00007f806e1a0000 JavaThread "AWT-EventQueue-0" [_thread_blocked, id=78343, stack(0x0000700011642000,0x0000700011742000)]
  0x00007f806c996800 JavaThread "Java2D Disposer" daemon [_thread_blocked, id=81687, stack(0x00007000113b9000,0x00007000114b9000)]
  0x00007f806d191800 JavaThread "Java2D Queue Flusher" daemon [_thread_blocked, id=49419, stack(0x00007000112b6000,0x00007000113b6000)]
  0x00007f806e148000 JavaThread "AWT-Shutdown" [_thread_blocked, id=25899, stack(0x000070001102a000,0x000070001112a000)]
=>0x00007f806c866800 JavaThread "AWT-AppKit" daemon [_thread_in_native, id=775, stack(0x00007ffeee3cf000,0x00007ffeeebcf000)]
  0x00007f806e000000 JavaThread "Service Thread" daemon [_thread_blocked, id=13827, stack(0x0000700010da1000,0x0000700010ea1000)]
  0x00007f806d832000 JavaThread "C1 CompilerThread2" daemon [_thread_blocked, id=13315, stack(0x0000700010c9e000,0x0000700010d9e000)]
  0x00007f806d831000 JavaThread "C2 CompilerThread1" daemon [_thread_blocked, id=17667, stack(0x0000700010b9b000,0x0000700010c9b000)]
  0x00007f806d823000 JavaThread "C2 CompilerThread0" daemon [_thread_blocked, id=18179, stack(0x0000700010a98000,0x0000700010b98000)]
  0x00007f806c816800 JavaThread "Signal Dispatcher" daemon [_thread_blocked, id=12807, stack(0x0000700010995000,0x0000700010a95000)]
  0x00007f806d813000 JavaThread "Finalizer" daemon [_thread_blocked, id=20483, stack(0x0000700010892000,0x0000700010992000)]
  0x00007f806d812800 JavaThread "Reference Handler" daemon [_thread_blocked, id=11523, stack(0x000070001078f000,0x000070001088f000)]

Other Threads:
  0x00007f806d810000 VMThread [stack: 0x000070001068c000,0x000070001078c000] [id=20995]
  0x00007f806c83a000 WatcherThread [stack: 0x0000700010ea4000,0x0000700010fa4000] [id=17155]

VM state:not at safepoint (normal execution)

VM Mutex/Monitor currently owned by a thread: None

Heap:
 PSYoungGen      total 38400K, used 31675K [0x0000000795580000, 0x0000000798000000, 0x00000007c0000000)
  eden space 33280K, 79% used [0x0000000795580000,0x0000000796f6f7c8,0x0000000797600000)
  from space 5120K, 99% used [0x0000000797b00000,0x0000000797fff470,0x0000000798000000)
  to   space 5120K, 0% used [0x0000000797600000,0x0000000797600000,0x0000000797b00000)
 ParOldGen       total 87552K, used 7739K [0x0000000740000000, 0x0000000745580000, 0x0000000795580000)
  object space 87552K, 8% used [0x0000000740000000,0x000000074078ed58,0x0000000745580000)
 Metaspace       used 20520K, capacity 20759K, committed 20864K, reserved 1069056K
  class space    used 2044K, capacity 2112K, committed 2176K, reserved 1048576K

Card table byte_map: [0x0000000102c54000,0x0000000103055000] byte_map_base: 0x00000000ff254000

Marking Bits: (ParMarkBitMap*) 0x000000010194dea0
 Begin Bits: [0x0000000103300000, 0x0000000105300000)
 End Bits:   [0x0000000105300000, 0x0000000107300000)

Polling page: 0x0000000101ff7000

CodeCache: size=245760Kb used=6770Kb max_used=6790Kb free=238990Kb
 bounds [0x000000010c9e0000, 0x000000010d090000, 0x000000011b9e0000]
 total_blobs=2756 nmethods=1867 adapters=802
 compilation: enabled

Compilation events (10 events):
Event: 5.961 Thread 0x00007f806d832000 2006       3       jogamp.common.util.locks.RecursiveLockImpl01Unfairish$SingleThreadSync::getOwner (5 bytes)
Event: 5.961 Thread 0x00007f806d832000 nmethod 2006 0x000000010d080a90 code [0x000000010d080c00, 0x000000010d080df0]
Event: 5.962 Thread 0x00007f806d831000 2007  s    4       sun.misc.URLClassPath::getNextLoader (88 bytes)
Event: 5.963 Thread 0x00007f806d823000 2008  s!   4       sun.misc.URLClassPath::getLoader (197 bytes)
Event: 5.972 Thread 0x00007f806d831000 nmethod 2007 0x000000010d087610 code [0x000000010d087780, 0x000000010d087ef8]
Event: 5.972 Thread 0x00007f806d823000 nmethod 2008 0x000000010d084a10 code [0x000000010d084b80, 0x000000010d085358]
Event: 5.977 Thread 0x00007f806d832000 2009       3       sun.awt.image.PixelConverter$ArgbPre::rgbToPixel (100 bytes)
Event: 5.977 Thread 0x00007f806d832000 nmethod 2009 0x000000010d087210 code [0x000000010d087380, 0x000000010d087570]
Event: 5.977 Thread 0x00007f806d832000 2010       1       sun.java2d.SurfaceData::isSurfaceLost (5 bytes)
Event: 5.977 Thread 0x00007f806d832000 nmethod 2010 0x000000010d06ead0 code [0x000000010d06ec20, 0x000000010d06ed30]

GC Heap History (4 events):
Event: 3.115 GC heap before
{Heap before GC invocations=1 (full 0):
 PSYoungGen      total 38400K, used 33280K [0x0000000795580000, 0x0000000798000000, 0x00000007c0000000)
  eden space 33280K, 100% used [0x0000000795580000,0x0000000797600000,0x0000000797600000)
  from space 5120K, 0% used [0x0000000797b00000,0x0000000797b00000,0x0000000798000000)
  to   space 5120K, 0% used [0x0000000797600000,0x0000000797600000,0x0000000797b00000)
 ParOldGen       total 87552K, used 0K [0x0000000740000000, 0x0000000745580000, 0x0000000795580000)
  object space 87552K, 0% used [0x0000000740000000,0x0000000740000000,0x0000000745580000)
 Metaspace       used 16031K, capacity 16223K, committed 16384K, reserved 1064960K
  class space    used 1626K, capacity 1692K, committed 1792K, reserved 1048576K
Event: 3.122 GC heap after
Heap after GC invocations=1 (full 0):
 PSYoungGen      total 38400K, used 5060K [0x0000000795580000, 0x0000000798000000, 0x00000007c0000000)
  eden space 33280K, 0% used [0x0000000795580000,0x0000000795580000,0x0000000797600000)
  from space 5120K, 98% used [0x0000000797600000,0x0000000797af1000,0x0000000797b00000)
  to   space 5120K, 0% used [0x0000000797b00000,0x0000000797b00000,0x0000000798000000)
 ParOldGen       total 87552K, used 8K [0x0000000740000000, 0x0000000745580000, 0x0000000795580000)
  object space 87552K, 0% used [0x0000000740000000,0x0000000740002000,0x0000000745580000)
 Metaspace       used 16031K, capacity 16223K, committed 16384K, reserved 1064960K
  class space    used 1626K, capacity 1692K, committed 1792K, reserved 1048576K
}
Event: 4.332 GC heap before
{Heap before GC invocations=2 (full 0):
 PSYoungGen      total 38400K, used 38340K [0x0000000795580000, 0x0000000798000000, 0x00000007c0000000)
  eden space 33280K, 100% used [0x0000000795580000,0x0000000797600000,0x0000000797600000)
  from space 5120K, 98% used [0x0000000797600000,0x0000000797af1000,0x0000000797b00000)
  to   space 5120K, 0% used [0x0000000797b00000,0x0000000797b00000,0x0000000798000000)
 ParOldGen       total 87552K, used 8K [0x0000000740000000, 0x0000000745580000, 0x0000000795580000)
  object space 87552K, 0% used [0x0000000740000000,0x0000000740002000,0x0000000745580000)
 Metaspace       used 19647K, capacity 19851K, committed 19968K, reserved 1067008K
  class space    used 1994K, capacity 2046K, committed 2048K, reserved 1048576K
Event: 4.346 GC heap after
Heap after GC invocations=2 (full 0):
 PSYoungGen      total 38400K, used 5117K [0x0000000795580000, 0x0000000798000000, 0x00000007c0000000)
  eden space 33280K, 0% used [0x0000000795580000,0x0000000795580000,0x0000000797600000)
  from space 5120K, 99% used [0x0000000797b00000,0x0000000797fff470,0x0000000798000000)
  to   space 5120K, 0% used [0x0000000797600000,0x0000000797600000,0x0000000797b00000)
 ParOldGen       total 87552K, used 7739K [0x0000000740000000, 0x0000000745580000, 0x0000000795580000)
  object space 87552K, 8% used [0x0000000740000000,0x000000074078ed58,0x0000000745580000)
 Metaspace       used 19647K, capacity 19851K, committed 19968K, reserved 1067008K
  class space    used 1994K, capacity 2046K, committed 2048K, reserved 1048576K
}

Deoptimization events (10 events):
Event: 2.456 Thread 0x00007f806c9ac000 Uncommon trap: reason=unstable_if action=reinterpret pc=0x000000010cbc528c method=java.lang.String.toLowerCase(Ljava/util/Locale;)Ljava/lang/String; @ 22
Event: 2.745 Thread 0x00007f806e1db000 Uncommon trap: reason=unstable_if action=reinterpret pc=0x000000010cc42c54 method=java.lang.String.indexOf([CII[CIII)I @ 3
Event: 2.745 Thread 0x00007f806e1db000 Uncommon trap: reason=unstable_if action=reinterpret pc=0x000000010cbaea50 method=java.lang.String.indexOf([CII[CIII)I @ 3
Event: 3.873 Thread 0x00007f806d380800 Uncommon trap: reason=unstable_if action=reinterpret pc=0x000000010cb8e62c method=java.lang.AbstractStringBuilder.append(Ljava/lang/String;)Ljava/lang/AbstractStringBuilder; @ 1
Event: 4.070 Thread 0x00007f806d380800 Uncommon trap: reason=unstable_if action=reinterpret pc=0x000000010cdf613c method=sun.misc.FloatingDecimal.readJavaFormatString(Ljava/lang/String;)Lsun/misc/FloatingDecimal$ASCIIToBinaryConverter; @ 445
Event: 4.263 Thread 0x00007f806d380800 Uncommon trap: reason=unstable_if action=reinterpret pc=0x000000010ce5ae3c method=com.jogamp.common.util.IntIntHashMap.get(I)I @ 28
Event: 4.285 Thread 0x00007f806d380800 Uncommon trap: reason=unstable_if action=reinterpret pc=0x000000010cdf2550 method=java.lang.String.trim()Ljava/lang/String; @ 23
Event: 4.415 Thread 0x00007f806d596800 Uncommon trap: reason=unstable_if action=reinterpret pc=0x000000010cde7a84 method=java.lang.String.regionMatches(ZILjava/lang/String;II)Z @ 123
Event: 4.415 Thread 0x00007f806db88800 Uncommon trap: reason=unstable_if action=reinterpret pc=0x000000010cde7a84 method=java.lang.String.regionMatches(ZILjava/lang/String;II)Z @ 123
Event: 5.958 Thread 0x00007f806d90d000 Uncommon trap: reason=unstable_if action=reinterpret pc=0x000000010cecae54 method=java.util.HashMap.putVal(ILjava/lang/Object;Ljava/lang/Object;ZZ)Ljava/lang/Object; @ 81

Internal exceptions (10 events):
Event: 0.165 Thread 0x00007f806e001800 Exception <a 'java/lang/NoSuchFieldError': method resolution failed> (0x0000000795832ee0) thrown at [/HUDSON3/workspace/8-2-build-macosx-x86_64/jdk8u73/6086/hotspot/src/share/vm/prims/methodHandles.cpp, line 1146]
Event: 0.168 Thread 0x00007f806e001800 Exception <a 'java/lang/NoSuchFieldError': method resolution failed> (0x00000007958406b0) thrown at [/HUDSON3/workspace/8-2-build-macosx-x86_64/jdk8u73/6086/hotspot/src/share/vm/prims/methodHandles.cpp, line 1146]
Event: 0.392 Thread 0x00007f806e001800 Exception <a 'java/io/FileNotFoundException'> (0x00000007958bc668) thrown at [/HUDSON3/workspace/8-2-build-macosx-x86_64/jdk8u73/6086/hotspot/src/share/vm/prims/jni.cpp, line 709]
Event: 0.392 Thread 0x00007f806e001800 Exception <a 'java/io/FileNotFoundException'> (0x00000007958bd198) thrown at [/HUDSON3/workspace/8-2-build-macosx-x86_64/jdk8u73/6086/hotspot/src/share/vm/prims/jni.cpp, line 709]
Event: 0.517 Thread 0x00007f806e001800 Exception <a 'java/io/FileNotFoundException'> (0x0000000795a0a820) thrown at [/HUDSON3/workspace/8-2-build-macosx-x86_64/jdk8u73/6086/hotspot/src/share/vm/prims/jni.cpp, line 709]
Event: 2.772 Thread 0x00007f806e1db000 Exception <a 'java/lang/UnsatisfiedLinkError': com.jogamp.common.util.JarUtil.fixNativeLibAttribs(Ljava/lang/String;)Z> (0x0000000796c7ee90) thrown at [/HUDSON3/workspace/8-2-build-macosx-x86_64/jdk8u73/6086/hotspot/src/share/vm/prims/nativeLookup.cpp, li
Event: 3.125 Thread 0x00007f806d813000 Exception <a 'java/lang/NullPointerException'> (0x000000079574a880) thrown at [/HUDSON3/workspace/8-2-build-macosx-x86_64/jdk8u73/6086/hotspot/src/share/vm/interpreter/linkResolver.cpp, line 1178]
Event: 3.872 Thread 0x00007f806d380800 Exception <a 'java/io/FileNotFoundException'> (0x0000000795f728b8) thrown at [/HUDSON3/workspace/8-2-build-macosx-x86_64/jdk8u73/6086/hotspot/src/share/vm/prims/jni.cpp, line 709]
Event: 3.873 Thread 0x00007f806d380800 Exception <a 'java/io/FileNotFoundException'> (0x0000000795f78ac8) thrown at [/HUDSON3/workspace/8-2-build-macosx-x86_64/jdk8u73/6086/hotspot/src/share/vm/prims/jni.cpp, line 709]
Event: 3.873 Thread 0x00007f806d380800 Implicit null exception at 0x000000010cb8e2b5 to 0x000000010cb8e619

Events (10 events):
Event: 5.973 loading class jogamp/nativewindow/jawt/macosx/MacOSXJAWTWindow$1 done
Event: 5.974 loading class java/awt/LightweightDispatcher$2
Event: 5.974 loading class java/awt/LightweightDispatcher$2 done
Event: 5.975 loading class java/awt/event/AWTEventListenerProxy
Event: 5.975 loading class java/awt/event/AWTEventListenerProxy done
Event: 5.975 loading class java/awt/Toolkit$ToolkitEventMulticaster
Event: 5.975 loading class java/awt/Toolkit$ToolkitEventMulticaster done
Event: 5.976 Thread 0x00007f806d90d000 Thread exited: 0x00007f806d90d000
Event: 5.976 loading class java/awt/Window$1DisposeAction
Event: 5.977 loading class java/awt/Window$1DisposeAction done


Dynamic libraries:
0x0000000020353000 	/System/Library/Frameworks/Cocoa.framework/Versions/A/Cocoa
0x0000000020353000 	/System/Library/Frameworks/Security.framework/Versions/A/Security
0x0000000020353000 	/System/Library/Frameworks/ApplicationServices.framework/Versions/A/ApplicationServices
0x0000000020353000 	/usr/lib/libz.1.dylib
0x0000000020353000 	/usr/lib/libSystem.B.dylib
0x0000000020353000 	/usr/lib/libobjc.A.dylib
0x0000000020353000 	/System/Library/Frameworks/CoreFoundation.framework/Versions/A/CoreFoundation
0x0000000020353000 	/System/Library/Frameworks/Foundation.framework/Versions/C/Foundation
0x0000000020353000 	/System/Library/Frameworks/AppKit.framework/Versions/C/AppKit
0x0000000020353000 	/System/Library/Frameworks/CoreData.framework/Versions/A/CoreData
0x0000000020353000 	/System/Library/PrivateFrameworks/RemoteViewServices.framework/Versions/A/RemoteViewServices
0x0000000020353000 	/System/Library/PrivateFrameworks/UIFoundation.framework/Versions/A/UIFoundation
0x0000000020353000 	/System/Library/PrivateFrameworks/DFRFoundation.framework/Versions/A/DFRFoundation
0x0000000020353000 	/System/Library/Frameworks/Metal.framework/Versions/A/Metal
0x0000000020353000 	/System/Library/PrivateFrameworks/DesktopServicesPriv.framework/Versions/A/DesktopServicesPriv
0x0000000020353000 	/usr/lib/libenergytrace.dylib
0x0000000020353000 	/System/Library/PrivateFrameworks/SkyLight.framework/Versions/A/SkyLight
0x0000000020353000 	/System/Library/Frameworks/CoreGraphics.framework/Versions/A/CoreGraphics
0x0000000020353000 	/usr/lib/libScreenReader.dylib
0x0000000020353000 	/System/Library/Frameworks/Accelerate.framework/Versions/A/Accelerate
0x0000000020353000 	/System/Library/Frameworks/IOSurface.framework/Versions/A/IOSurface
0x0000000020353000 	/System/Library/Frameworks/AudioToolbox.framework/Versions/A/AudioToolbox
0x0000000020353000 	/System/Library/Frameworks/AudioUnit.framework/Versions/A/AudioUnit
0x0000000020353000 	/System/Library/PrivateFrameworks/DataDetectorsCore.framework/Versions/A/DataDetectorsCore
0x0000000020353000 	/System/Library/Frameworks/Carbon.framework/Versions/A/Frameworks/HIToolbox.framework/Versions/A/HIToolbox
0x0000000020353000 	/usr/lib/libicucore.A.dylib
0x0000000020353000 	/System/Library/Frameworks/QuartzCore.framework/Versions/A/QuartzCore
0x0000000020353000 	/System/Library/PrivateFrameworks/SignpostNotification.framework/Versions/A/SignpostNotification
0x0000000020353000 	/System/Library/Frameworks/Carbon.framework/Versions/A/Frameworks/SpeechRecognition.framework/Versions/A/SpeechRecognition
0x0000000020353000 	/usr/lib/libauto.dylib
0x0000000020353000 	/usr/lib/libxml2.2.dylib
0x0000000020353000 	/System/Library/PrivateFrameworks/CoreUI.framework/Versions/A/CoreUI
0x0000000020353000 	/System/Library/Frameworks/CoreAudio.framework/Versions/A/CoreAudio
0x0000000020353000 	/System/Library/Frameworks/DiskArbitration.framework/Versions/A/DiskArbitration
0x0000000020353000 	/usr/lib/liblangid.dylib
0x0000000020353000 	/System/Library/PrivateFrameworks/MultitouchSupport.framework/Versions/A/MultitouchSupport
0x0000000020353000 	/System/Library/Frameworks/IOKit.framework/Versions/A/IOKit
0x0000000020353000 	/usr/lib/libDiagnosticMessagesClient.dylib
0x0000000020353000 	/System/Library/Frameworks/CoreServices.framework/Versions/A/CoreServices
0x0000000020353000 	/System/Library/PrivateFrameworks/PerformanceAnalysis.framework/Versions/A/PerformanceAnalysis
0x0000000020353000 	/System/Library/Frameworks/OpenGL.framework/Versions/A/OpenGL
0x0000000020353000 	/System/Library/Frameworks/ColorSync.framework/Versions/A/ColorSync
0x0000000020353000 	/System/Library/Frameworks/CoreImage.framework/Versions/A/CoreImage
0x0000000020353000 	/System/Library/Frameworks/CoreText.framework/Versions/A/CoreText
0x0000000020353000 	/System/Library/Frameworks/ImageIO.framework/Versions/A/ImageIO
0x0000000020353000 	/System/Library/PrivateFrameworks/Backup.framework/Versions/A/Backup
0x0000000020353000 	/usr/lib/libarchive.2.dylib
0x0000000020353000 	/System/Library/Frameworks/CFNetwork.framework/Versions/A/CFNetwork
0x0000000020353000 	/System/Library/Frameworks/SystemConfiguration.framework/Versions/A/SystemConfiguration
0x0000000020353000 	/usr/lib/libCRFSuite.dylib
0x0000000020353000 	/usr/lib/libc++.1.dylib
0x0000000020353000 	/usr/lib/libc++abi.dylib
0x0000000020353000 	/usr/lib/system/libcache.dylib
0x0000000020353000 	/usr/lib/system/libcommonCrypto.dylib
0x0000000020353000 	/usr/lib/system/libcompiler_rt.dylib
0x0000000020353000 	/usr/lib/system/libcopyfile.dylib
0x0000000020353000 	/usr/lib/system/libcorecrypto.dylib
0x0000000020353000 	/usr/lib/system/libdispatch.dylib
0x0000000020353000 	/usr/lib/system/libdyld.dylib
0x0000000020353000 	/usr/lib/system/libkeymgr.dylib
0x0000000020353000 	/usr/lib/system/liblaunch.dylib
0x0000000020353000 	/usr/lib/system/libmacho.dylib
0x0000000020353000 	/usr/lib/system/libquarantine.dylib
0x0000000020353000 	/usr/lib/system/libremovefile.dylib
0x0000000020353000 	/usr/lib/system/libsystem_asl.dylib
0x0000000020353000 	/usr/lib/system/libsystem_blocks.dylib
0x0000000020353000 	/usr/lib/system/libsystem_c.dylib
0x0000000020353000 	/usr/lib/system/libsystem_configuration.dylib
0x0000000020353000 	/usr/lib/system/libsystem_coreservices.dylib
0x0000000020353000 	/usr/lib/system/libsystem_darwin.dylib
0x0000000020353000 	/usr/lib/system/libsystem_dnssd.dylib
0x0000000020353000 	/usr/lib/system/libsystem_info.dylib
0x0000000020353000 	/usr/lib/system/libsystem_m.dylib
0x0000000020353000 	/usr/lib/system/libsystem_malloc.dylib
0x0000000020353000 	/usr/lib/system/libsystem_network.dylib
0x0000000020353000 	/usr/lib/system/libsystem_networkextension.dylib
0x0000000020353000 	/usr/lib/system/libsystem_notify.dylib
0x0000000020353000 	/usr/lib/system/libsystem_sandbox.dylib
0x0000000020353000 	/usr/lib/system/libsystem_secinit.dylib
0x0000000020353000 	/usr/lib/system/libsystem_kernel.dylib
0x0000000020353000 	/usr/lib/system/libsystem_platform.dylib
0x0000000020353000 	/usr/lib/system/libsystem_pthread.dylib
0x0000000020353000 	/usr/lib/system/libsystem_symptoms.dylib
0x0000000020353000 	/usr/lib/system/libsystem_trace.dylib
0x0000000020353000 	/usr/lib/system/libunwind.dylib
0x0000000020353000 	/usr/lib/system/libxpc.dylib
0x0000000020353000 	/usr/lib/closure/libclosured.dylib
0x0000000020353000 	/usr/lib/libbsm.0.dylib
0x0000000020353000 	/usr/lib/system/libkxld.dylib
0x0000000020353000 	/usr/lib/libOpenScriptingUtil.dylib
0x0000000020353000 	/usr/lib/libcoretls.dylib
0x0000000020353000 	/usr/lib/libcoretls_cfhelpers.dylib
0x0000000020353000 	/usr/lib/libpam.2.dylib
0x0000000020353000 	/usr/lib/libsqlite3.dylib
0x0000000020353000 	/usr/lib/libxar.1.dylib
0x0000000020353000 	/usr/lib/libbz2.1.0.dylib
0x0000000020353000 	/usr/lib/liblzma.5.dylib
0x0000000020353000 	/usr/lib/libnetwork.dylib
0x0000000020353000 	/usr/lib/libapple_nghttp2.dylib
0x0000000020353000 	/usr/lib/libpcap.A.dylib
0x0000000020353000 	/usr/lib/libboringssl.dylib
0x0000000020353000 	/usr/lib/libusrtcp.dylib
0x0000000020353000 	/usr/lib/libapple_crypto.dylib
0x0000000020353000 	/System/Library/Frameworks/CoreServices.framework/Versions/A/Frameworks/FSEvents.framework/Versions/A/FSEvents
0x0000000020353000 	/System/Library/Frameworks/CoreServices.framework/Versions/A/Frameworks/CarbonCore.framework/Versions/A/CarbonCore
0x0000000020353000 	/System/Library/Frameworks/CoreServices.framework/Versions/A/Frameworks/Metadata.framework/Versions/A/Metadata
0x0000000020353000 	/System/Library/Frameworks/CoreServices.framework/Versions/A/Frameworks/OSServices.framework/Versions/A/OSServices
0x0000000020353000 	/System/Library/Frameworks/CoreServices.framework/Versions/A/Frameworks/SearchKit.framework/Versions/A/SearchKit
0x0000000020353000 	/System/Library/Frameworks/CoreServices.framework/Versions/A/Frameworks/AE.framework/Versions/A/AE
0x0000000020353000 	/System/Library/Frameworks/CoreServices.framework/Versions/A/Frameworks/LaunchServices.framework/Versions/A/LaunchServices
0x0000000020353000 	/System/Library/Frameworks/CoreServices.framework/Versions/A/Frameworks/DictionaryServices.framework/Versions/A/DictionaryServices
0x0000000020353000 	/System/Library/Frameworks/CoreServices.framework/Versions/A/Frameworks/SharedFileList.framework/Versions/A/SharedFileList
0x0000000020353000 	/System/Library/Frameworks/NetFS.framework/Versions/A/NetFS
0x0000000020353000 	/System/Library/PrivateFrameworks/NetAuth.framework/Versions/A/NetAuth
0x0000000020353000 	/System/Library/PrivateFrameworks/login.framework/Versions/A/Frameworks/loginsupport.framework/Versions/A/loginsupport
0x0000000020353000 	/System/Library/PrivateFrameworks/TCC.framework/Versions/A/TCC
0x0000000020353000 	/usr/lib/libmecabra.dylib
0x0000000020353000 	/System/Library/Frameworks/ApplicationServices.framework/Versions/A/Frameworks/ATS.framework/Versions/A/ATS
0x0000000020353000 	/System/Library/Frameworks/ApplicationServices.framework/Versions/A/Frameworks/ColorSyncLegacy.framework/Versions/A/ColorSyncLegacy
0x0000000020353000 	/System/Library/Frameworks/ApplicationServices.framework/Versions/A/Frameworks/HIServices.framework/Versions/A/HIServices
0x0000000020353000 	/System/Library/Frameworks/ApplicationServices.framework/Versions/A/Frameworks/LangAnalysis.framework/Versions/A/LangAnalysis
0x0000000020353000 	/System/Library/Frameworks/ApplicationServices.framework/Versions/A/Frameworks/PrintCore.framework/Versions/A/PrintCore
0x0000000020353000 	/System/Library/Frameworks/ApplicationServices.framework/Versions/A/Frameworks/QD.framework/Versions/A/QD
0x0000000020353000 	/System/Library/Frameworks/ApplicationServices.framework/Versions/A/Frameworks/SpeechSynthesis.framework/Versions/A/SpeechSynthesis
0x0000000020353000 	/System/Library/Frameworks/CoreDisplay.framework/Versions/A/CoreDisplay
0x0000000020353000 	/System/Library/Frameworks/Accelerate.framework/Versions/A/Frameworks/vImage.framework/Versions/A/vImage
0x0000000020353000 	/System/Library/Frameworks/Accelerate.framework/Versions/A/Frameworks/vecLib.framework/Versions/A/vecLib
0x0000000020353000 	/System/Library/Frameworks/Accelerate.framework/Versions/A/Frameworks/vecLib.framework/Versions/A/libvDSP.dylib
0x0000000020353000 	/System/Library/Frameworks/Accelerate.framework/Versions/A/Frameworks/vecLib.framework/Versions/A/libBNNS.dylib
0x0000000020353000 	/System/Library/Frameworks/Accelerate.framework/Versions/A/Frameworks/vecLib.framework/Versions/A/libQuadrature.dylib
0x0000000020353000 	/System/Library/Frameworks/Accelerate.framework/Versions/A/Frameworks/vecLib.framework/Versions/A/libvMisc.dylib
0x0000000020353000 	/System/Library/Frameworks/Accelerate.framework/Versions/A/Frameworks/vecLib.framework/Versions/A/libLAPACK.dylib
0x0000000020353000 	/System/Library/Frameworks/Accelerate.framework/Versions/A/Frameworks/vecLib.framework/Versions/A/libBLAS.dylib
0x0000000020353000 	/System/Library/Frameworks/Accelerate.framework/Versions/A/Frameworks/vecLib.framework/Versions/A/libLinearAlgebra.dylib
0x0000000020353000 	/System/Library/Frameworks/Accelerate.framework/Versions/A/Frameworks/vecLib.framework/Versions/A/libSparse.dylib
0x0000000020353000 	/System/Library/Frameworks/Accelerate.framework/Versions/A/Frameworks/vecLib.framework/Versions/A/libSparseBLAS.dylib
0x0000000020353000 	/System/Library/PrivateFrameworks/GPUWrangler.framework/Versions/A/GPUWrangler
0x0000000020353000 	/System/Library/PrivateFrameworks/IOAccelerator.framework/Versions/A/IOAccelerator
0x0000000020353000 	/System/Library/PrivateFrameworks/IOPresentment.framework/Versions/A/IOPresentment
0x0000000020353000 	/System/Library/PrivateFrameworks/DSExternalDisplay.framework/Versions/A/DSExternalDisplay
0x0000000020353000 	/System/Library/Frameworks/OpenGL.framework/Versions/A/Libraries/libCoreFSCache.dylib
0x0000000020353000 	/System/Library/Frameworks/CoreVideo.framework/Versions/A/CoreVideo
0x0000000020353000 	/System/Library/PrivateFrameworks/GraphVisualizer.framework/Versions/A/GraphVisualizer
0x0000000020353000 	/System/Library/Frameworks/MetalPerformanceShaders.framework/Versions/A/MetalPerformanceShaders
0x0000000020353000 	/usr/lib/libFosl_dynamic.dylib
0x0000000020353000 	/System/Library/PrivateFrameworks/FaceCore.framework/Versions/A/FaceCore
0x0000000020353000 	/System/Library/Frameworks/OpenCL.framework/Versions/A/OpenCL
0x0000000020353000 	/usr/lib/libcompression.dylib
0x0000000020353000 	/System/Library/Frameworks/ApplicationServices.framework/Versions/A/Frameworks/ATS.framework/Versions/A/Resources/libFontParser.dylib
0x0000000020353000 	/System/Library/Frameworks/ApplicationServices.framework/Versions/A/Frameworks/ATS.framework/Versions/A/Resources/libFontRegistry.dylib
0x0000000020353000 	/System/Library/Frameworks/ImageIO.framework/Versions/A/Resources/libJPEG.dylib
0x0000000020353000 	/System/Library/Frameworks/ImageIO.framework/Versions/A/Resources/libTIFF.dylib
0x0000000020353000 	/System/Library/Frameworks/ImageIO.framework/Versions/A/Resources/libPng.dylib
0x0000000020353000 	/System/Library/Frameworks/ImageIO.framework/Versions/A/Resources/libGIF.dylib
0x0000000020353000 	/System/Library/Frameworks/ImageIO.framework/Versions/A/Resources/libJP2.dylib
0x0000000020353000 	/System/Library/Frameworks/ImageIO.framework/Versions/A/Resources/libRadiance.dylib
0x0000000020353000 	/System/Library/PrivateFrameworks/AppleJPEG.framework/Versions/A/AppleJPEG
0x0000000020353000 	/System/Library/Frameworks/MetalPerformanceShaders.framework/Frameworks/MPSCore.framework/Versions/A/MPSCore
0x0000000020353000 	/System/Library/Frameworks/MetalPerformanceShaders.framework/Frameworks/MPSImage.framework/Versions/A/MPSImage
0x0000000020353000 	/System/Library/Frameworks/MetalPerformanceShaders.framework/Frameworks/MPSNeuralNetwork.framework/Versions/A/MPSNeuralNetwork
0x0000000020353000 	/System/Library/Frameworks/MetalPerformanceShaders.framework/Frameworks/MPSMatrix.framework/Versions/A/MPSMatrix
0x0000000020353000 	/System/Library/PrivateFrameworks/MetalTools.framework/Versions/A/MetalTools
0x0000000020353000 	/System/Library/Frameworks/OpenGL.framework/Versions/A/Libraries/libGLU.dylib
0x0000000020353000 	/System/Library/Frameworks/OpenGL.framework/Versions/A/Libraries/libGFXShared.dylib
0x0000000020353000 	/System/Library/Frameworks/OpenGL.framework/Versions/A/Libraries/libGL.dylib
0x0000000020353000 	/System/Library/Frameworks/OpenGL.framework/Versions/A/Libraries/libGLImage.dylib
0x0000000020353000 	/System/Library/Frameworks/OpenGL.framework/Versions/A/Libraries/libCVMSPluginSupport.dylib
0x0000000020353000 	/System/Library/Frameworks/OpenGL.framework/Versions/A/Libraries/libCoreVMClient.dylib
0x0000000020353000 	/usr/lib/libcups.2.dylib
0x0000000020353000 	/System/Library/Frameworks/Kerberos.framework/Versions/A/Kerberos
0x0000000020353000 	/System/Library/Frameworks/GSS.framework/Versions/A/GSS
0x0000000020353000 	/usr/lib/libresolv.9.dylib
0x0000000020353000 	/usr/lib/libiconv.2.dylib
0x0000000020353000 	/System/Library/PrivateFrameworks/Heimdal.framework/Versions/A/Heimdal
0x0000000020353000 	/usr/lib/libheimdal-asn1.dylib
0x0000000020353000 	/System/Library/Frameworks/OpenDirectory.framework/Versions/A/OpenDirectory
0x0000000020353000 	/System/Library/PrivateFrameworks/CommonAuth.framework/Versions/A/CommonAuth
0x0000000020353000 	/System/Library/Frameworks/OpenDirectory.framework/Versions/A/Frameworks/CFOpenDirectory.framework/Versions/A/CFOpenDirectory
0x0000000020353000 	/System/Library/Frameworks/SecurityFoundation.framework/Versions/A/SecurityFoundation
0x0000000020353000 	/System/Library/PrivateFrameworks/APFS.framework/Versions/A/APFS
0x0000000020353000 	/usr/lib/libutil.dylib
0x0000000020353000 	/System/Library/PrivateFrameworks/AppleSauce.framework/Versions/A/AppleSauce
0x0000000020353000 	/System/Library/PrivateFrameworks/LinguisticData.framework/Versions/A/LinguisticData
0x0000000020353000 	/usr/lib/libmarisa.dylib
0x0000000020353000 	/System/Library/PrivateFrameworks/Lexicon.framework/Versions/A/Lexicon
0x0000000020353000 	/usr/lib/libChineseTokenizer.dylib
0x0000000020353000 	/usr/lib/libcmph.dylib
0x0000000020353000 	/System/Library/PrivateFrameworks/LanguageModeling.framework/Versions/A/LanguageModeling
0x0000000020353000 	/System/Library/PrivateFrameworks/CoreEmoji.framework/Versions/A/CoreEmoji
0x0000000020353000 	/System/Library/Frameworks/ServiceManagement.framework/Versions/A/ServiceManagement
0x0000000020353000 	/System/Library/PrivateFrameworks/BackgroundTaskManagement.framework/Versions/A/BackgroundTaskManagement
0x0000000020353000 	/usr/lib/libxslt.1.dylib
0x0000000020353000 	/System/Library/Frameworks/Carbon.framework/Versions/A/Frameworks/Ink.framework/Versions/A/Ink
0x0000000020353000 	/System/Library/PrivateFrameworks/TextureIO.framework/Versions/A/TextureIO
0x0000000020353000 	/usr/lib/libate.dylib
0x0000000020353000 	/System/Library/PrivateFrameworks/CrashReporterSupport.framework/Versions/A/CrashReporterSupport
0x0000000020353000 	/System/Library/PrivateFrameworks/Sharing.framework/Versions/A/Sharing
0x0000000020353000 	/System/Library/PrivateFrameworks/IconServices.framework/Versions/A/IconServices
0x0000000020353000 	/System/Library/PrivateFrameworks/AuthKit.framework/Versions/A/AuthKit
0x0000000020353000 	/System/Library/PrivateFrameworks/Apple80211.framework/Versions/A/Apple80211
0x0000000020353000 	/System/Library/PrivateFrameworks/CoreUtils.framework/Versions/A/CoreUtils
0x0000000020353000 	/System/Library/Frameworks/CoreWLAN.framework/Versions/A/CoreWLAN
0x0000000020353000 	/System/Library/Frameworks/IOBluetooth.framework/Versions/A/IOBluetooth
0x0000000020353000 	/System/Library/PrivateFrameworks/ProtocolBuffer.framework/Versions/A/ProtocolBuffer
0x0000000020353000 	/System/Library/PrivateFrameworks/MobileKeyBag.framework/Versions/A/MobileKeyBag
0x0000000020353000 	/System/Library/PrivateFrameworks/CorePhoneNumbers.framework/Versions/A/CorePhoneNumbers
0x0000000020353000 	/System/Library/PrivateFrameworks/AppleIDAuthSupport.framework/Versions/A/AppleIDAuthSupport
0x0000000020353000 	/System/Library/PrivateFrameworks/KeychainCircle.framework/Versions/A/KeychainCircle
0x0000000020353000 	/System/Library/PrivateFrameworks/CoreWiFi.framework/Versions/A/CoreWiFi
0x0000000020353000 	/System/Library/Frameworks/CoreBluetooth.framework/Versions/A/CoreBluetooth
0x0000000020353000 	/System/Library/PrivateFrameworks/DebugSymbols.framework/Versions/A/DebugSymbols
0x0000000020353000 	/System/Library/PrivateFrameworks/CoreSymbolication.framework/Versions/A/CoreSymbolication
0x0000000020353000 	/System/Library/PrivateFrameworks/Symbolication.framework/Versions/A/Symbolication
0x0000000020353000 	/System/Library/PrivateFrameworks/AppleFSCompression.framework/Versions/A/AppleFSCompression
0x0000000020353000 	/System/Library/PrivateFrameworks/SpeechRecognitionCore.framework/Versions/A/SpeechRecognitionCore
0x000000010106a000 	/Library/Java/JavaVirtualMachines/jdk1.8.0_73.jdk/Contents/Home/jre/lib/server/libjvm.dylib
0x0000000020353000 	/usr/lib/libstdc++.6.0.9.dylib
0x0000000102800000 	/Library/Java/JavaVirtualMachines/jdk1.8.0_73.jdk/Contents/Home/jre/lib/libverify.dylib
0x000000010280e000 	/Library/Java/JavaVirtualMachines/jdk1.8.0_73.jdk/Contents/Home/jre/lib/libjava.dylib
0x000000010288b000 	/Library/Java/JavaVirtualMachines/jdk1.8.0_73.jdk/Contents/Home/jre/lib/libzip.dylib
0x0000000020353000 	/System/Library/Frameworks/JavaVM.framework/Versions/A/Frameworks/JavaRuntimeSupport.framework/Versions/A/JavaRuntimeSupport
0x0000000020353000 	/System/Library/Frameworks/JavaVM.framework/Versions/A/Frameworks/JavaNativeFoundation.framework/Versions/A/JavaNativeFoundation
0x0000000020353000 	/System/Library/Frameworks/JavaVM.framework/Versions/A/JavaVM
0x0000000020353000 	/System/Library/Frameworks/Carbon.framework/Versions/A/Carbon
0x0000000020353000 	/System/Library/PrivateFrameworks/JavaLaunching.framework/Versions/A/JavaLaunching
0x0000000020353000 	/System/Library/Frameworks/Carbon.framework/Versions/A/Frameworks/CommonPanels.framework/Versions/A/CommonPanels
0x0000000020353000 	/System/Library/Frameworks/Carbon.framework/Versions/A/Frameworks/Help.framework/Versions/A/Help
0x0000000020353000 	/System/Library/Frameworks/Carbon.framework/Versions/A/Frameworks/ImageCapture.framework/Versions/A/ImageCapture
0x0000000020353000 	/System/Library/Frameworks/Carbon.framework/Versions/A/Frameworks/OpenScripting.framework/Versions/A/OpenScripting
0x0000000020353000 	/System/Library/Frameworks/Carbon.framework/Versions/A/Frameworks/Print.framework/Versions/A/Print
0x0000000020353000 	/System/Library/Frameworks/Carbon.framework/Versions/A/Frameworks/SecurityHI.framework/Versions/A/SecurityHI
0x000000010abbc000 	/Library/Java/JavaVirtualMachines/jdk1.8.0_73.jdk/Contents/Home/jre/lib/libawt.dylib
0x000000010ac64000 	/Library/Java/JavaVirtualMachines/jdk1.8.0_73.jdk/Contents/Home/jre/lib/./libmlib_image.dylib
0x000000010ad30000 	/Library/Java/JavaVirtualMachines/jdk1.8.0_73.jdk/Contents/Home/jre/lib/libawt_lwawt.dylib
0x000000010ade5000 	/Library/Java/JavaVirtualMachines/jdk1.8.0_73.jdk/Contents/Home/jre/lib/./libosxapp.dylib
0x0000000020353000 	/System/Library/Frameworks/ExceptionHandling.framework/Versions/A/ExceptionHandling
0x0000000020353000 	/System/Library/PrivateFrameworks/CoreServicesInternal.framework/Versions/A/CoreServicesInternal
0x0000000020353000 	/System/Library/CoreServices/RawCamera.bundle/Contents/MacOS/RawCamera
0x0000000020353000 	/System/Library/PrivateFrameworks/MobileAsset.framework/Versions/A/MobileAsset
0x0000000020353000 	/System/Library/PrivateFrameworks/StreamingZip.framework/Versions/A/StreamingZip
0x0000000020353000 	/System/Library/Frameworks/MediaToolbox.framework/Versions/A/MediaToolbox
0x0000000020353000 	/System/Library/PrivateFrameworks/CoreAVCHD.framework/Versions/A/CoreAVCHD
0x0000000020353000 	/System/Library/Frameworks/MediaAccessibility.framework/Versions/A/MediaAccessibility
0x0000000020353000 	/System/Library/PrivateFrameworks/Mangrove.framework/Versions/A/Mangrove
0x0000000020353000 	/System/Library/Frameworks/CoreMedia.framework/Versions/A/CoreMedia
0x0000000020353000 	/System/Library/Frameworks/VideoToolbox.framework/Versions/A/VideoToolbox
0x0000000020353000 	/System/Library/PrivateFrameworks/CoreAUC.framework/Versions/A/CoreAUC
0x0000000020353000 	/usr/lib/libspindump.dylib
0x0000000020353000 	/System/Library/PrivateFrameworks/AppleVA.framework/Versions/A/AppleVA
0x0000000020353000 	/System/Library/Frameworks/Accelerate.framework/Versions/A/Frameworks/vImage.framework/Versions/A/Libraries/libCGInterfaces.dylib
0x0000000020353000 	/System/Library/Frameworks/ApplicationServices.framework/Versions/A/Frameworks/ATS.framework/Versions/A/Resources/libTrueTypeScaler.dylib
0x0000000020353000 	/System/Library/Extensions/AppleIntelBDWGraphicsMTLDriver.bundle/Contents/MacOS/AppleIntelBDWGraphicsMTLDriver
0x0000000020353000 	/System/Library/PrivateFrameworks/GPUCompiler.framework/Versions/3802/Libraries/libmetal_timestamp.dylib
0x0000000020353000 	/System/Library/PrivateFrameworks/FamilyControls.framework/Versions/A/FamilyControls
0x0000000020353000 	/System/Library/PrivateFrameworks/CommerceKit.framework/Versions/A/Frameworks/CommerceCore.framework/Versions/A/CommerceCore
0x0000000020353000 	/System/Library/PrivateFrameworks/SystemAdministration.framework/Versions/A/SystemAdministration
0x0000000020353000 	/System/Library/PrivateFrameworks/AppContainer.framework/Versions/A/AppContainer
0x0000000020353000 	/System/Library/PrivateFrameworks/SecCodeWrapper.framework/Versions/A/SecCodeWrapper
0x0000000020353000 	/System/Library/PrivateFrameworks/DiskManagement.framework/Versions/A/DiskManagement
0x0000000020353000 	/System/Library/Frameworks/DirectoryService.framework/Versions/A/DirectoryService
0x0000000020353000 	/System/Library/PrivateFrameworks/DiskImages.framework/Versions/A/DiskImages
0x0000000020353000 	/System/Library/PrivateFrameworks/LoginUIKit.framework/Versions/A/Frameworks/LoginUICore.framework/Versions/A/LoginUICore
0x0000000020353000 	/usr/lib/libCoreStorage.dylib
0x0000000020353000 	/usr/lib/libcsfde.dylib
0x0000000020353000 	/usr/lib/libodfde.dylib
0x0000000020353000 	/System/Library/PrivateFrameworks/MediaKit.framework/Versions/A/MediaKit
0x0000000020353000 	/System/Library/Frameworks/DiscRecording.framework/Versions/A/DiscRecording
0x0000000020353000 	/System/Library/PrivateFrameworks/EFILogin.framework/Versions/A/EFILogin
0x0000000020353000 	/System/Library/PrivateFrameworks/ProtectedCloudStorage.framework/Versions/A/ProtectedCloudStorage
0x0000000020353000 	/usr/lib/libcurl.4.dylib
0x0000000020353000 	/usr/lib/libcrypto.35.dylib
0x0000000020353000 	/usr/lib/libssl.35.dylib
0x0000000020353000 	/System/Library/Frameworks/LDAP.framework/Versions/A/LDAP
0x0000000020353000 	/System/Library/PrivateFrameworks/TrustEvaluationAgent.framework/Versions/A/TrustEvaluationAgent
0x0000000020353000 	/usr/lib/libsasl2.2.dylib
0x0000000020353000 	/System/Library/PrivateFrameworks/CoreDaemon.framework/Versions/B/CoreDaemon
0x0000000020353000 	/System/Library/PrivateFrameworks/AppleSRP.framework/Versions/A/AppleSRP
0x0000000020353000 	/System/Library/Frameworks/OpenGL.framework/Versions/A/Resources/GLEngine.bundle/GLEngine
0x0000000020353000 	/System/Library/Frameworks/OpenGL.framework/Versions/A/Libraries/libGLProgrammability.dylib
0x000000011c79d000 	/System/Library/Extensions/AppleIntelBDWGraphicsGLDriver.bundle/Contents/MacOS/AppleIntelBDWGraphicsGLDriver
0x0000000020353000 	/System/Library/PrivateFrameworks/GPUSupport.framework/Versions/A/Libraries/libGPUSupportMercury.dylib
0x0000000020353000 	/System/Library/Frameworks/OpenGL.framework/Versions/A/Resources/GLRendererFloat.bundle/GLRendererFloat
0x0000000020353000 	/System/Library/Frameworks/OpenCL.framework/Versions/A/Libraries/libcldcpuengine.dylib
0x000000011d791000 	/Library/Java/JavaVirtualMachines/jdk1.8.0_73.jdk/Contents/Home/jre/lib/libfontmanager.dylib
0x000000011eb78000 	/Library/Java/JavaVirtualMachines/jdk1.8.0_73.jdk/Contents/Home/jre/lib/libosxui.dylib
0x0000000020353000 	/System/Library/PrivateFrameworks/ViewBridge.framework/Versions/A/ViewBridge
0x000000011fa35000 	/Library/Java/JavaVirtualMachines/jdk1.8.0_73.jdk/Contents/Home/jre/lib/libnet.dylib
0x000000011fa4c000 	/Library/Java/JavaVirtualMachines/jdk1.8.0_73.jdk/Contents/Home/jre/lib/libnio.dylib
0x000000010b238000 	/private/var/folders/qx/wrjdfy9d1sq4_104x_y4g7kr0000gn/T/jogamp_0000/file_cache/jln7730221856195367396/jln6157170054374006013/libgluegen-rt.jnilib
0x000000010b28d000 	/private/var/folders/qx/wrjdfy9d1sq4_104x_y4g7kr0000gn/T/jogamp_0000/file_cache/jln7730221856195367396/jln6157170054374006013/libnativewindow_awt.jnilib
0x000000010b290000 	/Library/Java/JavaVirtualMachines/jdk1.8.0_73.jdk/Contents/Home/jre/lib/libjawt.dylib
0x000000010b293000 	/private/var/folders/qx/wrjdfy9d1sq4_104x_y4g7kr0000gn/T/jogamp_0000/file_cache/jln7730221856195367396/jln6157170054374006013/libnativewindow_macosx.jnilib
0x000000018ca05000 	/private/var/folders/qx/wrjdfy9d1sq4_104x_y4g7kr0000gn/T/jogamp_0000/file_cache/jln7730221856195367396/jln6157170054374006013/libjogl_desktop.jnilib
0x000000011bf0d000 	/Library/Java/JavaVirtualMachines/jdk1.8.0_73.jdk/Contents/Home/jre/lib/libt2k.dylib

VM Arguments:
jvm_args: -Djava.security.policy=java.policy.applet -Dfile.encoding=UTF-8 
java_command: sun.applet.AppletViewer module4.EarthquakeCityMap1536733224674.html
java_class_path (initial): /Library/Java/JavaVirtualMachines/jdk1.8.0_73.jdk/Contents/Home/jre/lib/resources.jar:/Library/Java/JavaVirtualMachines/jdk1.8.0_73.jdk/Contents/Home/jre/lib/rt.jar:/Library/Java/JavaVirtualMachines/jdk1.8.0_73.jdk/Contents/Home/jre/lib/jsse.jar:/Library/Java/JavaVirtualMachines/jdk1.8.0_73.jdk/Contents/Home/jre/lib/jce.jar:/Library/Java/JavaVirtualMachines/jdk1.8.0_73.jdk/Contents/Home/jre/lib/charsets.jar:/Library/Java/JavaVirtualMachines/jdk1.8.0_73.jdk/Contents/Home/jre/lib/jfr.jar:/Library/Java/JavaVirtualMachines/jdk1.8.0_73.jdk/Contents/Home/jre/lib/ext/sunec.jar:/Library/Java/JavaVirtualMachines/jdk1.8.0_73.jdk/Contents/Home/jre/lib/ext/nashorn.jar:/Library/Java/JavaVirtualMachines/jdk1.8.0_73.jdk/Contents/Home/jre/lib/ext/cldrdata.jar:/Library/Java/JavaVirtualMachines/jdk1.8.0_73.jdk/Contents/Home/jre/lib/ext/jfxrt.jar:/Library/Java/JavaVirtualMachines/jdk1.8.0_73.jdk/Contents/Home/jre/lib/ext/dnsns.jar:/Library/Java/JavaVirtualMachines/jdk1.8.0_73.jdk/Contents/Home/jre/lib/ext/localedata.jar:/Library/Java/JavaVirtualMachines/jdk1.8.0_73.jdk/Contents/Home/jre/lib/ext/sunjce_provider.jar:/Library/Java/JavaVirtualMachines/jdk1.8.0_73.jdk/Contents/Home/jre/lib/ext/sunpkcs11.jar:/Library/Java/JavaVirtualMachines/jdk1.8.0_73.jdk/Contents/Home/jre/lib/ext/jaccess.jar:/Library/Java/JavaVirtualMachines/jdk1.8.0_73.jdk/Contents/Home/jre/lib/ext/zipfs.jar:/System/Library/Java/Extensions/MRJToolkit.jar:/Users/ZRC/eclipse-workspace/UCSDUnfoldingMaps/build:/Users/ZRC/eclipse-workspace/UCSDUnfoldingMaps/lib/core.jar:/Users/ZRC/eclipse-workspace/UCSDUnfoldingMaps/lib/gluegen-rt.jar:/Users/ZRC/eclipse-workspace/UCSDUnfoldingMaps/lib/jogl-all.jar:/Users/ZRC/eclipse-workspace/UCSDUnfoldingMaps/lib/log4j-1.2.15.jar:/Users/ZRC/eclipse-workspace/UCSDUnfoldingMaps/lib/sqlite-jdbc-3.7.2.jar:/Users/ZRC/eclipse-workspace/UCSDUnfoldingMaps/lib/json4processing.jar:/Users/ZRC/eclipse-workspace/UCSDUnfoldingMaps/lib/libTUIO.jar:/Users/ZRC/eclipse-workspace/
Launcher Type: SUN_STANDARD

Environment Variables:
PATH=/usr/bin:/bin:/usr/sbin:/sbin
SHELL=/bin/zsh
DISPLAY=/private/tmp/com.apple.launchd.j5495vNUtb/org.macosforge.xquartz:0

Signal Handlers:
SIGSEGV: [libjvm.dylib+0x5a71a5], sa_mask[0]=11111111011111110111111111111111, sa_flags=SA_ONSTACK|SA_RESTART|SA_SIGINFO
SIGBUS: [libjvm.dylib+0x5a71a5], sa_mask[0]=11111111011111110111111111111111, sa_flags=SA_RESTART|SA_SIGINFO
SIGFPE: [libjvm.dylib+0x480eb4], sa_mask[0]=11111111011111110111111111111111, sa_flags=SA_RESTART|SA_SIGINFO
SIGPIPE: [libjvm.dylib+0x480eb4], sa_mask[0]=11111111011111110111111111111111, sa_flags=SA_RESTART|SA_SIGINFO
SIGXFSZ: [libjvm.dylib+0x480eb4], sa_mask[0]=11111111011111110111111111111111, sa_flags=SA_RESTART|SA_SIGINFO
SIGILL: [libjvm.dylib+0x480eb4], sa_mask[0]=11111111011111110111111111111111, sa_flags=SA_RESTART|SA_SIGINFO
SIGUSR1: SIG_DFL, sa_mask[0]=00000000000000000000000000000000, sa_flags=none
SIGUSR2: [libjvm.dylib+0x4809d2], sa_mask[0]=00100000000000000000000000000000, sa_flags=SA_RESTART|SA_SIGINFO
SIGHUP: [libjvm.dylib+0x47efa9], sa_mask[0]=11111111011111110111111111111111, sa_flags=SA_RESTART|SA_SIGINFO
SIGINT: [libjvm.dylib+0x47efa9], sa_mask[0]=11111111011111110111111111111111, sa_flags=SA_RESTART|SA_SIGINFO
SIGTERM: [libjvm.dylib+0x47efa9], sa_mask[0]=11111111011111110111111111111111, sa_flags=SA_RESTART|SA_SIGINFO
SIGQUIT: [libjvm.dylib+0x47efa9], sa_mask[0]=11111111011111110111111111111111, sa_flags=SA_RESTART|SA_SIGINFO


---------------  S Y S T E M  ---------------

OS:Bsduname:Darwin 17.7.0 Darwin Kernel Version 17.7.0: Thu Jun 21 22:53:14 PDT 2018; root:xnu-4570.71.2~1/RELEASE_X86_64 x86_64
rlimit: STACK 8192k, CORE 0k, NPROC 709, NOFILE 10240, AS infinity
load average:1.93 1.69 1.70

CPU:total 4 (2 cores per cpu, 2 threads per core) family 6 model 61 stepping 4, cmov, cx8, fxsr, mmx, sse, sse2, sse3, ssse3, sse4.1, sse4.2, popcnt, avx, avx2, aes, clmul, erms, 3dnowpref, lzcnt, ht, tsc, tscinvbit, bmi1, bmi2, adx

Memory: 4k page, physical 8388608k(67500k free)

/proc/meminfo:


vm_info: Java HotSpot(TM) 64-Bit Server VM (25.73-b02) for bsd-amd64 JRE (1.8.0_73-b02), built on Jan 29 2016 15:02:00 by "java_re" with gcc 4.2.1 (Based on Apple Inc. build 5658) (LLVM build 2336.11.00)

time: Wed Sep 12 02:20:30 2018
elapsed time: 5 seconds (0d 0h 0m 5s)

