#
# A fatal error has been detected by the Java Runtime Environment:
#
#  SIGSEGV (0xb) at pc=0x00007fff5061ce9d, pid=50717, tid=775
#
# JRE version: Java(TM) SE Runtime Environment (8.0_73-b02) (build 1.8.0_73-b02)
# Java VM: Java HotSpot(TM) 64-Bit Server VM (25.73-b02 mixed mode bsd-amd64 compressed oops)
# Problematic frame:
# C  [libobjc.A.dylib+0x6e9d]  objc_msgSend+0x1d
#
# Failed to write core dump. Core dumps have been disabled. To enable core dumping, try "ulimit -c unlimited" before starting Java again
#
# If you would like to submit a bug report, please visit:
#   http://bugreport.java.com/bugreport/crash.jsp
# The crash happened outside the Java Virtual Machine in native code.
# See problematic frame for where to report the bug.
#

---------------  T H R E A D  ---------------

Current thread (0x00007fed4c093000):  JavaThread "AWT-AppKit" daemon [_thread_in_native, id=775, stack(0x00007ffeef18e000,0x00007ffeef98e000)]

siginfo: si_signo: 11 (SIGSEGV), si_code: 1 (SEGV_MAPERR), si_addr: 0x000007fed53709f0

Registers:
RAX=0x00007fed517c05d0, RBX=0x0000000106a84450, RCX=0x0000000000000001, RDX=0x0000000000000001
RSP=0x00007ffeef988d18, RBP=0x00007ffeef988dd0, RSI=0x00007fff2763731e, RDI=0x00007fed515fbc40
R8 =0x0000000000000000, R9 =0x0000000000000000, R10=0x000007fed53709d8, R11=0x00007fff2763731e
R12=0x0000000000000000, R13=0x00000001960c4608, R14=0x0000000106a84440, R15=0x00007fed4c093000
RIP=0x00007fff5061ce9d, EFLAGS=0x0000000000010206, ERR=0x0000000000000004
  TRAPNO=0x000000000000000e

Top of Stack: (sp=0x00007ffeef988d18)
0x00007ffeef988d18:   0000000106a82157 00007ffeef988d70
0x00007ffeef988d28:   0000000000000003 00007ffeef988d50
0x00007ffeef988d38:   00000001015f1646 00000001960c4608
0x00007ffeef988d48:   00000001960c4608 00007fed517c05d0
0x00007ffeef988d58:   0000000106a846a0 0000000106a84710
0x00007ffeef988d68:   00007fff834d6b38 00007fff84c26178
0x00007ffeef988d78:   0000000106a84450 0000000106a84690
0x00007ffeef988d88:   00007fed517c05d0 00007fed515fbc40
0x00007ffeef988d98:   00007fed4ae75960 00007fed517c05d0
0x00007ffeef988da8:   00007fed515fbc40 00007ffeef988e58
0x00007ffeef988db8:   00007fed4c0931f8 00000001960c4608
0x00007ffeef988dc8:   00007ffeef988e80 00007ffeef988e48
0x00007ffeef988dd8:   00000001079a7954 00000001960c4608
0x00007ffeef988de8:   00007ffeef988e80 00007ffeef988e48
0x00007ffeef988df8:   00000001079a76e7 00000001079a76a2
0x00007ffeef988e08:   00007ffeef988e08 00000001960c4608
0x00007ffeef988e18:   00007ffeef988e80 00000001960c7240
0x00007ffeef988e28:   0000000000000000 00000001960c4608
0x00007ffeef988e38:   0000000000000000 00007ffeef988e68
0x00007ffeef988e48:   00007ffeef988ec8 0000000107999c4d
0x00007ffeef988e58:   00000006c11f17d8 00000001079a1578
0x00007ffeef988e68:   00007fed517c05d0 00007ffeef988ec8
0x00007ffeef988e78:   00007fed515fbc40 00000001079a2d82
0x00007ffeef988e88:   00007ffeef988e88 00000001960c47d2
0x00007ffeef988e98:   00007ffeef988ef0 00000001960c7240
0x00007ffeef988ea8:   0000000000000000 00000001960c47e0
0x00007ffeef988eb8:   00007ffeef988e68 00007ffeef988ed8
0x00007ffeef988ec8:   00007ffeef988f38 0000000107999c4d
0x00007ffeef988ed8:   00007fed517c05d0 00000006c0efa7a0
0x00007ffeef988ee8:   00007fed515fbc40 00000006c0efa7a0
0x00007ffeef988ef8:   00007ffeef988ef8 000000019b358bb6
0x00007ffeef988f08:   00007ffeef988f48 000000019b358c70 

Instructions: (pc=0x00007fff5061ce9d)
0x00007fff5061ce7d:   0f 1f 00 48 85 ff 2e 74 62 40 f6 c7 01 2e 75 66
0x00007fff5061ce8d:   49 ba f8 ff ff ff ff 7f 00 00 4c 23 17 49 89 f3
0x00007fff5061ce9d:   45 23 5a 18 49 c1 e3 04 4d 03 5a 10 49 3b 33 75
0x00007fff5061cead:   04 41 ff 63 08 49 83 3b 01 76 0d 49 83 c3 10 49 

Register to memory mapping:

RAX=0x00007fed517c05d0 is an unknown value
RBX=0x0000000106a84450: Java_jogamp_nativewindow_macosx_OSXUtil_GetScreenRefreshRate0+0x1cf0 in /private/var/folders/qx/wrjdfy9d1sq4_104x_y4g7kr0000gn/T/jogamp_0000/file_cache/jln1480834182561612004/jln7788923565020698986/libnativewindow_macosx.jnilib at 0x0000000106a7d000
RCX=0x0000000000000001 is an unknown value
RDX=0x0000000000000001 is an unknown value
RSP=0x00007ffeef988d18 is pointing into the stack for thread: 0x00007fed4c093000
RBP=0x00007ffeef988dd0 is pointing into the stack for thread: 0x00007fed4c093000
RSI=0x00007fff2763731e: .str.41.llvm.C4DC25C8+0x43861 in /System/Library/Frameworks/AppKit.framework/Versions/C/AppKit at 0x00007fff2695d000
RDI=0x00007fed515fbc40 is an unknown value
R8 =0x0000000000000000 is an unknown value
R9 =0x0000000000000000 is an unknown value
R10=0x000007fed53709d8 is an unknown value
R11=0x00007fff2763731e: .str.41.llvm.C4DC25C8+0x43861 in /System/Library/Frameworks/AppKit.framework/Versions/C/AppKit at 0x00007fff2695d000
R12=0x0000000000000000 is an unknown value
R13={method} {0x00000001960c4608} 'UnsetJAWTRootSurfaceLayer0' '(JJ)V' in 'jogamp/nativewindow/jawt/macosx/MacOSXJAWTWindow'
R14=0x0000000106a84440: Java_jogamp_nativewindow_macosx_OSXUtil_GetScreenRefreshRate0+0x1ce0 in /private/var/folders/qx/wrjdfy9d1sq4_104x_y4g7kr0000gn/T/jogamp_0000/file_cache/jln1480834182561612004/jln7788923565020698986/libnativewindow_macosx.jnilib at 0x0000000106a7d000
R15=0x00007fed4c093000 is a thread


Stack: [0x00007ffeef18e000,0x00007ffeef98e000],  sp=0x00007ffeef988d18,  free space=8171k
Native frames: (J=compiled Java code, j=interpreted, Vv=VM code, C=native code)
C  [libobjc.A.dylib+0x6e9d]  objc_msgSend+0x1d
j  jogamp.nativewindow.jawt.macosx.MacOSXJAWTWindow.UnsetJAWTRootSurfaceLayer0(JJ)V+0
j  jogamp.nativewindow.jawt.macosx.MacOSXJAWTWindow.access$200(JJ)V+2
j  jogamp.nativewindow.jawt.macosx.MacOSXJAWTWindow$1.run()V+38
J 2005 C1 com.jogamp.common.util.RunnableTask.run()V (345 bytes) @ 0x000000010807cf14 [0x000000010807cd80+0x194]
v  ~StubRoutines::call_stub
V  [libjvm.dylib+0x2eae7a]  JavaCalls::call_helper(JavaValue*, methodHandle*, JavaCallArguments*, Thread*)+0x6ae
V  [libjvm.dylib+0x321f83]  jni_invoke_nonstatic(JNIEnv_*, JavaValue*, _jobject*, JNICallType, _jmethodID*, JNI_ArgumentPusher*, Thread*)+0x2ec
V  [libjvm.dylib+0x314757]  jni_CallVoidMethod+0x16b
C  [libnativewindow_macosx.jnilib+0x5326]  Java_jogamp_nativewindow_jawt_macosx_MacOSXJAWTWindow_UnsetJAWTRootSurfaceLayer0+0x2b6
C  [Foundation+0x682b5]  __NSThreadPerformPerform+0x14e
C  [CoreFoundation+0xa3a11]  __CFRUNLOOP_IS_CALLING_OUT_TO_A_SOURCE0_PERFORM_FUNCTION__+0x11
C  [CoreFoundation+0x15d42c]  __CFRunLoopDoSource0+0x6c
C  [CoreFoundation+0x864cc]  __CFRunLoopDoSources0+0x12c
C  [CoreFoundation+0x858ed]  __CFRunLoopRun+0x50d
C  [CoreFoundation+0x85153]  CFRunLoopRunSpecific+0x1e3
C  [HIToolbox+0x2fd96]  RunCurrentEventLoopInMode+0x11e
C  [HIToolbox+0x2fa0f]  ReceiveNextEventCommon+0x16e
C  [HIToolbox+0x2f884]  _BlockUntilNextEventMatchingListInModeWithFilter+0x40
C  [AppKit+0x41a73]  _DPSNextEvent+0x825
C  [AppKit+0x7d7e34]  -[NSApplication(NSEvent) _nextEventMatchingEventMask:untilDate:inMode:dequeue:]+0xbe4
C  [libosxapp.dylib+0x23aa]  -[NSApplicationAWT nextEventMatchingMask:untilDate:inMode:dequeue:]+0x7c
C  [AppKit+0x36885]  -[NSApplication run]+0x2fc
C  [libosxapp.dylib+0x214d]  +[NSApplicationAWT runAWTLoopWithApp:]+0x9c
C  [libawt_lwawt.dylib+0x4455b]  -[AWTStarter starter:]+0x389
C  [Foundation+0x682b5]  __NSThreadPerformPerform+0x14e
C  [CoreFoundation+0xa3a11]  __CFRUNLOOP_IS_CALLING_OUT_TO_A_SOURCE0_PERFORM_FUNCTION__+0x11
C  [CoreFoundation+0x15d42c]  __CFRunLoopDoSource0+0x6c
C  [CoreFoundation+0x86470]  __CFRunLoopDoSources0+0xd0
C  [CoreFoundation+0x858ed]  __CFRunLoopRun+0x50d
C  [CoreFoundation+0x85153]  CFRunLoopRunSpecific+0x1e3
C  [java+0x6463]  CreateExecutionEnvironment+0x367
C  [java+0x21ac]  JLI_Launch+0x7a0
C  [java+0x84c0]  main+0x65
C  [java+0x1a04]  start+0x34
C  0x0000000000000007

Java frames: (J=compiled Java code, j=interpreted, Vv=VM code)
j  jogamp.nativewindow.jawt.macosx.MacOSXJAWTWindow.UnsetJAWTRootSurfaceLayer0(JJ)V+0
j  jogamp.nativewindow.jawt.macosx.MacOSXJAWTWindow.access$200(JJ)V+2
j  jogamp.nativewindow.jawt.macosx.MacOSXJAWTWindow$1.run()V+38
J 2005 C1 com.jogamp.common.util.RunnableTask.run()V (345 bytes) @ 0x000000010807cf14 [0x000000010807cd80+0x194]
v  ~StubRoutines::call_stub

---------------  P R O C E S S  ---------------

Java Threads: ( => current thread )
  0x00007fed4c6d6000 JavaThread "Thread-86" [_thread_blocked, id=62931, stack(0x0000700009359000,0x0000700009459000)]
  0x00007fed4c1f6000 JavaThread "Keep-Alive-Timer" daemon [_thread_blocked, id=67243, stack(0x0000700009f06000,0x000070000a006000)]
  0x00007fed4bcc6000 JavaThread "Animation Thread" [_thread_blocked, id=57195, stack(0x0000700009a77000,0x0000700009b77000)]
  0x00007fed4ea91800 JavaThread "AWT-EventQueue-1" [_thread_in_native, id=71691, stack(0x0000700009b7a000,0x0000700009c7a000)]
  0x00007fed4d80d000 JavaThread "DestroyJavaVM" [_thread_blocked, id=9731, stack(0x0000700007f1d000,0x000070000801d000)]
  0x00007fed4c178000 JavaThread "AWT-EventQueue-0" [_thread_blocked, id=54283, stack(0x0000700009974000,0x0000700009a74000)]
  0x00007fed4e903000 JavaThread "Java2D Disposer" daemon [_thread_blocked, id=52239, stack(0x00007000096eb000,0x00007000097eb000)]
  0x00007fed4e914000 JavaThread "Java2D Queue Flusher" daemon [_thread_blocked, id=79623, stack(0x00007000095e8000,0x00007000096e8000)]
  0x00007fed4c0e0800 JavaThread "AWT-Shutdown" [_thread_blocked, id=37419, stack(0x0000700009256000,0x0000700009356000)]
=>0x00007fed4c093000 JavaThread "AWT-AppKit" daemon [_thread_in_native, id=775, stack(0x00007ffeef18e000,0x00007ffeef98e000)]
  0x00007fed4c025800 JavaThread "Service Thread" daemon [_thread_blocked, id=16387, stack(0x0000700009050000,0x0000700009150000)]
  0x00007fed4b015000 JavaThread "C1 CompilerThread3" daemon [_thread_blocked, id=17155, stack(0x0000700008f4d000,0x000070000904d000)]
  0x00007fed4b014000 JavaThread "C2 CompilerThread2" daemon [_thread_blocked, id=15619, stack(0x0000700008e4a000,0x0000700008f4a000)]
  0x00007fed4b013800 JavaThread "C2 CompilerThread1" daemon [_thread_blocked, id=17667, stack(0x0000700008d47000,0x0000700008e47000)]
  0x00007fed4b849800 JavaThread "C2 CompilerThread0" daemon [_thread_blocked, id=15107, stack(0x0000700008c44000,0x0000700008d44000)]
  0x00007fed4b805000 JavaThread "Signal Dispatcher" daemon [_thread_blocked, id=17931, stack(0x0000700008b41000,0x0000700008c41000)]
  0x00007fed4c03d000 JavaThread "Finalizer" daemon [_thread_blocked, id=19459, stack(0x0000700008a3e000,0x0000700008b3e000)]
  0x00007fed4c03c800 JavaThread "Reference Handler" daemon [_thread_blocked, id=19971, stack(0x000070000893b000,0x0000700008a3b000)]

Other Threads:
  0x00007fed4c03a000 VMThread [stack: 0x0000700008838000,0x0000700008938000] [id=20483]
  0x00007fed4c026800 WatcherThread [stack: 0x0000700009153000,0x0000700009253000] [id=16899]

VM state:not at safepoint (normal execution)

VM Mutex/Monitor currently owned by a thread: None

Heap:
 PSYoungGen      total 78848K, used 26771K [0x000000076ab00000, 0x0000000770d00000, 0x00000007c0000000)
  eden space 60416K, 29% used [0x000000076ab00000,0x000000076bc38af8,0x000000076e600000)
  from space 18432K, 49% used [0x000000076fb00000,0x00000007703ec260,0x0000000770d00000)
  to   space 19968K, 0% used [0x000000076e600000,0x000000076e600000,0x000000076f980000)
 ParOldGen       total 175104K, used 25287K [0x00000006c0000000, 0x00000006cab00000, 0x000000076ab00000)
  object space 175104K, 14% used [0x00000006c0000000,0x00000006c18b1e70,0x00000006cab00000)
 Metaspace       used 19429K, capacity 19633K, committed 19968K, reserved 1067008K
  class space    used 1877K, capacity 1955K, committed 2048K, reserved 1048576K

Card table byte_map: [0x000000010274d000,0x0000000102f4e000] byte_map_base: 0x00000000ff14d000

Marking Bits: (ParMarkBitMap*) 0x0000000101ce3ea0
 Begin Bits: [0x0000000116992000, 0x000000011a992000)
 End Bits:   [0x000000011a992000, 0x000000011e992000)

Polling page: 0x00000001002f6000

CodeCache: size=245760Kb used=7867Kb max_used=8559Kb free=237892Kb
 bounds [0x0000000107992000, 0x0000000108212000, 0x0000000116992000]
 total_blobs=3061 nmethods=2183 adapters=791
 compilation: enabled

Compilation events (10 events):
Event: 53.869 Thread 0x00007fed4b014000 2587       4       java.util.TimSort::countRunAndMakeAscending (128 bytes)
Event: 53.887 Thread 0x00007fed4b014000 nmethod 2587 0x0000000107e81c90 code [0x0000000107e81ee0, 0x0000000107e82d68]
Event: 54.424 Thread 0x00007fed4b015000 2588       1       java.beans.PropertyChangeEvent::getPropertyName (5 bytes)
Event: 54.424 Thread 0x00007fed4b015000 nmethod 2588 0x0000000107e819d0 code [0x0000000107e81b20, 0x0000000107e81c30]
Event: 54.433 Thread 0x00007fed4b015000 2589       3       sun.java2d.SunGraphics2D::setColor (108 bytes)
Event: 54.433 Thread 0x00007fed4b015000 nmethod 2589 0x0000000107eb8590 code [0x0000000107eb8720, 0x0000000107eb8c58]
Event: 54.440 Thread 0x00007fed4b013800 2590  s    4       sun.misc.URLClassPath::getNextLoader (88 bytes)
Event: 54.440 Thread 0x00007fed4b015000 2591  s!   2       sun.misc.URLClassPath::getLoader (197 bytes)
Event: 54.441 Thread 0x00007fed4b015000 nmethod 2591 0x0000000107fa1b50 code [0x0000000107fa1e40, 0x0000000107fa3548]
Event: 54.445 Thread 0x00007fed4b013800 nmethod 2590 0x0000000107e6a250 code [0x0000000107e6a3c0, 0x0000000107e6ab38]

GC Heap History (10 events):
Event: 18.919 GC heap before
{Heap before GC invocations=4 (full 0):
 PSYoungGen      total 76288K, used 76261K [0x000000076ab00000, 0x0000000770000000, 0x00000007c0000000)
  eden space 65536K, 100% used [0x000000076ab00000,0x000000076eb00000,0x000000076eb00000)
  from space 10752K, 99% used [0x000000076eb00000,0x000000076f579540,0x000000076f580000)
  to   space 10752K, 0% used [0x000000076f580000,0x000000076f580000,0x0000000770000000)
 ParOldGen       total 175104K, used 15041K [0x00000006c0000000, 0x00000006cab00000, 0x000000076ab00000)
  object space 175104K, 8% used [0x00000006c0000000,0x00000006c0eb0630,0x00000006cab00000)
 Metaspace       used 19190K, capacity 19409K, committed 19712K, reserved 1067008K
  class space    used 1864K, capacity 1923K, committed 2048K, reserved 1048576K
Event: 18.927 GC heap after
Heap after GC invocations=4 (full 0):
 PSYoungGen      total 76288K, used 10339K [0x000000076ab00000, 0x0000000770000000, 0x00000007c0000000)
  eden space 65536K, 0% used [0x000000076ab00000,0x000000076ab00000,0x000000076eb00000)
  from space 10752K, 96% used [0x000000076f580000,0x000000076ff98d80,0x0000000770000000)
  to   space 10752K, 0% used [0x000000076eb00000,0x000000076eb00000,0x000000076f580000)
 ParOldGen       total 175104K, used 15049K [0x00000006c0000000, 0x00000006cab00000, 0x000000076ab00000)
  object space 175104K, 8% used [0x00000006c0000000,0x00000006c0eb2630,0x00000006cab00000)
 Metaspace       used 19190K, capacity 19409K, committed 19712K, reserved 1067008K
  class space    used 1864K, capacity 1923K, committed 2048K, reserved 1048576K
}
Event: 29.204 GC heap before
{Heap before GC invocations=5 (full 0):
 PSYoungGen      total 76288K, used 75875K [0x000000076ab00000, 0x0000000770000000, 0x00000007c0000000)
  eden space 65536K, 100% used [0x000000076ab00000,0x000000076eb00000,0x000000076eb00000)
  from space 10752K, 96% used [0x000000076f580000,0x000000076ff98d80,0x0000000770000000)
  to   space 10752K, 0% used [0x000000076eb00000,0x000000076eb00000,0x000000076f580000)
 ParOldGen       total 175104K, used 15049K [0x00000006c0000000, 0x00000006cab00000, 0x000000076ab00000)
  object space 175104K, 8% used [0x00000006c0000000,0x00000006c0eb2630,0x00000006cab00000)
 Metaspace       used 19192K, capacity 19409K, committed 19712K, reserved 1067008K
  class space    used 1865K, capacity 1923K, committed 2048K, reserved 1048576K
Event: 29.212 GC heap after
Heap after GC invocations=5 (full 0):
 PSYoungGen      total 74752K, used 10245K [0x000000076ab00000, 0x0000000771180000, 0x00000007c0000000)
  eden space 64000K, 0% used [0x000000076ab00000,0x000000076ab00000,0x000000076e980000)
  from space 10752K, 95% used [0x000000076eb00000,0x000000076f5014a0,0x000000076f580000)
  to   space 20480K, 0% used [0x000000076fd80000,0x000000076fd80000,0x0000000771180000)
 ParOldGen       total 175104K, used 15049K [0x00000006c0000000, 0x00000006cab00000, 0x000000076ab00000)
  object space 175104K, 8% used [0x00000006c0000000,0x00000006c0eb2630,0x00000006cab00000)
 Metaspace       used 19192K, capacity 19409K, committed 19712K, reserved 1067008K
  class space    used 1865K, capacity 1923K, committed 2048K, reserved 1048576K
}
Event: 39.168 GC heap before
{Heap before GC invocations=6 (full 0):
 PSYoungGen      total 74752K, used 74245K [0x000000076ab00000, 0x0000000771180000, 0x00000007c0000000)
  eden space 64000K, 100% used [0x000000076ab00000,0x000000076e980000,0x000000076e980000)
  from space 10752K, 95% used [0x000000076eb00000,0x000000076f5014a0,0x000000076f580000)
  to   space 20480K, 0% used [0x000000076fd80000,0x000000076fd80000,0x0000000771180000)
 ParOldGen       total 175104K, used 15049K [0x00000006c0000000, 0x00000006cab00000, 0x000000076ab00000)
  object space 175104K, 8% used [0x00000006c0000000,0x00000006c0eb2630,0x00000006cab00000)
 Metaspace       used 19204K, capacity 19409K, committed 19712K, reserved 1067008K
  class space    used 1865K, capacity 1923K, committed 2048K, reserved 1048576K
Event: 39.179 GC heap after
Heap after GC invocations=6 (full 0):
 PSYoungGen      total 81408K, used 10325K [0x000000076ab00000, 0x0000000771000000, 0x00000007c0000000)
  eden space 62464K, 0% used [0x000000076ab00000,0x000000076ab00000,0x000000076e800000)
  from space 18944K, 54% used [0x000000076fd80000,0x00000007707954b0,0x0000000771000000)
  to   space 20480K, 0% used [0x000000076e800000,0x000000076e800000,0x000000076fc00000)
 ParOldGen       total 175104K, used 15057K [0x00000006c0000000, 0x00000006cab00000, 0x000000076ab00000)
  object space 175104K, 8% used [0x00000006c0000000,0x00000006c0eb4630,0x00000006cab00000)
 Metaspace       used 19204K, capacity 19409K, committed 19712K, reserved 1067008K
  class space    used 1865K, capacity 1923K, committed 2048K, reserved 1048576K
}
Event: 45.953 GC heap before
{Heap before GC invocations=7 (full 0):
 PSYoungGen      total 81408K, used 72789K [0x000000076ab00000, 0x0000000771000000, 0x00000007c0000000)
  eden space 62464K, 100% used [0x000000076ab00000,0x000000076e800000,0x000000076e800000)
  from space 18944K, 54% used [0x000000076fd80000,0x00000007707954b0,0x0000000771000000)
  to   space 20480K, 0% used [0x000000076e800000,0x000000076e800000,0x000000076fc00000)
 ParOldGen       total 175104K, used 15057K [0x00000006c0000000, 0x00000006cab00000, 0x000000076ab00000)
  object space 175104K, 8% used [0x00000006c0000000,0x00000006c0eb4630,0x00000006cab00000)
 Metaspace       used 19272K, capacity 19473K, committed 19712K, reserved 1067008K
  class space    used 1868K, capacity 1923K, committed 2048K, reserved 1048576K
Event: 45.963 GC heap after
Heap after GC invocations=7 (full 0):
 PSYoungGen      total 69120K, used 7568K [0x000000076ab00000, 0x0000000770f00000, 0x00000007c0000000)
  eden space 61440K, 0% used [0x000000076ab00000,0x000000076ab00000,0x000000076e700000)
  from space 7680K, 98% used [0x000000076e800000,0x000000076ef64200,0x000000076ef80000)
  to   space 20480K, 0% used [0x000000076fb00000,0x000000076fb00000,0x0000000770f00000)
 ParOldGen       total 175104K, used 21831K [0x00000006c0000000, 0x00000006cab00000, 0x000000076ab00000)
  object space 175104K, 12% used [0x00000006c0000000,0x00000006c1551da0,0x00000006cab00000)
 Metaspace       used 19272K, capacity 19473K, committed 19712K, reserved 1067008K
  class space    used 1868K, capacity 1923K, committed 2048K, reserved 1048576K
}
Event: 51.670 GC heap before
{Heap before GC invocations=8 (full 0):
 PSYoungGen      total 69120K, used 69008K [0x000000076ab00000, 0x0000000770f00000, 0x00000007c0000000)
  eden space 61440K, 100% used [0x000000076ab00000,0x000000076e700000,0x000000076e700000)
  from space 7680K, 98% used [0x000000076e800000,0x000000076ef64200,0x000000076ef80000)
  to   space 20480K, 0% used [0x000000076fb00000,0x000000076fb00000,0x0000000770f00000)
 ParOldGen       total 175104K, used 21831K [0x00000006c0000000, 0x00000006cab00000, 0x000000076ab00000)
  object space 175104K, 12% used [0x00000006c0000000,0x00000006c1551da0,0x00000006cab00000)
 Metaspace       used 19400K, capacity 19633K, committed 19968K, reserved 1067008K
  class space    used 1871K, capacity 1955K, committed 2048K, reserved 1048576K
Event: 51.674 GC heap after
Heap after GC invocations=8 (full 0):
 PSYoungGen      total 78848K, used 9136K [0x000000076ab00000, 0x0000000770d00000, 0x00000007c0000000)
  eden space 60416K, 0% used [0x000000076ab00000,0x000000076ab00000,0x000000076e600000)
  from space 18432K, 49% used [0x000000076fb00000,0x00000007703ec260,0x0000000770d00000)
  to   space 19968K, 0% used [0x000000076e600000,0x000000076e600000,0x000000076f980000)
 ParOldGen       total 175104K, used 25287K [0x00000006c0000000, 0x00000006cab00000, 0x000000076ab00000)
  object space 175104K, 14% used [0x00000006c0000000,0x00000006c18b1e70,0x00000006cab00000)
 Metaspace       used 19400K, capacity 19633K, committed 19968K, reserved 1067008K
  class space    used 1871K, capacity 1955K, committed 2048K, reserved 1048576K
}

Deoptimization events (10 events):
Event: 45.399 Thread 0x00007fed4ea91800 Uncommon trap: reason=class_check action=maybe_recompile pc=0x00000001081995f4 method=java.awt.EventQueue.coalesceEvent(Ljava/awt/AWTEvent;I)Z @ 77
Event: 45.454 Thread 0x00007fed4ea91800 Uncommon trap: reason=unstable_if action=reinterpret pc=0x0000000107e405c4 method=de.fhpotsdam.unfolding.core.Coordinate.equals(Ljava/lang/Object;)Z @ 38
Event: 45.454 Thread 0x00007fed4ea91800 Uncommon trap: reason=unstable_if action=reinterpret pc=0x0000000107dc3384 method=de.fhpotsdam.unfolding.core.Coordinate.equals(Ljava/lang/Object;)Z @ 38
Event: 45.569 Thread 0x00007fed4ea91800 Uncommon trap: reason=unstable_if action=reinterpret pc=0x0000000107fcb8c0 method=processing.opengl.PGraphicsOpenGL$Tessellator.setLastTexIndex(II)V @ 15
Event: 45.785 Thread 0x00007fed4ea91800 Uncommon trap: reason=unstable_if action=reinterpret pc=0x0000000107fa0da8 method=de.fhpotsdam.unfolding.mapdisplay.AbstractMapDisplay$ZoomComparator.compare(Lde/fhpotsdam/unfolding/core/Coordinate;Lde/fhpotsdam/unfolding/core/Coordinate;)I @ 9
Event: 54.417 Thread 0x00007fed4c178000 Uncommon trap: reason=unstable_if action=reinterpret pc=0x0000000107e07e30 method=sun.lwawt.LWContainerPeer.cutChildren(Lsun/java2d/pipe/Region;Lsun/lwawt/LWComponentPeer;)Lsun/java2d/pipe/Region; @ 67
Event: 54.432 Thread 0x00007fed4e929800 Uncommon trap: reason=unstable_if action=reinterpret pc=0x0000000107fc5abc method=java.util.HashMap.putVal(ILjava/lang/Object;Ljava/lang/Object;ZZ)Ljava/lang/Object; @ 81
Event: 54.441 Thread 0x00007fed4ea91800 Uncommon trap: reason=unstable_if action=reinterpret pc=0x0000000107d3d698 method=java.util.LinkedList$ListItr.<init>(Ljava/util/LinkedList;I)V @ 26
Event: 54.442 Thread 0x00007fed4ea91800 Uncommon trap: reason=unstable_if action=reinterpret pc=0x000000010810d894 method=java.security.AccessControlContext.optimize()Ljava/security/AccessControlContext; @ 233
Event: 54.443 Thread 0x00007fed4ea91800 Uncommon trap: reason=unstable_if action=reinterpret pc=0x0000000107b238c4 method=java.util.LinkedList$ListItr.<init>(Ljava/util/LinkedList;I)V @ 26

Internal exceptions (10 events):
Event: 0.129 Thread 0x00007fed4c002000 Exception <a 'java/lang/NoSuchFieldError': method resolution failed> (0x000000076af02ec8) thrown at [/HUDSON3/workspace/8-2-build-macosx-x86_64/jdk8u73/6086/hotspot/src/share/vm/prims/methodHandles.cpp, line 1146]
Event: 0.307 Thread 0x00007fed4c002000 Exception <a 'java/io/FileNotFoundException'> (0x000000076af7ed60) thrown at [/HUDSON3/workspace/8-2-build-macosx-x86_64/jdk8u73/6086/hotspot/src/share/vm/prims/jni.cpp, line 709]
Event: 0.307 Thread 0x00007fed4c002000 Exception <a 'java/io/FileNotFoundException'> (0x000000076af7f890) thrown at [/HUDSON3/workspace/8-2-build-macosx-x86_64/jdk8u73/6086/hotspot/src/share/vm/prims/jni.cpp, line 709]
Event: 0.415 Thread 0x00007fed4c002000 Exception <a 'java/io/FileNotFoundException'> (0x000000076b2b5e48) thrown at [/HUDSON3/workspace/8-2-build-macosx-x86_64/jdk8u73/6086/hotspot/src/share/vm/prims/jni.cpp, line 709]
Event: 2.459 Thread 0x00007fed4bcc6000 Exception <a 'java/lang/UnsatisfiedLinkError': com.jogamp.common.util.JarUtil.fixNativeLibAttribs(Ljava/lang/String;)Z> (0x000000076c7a2a58) thrown at [/HUDSON3/workspace/8-2-build-macosx-x86_64/jdk8u73/6086/hotspot/src/share/vm/prims/nativeLookup.cpp, li
Event: 3.369 Thread 0x00007fed4ea91800 Exception <a 'java/io/FileNotFoundException'> (0x000000076d819848) thrown at [/HUDSON3/workspace/8-2-build-macosx-x86_64/jdk8u73/6086/hotspot/src/share/vm/prims/jni.cpp, line 709]
Event: 3.369 Thread 0x00007fed4ea91800 Exception <a 'java/io/FileNotFoundException'> (0x000000076d81fa48) thrown at [/HUDSON3/workspace/8-2-build-macosx-x86_64/jdk8u73/6086/hotspot/src/share/vm/prims/jni.cpp, line 709]
Event: 3.370 Thread 0x00007fed4ea91800 Implicit null exception at 0x0000000107b490f5 to 0x0000000107b49459
Event: 3.551 Thread 0x00007fed4c03d000 Exception <a 'java/lang/NullPointerException'> (0x000000076ad09cc8) thrown at [/HUDSON3/workspace/8-2-build-macosx-x86_64/jdk8u73/6086/hotspot/src/share/vm/interpreter/linkResolver.cpp, line 1178]
Event: 45.563 Thread 0x00007fed4b100000 Exception <a 'java/security/PrivilegedActionException'> (0x000000076d9531f0) thrown at [/HUDSON3/workspace/8-2-build-macosx-x86_64/jdk8u73/6086/hotspot/src/share/vm/prims/jvm.cpp, line 1386]

Events (10 events):
Event: 54.442 Executing VM operation: Deoptimize
Event: 54.442 Executing VM operation: Deoptimize done
Event: 54.443 loading class java/awt/Toolkit$ToolkitEventMulticaster
Event: 54.443 loading class java/awt/Toolkit$ToolkitEventMulticaster done
Event: 54.443 Thread 0x00007fed4ea91800 Uncommon trap: trap_request=0xffffff65 fr.pc=0x0000000107b238c4
Event: 54.443 Thread 0x00007fed4ea91800 DEOPT PACKING pc=0x0000000107b238c4 sp=0x0000700009c77950
Event: 54.443 Thread 0x00007fed4ea91800 DEOPT UNPACKING pc=0x0000000107997229 sp=0x0000700009c778a8 mode 2
Event: 54.443 Thread 0x00007fed4e929800 Thread exited: 0x00007fed4e929800
Event: 54.443 loading class java/awt/Window$1DisposeAction
Event: 54.443 loading class java/awt/Window$1DisposeAction done


Dynamic libraries:
0x0000000001864000 	/System/Library/Frameworks/Cocoa.framework/Versions/A/Cocoa
0x0000000001864000 	/System/Library/Frameworks/Security.framework/Versions/A/Security
0x0000000001864000 	/System/Library/Frameworks/ApplicationServices.framework/Versions/A/ApplicationServices
0x0000000001864000 	/usr/lib/libz.1.dylib
0x0000000001864000 	/usr/lib/libSystem.B.dylib
0x0000000001864000 	/usr/lib/libobjc.A.dylib
0x0000000001864000 	/System/Library/Frameworks/CoreFoundation.framework/Versions/A/CoreFoundation
0x0000000001864000 	/System/Library/Frameworks/Foundation.framework/Versions/C/Foundation
0x0000000001864000 	/System/Library/Frameworks/AppKit.framework/Versions/C/AppKit
0x0000000001864000 	/System/Library/Frameworks/CoreData.framework/Versions/A/CoreData
0x0000000001864000 	/System/Library/PrivateFrameworks/RemoteViewServices.framework/Versions/A/RemoteViewServices
0x0000000001864000 	/System/Library/PrivateFrameworks/UIFoundation.framework/Versions/A/UIFoundation
0x0000000001864000 	/System/Library/PrivateFrameworks/DFRFoundation.framework/Versions/A/DFRFoundation
0x0000000001864000 	/System/Library/Frameworks/Metal.framework/Versions/A/Metal
0x0000000001864000 	/System/Library/PrivateFrameworks/DesktopServicesPriv.framework/Versions/A/DesktopServicesPriv
0x0000000001864000 	/usr/lib/libenergytrace.dylib
0x0000000001864000 	/System/Library/PrivateFrameworks/SkyLight.framework/Versions/A/SkyLight
0x0000000001864000 	/System/Library/Frameworks/CoreGraphics.framework/Versions/A/CoreGraphics
0x0000000001864000 	/usr/lib/libScreenReader.dylib
0x0000000001864000 	/System/Library/Frameworks/Accelerate.framework/Versions/A/Accelerate
0x0000000001864000 	/System/Library/Frameworks/IOSurface.framework/Versions/A/IOSurface
0x0000000001864000 	/System/Library/Frameworks/AudioToolbox.framework/Versions/A/AudioToolbox
0x0000000001864000 	/System/Library/Frameworks/AudioUnit.framework/Versions/A/AudioUnit
0x0000000001864000 	/System/Library/PrivateFrameworks/DataDetectorsCore.framework/Versions/A/DataDetectorsCore
0x0000000001864000 	/System/Library/Frameworks/Carbon.framework/Versions/A/Frameworks/HIToolbox.framework/Versions/A/HIToolbox
0x0000000001864000 	/usr/lib/libicucore.A.dylib
0x0000000001864000 	/System/Library/Frameworks/QuartzCore.framework/Versions/A/QuartzCore
0x0000000001864000 	/System/Library/PrivateFrameworks/SignpostNotification.framework/Versions/A/SignpostNotification
0x0000000001864000 	/System/Library/Frameworks/Carbon.framework/Versions/A/Frameworks/SpeechRecognition.framework/Versions/A/SpeechRecognition
0x0000000001864000 	/usr/lib/libauto.dylib
0x0000000001864000 	/usr/lib/libxml2.2.dylib
0x0000000001864000 	/System/Library/PrivateFrameworks/CoreUI.framework/Versions/A/CoreUI
0x0000000001864000 	/System/Library/Frameworks/CoreAudio.framework/Versions/A/CoreAudio
0x0000000001864000 	/System/Library/Frameworks/DiskArbitration.framework/Versions/A/DiskArbitration
0x0000000001864000 	/usr/lib/liblangid.dylib
0x0000000001864000 	/System/Library/PrivateFrameworks/MultitouchSupport.framework/Versions/A/MultitouchSupport
0x0000000001864000 	/System/Library/Frameworks/IOKit.framework/Versions/A/IOKit
0x0000000001864000 	/usr/lib/libDiagnosticMessagesClient.dylib
0x0000000001864000 	/System/Library/Frameworks/CoreServices.framework/Versions/A/CoreServices
0x0000000001864000 	/System/Library/PrivateFrameworks/PerformanceAnalysis.framework/Versions/A/PerformanceAnalysis
0x0000000001864000 	/System/Library/Frameworks/OpenGL.framework/Versions/A/OpenGL
0x0000000001864000 	/System/Library/Frameworks/ColorSync.framework/Versions/A/ColorSync
0x0000000001864000 	/System/Library/Frameworks/CoreImage.framework/Versions/A/CoreImage
0x0000000001864000 	/System/Library/Frameworks/CoreText.framework/Versions/A/CoreText
0x0000000001864000 	/System/Library/Frameworks/ImageIO.framework/Versions/A/ImageIO
0x0000000001864000 	/System/Library/PrivateFrameworks/Backup.framework/Versions/A/Backup
0x0000000001864000 	/usr/lib/libarchive.2.dylib
0x0000000001864000 	/System/Library/Frameworks/CFNetwork.framework/Versions/A/CFNetwork
0x0000000001864000 	/System/Library/Frameworks/SystemConfiguration.framework/Versions/A/SystemConfiguration
0x0000000001864000 	/usr/lib/libCRFSuite.dylib
0x0000000001864000 	/usr/lib/libc++.1.dylib
0x0000000001864000 	/usr/lib/libc++abi.dylib
0x0000000001864000 	/usr/lib/system/libcache.dylib
0x0000000001864000 	/usr/lib/system/libcommonCrypto.dylib
0x0000000001864000 	/usr/lib/system/libcompiler_rt.dylib
0x0000000001864000 	/usr/lib/system/libcopyfile.dylib
0x0000000001864000 	/usr/lib/system/libcorecrypto.dylib
0x0000000001864000 	/usr/lib/system/libdispatch.dylib
0x0000000001864000 	/usr/lib/system/libdyld.dylib
0x0000000001864000 	/usr/lib/system/libkeymgr.dylib
0x0000000001864000 	/usr/lib/system/liblaunch.dylib
0x0000000001864000 	/usr/lib/system/libmacho.dylib
0x0000000001864000 	/usr/lib/system/libquarantine.dylib
0x0000000001864000 	/usr/lib/system/libremovefile.dylib
0x0000000001864000 	/usr/lib/system/libsystem_asl.dylib
0x0000000001864000 	/usr/lib/system/libsystem_blocks.dylib
0x0000000001864000 	/usr/lib/system/libsystem_c.dylib
0x0000000001864000 	/usr/lib/system/libsystem_configuration.dylib
0x0000000001864000 	/usr/lib/system/libsystem_coreservices.dylib
0x0000000001864000 	/usr/lib/system/libsystem_darwin.dylib
0x0000000001864000 	/usr/lib/system/libsystem_dnssd.dylib
0x0000000001864000 	/usr/lib/system/libsystem_info.dylib
0x0000000001864000 	/usr/lib/system/libsystem_m.dylib
0x0000000001864000 	/usr/lib/system/libsystem_malloc.dylib
0x0000000001864000 	/usr/lib/system/libsystem_network.dylib
0x0000000001864000 	/usr/lib/system/libsystem_networkextension.dylib
0x0000000001864000 	/usr/lib/system/libsystem_notify.dylib
0x0000000001864000 	/usr/lib/system/libsystem_sandbox.dylib
0x0000000001864000 	/usr/lib/system/libsystem_secinit.dylib
0x0000000001864000 	/usr/lib/system/libsystem_kernel.dylib
0x0000000001864000 	/usr/lib/system/libsystem_platform.dylib
0x0000000001864000 	/usr/lib/system/libsystem_pthread.dylib
0x0000000001864000 	/usr/lib/system/libsystem_symptoms.dylib
0x0000000001864000 	/usr/lib/system/libsystem_trace.dylib
0x0000000001864000 	/usr/lib/system/libunwind.dylib
0x0000000001864000 	/usr/lib/system/libxpc.dylib
0x0000000001864000 	/usr/lib/closure/libclosured.dylib
0x0000000001864000 	/usr/lib/libbsm.0.dylib
0x0000000001864000 	/usr/lib/system/libkxld.dylib
0x0000000001864000 	/usr/lib/libOpenScriptingUtil.dylib
0x0000000001864000 	/usr/lib/libcoretls.dylib
0x0000000001864000 	/usr/lib/libcoretls_cfhelpers.dylib
0x0000000001864000 	/usr/lib/libpam.2.dylib
0x0000000001864000 	/usr/lib/libsqlite3.dylib
0x0000000001864000 	/usr/lib/libxar.1.dylib
0x0000000001864000 	/usr/lib/libbz2.1.0.dylib
0x0000000001864000 	/usr/lib/liblzma.5.dylib
0x0000000001864000 	/usr/lib/libnetwork.dylib
0x0000000001864000 	/usr/lib/libapple_nghttp2.dylib
0x0000000001864000 	/usr/lib/libpcap.A.dylib
0x0000000001864000 	/usr/lib/libboringssl.dylib
0x0000000001864000 	/usr/lib/libusrtcp.dylib
0x0000000001864000 	/usr/lib/libapple_crypto.dylib
0x0000000001864000 	/System/Library/Frameworks/CoreServices.framework/Versions/A/Frameworks/FSEvents.framework/Versions/A/FSEvents
0x0000000001864000 	/System/Library/Frameworks/CoreServices.framework/Versions/A/Frameworks/CarbonCore.framework/Versions/A/CarbonCore
0x0000000001864000 	/System/Library/Frameworks/CoreServices.framework/Versions/A/Frameworks/Metadata.framework/Versions/A/Metadata
0x0000000001864000 	/System/Library/Frameworks/CoreServices.framework/Versions/A/Frameworks/OSServices.framework/Versions/A/OSServices
0x0000000001864000 	/System/Library/Frameworks/CoreServices.framework/Versions/A/Frameworks/SearchKit.framework/Versions/A/SearchKit
0x0000000001864000 	/System/Library/Frameworks/CoreServices.framework/Versions/A/Frameworks/AE.framework/Versions/A/AE
0x0000000001864000 	/System/Library/Frameworks/CoreServices.framework/Versions/A/Frameworks/LaunchServices.framework/Versions/A/LaunchServices
0x0000000001864000 	/System/Library/Frameworks/CoreServices.framework/Versions/A/Frameworks/DictionaryServices.framework/Versions/A/DictionaryServices
0x0000000001864000 	/System/Library/Frameworks/CoreServices.framework/Versions/A/Frameworks/SharedFileList.framework/Versions/A/SharedFileList
0x0000000001864000 	/System/Library/Frameworks/NetFS.framework/Versions/A/NetFS
0x0000000001864000 	/System/Library/PrivateFrameworks/NetAuth.framework/Versions/A/NetAuth
0x0000000001864000 	/System/Library/PrivateFrameworks/login.framework/Versions/A/Frameworks/loginsupport.framework/Versions/A/loginsupport
0x0000000001864000 	/System/Library/PrivateFrameworks/TCC.framework/Versions/A/TCC
0x0000000001864000 	/usr/lib/libmecabra.dylib
0x0000000001864000 	/System/Library/Frameworks/ApplicationServices.framework/Versions/A/Frameworks/ATS.framework/Versions/A/ATS
0x0000000001864000 	/System/Library/Frameworks/ApplicationServices.framework/Versions/A/Frameworks/ColorSyncLegacy.framework/Versions/A/ColorSyncLegacy
0x0000000001864000 	/System/Library/Frameworks/ApplicationServices.framework/Versions/A/Frameworks/HIServices.framework/Versions/A/HIServices
0x0000000001864000 	/System/Library/Frameworks/ApplicationServices.framework/Versions/A/Frameworks/LangAnalysis.framework/Versions/A/LangAnalysis
0x0000000001864000 	/System/Library/Frameworks/ApplicationServices.framework/Versions/A/Frameworks/PrintCore.framework/Versions/A/PrintCore
0x0000000001864000 	/System/Library/Frameworks/ApplicationServices.framework/Versions/A/Frameworks/QD.framework/Versions/A/QD
0x0000000001864000 	/System/Library/Frameworks/ApplicationServices.framework/Versions/A/Frameworks/SpeechSynthesis.framework/Versions/A/SpeechSynthesis
0x0000000001864000 	/System/Library/Frameworks/CoreDisplay.framework/Versions/A/CoreDisplay
0x0000000001864000 	/System/Library/Frameworks/Accelerate.framework/Versions/A/Frameworks/vImage.framework/Versions/A/vImage
0x0000000001864000 	/System/Library/Frameworks/Accelerate.framework/Versions/A/Frameworks/vecLib.framework/Versions/A/vecLib
0x0000000001864000 	/System/Library/Frameworks/Accelerate.framework/Versions/A/Frameworks/vecLib.framework/Versions/A/libvDSP.dylib
0x0000000001864000 	/System/Library/Frameworks/Accelerate.framework/Versions/A/Frameworks/vecLib.framework/Versions/A/libBNNS.dylib
0x0000000001864000 	/System/Library/Frameworks/Accelerate.framework/Versions/A/Frameworks/vecLib.framework/Versions/A/libQuadrature.dylib
0x0000000001864000 	/System/Library/Frameworks/Accelerate.framework/Versions/A/Frameworks/vecLib.framework/Versions/A/libvMisc.dylib
0x0000000001864000 	/System/Library/Frameworks/Accelerate.framework/Versions/A/Frameworks/vecLib.framework/Versions/A/libLAPACK.dylib
0x0000000001864000 	/System/Library/Frameworks/Accelerate.framework/Versions/A/Frameworks/vecLib.framework/Versions/A/libBLAS.dylib
0x0000000001864000 	/System/Library/Frameworks/Accelerate.framework/Versions/A/Frameworks/vecLib.framework/Versions/A/libLinearAlgebra.dylib
0x0000000001864000 	/System/Library/Frameworks/Accelerate.framework/Versions/A/Frameworks/vecLib.framework/Versions/A/libSparse.dylib
0x0000000001864000 	/System/Library/Frameworks/Accelerate.framework/Versions/A/Frameworks/vecLib.framework/Versions/A/libSparseBLAS.dylib
0x0000000001864000 	/System/Library/PrivateFrameworks/GPUWrangler.framework/Versions/A/GPUWrangler
0x0000000001864000 	/System/Library/PrivateFrameworks/IOAccelerator.framework/Versions/A/IOAccelerator
0x0000000001864000 	/System/Library/PrivateFrameworks/IOPresentment.framework/Versions/A/IOPresentment
0x0000000001864000 	/System/Library/PrivateFrameworks/DSExternalDisplay.framework/Versions/A/DSExternalDisplay
0x0000000001864000 	/System/Library/Frameworks/OpenGL.framework/Versions/A/Libraries/libCoreFSCache.dylib
0x0000000001864000 	/System/Library/Frameworks/CoreVideo.framework/Versions/A/CoreVideo
0x0000000001864000 	/System/Library/PrivateFrameworks/GraphVisualizer.framework/Versions/A/GraphVisualizer
0x0000000001864000 	/System/Library/Frameworks/MetalPerformanceShaders.framework/Versions/A/MetalPerformanceShaders
0x0000000001864000 	/usr/lib/libFosl_dynamic.dylib
0x0000000001864000 	/System/Library/PrivateFrameworks/FaceCore.framework/Versions/A/FaceCore
0x0000000001864000 	/System/Library/Frameworks/OpenCL.framework/Versions/A/OpenCL
0x0000000001864000 	/usr/lib/libcompression.dylib
0x0000000001864000 	/System/Library/Frameworks/ApplicationServices.framework/Versions/A/Frameworks/ATS.framework/Versions/A/Resources/libFontParser.dylib
0x0000000001864000 	/System/Library/Frameworks/ApplicationServices.framework/Versions/A/Frameworks/ATS.framework/Versions/A/Resources/libFontRegistry.dylib
0x0000000001864000 	/System/Library/Frameworks/ImageIO.framework/Versions/A/Resources/libJPEG.dylib
0x0000000001864000 	/System/Library/Frameworks/ImageIO.framework/Versions/A/Resources/libTIFF.dylib
0x0000000001864000 	/System/Library/Frameworks/ImageIO.framework/Versions/A/Resources/libPng.dylib
0x0000000001864000 	/System/Library/Frameworks/ImageIO.framework/Versions/A/Resources/libGIF.dylib
0x0000000001864000 	/System/Library/Frameworks/ImageIO.framework/Versions/A/Resources/libJP2.dylib
0x0000000001864000 	/System/Library/Frameworks/ImageIO.framework/Versions/A/Resources/libRadiance.dylib
0x0000000001864000 	/System/Library/PrivateFrameworks/AppleJPEG.framework/Versions/A/AppleJPEG
0x0000000001864000 	/System/Library/Frameworks/MetalPerformanceShaders.framework/Frameworks/MPSCore.framework/Versions/A/MPSCore
0x0000000001864000 	/System/Library/Frameworks/MetalPerformanceShaders.framework/Frameworks/MPSImage.framework/Versions/A/MPSImage
0x0000000001864000 	/System/Library/Frameworks/MetalPerformanceShaders.framework/Frameworks/MPSNeuralNetwork.framework/Versions/A/MPSNeuralNetwork
0x0000000001864000 	/System/Library/Frameworks/MetalPerformanceShaders.framework/Frameworks/MPSMatrix.framework/Versions/A/MPSMatrix
0x0000000001864000 	/System/Library/PrivateFrameworks/MetalTools.framework/Versions/A/MetalTools
0x0000000001864000 	/System/Library/Frameworks/OpenGL.framework/Versions/A/Libraries/libGLU.dylib
0x0000000001864000 	/System/Library/Frameworks/OpenGL.framework/Versions/A/Libraries/libGFXShared.dylib
0x0000000001864000 	/System/Library/Frameworks/OpenGL.framework/Versions/A/Libraries/libGL.dylib
0x0000000001864000 	/System/Library/Frameworks/OpenGL.framework/Versions/A/Libraries/libGLImage.dylib
0x0000000001864000 	/System/Library/Frameworks/OpenGL.framework/Versions/A/Libraries/libCVMSPluginSupport.dylib
0x0000000001864000 	/System/Library/Frameworks/OpenGL.framework/Versions/A/Libraries/libCoreVMClient.dylib
0x0000000001864000 	/usr/lib/libcups.2.dylib
0x0000000001864000 	/System/Library/Frameworks/Kerberos.framework/Versions/A/Kerberos
0x0000000001864000 	/System/Library/Frameworks/GSS.framework/Versions/A/GSS
0x0000000001864000 	/usr/lib/libresolv.9.dylib
0x0000000001864000 	/usr/lib/libiconv.2.dylib
0x0000000001864000 	/System/Library/PrivateFrameworks/Heimdal.framework/Versions/A/Heimdal
0x0000000001864000 	/usr/lib/libheimdal-asn1.dylib
0x0000000001864000 	/System/Library/Frameworks/OpenDirectory.framework/Versions/A/OpenDirectory
0x0000000001864000 	/System/Library/PrivateFrameworks/CommonAuth.framework/Versions/A/CommonAuth
0x0000000001864000 	/System/Library/Frameworks/OpenDirectory.framework/Versions/A/Frameworks/CFOpenDirectory.framework/Versions/A/CFOpenDirectory
0x0000000001864000 	/System/Library/Frameworks/SecurityFoundation.framework/Versions/A/SecurityFoundation
0x0000000001864000 	/System/Library/PrivateFrameworks/APFS.framework/Versions/A/APFS
0x0000000001864000 	/usr/lib/libutil.dylib
0x0000000001864000 	/System/Library/PrivateFrameworks/AppleSauce.framework/Versions/A/AppleSauce
0x0000000001864000 	/System/Library/PrivateFrameworks/LinguisticData.framework/Versions/A/LinguisticData
0x0000000001864000 	/usr/lib/libmarisa.dylib
0x0000000001864000 	/System/Library/PrivateFrameworks/Lexicon.framework/Versions/A/Lexicon
0x0000000001864000 	/usr/lib/libChineseTokenizer.dylib
0x0000000001864000 	/usr/lib/libcmph.dylib
0x0000000001864000 	/System/Library/PrivateFrameworks/LanguageModeling.framework/Versions/A/LanguageModeling
0x0000000001864000 	/System/Library/PrivateFrameworks/CoreEmoji.framework/Versions/A/CoreEmoji
0x0000000001864000 	/System/Library/Frameworks/ServiceManagement.framework/Versions/A/ServiceManagement
0x0000000001864000 	/System/Library/PrivateFrameworks/BackgroundTaskManagement.framework/Versions/A/BackgroundTaskManagement
0x0000000001864000 	/usr/lib/libxslt.1.dylib
0x0000000001864000 	/System/Library/Frameworks/Carbon.framework/Versions/A/Frameworks/Ink.framework/Versions/A/Ink
0x0000000001864000 	/System/Library/PrivateFrameworks/TextureIO.framework/Versions/A/TextureIO
0x0000000001864000 	/usr/lib/libate.dylib
0x0000000001864000 	/System/Library/PrivateFrameworks/CrashReporterSupport.framework/Versions/A/CrashReporterSupport
0x0000000001864000 	/System/Library/PrivateFrameworks/Sharing.framework/Versions/A/Sharing
0x0000000001864000 	/System/Library/PrivateFrameworks/IconServices.framework/Versions/A/IconServices
0x0000000001864000 	/System/Library/PrivateFrameworks/AuthKit.framework/Versions/A/AuthKit
0x0000000001864000 	/System/Library/PrivateFrameworks/Apple80211.framework/Versions/A/Apple80211
0x0000000001864000 	/System/Library/PrivateFrameworks/CoreUtils.framework/Versions/A/CoreUtils
0x0000000001864000 	/System/Library/Frameworks/CoreWLAN.framework/Versions/A/CoreWLAN
0x0000000001864000 	/System/Library/Frameworks/IOBluetooth.framework/Versions/A/IOBluetooth
0x0000000001864000 	/System/Library/PrivateFrameworks/ProtocolBuffer.framework/Versions/A/ProtocolBuffer
0x0000000001864000 	/System/Library/PrivateFrameworks/MobileKeyBag.framework/Versions/A/MobileKeyBag
0x0000000001864000 	/System/Library/PrivateFrameworks/CorePhoneNumbers.framework/Versions/A/CorePhoneNumbers
0x0000000001864000 	/System/Library/PrivateFrameworks/AppleIDAuthSupport.framework/Versions/A/AppleIDAuthSupport
0x0000000001864000 	/System/Library/PrivateFrameworks/KeychainCircle.framework/Versions/A/KeychainCircle
0x0000000001864000 	/System/Library/PrivateFrameworks/CoreWiFi.framework/Versions/A/CoreWiFi
0x0000000001864000 	/System/Library/Frameworks/CoreBluetooth.framework/Versions/A/CoreBluetooth
0x0000000001864000 	/System/Library/PrivateFrameworks/DebugSymbols.framework/Versions/A/DebugSymbols
0x0000000001864000 	/System/Library/PrivateFrameworks/CoreSymbolication.framework/Versions/A/CoreSymbolication
0x0000000001864000 	/System/Library/PrivateFrameworks/Symbolication.framework/Versions/A/Symbolication
0x0000000001864000 	/System/Library/PrivateFrameworks/AppleFSCompression.framework/Versions/A/AppleFSCompression
0x0000000001864000 	/System/Library/PrivateFrameworks/SpeechRecognitionCore.framework/Versions/A/SpeechRecognitionCore
0x0000000101400000 	/Library/Java/JavaVirtualMachines/jdk1.8.0_73.jdk/Contents/Home/jre/lib/server/libjvm.dylib
0x0000000001864000 	/usr/lib/libstdc++.6.0.9.dylib
0x00000001002b3000 	/Library/Java/JavaVirtualMachines/jdk1.8.0_73.jdk/Contents/Home/jre/lib/libverify.dylib
0x00000001002c1000 	/Library/Java/JavaVirtualMachines/jdk1.8.0_73.jdk/Contents/Home/jre/lib/libjava.dylib
0x0000000100340000 	/Library/Java/JavaVirtualMachines/jdk1.8.0_73.jdk/Contents/Home/jre/lib/libzip.dylib
0x0000000001864000 	/System/Library/Frameworks/JavaVM.framework/Versions/A/Frameworks/JavaRuntimeSupport.framework/Versions/A/JavaRuntimeSupport
0x0000000001864000 	/System/Library/Frameworks/JavaVM.framework/Versions/A/Frameworks/JavaNativeFoundation.framework/Versions/A/JavaNativeFoundation
0x0000000001864000 	/System/Library/Frameworks/JavaVM.framework/Versions/A/JavaVM
0x0000000001864000 	/System/Library/Frameworks/Carbon.framework/Versions/A/Carbon
0x0000000001864000 	/System/Library/PrivateFrameworks/JavaLaunching.framework/Versions/A/JavaLaunching
0x0000000001864000 	/System/Library/Frameworks/Carbon.framework/Versions/A/Frameworks/CommonPanels.framework/Versions/A/CommonPanels
0x0000000001864000 	/System/Library/Frameworks/Carbon.framework/Versions/A/Frameworks/Help.framework/Versions/A/Help
0x0000000001864000 	/System/Library/Frameworks/Carbon.framework/Versions/A/Frameworks/ImageCapture.framework/Versions/A/ImageCapture
0x0000000001864000 	/System/Library/Frameworks/Carbon.framework/Versions/A/Frameworks/OpenScripting.framework/Versions/A/OpenScripting
0x0000000001864000 	/System/Library/Frameworks/Carbon.framework/Versions/A/Frameworks/Print.framework/Versions/A/Print
0x0000000001864000 	/System/Library/Frameworks/Carbon.framework/Versions/A/Frameworks/SecurityHI.framework/Versions/A/SecurityHI
0x00000001063e4000 	/Library/Java/JavaVirtualMachines/jdk1.8.0_73.jdk/Contents/Home/jre/lib/libawt.dylib
0x000000010648c000 	/Library/Java/JavaVirtualMachines/jdk1.8.0_73.jdk/Contents/Home/jre/lib/./libmlib_image.dylib
0x0000000106558000 	/Library/Java/JavaVirtualMachines/jdk1.8.0_73.jdk/Contents/Home/jre/lib/libawt_lwawt.dylib
0x000000010660d000 	/Library/Java/JavaVirtualMachines/jdk1.8.0_73.jdk/Contents/Home/jre/lib/./libosxapp.dylib
0x0000000001864000 	/System/Library/Frameworks/ExceptionHandling.framework/Versions/A/ExceptionHandling
0x0000000001864000 	/System/Library/PrivateFrameworks/CoreServicesInternal.framework/Versions/A/CoreServicesInternal
0x0000000001864000 	/System/Library/CoreServices/RawCamera.bundle/Contents/MacOS/RawCamera
0x0000000001864000 	/System/Library/PrivateFrameworks/MobileAsset.framework/Versions/A/MobileAsset
0x0000000001864000 	/System/Library/PrivateFrameworks/StreamingZip.framework/Versions/A/StreamingZip
0x0000000001864000 	/System/Library/Frameworks/MediaToolbox.framework/Versions/A/MediaToolbox
0x0000000001864000 	/System/Library/PrivateFrameworks/CoreAVCHD.framework/Versions/A/CoreAVCHD
0x0000000001864000 	/System/Library/Frameworks/MediaAccessibility.framework/Versions/A/MediaAccessibility
0x0000000001864000 	/System/Library/PrivateFrameworks/Mangrove.framework/Versions/A/Mangrove
0x0000000001864000 	/System/Library/Frameworks/CoreMedia.framework/Versions/A/CoreMedia
0x0000000001864000 	/System/Library/Frameworks/VideoToolbox.framework/Versions/A/VideoToolbox
0x0000000001864000 	/System/Library/PrivateFrameworks/CoreAUC.framework/Versions/A/CoreAUC
0x0000000001864000 	/usr/lib/libspindump.dylib
0x0000000001864000 	/System/Library/PrivateFrameworks/AppleVA.framework/Versions/A/AppleVA
0x0000000001864000 	/System/Library/Frameworks/Accelerate.framework/Versions/A/Frameworks/vImage.framework/Versions/A/Libraries/libCGInterfaces.dylib
0x0000000001864000 	/System/Library/Frameworks/ApplicationServices.framework/Versions/A/Frameworks/ATS.framework/Versions/A/Resources/libTrueTypeScaler.dylib
0x0000000001864000 	/System/Library/Extensions/AppleIntelHD5000GraphicsMTLDriver.bundle/Contents/MacOS/AppleIntelHD5000GraphicsMTLDriver
0x0000000001864000 	/System/Library/PrivateFrameworks/GPUCompiler.framework/Versions/3802/Libraries/libmetal_timestamp.dylib
0x0000000001864000 	/System/Library/PrivateFrameworks/FamilyControls.framework/Versions/A/FamilyControls
0x0000000001864000 	/System/Library/PrivateFrameworks/CommerceKit.framework/Versions/A/Frameworks/CommerceCore.framework/Versions/A/CommerceCore
0x0000000001864000 	/System/Library/PrivateFrameworks/SystemAdministration.framework/Versions/A/SystemAdministration
0x0000000001864000 	/System/Library/PrivateFrameworks/AppContainer.framework/Versions/A/AppContainer
0x0000000001864000 	/System/Library/PrivateFrameworks/SecCodeWrapper.framework/Versions/A/SecCodeWrapper
0x0000000001864000 	/System/Library/PrivateFrameworks/DiskManagement.framework/Versions/A/DiskManagement
0x0000000001864000 	/System/Library/Frameworks/DirectoryService.framework/Versions/A/DirectoryService
0x0000000001864000 	/System/Library/PrivateFrameworks/DiskImages.framework/Versions/A/DiskImages
0x0000000001864000 	/System/Library/PrivateFrameworks/LoginUIKit.framework/Versions/A/Frameworks/LoginUICore.framework/Versions/A/LoginUICore
0x0000000001864000 	/usr/lib/libCoreStorage.dylib
0x0000000001864000 	/usr/lib/libcsfde.dylib
0x0000000001864000 	/usr/lib/libodfde.dylib
0x0000000001864000 	/System/Library/PrivateFrameworks/MediaKit.framework/Versions/A/MediaKit
0x0000000001864000 	/System/Library/Frameworks/DiscRecording.framework/Versions/A/DiscRecording
0x0000000001864000 	/System/Library/PrivateFrameworks/EFILogin.framework/Versions/A/EFILogin
0x0000000001864000 	/System/Library/PrivateFrameworks/ProtectedCloudStorage.framework/Versions/A/ProtectedCloudStorage
0x0000000001864000 	/usr/lib/libcurl.4.dylib
0x0000000001864000 	/usr/lib/libcrypto.35.dylib
0x0000000001864000 	/usr/lib/libssl.35.dylib
0x0000000001864000 	/System/Library/Frameworks/LDAP.framework/Versions/A/LDAP
0x0000000001864000 	/System/Library/PrivateFrameworks/TrustEvaluationAgent.framework/Versions/A/TrustEvaluationAgent
0x0000000001864000 	/usr/lib/libsasl2.2.dylib
0x0000000001864000 	/System/Library/PrivateFrameworks/CoreDaemon.framework/Versions/B/CoreDaemon
0x0000000001864000 	/System/Library/PrivateFrameworks/AppleSRP.framework/Versions/A/AppleSRP
0x0000000001864000 	/System/Library/Frameworks/OpenGL.framework/Versions/A/Resources/GLEngine.bundle/GLEngine
0x0000000001864000 	/System/Library/Frameworks/OpenGL.framework/Versions/A/Libraries/libGLProgrammability.dylib
0x00000001215d7000 	/System/Library/Extensions/AppleIntelHD5000GraphicsGLDriver.bundle/Contents/MacOS/AppleIntelHD5000GraphicsGLDriver
0x0000000001864000 	/System/Library/PrivateFrameworks/GPUSupport.framework/Versions/A/Libraries/libGPUSupportMercury.dylib
0x0000000001864000 	/System/Library/Frameworks/OpenGL.framework/Versions/A/Resources/GLRendererFloat.bundle/GLRendererFloat
0x0000000001864000 	/System/Library/Frameworks/OpenCL.framework/Versions/A/Libraries/libcldcpuengine.dylib
0x0000000122abc000 	/Library/Java/JavaVirtualMachines/jdk1.8.0_73.jdk/Contents/Home/jre/lib/libfontmanager.dylib
0x0000000124146000 	/Library/Java/JavaVirtualMachines/jdk1.8.0_73.jdk/Contents/Home/jre/lib/libosxui.dylib
0x0000000001864000 	/System/Library/PrivateFrameworks/ViewBridge.framework/Versions/A/ViewBridge
0x0000000124ddb000 	/Library/Java/JavaVirtualMachines/jdk1.8.0_73.jdk/Contents/Home/jre/lib/libnet.dylib
0x0000000124df2000 	/Library/Java/JavaVirtualMachines/jdk1.8.0_73.jdk/Contents/Home/jre/lib/libnio.dylib
0x0000000106a72000 	/private/var/folders/qx/wrjdfy9d1sq4_104x_y4g7kr0000gn/T/jogamp_0000/file_cache/jln1480834182561612004/jln7788923565020698986/libgluegen-rt.jnilib
0x0000000106a77000 	/private/var/folders/qx/wrjdfy9d1sq4_104x_y4g7kr0000gn/T/jogamp_0000/file_cache/jln1480834182561612004/jln7788923565020698986/libnativewindow_awt.jnilib
0x0000000106a7a000 	/Library/Java/JavaVirtualMachines/jdk1.8.0_73.jdk/Contents/Home/jre/lib/libjawt.dylib
0x0000000106a7d000 	/private/var/folders/qx/wrjdfy9d1sq4_104x_y4g7kr0000gn/T/jogamp_0000/file_cache/jln1480834182561612004/jln7788923565020698986/libnativewindow_macosx.jnilib
0x0000000191d1b000 	/private/var/folders/qx/wrjdfy9d1sq4_104x_y4g7kr0000gn/T/jogamp_0000/file_cache/jln1480834182561612004/jln7788923565020698986/libjogl_desktop.jnilib
0x0000000106a87000 	/Library/Java/JavaVirtualMachines/jdk1.8.0_73.jdk/Contents/Home/jre/lib/libjpeg.dylib

VM Arguments:
jvm_args: -Djava.security.policy=java.policy.applet -Dfile.encoding=UTF-8 
java_command: sun.applet.AppletViewer module1.HelloWorld1536547187278.html
java_class_path (initial): /Library/Java/JavaVirtualMachines/jdk1.8.0_73.jdk/Contents/Home/jre/lib/resources.jar:/Library/Java/JavaVirtualMachines/jdk1.8.0_73.jdk/Contents/Home/jre/lib/rt.jar:/Library/Java/JavaVirtualMachines/jdk1.8.0_73.jdk/Contents/Home/jre/lib/jsse.jar:/Library/Java/JavaVirtualMachines/jdk1.8.0_73.jdk/Contents/Home/jre/lib/jce.jar:/Library/Java/JavaVirtualMachines/jdk1.8.0_73.jdk/Contents/Home/jre/lib/charsets.jar:/Library/Java/JavaVirtualMachines/jdk1.8.0_73.jdk/Contents/Home/jre/lib/jfr.jar:/Library/Java/JavaVirtualMachines/jdk1.8.0_73.jdk/Contents/Home/jre/lib/ext/sunec.jar:/Library/Java/JavaVirtualMachines/jdk1.8.0_73.jdk/Contents/Home/jre/lib/ext/nashorn.jar:/Library/Java/JavaVirtualMachines/jdk1.8.0_73.jdk/Contents/Home/jre/lib/ext/cldrdata.jar:/Library/Java/JavaVirtualMachines/jdk1.8.0_73.jdk/Contents/Home/jre/lib/ext/jfxrt.jar:/Library/Java/JavaVirtualMachines/jdk1.8.0_73.jdk/Contents/Home/jre/lib/ext/dnsns.jar:/Library/Java/JavaVirtualMachines/jdk1.8.0_73.jdk/Contents/Home/jre/lib/ext/localedata.jar:/Library/Java/JavaVirtualMachines/jdk1.8.0_73.jdk/Contents/Home/jre/lib/ext/sunjce_provider.jar:/Library/Java/JavaVirtualMachines/jdk1.8.0_73.jdk/Contents/Home/jre/lib/ext/sunpkcs11.jar:/Library/Java/JavaVirtualMachines/jdk1.8.0_73.jdk/Contents/Home/jre/lib/ext/jaccess.jar:/Library/Java/JavaVirtualMachines/jdk1.8.0_73.jdk/Contents/Home/jre/lib/ext/zipfs.jar:/System/Library/Java/Extensions/MRJToolkit.jar:/Users/ZRC/eclipse-workspace/UCSDUnfoldingMaps/build:/Users/ZRC/eclipse-workspace/UCSDUnfoldingMaps/lib/core.jar:/Users/ZRC/eclipse-workspace/UCSDUnfoldingMaps/lib/gluegen-rt.jar:/Users/ZRC/eclipse-workspace/UCSDUnfoldingMaps/lib/jogl-all.jar:/Users/ZRC/eclipse-workspace/UCSDUnfoldingMaps/lib/log4j-1.2.15.jar:/Users/ZRC/eclipse-workspace/UCSDUnfoldingMaps/lib/sqlite-jdbc-3.7.2.jar:/Users/ZRC/eclipse-workspace/UCSDUnfoldingMaps/lib/json4processing.jar:/Users/ZRC/eclipse-workspace/UCSDUnfoldingMaps/lib/libTUIO.jar:/Users/ZRC/eclipse-workspace/
Launcher Type: SUN_STANDARD

Environment Variables:
PATH=/usr/bin:/bin:/usr/sbin:/sbin
SHELL=/bin/zsh
DISPLAY=/private/tmp/com.apple.launchd.UtdO3Jmx8t/org.macosforge.xquartz:0

Signal Handlers:
SIGSEGV: [libjvm.dylib+0x5a71a5], sa_mask[0]=11111111011111110111111111111111, sa_flags=SA_ONSTACK|SA_RESTART|SA_SIGINFO
SIGBUS: [libjvm.dylib+0x5a71a5], sa_mask[0]=11111111011111110111111111111111, sa_flags=SA_RESTART|SA_SIGINFO
SIGFPE: [libjvm.dylib+0x480eb4], sa_mask[0]=11111111011111110111111111111111, sa_flags=SA_RESTART|SA_SIGINFO
SIGPIPE: [libjvm.dylib+0x480eb4], sa_mask[0]=11111111011111110111111111111111, sa_flags=SA_RESTART|SA_SIGINFO
SIGXFSZ: [libjvm.dylib+0x480eb4], sa_mask[0]=11111111011111110111111111111111, sa_flags=SA_RESTART|SA_SIGINFO
SIGILL: [libjvm.dylib+0x480eb4], sa_mask[0]=11111111011111110111111111111111, sa_flags=SA_RESTART|SA_SIGINFO
SIGUSR1: SIG_DFL, sa_mask[0]=00000000000000000000000000000000, sa_flags=none
SIGUSR2: [libjvm.dylib+0x4809d2], sa_mask[0]=00100000000000000000000000000000, sa_flags=SA_RESTART|SA_SIGINFO
SIGHUP: [libjvm.dylib+0x47efa9], sa_mask[0]=11111111011111110111111111111111, sa_flags=SA_RESTART|SA_SIGINFO
SIGINT: [libjvm.dylib+0x47efa9], sa_mask[0]=11111111011111110111111111111111, sa_flags=SA_RESTART|SA_SIGINFO
SIGTERM: [libjvm.dylib+0x47efa9], sa_mask[0]=11111111011111110111111111111111, sa_flags=SA_RESTART|SA_SIGINFO
SIGQUIT: [libjvm.dylib+0x47efa9], sa_mask[0]=11111111011111110111111111111111, sa_flags=SA_RESTART|SA_SIGINFO


---------------  S Y S T E M  ---------------

OS:Bsduname:Darwin 17.7.0 Darwin Kernel Version 17.7.0: Thu Jun 21 22:53:14 PDT 2018; root:xnu-4570.71.2~1/RELEASE_X86_64 x86_64
rlimit: STACK 8192k, CORE 0k, NPROC 1418, NOFILE 10240, AS infinity
load average:2.42 2.32 2.26

CPU:total 8 (4 cores per cpu, 2 threads per core) family 6 model 70 stepping 1, cmov, cx8, fxsr, mmx, sse, sse2, sse3, ssse3, sse4.1, sse4.2, popcnt, avx, avx2, aes, clmul, erms, lzcnt, ht, tsc, tscinvbit, bmi1, bmi2

Memory: 4k page, physical 16777216k(1630836k free)

/proc/meminfo:


vm_info: Java HotSpot(TM) 64-Bit Server VM (25.73-b02) for bsd-amd64 JRE (1.8.0_73-b02), built on Jan 29 2016 15:02:00 by "java_re" with gcc 4.2.1 (Based on Apple Inc. build 5658) (LLVM build 2336.11.00)

time: Sun Sep  9 22:40:41 2018
elapsed time: 54 seconds (0d 0h 0m 54s)

