#
# A fatal error has been detected by the Java Runtime Environment:
#
#  SIGSEGV (0xb) at pc=0x00007fff6f10d2ce, pid=15928, tid=775
#
# JRE version: Java(TM) SE Runtime Environment (8.0_73-b02) (build 1.8.0_73-b02)
# Java VM: Java HotSpot(TM) 64-Bit Server VM (25.73-b02 mixed mode bsd-amd64 compressed oops)
# Problematic frame:
# C  [libobjc.A.dylib+0x82ce]  _class_initialize+0x25
#
# Failed to write core dump. Core dumps have been disabled. To enable core dumping, try "ulimit -c unlimited" before starting Java again
#
# If you would like to submit a bug report, please visit:
#   http://bugreport.java.com/bugreport/crash.jsp
# The crash happened outside the Java Virtual Machine in native code.
# See problematic frame for where to report the bug.
#

---------------  T H R E A D  ---------------

Current thread (0x00007fb1210ba800):  JavaThread "AWT-AppKit" daemon [_thread_in_native, id=775, stack(0x00007ffee4fb1000,0x00007ffee57b1000)]

siginfo: si_signo: 11 (SIGSEGV), si_code: 1 (SEGV_MAPERR), si_addr: 0x00000000000007e8

Registers:
RAX=0x00007fffa2009178, RBX=0x00007ffffffffff8, RCX=0x0000000000000000, RDX=0x00000000010b8100
RSP=0x00007ffee57abb90, RBP=0x00007ffee57abbc0, RSI=0x010b8201010b8283, RDI=0x00007fffa2009178
R8 =0x00000000010b8100, R9 =0x00007fffa85832f0, R10=0x010b8201010b4600, R11=0x010b820100000000
R12=0x00007fffa2009178, R13=0x00007fffa2009178, R14=0x00000000000007c8, R15=0x00007fb125333e30
RIP=0x00007fff6f10d2ce, EFLAGS=0x0000000000010202, ERR=0x0000000000000004
  TRAPNO=0x000000000000000e

Top of Stack: (sp=0x00007ffee57abb90)
0x00007ffee57abb90:   00007fffa2009178 00007fffa85832d0
0x00007ffee57abba0:   00007fff4612631e 00007fffa2009178
0x00007ffee57abbb0:   00007ffffffffff8 00007fb125333e30
0x00007ffee57abbc0:   00007ffee57abc20 00007fff6f10ce8f
0x00007ffee57abbd0:   00007ffee57abc40 00007fff47e9fa07
0x00007ffee57abbe0:   00007ffee57abc50 00007fb125333e30
0x00007ffee57abbf0:   00000001e57abc08 0000000127f17450
0x00007ffee57abc00:   0000000000000000 000000019caa2818
0x00007ffee57abc10:   0000000127f17440 00007fb1210ba800
0x00007ffee57abc20:   00007ffee57abcf0 00007fff6f10c914
0x00007ffee57abc30:   0000000000000000 0000000000000000
0x00007ffee57abc40:   0000000000000001 0000000000000001
0x00007ffee57abc50:   00007fff4612631e 00007fb125333e30
0x00007ffee57abc60:   00007fb1253275b0 000000019caa2818
0x00007ffee57abc70:   0000000000000000 ffff000000000000
0x00007ffee57abc80:   00000000000000ff 0000000000000000
0x00007ffee57abc90:   0000000000000000 0000000000000000
0x00007ffee57abca0:   6f63616d5f747761 534f63614d5f7873
0x00007ffee57abcb0:   534f63614d5f7873 6e69575457414a58
0x00007ffee57abcc0:   80000000c4378000 0000000000000000
0x00007ffee57abcd0:   0000000044378000 0000000000000000
0x00007ffee57abce0:   0000000044610000 0000000000000000
0x00007ffee57abcf0:   00007ffee57abdb0 0000000127f15157
0x00007ffee57abd00:   00007ffee57abd50 0000000000000003
0x00007ffee57abd10:   00007ffee57abd30 000000010a679646
0x00007ffee57abd20:   000000019caa2818 000000019caa2818
0x00007ffee57abd30:   00007fb1253275b0 0000000127f176a0
0x00007ffee57abd40:   0000000127f17710 00007fffa1fc5b38
0x00007ffee57abd50:   00007fffa3715178 0000000127f17450
0x00007ffee57abd60:   0000000127f17690 00007fb1253275b0
0x00007ffee57abd70:   00007fb125333e30 00007fb11fd2a390
0x00007ffee57abd80:   00007fb1253275b0 00007fb125333e30 

Instructions: (pc=0x00007fff6f10d2ce)
0x00007fff6f10d2ae:   57 41 56 41 55 41 54 53 50 49 89 fc 48 bb f8 ff
0x00007fff6f10d2be:   ff ff ff 7f 00 00 4d 8b 74 24 08 4d 85 f6 74 2e
0x00007fff6f10d2ce:   49 8b 46 20 48 89 c1 48 21 d9 48 8b 49 08 f6 01
0x00007fff6f10d2de:   01 75 0a 49 8b 06 48 21 d8 48 8b 40 20 48 21 d8 

Register to memory mapping:

RAX=0x00007fffa2009178: __block_literal_global.67+0x4b40 in /System/Library/Frameworks/CoreFoundation.framework/Versions/A/CoreFoundation at 0x00007fff47e6d000
RBX=0x00007ffffffffff8 is an unknown value
RCX=0x0000000000000000 is an unknown value
RDX=0x00000000010b8100 is an unknown value
RSP=0x00007ffee57abb90 is pointing into the stack for thread: 0x00007fb1210ba800
RBP=0x00007ffee57abbc0 is pointing into the stack for thread: 0x00007fb1210ba800
RSI=0x010b8201010b8283 is an unknown value
RDI=0x00007fffa2009178: __block_literal_global.67+0x4b40 in /System/Library/Frameworks/CoreFoundation.framework/Versions/A/CoreFoundation at 0x00007fff47e6d000
R8 =0x00000000010b8100 is an unknown value
R9 =0x00007fffa85832f0: runtimeLock+0x20 in /usr/lib/libobjc.A.dylib at 0x00007fff6f105000
R10=0x010b8201010b4600 is an unknown value
R11=0x010b820100000000 is an unknown value
R12=0x00007fffa2009178: __block_literal_global.67+0x4b40 in /System/Library/Frameworks/CoreFoundation.framework/Versions/A/CoreFoundation at 0x00007fff47e6d000
R13=0x00007fffa2009178: __block_literal_global.67+0x4b40 in /System/Library/Frameworks/CoreFoundation.framework/Versions/A/CoreFoundation at 0x00007fff47e6d000
R14=0x00000000000007c8 is an unknown value
R15=0x00007fb125333e30 is an unknown value


Stack: [0x00007ffee4fb1000,0x00007ffee57b1000],  sp=0x00007ffee57abb90,  free space=8170k
Native frames: (J=compiled Java code, j=interpreted, Vv=VM code, C=native code)
C  [libobjc.A.dylib+0x82ce]  _class_initialize+0x25
C  [libobjc.A.dylib+0x7e8f]  lookUpImpOrForward+0xe4
C  [libobjc.A.dylib+0x7914]  _objc_msgSend_uncached+0x44
C  [libnativewindow_macosx.jnilib+0x5157]  Java_jogamp_nativewindow_jawt_macosx_MacOSXJAWTWindow_UnsetJAWTRootSurfaceLayer0+0xe7
j  jogamp.nativewindow.jawt.macosx.MacOSXJAWTWindow.UnsetJAWTRootSurfaceLayer0(JJ)V+0
j  jogamp.nativewindow.jawt.macosx.MacOSXJAWTWindow.access$200(JJ)V+2
j  jogamp.nativewindow.jawt.macosx.MacOSXJAWTWindow$1.run()V+38
J 2472 C1 com.jogamp.common.util.RunnableTask.run()V (345 bytes) @ 0x0000000114840254 [0x00000001148400c0+0x194]
v  ~StubRoutines::call_stub
V  [libjvm.dylib+0x2eae7a]
V  [libjvm.dylib+0x321f83]
V  [libjvm.dylib+0x314757]
C  [libnativewindow_macosx.jnilib+0x5326]  Java_jogamp_nativewindow_jawt_macosx_MacOSXJAWTWindow_UnsetJAWTRootSurfaceLayer0+0x2b6
C  [Foundation+0x682b5]  __NSThreadPerformPerform+0x14e
C  [CoreFoundation+0xa3a11]  __CFRUNLOOP_IS_CALLING_OUT_TO_A_SOURCE0_PERFORM_FUNCTION__+0x11
C  [CoreFoundation+0x15d42c]  __CFRunLoopDoSource0+0x6c
C  [CoreFoundation+0x864cc]  __CFRunLoopDoSources0+0x12c
C  [CoreFoundation+0x858ed]  __CFRunLoopRun+0x50d
C  [CoreFoundation+0x85153]  CFRunLoopRunSpecific+0x1e3
C  [HIToolbox+0x2fd96]  RunCurrentEventLoopInMode+0x11e
C  [HIToolbox+0x2fa0f]  ReceiveNextEventCommon+0x16e
C  [HIToolbox+0x2f884]  _BlockUntilNextEventMatchingListInModeWithFilter+0x40
C  [AppKit+0x41a73]  _DPSNextEvent+0x825
C  [AppKit+0x7d7e34]  -[NSApplication(NSEvent) _nextEventMatchingEventMask:untilDate:inMode:dequeue:]+0xbe4
C  [libosxapp.dylib+0x23aa]  -[NSApplicationAWT nextEventMatchingMask:untilDate:inMode:dequeue:]+0x7c
C  [AppKit+0x36885]  -[NSApplication run]+0x2fc
C  [libosxapp.dylib+0x214d]  +[NSApplicationAWT runAWTLoopWithApp:]+0x9c
C  [libawt_lwawt.dylib+0x4455b]  -[AWTStarter starter:]+0x389
C  [Foundation+0x682b5]  __NSThreadPerformPerform+0x14e
C  [CoreFoundation+0xa3a11]  __CFRUNLOOP_IS_CALLING_OUT_TO_A_SOURCE0_PERFORM_FUNCTION__+0x11
C  [CoreFoundation+0x15d42c]  __CFRunLoopDoSource0+0x6c
C  [CoreFoundation+0x86470]  __CFRunLoopDoSources0+0xd0
C  [CoreFoundation+0x858ed]  __CFRunLoopRun+0x50d
C  [CoreFoundation+0x85153]  CFRunLoopRunSpecific+0x1e3
C  [java+0x6463]  CreateExecutionEnvironment+0x367
C  [java+0x21ac]  JLI_Launch+0x7a0
C  [java+0x84c0]  main+0x65
C  [java+0x1a04]  start+0x34
C  0x0000000000000007

Java frames: (J=compiled Java code, j=interpreted, Vv=VM code)
j  jogamp.nativewindow.jawt.macosx.MacOSXJAWTWindow.UnsetJAWTRootSurfaceLayer0(JJ)V+0
j  jogamp.nativewindow.jawt.macosx.MacOSXJAWTWindow.access$200(JJ)V+2
j  jogamp.nativewindow.jawt.macosx.MacOSXJAWTWindow$1.run()V+38
J 2472 C1 com.jogamp.common.util.RunnableTask.run()V (345 bytes) @ 0x0000000114840254 [0x00000001148400c0+0x194]
v  ~StubRoutines::call_stub

---------------  P R O C E S S  ---------------

Java Threads: ( => current thread )
  0x00007fb12117f800 JavaThread "Thread-19" [_thread_blocked, id=57635, stack(0x000070000e550000,0x000070000e650000)]
  0x00007fb120597800 JavaThread "Image Fetcher 2" daemon [_thread_blocked, id=59139, stack(0x000070000ec65000,0x000070000ed65000)]
  0x00007fb120596800 JavaThread "Image Fetcher 1" daemon [_thread_blocked, id=58883, stack(0x000070000eb62000,0x000070000ec62000)]
  0x00007fb1203e7000 JavaThread "Image Fetcher 0" daemon [_thread_blocked, id=58371, stack(0x000070000ea5f000,0x000070000eb5f000)]
  0x00007fb121ff4800 JavaThread "Keep-Alive-Timer" daemon [_thread_blocked, id=70471, stack(0x000070000e95c000,0x000070000ea5c000)]
  0x00007fb120aff000 JavaThread "Animation Thread" [_thread_blocked, id=73755, stack(0x000070000e2c7000,0x000070000e3c7000)]
  0x00007fb120b4e000 JavaThread "AWT-EventQueue-1" [_thread_in_native, id=73239, stack(0x000070000e3ca000,0x000070000e4ca000)]
  0x00007fb121293000 JavaThread "DestroyJavaVM" [_thread_blocked, id=5891, stack(0x000070000ccff000,0x000070000cdff000)]
  0x00007fb121214000 JavaThread "AWT-EventQueue-0" [_thread_blocked, id=77315, stack(0x000070000e1c4000,0x000070000e2c4000)]
  0x00007fb121903800 JavaThread "Java2D Disposer" daemon [_thread_blocked, id=49679, stack(0x000070000df3b000,0x000070000e03b000)]
  0x00007fb1218b5800 JavaThread "Java2D Queue Flusher" daemon [_thread_blocked, id=81931, stack(0x000070000de38000,0x000070000df38000)]
  0x00007fb1209e6000 JavaThread "AWT-Shutdown" [_thread_blocked, id=25643, stack(0x000070000db29000,0x000070000dc29000)]
=>0x00007fb1210ba800 JavaThread "AWT-AppKit" daemon [_thread_in_native, id=775, stack(0x00007ffee4fb1000,0x00007ffee57b1000)]
  0x00007fb12105b800 JavaThread "Service Thread" daemon [_thread_blocked, id=14339, stack(0x000070000d923000,0x000070000da23000)]
  0x00007fb12081f800 JavaThread "C1 CompilerThread2" daemon [_thread_blocked, id=17411, stack(0x000070000d820000,0x000070000d920000)]
  0x00007fb120805000 JavaThread "C2 CompilerThread1" daemon [_thread_blocked, id=17923, stack(0x000070000d71d000,0x000070000d81d000)]
  0x00007fb12104d000 JavaThread "C2 CompilerThread0" daemon [_thread_blocked, id=13571, stack(0x000070000d61a000,0x000070000d71a000)]
  0x00007fb121820000 JavaThread "Signal Dispatcher" daemon [_thread_blocked, id=13059, stack(0x000070000d517000,0x000070000d617000)]
  0x00007fb12103b000 JavaThread "Finalizer" daemon [_thread_blocked, id=20227, stack(0x000070000d414000,0x000070000d514000)]
  0x00007fb121034800 JavaThread "Reference Handler" daemon [_thread_blocked, id=20739, stack(0x000070000d311000,0x000070000d411000)]

Other Threads:
  0x00007fb12181f000 VMThread [stack: 0x000070000d20e000,0x000070000d30e000] [id=20995]
  0x00007fb121027000 WatcherThread [stack: 0x000070000da26000,0x000070000db26000] [id=17155]

VM state:not at safepoint (normal execution)

VM Mutex/Monitor currently owned by a thread: None

Heap:
 PSYoungGen      total 38400K, used 37352K [0x0000000795580000, 0x0000000798000000, 0x00000007c0000000)
  eden space 33280K, 96% used [0x0000000795580000,0x00000007974fdf38,0x0000000797600000)
  from space 5120K, 99% used [0x0000000797600000,0x0000000797afc0e0,0x0000000797b00000)
  to   space 5120K, 0% used [0x0000000797b00000,0x0000000797b00000,0x0000000798000000)
 ParOldGen       total 87552K, used 9015K [0x0000000740000000, 0x0000000745580000, 0x0000000795580000)
  object space 87552K, 10% used [0x0000000740000000,0x00000007408cdf98,0x0000000745580000)
 Metaspace       used 20830K, capacity 21019K, committed 21296K, reserved 1069056K
  class space    used 2042K, capacity 2112K, committed 2176K, reserved 1048576K

Card table byte_map: [0x000000010c1c0000,0x000000010c5c1000] byte_map_base: 0x00000001087c0000

Marking Bits: (ParMarkBitMap*) 0x000000010ad6bea0
 Begin Bits: [0x000000010c86c000, 0x000000010e86c000)
 End Bits:   [0x000000010e86c000, 0x000000011086c000)

Polling page: 0x000000010b458000

CodeCache: size=245760Kb used=8057Kb max_used=8156Kb free=237702Kb
 bounds [0x0000000114307000, 0x0000000114b07000, 0x0000000123307000]
 total_blobs=3183 nmethods=2294 adapters=802
 compilation: enabled

Compilation events (10 events):
Event: 10.997 Thread 0x00007fb12081f800 nmethod 2674 0x00000001148379d0 code [0x0000000114837b40, 0x0000000114837e10]
Event: 10.997 Thread 0x00007fb12081f800 2675       3       java.awt.Rectangle::getSize (16 bytes)
Event: 10.998 Thread 0x00007fb12081f800 nmethod 2675 0x0000000114837450 code [0x00000001148375c0, 0x0000000114837890]
Event: 10.999 Thread 0x00007fb12081f800 2676       3       java.awt.Rectangle::<init> (21 bytes)
Event: 10.999 Thread 0x00007fb12104d000 2677  s!   4       sun.misc.URLClassPath::getLoader (197 bytes)
Event: 10.999 Thread 0x00007fb12081f800 nmethod 2676 0x0000000114836dd0 code [0x0000000114836f60, 0x0000000114837270]
Event: 11.008 Thread 0x00007fb12104d000 nmethod 2677 0x0000000114832cd0 code [0x0000000114832e40, 0x0000000114833618]
Event: 11.008 Thread 0x00007fb120805000 2678  s    4       sun.misc.URLClassPath::getNextLoader (88 bytes)
Event: 11.010 Thread 0x00007fb12081f800 2679       3       java.awt.Component::dispatchEventImpl (883 bytes)
Event: 11.017 Thread 0x00007fb120805000 nmethod 2678 0x0000000114831ed0 code [0x0000000114832040, 0x00000001148327b8]

GC Heap History (6 events):
Event: 3.349 GC heap before
{Heap before GC invocations=1 (full 0):
 PSYoungGen      total 38400K, used 33280K [0x0000000795580000, 0x0000000798000000, 0x00000007c0000000)
  eden space 33280K, 100% used [0x0000000795580000,0x0000000797600000,0x0000000797600000)
  from space 5120K, 0% used [0x0000000797b00000,0x0000000797b00000,0x0000000798000000)
  to   space 5120K, 0% used [0x0000000797600000,0x0000000797600000,0x0000000797b00000)
 ParOldGen       total 87552K, used 0K [0x0000000740000000, 0x0000000745580000, 0x0000000795580000)
  object space 87552K, 0% used [0x0000000740000000,0x0000000740000000,0x0000000745580000)
 Metaspace       used 16059K, capacity 16227K, committed 16640K, reserved 1064960K
  class space    used 1624K, capacity 1692K, committed 1792K, reserved 1048576K
Event: 3.359 GC heap after
Heap after GC invocations=1 (full 0):
 PSYoungGen      total 38400K, used 5092K [0x0000000795580000, 0x0000000798000000, 0x00000007c0000000)
  eden space 33280K, 0% used [0x0000000795580000,0x0000000795580000,0x0000000797600000)
  from space 5120K, 99% used [0x0000000797600000,0x0000000797af9000,0x0000000797b00000)
  to   space 5120K, 0% used [0x0000000797b00000,0x0000000797b00000,0x0000000798000000)
 ParOldGen       total 87552K, used 32K [0x0000000740000000, 0x0000000745580000, 0x0000000795580000)
  object space 87552K, 0% used [0x0000000740000000,0x0000000740008000,0x0000000745580000)
 Metaspace       used 16059K, capacity 16227K, committed 16640K, reserved 1064960K
  class space    used 1624K, capacity 1692K, committed 1792K, reserved 1048576K
}
Event: 4.789 GC heap before
{Heap before GC invocations=2 (full 0):
 PSYoungGen      total 38400K, used 38372K [0x0000000795580000, 0x0000000798000000, 0x00000007c0000000)
  eden space 33280K, 100% used [0x0000000795580000,0x0000000797600000,0x0000000797600000)
  from space 5120K, 99% used [0x0000000797600000,0x0000000797af9000,0x0000000797b00000)
  to   space 5120K, 0% used [0x0000000797b00000,0x0000000797b00000,0x0000000798000000)
 ParOldGen       total 87552K, used 32K [0x0000000740000000, 0x0000000745580000, 0x0000000795580000)
  object space 87552K, 0% used [0x0000000740000000,0x0000000740008000,0x0000000745580000)
 Metaspace       used 19646K, capacity 19855K, committed 19968K, reserved 1067008K
  class space    used 1992K, capacity 2046K, committed 2048K, reserved 1048576K
Event: 4.804 GC heap after
Heap after GC invocations=2 (full 0):
 PSYoungGen      total 38400K, used 5088K [0x0000000795580000, 0x0000000798000000, 0x00000007c0000000)
  eden space 33280K, 0% used [0x0000000795580000,0x0000000795580000,0x0000000797600000)
  from space 5120K, 99% used [0x0000000797b00000,0x0000000797ff80a0,0x0000000798000000)
  to   space 5120K, 0% used [0x0000000797600000,0x0000000797600000,0x0000000797b00000)
 ParOldGen       total 87552K, used 7753K [0x0000000740000000, 0x0000000745580000, 0x0000000795580000)
  object space 87552K, 8% used [0x0000000740000000,0x00000007407924b0,0x0000000745580000)
 Metaspace       used 19646K, capacity 19855K, committed 19968K, reserved 1067008K
  class space    used 1992K, capacity 2046K, committed 2048K, reserved 1048576K
}
Event: 7.158 GC heap before
{Heap before GC invocations=3 (full 0):
 PSYoungGen      total 38400K, used 38368K [0x0000000795580000, 0x0000000798000000, 0x00000007c0000000)
  eden space 33280K, 100% used [0x0000000795580000,0x0000000797600000,0x0000000797600000)
  from space 5120K, 99% used [0x0000000797b00000,0x0000000797ff80a0,0x0000000798000000)
  to   space 5120K, 0% used [0x0000000797600000,0x0000000797600000,0x0000000797b00000)
 ParOldGen       total 87552K, used 7753K [0x0000000740000000, 0x0000000745580000, 0x0000000795580000)
  object space 87552K, 8% used [0x0000000740000000,0x00000007407924b0,0x0000000745580000)
 Metaspace       used 20571K, capacity 20827K, committed 21120K, reserved 1069056K
  class space    used 2035K, capacity 2112K, committed 2176K, reserved 1048576K
Event: 7.167 GC heap after
Heap after GC invocations=3 (full 0):
 PSYoungGen      total 38400K, used 5104K [0x0000000795580000, 0x0000000798000000, 0x00000007c0000000)
  eden space 33280K, 0% used [0x0000000795580000,0x0000000795580000,0x0000000797600000)
  from space 5120K, 99% used [0x0000000797600000,0x0000000797afc0e0,0x0000000797b00000)
  to   space 5120K, 0% used [0x0000000797b00000,0x0000000797b00000,0x0000000798000000)
 ParOldGen       total 87552K, used 9015K [0x0000000740000000, 0x0000000745580000, 0x0000000795580000)
  object space 87552K, 10% used [0x0000000740000000,0x00000007408cdf98,0x0000000745580000)
 Metaspace       used 20571K, capacity 20827K, committed 21120K, reserved 1069056K
  class space    used 2035K, capacity 2112K, committed 2176K, reserved 1048576K
}

Deoptimization events (10 events):
Event: 4.752 Thread 0x00007fb120b4e000 Uncommon trap: reason=unstable_if action=reinterpret pc=0x0000000114717590 method=java.lang.String.trim()Ljava/lang/String; @ 23
Event: 7.055 Thread 0x00007fb12020f000 Uncommon trap: reason=unstable_if action=reinterpret pc=0x00000001146fd4d0 method=java.lang.String.regionMatches(ZILjava/lang/String;II)Z @ 123
Event: 7.076 Thread 0x00007fb12020f000 Uncommon trap: reason=unstable_if action=reinterpret pc=0x0000000114a9d9fc method=java.util.Vector.indexOf(Ljava/lang/Object;I)I @ 41
Event: 7.127 Thread 0x00007fb120b4e000 Uncommon trap: reason=unstable_if action=reinterpret pc=0x0000000114946a78 method=processing.opengl.PGraphicsOpenGL$InGeometry.addVertex(FFFIFFFFFIFIIIFIZ)I @ 218
Event: 7.437 Thread 0x00007fb1203e7000 Uncommon trap: reason=unstable_if action=reinterpret pc=0x0000000114aedf28 method=sun.awt.image.PNGImageDecoder.produceImage()V @ 867
Event: 7.677 Thread 0x00007fb120b4e000 Uncommon trap: reason=unstable_if action=reinterpret pc=0x00000001149cb998 method=processing.opengl.PGraphicsOpenGL$TessGeometry.polyIndexCheck(I)V @ 13
Event: 7.761 Thread 0x00007fb120b4e000 Uncommon trap: reason=unstable_if action=reinterpret pc=0x00000001149a6d1c method=processing.opengl.PGraphicsOpenGL$TessGeometry.polyVertexCheck(I)V @ 15
Event: 10.993 Thread 0x00007fb121214000 Uncommon trap: reason=unstable_if action=reinterpret pc=0x0000000114ae6d14 method=java.awt.font.FontRenderContext.equals(Ljava/awt/font/FontRenderContext;)Z @ 2
Event: 10.993 Thread 0x00007fb121214000 Uncommon trap: reason=unstable_if action=reinterpret pc=0x0000000114a8a7d4 method=java.awt.Font.equals(Ljava/lang/Object;)Z @ 2
Event: 11.011 Thread 0x00007fb121214000 Uncommon trap: reason=unstable_if action=reinterpret pc=0x0000000114a2f838 method=java.awt.font.FontRenderContext.equals(Ljava/awt/font/FontRenderContext;)Z @ 2

Internal exceptions (10 events):
Event: 0.245 Thread 0x00007fb120807000 Exception <a 'java/lang/NoSuchFieldError': method resolution failed> (0x0000000795832e88) thrown at [/HUDSON3/workspace/8-2-build-macosx-x86_64/jdk8u73/6086/hotspot/src/share/vm/prims/methodHandles.cpp, line 1146]
Event: 0.248 Thread 0x00007fb120807000 Exception <a 'java/lang/NoSuchFieldError': method resolution failed> (0x0000000795840658) thrown at [/HUDSON3/workspace/8-2-build-macosx-x86_64/jdk8u73/6086/hotspot/src/share/vm/prims/methodHandles.cpp, line 1146]
Event: 0.495 Thread 0x00007fb120807000 Exception <a 'java/io/FileNotFoundException'> (0x00000007958bc610) thrown at [/HUDSON3/workspace/8-2-build-macosx-x86_64/jdk8u73/6086/hotspot/src/share/vm/prims/jni.cpp, line 709]
Event: 0.495 Thread 0x00007fb120807000 Exception <a 'java/io/FileNotFoundException'> (0x00000007958bd140) thrown at [/HUDSON3/workspace/8-2-build-macosx-x86_64/jdk8u73/6086/hotspot/src/share/vm/prims/jni.cpp, line 709]
Event: 0.620 Thread 0x00007fb120807000 Exception <a 'java/io/FileNotFoundException'> (0x0000000795a0a958) thrown at [/HUDSON3/workspace/8-2-build-macosx-x86_64/jdk8u73/6086/hotspot/src/share/vm/prims/jni.cpp, line 709]
Event: 2.875 Thread 0x00007fb120aff000 Exception <a 'java/lang/UnsatisfiedLinkError': com.jogamp.common.util.JarUtil.fixNativeLibAttribs(Ljava/lang/String;)Z> (0x0000000796c7dcd8) thrown at [/HUDSON3/workspace/8-2-build-macosx-x86_64/jdk8u73/6086/hotspot/src/share/vm/prims/nativeLookup.cpp, li
Event: 3.365 Thread 0x00007fb12103b000 Exception <a 'java/lang/NullPointerException'> (0x00000007956a4e38) thrown at [/HUDSON3/workspace/8-2-build-macosx-x86_64/jdk8u73/6086/hotspot/src/share/vm/interpreter/linkResolver.cpp, line 1178]
Event: 4.279 Thread 0x00007fb120b4e000 Exception <a 'java/io/FileNotFoundException'> (0x0000000795f8c880) thrown at [/HUDSON3/workspace/8-2-build-macosx-x86_64/jdk8u73/6086/hotspot/src/share/vm/prims/jni.cpp, line 709]
Event: 4.280 Thread 0x00007fb120b4e000 Exception <a 'java/io/FileNotFoundException'> (0x0000000795f92a90) thrown at [/HUDSON3/workspace/8-2-build-macosx-x86_64/jdk8u73/6086/hotspot/src/share/vm/prims/jni.cpp, line 709]
Event: 4.280 Thread 0x00007fb120b4e000 Implicit null exception at 0x00000001144c00b3 to 0x00000001144c043d

Events (10 events):
Event: 11.010 loading class java/awt/event/AWTEventListenerProxy
Event: 11.010 loading class java/awt/event/AWTEventListenerProxy done
Event: 11.010 loading class java/awt/Toolkit$ToolkitEventMulticaster
Event: 11.010 loading class java/awt/Toolkit$ToolkitEventMulticaster done
Event: 11.011 Thread 0x00007fb121214000 Uncommon trap: trap_request=0xffffff65 fr.pc=0x0000000114a2f838
Event: 11.011 Thread 0x00007fb121214000 DEOPT PACKING pc=0x0000000114a2f838 sp=0x000070000e2c1540
Event: 11.011 Thread 0x00007fb121214000 DEOPT UNPACKING pc=0x000000011430c229 sp=0x000070000e2c1510 mode 2
Event: 11.012 loading class java/awt/Window$1DisposeAction
Event: 11.012 loading class java/awt/Window$1DisposeAction done
Event: 11.012 Thread 0x00007fb121230800 Thread exited: 0x00007fb121230800


Dynamic libraries:
0x0000000020353000 	/System/Library/Frameworks/Cocoa.framework/Versions/A/Cocoa
0x0000000020353000 	/System/Library/Frameworks/Security.framework/Versions/A/Security
0x0000000020353000 	/System/Library/Frameworks/ApplicationServices.framework/Versions/A/ApplicationServices
0x0000000020353000 	/usr/lib/libz.1.dylib
0x0000000020353000 	/usr/lib/libSystem.B.dylib
0x0000000020353000 	/usr/lib/libobjc.A.dylib
0x0000000020353000 	/System/Library/Frameworks/CoreFoundation.framework/Versions/A/CoreFoundation
0x0000000020353000 	/System/Library/Frameworks/Foundation.framework/Versions/C/Foundation
0x0000000020353000 	/System/Library/Frameworks/AppKit.framework/Versions/C/AppKit
0x0000000020353000 	/System/Library/Frameworks/CoreData.framework/Versions/A/CoreData
0x0000000020353000 	/System/Library/PrivateFrameworks/RemoteViewServices.framework/Versions/A/RemoteViewServices
0x0000000020353000 	/System/Library/PrivateFrameworks/UIFoundation.framework/Versions/A/UIFoundation
0x0000000020353000 	/System/Library/PrivateFrameworks/DFRFoundation.framework/Versions/A/DFRFoundation
0x0000000020353000 	/System/Library/Frameworks/Metal.framework/Versions/A/Metal
0x0000000020353000 	/System/Library/PrivateFrameworks/DesktopServicesPriv.framework/Versions/A/DesktopServicesPriv
0x0000000020353000 	/usr/lib/libenergytrace.dylib
0x0000000020353000 	/System/Library/PrivateFrameworks/SkyLight.framework/Versions/A/SkyLight
0x0000000020353000 	/System/Library/Frameworks/CoreGraphics.framework/Versions/A/CoreGraphics
0x0000000020353000 	/usr/lib/libScreenReader.dylib
0x0000000020353000 	/System/Library/Frameworks/Accelerate.framework/Versions/A/Accelerate
0x0000000020353000 	/System/Library/Frameworks/IOSurface.framework/Versions/A/IOSurface
0x0000000020353000 	/System/Library/Frameworks/AudioToolbox.framework/Versions/A/AudioToolbox
0x0000000020353000 	/System/Library/Frameworks/AudioUnit.framework/Versions/A/AudioUnit
0x0000000020353000 	/System/Library/PrivateFrameworks/DataDetectorsCore.framework/Versions/A/DataDetectorsCore
0x0000000020353000 	/System/Library/Frameworks/Carbon.framework/Versions/A/Frameworks/HIToolbox.framework/Versions/A/HIToolbox
0x0000000020353000 	/usr/lib/libicucore.A.dylib
0x0000000020353000 	/System/Library/Frameworks/QuartzCore.framework/Versions/A/QuartzCore
0x0000000020353000 	/System/Library/PrivateFrameworks/SignpostNotification.framework/Versions/A/SignpostNotification
0x0000000020353000 	/System/Library/Frameworks/Carbon.framework/Versions/A/Frameworks/SpeechRecognition.framework/Versions/A/SpeechRecognition
0x0000000020353000 	/usr/lib/libauto.dylib
0x0000000020353000 	/usr/lib/libxml2.2.dylib
0x0000000020353000 	/System/Library/PrivateFrameworks/CoreUI.framework/Versions/A/CoreUI
0x0000000020353000 	/System/Library/Frameworks/CoreAudio.framework/Versions/A/CoreAudio
0x0000000020353000 	/System/Library/Frameworks/DiskArbitration.framework/Versions/A/DiskArbitration
0x0000000020353000 	/usr/lib/liblangid.dylib
0x0000000020353000 	/System/Library/PrivateFrameworks/MultitouchSupport.framework/Versions/A/MultitouchSupport
0x0000000020353000 	/System/Library/Frameworks/IOKit.framework/Versions/A/IOKit
0x0000000020353000 	/usr/lib/libDiagnosticMessagesClient.dylib
0x0000000020353000 	/System/Library/Frameworks/CoreServices.framework/Versions/A/CoreServices
0x0000000020353000 	/System/Library/PrivateFrameworks/PerformanceAnalysis.framework/Versions/A/PerformanceAnalysis
0x0000000020353000 	/System/Library/Frameworks/OpenGL.framework/Versions/A/OpenGL
0x0000000020353000 	/System/Library/Frameworks/ColorSync.framework/Versions/A/ColorSync
0x0000000020353000 	/System/Library/Frameworks/CoreImage.framework/Versions/A/CoreImage
0x0000000020353000 	/System/Library/Frameworks/CoreText.framework/Versions/A/CoreText
0x0000000020353000 	/System/Library/Frameworks/ImageIO.framework/Versions/A/ImageIO
0x0000000020353000 	/System/Library/PrivateFrameworks/Backup.framework/Versions/A/Backup
0x0000000020353000 	/usr/lib/libarchive.2.dylib
0x0000000020353000 	/System/Library/Frameworks/CFNetwork.framework/Versions/A/CFNetwork
0x0000000020353000 	/System/Library/Frameworks/SystemConfiguration.framework/Versions/A/SystemConfiguration
0x0000000020353000 	/usr/lib/libCRFSuite.dylib
0x0000000020353000 	/usr/lib/libc++.1.dylib
0x0000000020353000 	/usr/lib/libc++abi.dylib
0x0000000020353000 	/usr/lib/system/libcache.dylib
0x0000000020353000 	/usr/lib/system/libcommonCrypto.dylib
0x0000000020353000 	/usr/lib/system/libcompiler_rt.dylib
0x0000000020353000 	/usr/lib/system/libcopyfile.dylib
0x0000000020353000 	/usr/lib/system/libcorecrypto.dylib
0x0000000020353000 	/usr/lib/system/libdispatch.dylib
0x0000000020353000 	/usr/lib/system/libdyld.dylib
0x0000000020353000 	/usr/lib/system/libkeymgr.dylib
0x0000000020353000 	/usr/lib/system/liblaunch.dylib
0x0000000020353000 	/usr/lib/system/libmacho.dylib
0x0000000020353000 	/usr/lib/system/libquarantine.dylib
0x0000000020353000 	/usr/lib/system/libremovefile.dylib
0x0000000020353000 	/usr/lib/system/libsystem_asl.dylib
0x0000000020353000 	/usr/lib/system/libsystem_blocks.dylib
0x0000000020353000 	/usr/lib/system/libsystem_c.dylib
0x0000000020353000 	/usr/lib/system/libsystem_configuration.dylib
0x0000000020353000 	/usr/lib/system/libsystem_coreservices.dylib
0x0000000020353000 	/usr/lib/system/libsystem_darwin.dylib
0x0000000020353000 	/usr/lib/system/libsystem_dnssd.dylib
0x0000000020353000 	/usr/lib/system/libsystem_info.dylib
0x0000000020353000 	/usr/lib/system/libsystem_m.dylib
0x0000000020353000 	/usr/lib/system/libsystem_malloc.dylib
0x0000000020353000 	/usr/lib/system/libsystem_network.dylib
0x0000000020353000 	/usr/lib/system/libsystem_networkextension.dylib
0x0000000020353000 	/usr/lib/system/libsystem_notify.dylib
0x0000000020353000 	/usr/lib/system/libsystem_sandbox.dylib
0x0000000020353000 	/usr/lib/system/libsystem_secinit.dylib
0x0000000020353000 	/usr/lib/system/libsystem_kernel.dylib
0x0000000020353000 	/usr/lib/system/libsystem_platform.dylib
0x0000000020353000 	/usr/lib/system/libsystem_pthread.dylib
0x0000000020353000 	/usr/lib/system/libsystem_symptoms.dylib
0x0000000020353000 	/usr/lib/system/libsystem_trace.dylib
0x0000000020353000 	/usr/lib/system/libunwind.dylib
0x0000000020353000 	/usr/lib/system/libxpc.dylib
0x0000000020353000 	/usr/lib/closure/libclosured.dylib
0x0000000020353000 	/usr/lib/libbsm.0.dylib
0x0000000020353000 	/usr/lib/system/libkxld.dylib
0x0000000020353000 	/usr/lib/libOpenScriptingUtil.dylib
0x0000000020353000 	/usr/lib/libcoretls.dylib
0x0000000020353000 	/usr/lib/libcoretls_cfhelpers.dylib
0x0000000020353000 	/usr/lib/libpam.2.dylib
0x0000000020353000 	/usr/lib/libsqlite3.dylib
0x0000000020353000 	/usr/lib/libxar.1.dylib
0x0000000020353000 	/usr/lib/libbz2.1.0.dylib
0x0000000020353000 	/usr/lib/liblzma.5.dylib
0x0000000020353000 	/usr/lib/libnetwork.dylib
0x0000000020353000 	/usr/lib/libapple_nghttp2.dylib
0x0000000020353000 	/usr/lib/libpcap.A.dylib
0x0000000020353000 	/usr/lib/libboringssl.dylib
0x0000000020353000 	/usr/lib/libusrtcp.dylib
0x0000000020353000 	/usr/lib/libapple_crypto.dylib
0x0000000020353000 	/System/Library/Frameworks/CoreServices.framework/Versions/A/Frameworks/FSEvents.framework/Versions/A/FSEvents
0x0000000020353000 	/System/Library/Frameworks/CoreServices.framework/Versions/A/Frameworks/CarbonCore.framework/Versions/A/CarbonCore
0x0000000020353000 	/System/Library/Frameworks/CoreServices.framework/Versions/A/Frameworks/Metadata.framework/Versions/A/Metadata
0x0000000020353000 	/System/Library/Frameworks/CoreServices.framework/Versions/A/Frameworks/OSServices.framework/Versions/A/OSServices
0x0000000020353000 	/System/Library/Frameworks/CoreServices.framework/Versions/A/Frameworks/SearchKit.framework/Versions/A/SearchKit
0x0000000020353000 	/System/Library/Frameworks/CoreServices.framework/Versions/A/Frameworks/AE.framework/Versions/A/AE
0x0000000020353000 	/System/Library/Frameworks/CoreServices.framework/Versions/A/Frameworks/LaunchServices.framework/Versions/A/LaunchServices
0x0000000020353000 	/System/Library/Frameworks/CoreServices.framework/Versions/A/Frameworks/DictionaryServices.framework/Versions/A/DictionaryServices
0x0000000020353000 	/System/Library/Frameworks/CoreServices.framework/Versions/A/Frameworks/SharedFileList.framework/Versions/A/SharedFileList
0x0000000020353000 	/System/Library/Frameworks/NetFS.framework/Versions/A/NetFS
0x0000000020353000 	/System/Library/PrivateFrameworks/NetAuth.framework/Versions/A/NetAuth
0x0000000020353000 	/System/Library/PrivateFrameworks/login.framework/Versions/A/Frameworks/loginsupport.framework/Versions/A/loginsupport
0x0000000020353000 	/System/Library/PrivateFrameworks/TCC.framework/Versions/A/TCC
0x0000000020353000 	/usr/lib/libmecabra.dylib
0x0000000020353000 	/System/Library/Frameworks/ApplicationServices.framework/Versions/A/Frameworks/ATS.framework/Versions/A/ATS
0x0000000020353000 	/System/Library/Frameworks/ApplicationServices.framework/Versions/A/Frameworks/ColorSyncLegacy.framework/Versions/A/ColorSyncLegacy
0x0000000020353000 	/System/Library/Frameworks/ApplicationServices.framework/Versions/A/Frameworks/HIServices.framework/Versions/A/HIServices
0x0000000020353000 	/System/Library/Frameworks/ApplicationServices.framework/Versions/A/Frameworks/LangAnalysis.framework/Versions/A/LangAnalysis
0x0000000020353000 	/System/Library/Frameworks/ApplicationServices.framework/Versions/A/Frameworks/PrintCore.framework/Versions/A/PrintCore
0x0000000020353000 	/System/Library/Frameworks/ApplicationServices.framework/Versions/A/Frameworks/QD.framework/Versions/A/QD
0x0000000020353000 	/System/Library/Frameworks/ApplicationServices.framework/Versions/A/Frameworks/SpeechSynthesis.framework/Versions/A/SpeechSynthesis
0x0000000020353000 	/System/Library/Frameworks/CoreDisplay.framework/Versions/A/CoreDisplay
0x0000000020353000 	/System/Library/Frameworks/Accelerate.framework/Versions/A/Frameworks/vImage.framework/Versions/A/vImage
0x0000000020353000 	/System/Library/Frameworks/Accelerate.framework/Versions/A/Frameworks/vecLib.framework/Versions/A/vecLib
0x0000000020353000 	/System/Library/Frameworks/Accelerate.framework/Versions/A/Frameworks/vecLib.framework/Versions/A/libvDSP.dylib
0x0000000020353000 	/System/Library/Frameworks/Accelerate.framework/Versions/A/Frameworks/vecLib.framework/Versions/A/libBNNS.dylib
0x0000000020353000 	/System/Library/Frameworks/Accelerate.framework/Versions/A/Frameworks/vecLib.framework/Versions/A/libQuadrature.dylib
0x0000000020353000 	/System/Library/Frameworks/Accelerate.framework/Versions/A/Frameworks/vecLib.framework/Versions/A/libvMisc.dylib
0x0000000020353000 	/System/Library/Frameworks/Accelerate.framework/Versions/A/Frameworks/vecLib.framework/Versions/A/libLAPACK.dylib
0x0000000020353000 	/System/Library/Frameworks/Accelerate.framework/Versions/A/Frameworks/vecLib.framework/Versions/A/libBLAS.dylib
0x0000000020353000 	/System/Library/Frameworks/Accelerate.framework/Versions/A/Frameworks/vecLib.framework/Versions/A/libLinearAlgebra.dylib
0x0000000020353000 	/System/Library/Frameworks/Accelerate.framework/Versions/A/Frameworks/vecLib.framework/Versions/A/libSparse.dylib
0x0000000020353000 	/System/Library/Frameworks/Accelerate.framework/Versions/A/Frameworks/vecLib.framework/Versions/A/libSparseBLAS.dylib
0x0000000020353000 	/System/Library/PrivateFrameworks/GPUWrangler.framework/Versions/A/GPUWrangler
0x0000000020353000 	/System/Library/PrivateFrameworks/IOAccelerator.framework/Versions/A/IOAccelerator
0x0000000020353000 	/System/Library/PrivateFrameworks/IOPresentment.framework/Versions/A/IOPresentment
0x0000000020353000 	/System/Library/PrivateFrameworks/DSExternalDisplay.framework/Versions/A/DSExternalDisplay
0x0000000020353000 	/System/Library/Frameworks/OpenGL.framework/Versions/A/Libraries/libCoreFSCache.dylib
0x0000000020353000 	/System/Library/Frameworks/CoreVideo.framework/Versions/A/CoreVideo
0x0000000020353000 	/System/Library/PrivateFrameworks/GraphVisualizer.framework/Versions/A/GraphVisualizer
0x0000000020353000 	/System/Library/Frameworks/MetalPerformanceShaders.framework/Versions/A/MetalPerformanceShaders
0x0000000020353000 	/usr/lib/libFosl_dynamic.dylib
0x0000000020353000 	/System/Library/PrivateFrameworks/FaceCore.framework/Versions/A/FaceCore
0x0000000020353000 	/System/Library/Frameworks/OpenCL.framework/Versions/A/OpenCL
0x0000000020353000 	/usr/lib/libcompression.dylib
0x0000000020353000 	/System/Library/Frameworks/ApplicationServices.framework/Versions/A/Frameworks/ATS.framework/Versions/A/Resources/libFontParser.dylib
0x0000000020353000 	/System/Library/Frameworks/ApplicationServices.framework/Versions/A/Frameworks/ATS.framework/Versions/A/Resources/libFontRegistry.dylib
0x0000000020353000 	/System/Library/Frameworks/ImageIO.framework/Versions/A/Resources/libJPEG.dylib
0x0000000020353000 	/System/Library/Frameworks/ImageIO.framework/Versions/A/Resources/libTIFF.dylib
0x0000000020353000 	/System/Library/Frameworks/ImageIO.framework/Versions/A/Resources/libPng.dylib
0x0000000020353000 	/System/Library/Frameworks/ImageIO.framework/Versions/A/Resources/libGIF.dylib
0x0000000020353000 	/System/Library/Frameworks/ImageIO.framework/Versions/A/Resources/libJP2.dylib
0x0000000020353000 	/System/Library/Frameworks/ImageIO.framework/Versions/A/Resources/libRadiance.dylib
0x0000000020353000 	/System/Library/PrivateFrameworks/AppleJPEG.framework/Versions/A/AppleJPEG
0x0000000020353000 	/System/Library/Frameworks/MetalPerformanceShaders.framework/Frameworks/MPSCore.framework/Versions/A/MPSCore
0x0000000020353000 	/System/Library/Frameworks/MetalPerformanceShaders.framework/Frameworks/MPSImage.framework/Versions/A/MPSImage
0x0000000020353000 	/System/Library/Frameworks/MetalPerformanceShaders.framework/Frameworks/MPSNeuralNetwork.framework/Versions/A/MPSNeuralNetwork
0x0000000020353000 	/System/Library/Frameworks/MetalPerformanceShaders.framework/Frameworks/MPSMatrix.framework/Versions/A/MPSMatrix
0x0000000020353000 	/System/Library/PrivateFrameworks/MetalTools.framework/Versions/A/MetalTools
0x0000000020353000 	/System/Library/Frameworks/OpenGL.framework/Versions/A/Libraries/libGLU.dylib
0x0000000020353000 	/System/Library/Frameworks/OpenGL.framework/Versions/A/Libraries/libGFXShared.dylib
0x0000000020353000 	/System/Library/Frameworks/OpenGL.framework/Versions/A/Libraries/libGL.dylib
0x0000000020353000 	/System/Library/Frameworks/OpenGL.framework/Versions/A/Libraries/libGLImage.dylib
0x0000000020353000 	/System/Library/Frameworks/OpenGL.framework/Versions/A/Libraries/libCVMSPluginSupport.dylib
0x0000000020353000 	/System/Library/Frameworks/OpenGL.framework/Versions/A/Libraries/libCoreVMClient.dylib
0x0000000020353000 	/usr/lib/libcups.2.dylib
0x0000000020353000 	/System/Library/Frameworks/Kerberos.framework/Versions/A/Kerberos
0x0000000020353000 	/System/Library/Frameworks/GSS.framework/Versions/A/GSS
0x0000000020353000 	/usr/lib/libresolv.9.dylib
0x0000000020353000 	/usr/lib/libiconv.2.dylib
0x0000000020353000 	/System/Library/PrivateFrameworks/Heimdal.framework/Versions/A/Heimdal
0x0000000020353000 	/usr/lib/libheimdal-asn1.dylib
0x0000000020353000 	/System/Library/Frameworks/OpenDirectory.framework/Versions/A/OpenDirectory
0x0000000020353000 	/System/Library/PrivateFrameworks/CommonAuth.framework/Versions/A/CommonAuth
0x0000000020353000 	/System/Library/Frameworks/OpenDirectory.framework/Versions/A/Frameworks/CFOpenDirectory.framework/Versions/A/CFOpenDirectory
0x0000000020353000 	/System/Library/Frameworks/SecurityFoundation.framework/Versions/A/SecurityFoundation
0x0000000020353000 	/System/Library/PrivateFrameworks/APFS.framework/Versions/A/APFS
0x0000000020353000 	/usr/lib/libutil.dylib
0x0000000020353000 	/System/Library/PrivateFrameworks/AppleSauce.framework/Versions/A/AppleSauce
0x0000000020353000 	/System/Library/PrivateFrameworks/LinguisticData.framework/Versions/A/LinguisticData
0x0000000020353000 	/usr/lib/libmarisa.dylib
0x0000000020353000 	/System/Library/PrivateFrameworks/Lexicon.framework/Versions/A/Lexicon
0x0000000020353000 	/usr/lib/libChineseTokenizer.dylib
0x0000000020353000 	/usr/lib/libcmph.dylib
0x0000000020353000 	/System/Library/PrivateFrameworks/LanguageModeling.framework/Versions/A/LanguageModeling
0x0000000020353000 	/System/Library/PrivateFrameworks/CoreEmoji.framework/Versions/A/CoreEmoji
0x0000000020353000 	/System/Library/Frameworks/ServiceManagement.framework/Versions/A/ServiceManagement
0x0000000020353000 	/System/Library/PrivateFrameworks/BackgroundTaskManagement.framework/Versions/A/BackgroundTaskManagement
0x0000000020353000 	/usr/lib/libxslt.1.dylib
0x0000000020353000 	/System/Library/Frameworks/Carbon.framework/Versions/A/Frameworks/Ink.framework/Versions/A/Ink
0x0000000020353000 	/System/Library/PrivateFrameworks/TextureIO.framework/Versions/A/TextureIO
0x0000000020353000 	/usr/lib/libate.dylib
0x0000000020353000 	/System/Library/PrivateFrameworks/CrashReporterSupport.framework/Versions/A/CrashReporterSupport
0x0000000020353000 	/System/Library/PrivateFrameworks/Sharing.framework/Versions/A/Sharing
0x0000000020353000 	/System/Library/PrivateFrameworks/IconServices.framework/Versions/A/IconServices
0x0000000020353000 	/System/Library/PrivateFrameworks/AuthKit.framework/Versions/A/AuthKit
0x0000000020353000 	/System/Library/PrivateFrameworks/Apple80211.framework/Versions/A/Apple80211
0x0000000020353000 	/System/Library/PrivateFrameworks/CoreUtils.framework/Versions/A/CoreUtils
0x0000000020353000 	/System/Library/Frameworks/CoreWLAN.framework/Versions/A/CoreWLAN
0x0000000020353000 	/System/Library/Frameworks/IOBluetooth.framework/Versions/A/IOBluetooth
0x0000000020353000 	/System/Library/PrivateFrameworks/ProtocolBuffer.framework/Versions/A/ProtocolBuffer
0x0000000020353000 	/System/Library/PrivateFrameworks/MobileKeyBag.framework/Versions/A/MobileKeyBag
0x0000000020353000 	/System/Library/PrivateFrameworks/CorePhoneNumbers.framework/Versions/A/CorePhoneNumbers
0x0000000020353000 	/System/Library/PrivateFrameworks/AppleIDAuthSupport.framework/Versions/A/AppleIDAuthSupport
0x0000000020353000 	/System/Library/PrivateFrameworks/KeychainCircle.framework/Versions/A/KeychainCircle
0x0000000020353000 	/System/Library/PrivateFrameworks/CoreWiFi.framework/Versions/A/CoreWiFi
0x0000000020353000 	/System/Library/Frameworks/CoreBluetooth.framework/Versions/A/CoreBluetooth
0x0000000020353000 	/System/Library/PrivateFrameworks/DebugSymbols.framework/Versions/A/DebugSymbols
0x0000000020353000 	/System/Library/PrivateFrameworks/CoreSymbolication.framework/Versions/A/CoreSymbolication
0x0000000020353000 	/System/Library/PrivateFrameworks/Symbolication.framework/Versions/A/Symbolication
0x0000000020353000 	/System/Library/PrivateFrameworks/AppleFSCompression.framework/Versions/A/AppleFSCompression
0x0000000020353000 	/System/Library/PrivateFrameworks/SpeechRecognitionCore.framework/Versions/A/SpeechRecognitionCore
0x000000010a488000 	/Library/Java/JavaVirtualMachines/jdk1.8.0_73.jdk/Contents/Home/jre/lib/server/libjvm.dylib
0x0000000020353000 	/usr/lib/libstdc++.6.0.9.dylib
0x000000010b415000 	/Library/Java/JavaVirtualMachines/jdk1.8.0_73.jdk/Contents/Home/jre/lib/libverify.dylib
0x000000010b423000 	/Library/Java/JavaVirtualMachines/jdk1.8.0_73.jdk/Contents/Home/jre/lib/libjava.dylib
0x000000010b4a2000 	/Library/Java/JavaVirtualMachines/jdk1.8.0_73.jdk/Contents/Home/jre/lib/libzip.dylib
0x0000000020353000 	/System/Library/Frameworks/JavaVM.framework/Versions/A/Frameworks/JavaRuntimeSupport.framework/Versions/A/JavaRuntimeSupport
0x0000000020353000 	/System/Library/Frameworks/JavaVM.framework/Versions/A/Frameworks/JavaNativeFoundation.framework/Versions/A/JavaNativeFoundation
0x0000000020353000 	/System/Library/Frameworks/JavaVM.framework/Versions/A/JavaVM
0x0000000020353000 	/System/Library/Frameworks/Carbon.framework/Versions/A/Carbon
0x0000000020353000 	/System/Library/PrivateFrameworks/JavaLaunching.framework/Versions/A/JavaLaunching
0x0000000020353000 	/System/Library/Frameworks/Carbon.framework/Versions/A/Frameworks/CommonPanels.framework/Versions/A/CommonPanels
0x0000000020353000 	/System/Library/Frameworks/Carbon.framework/Versions/A/Frameworks/Help.framework/Versions/A/Help
0x0000000020353000 	/System/Library/Frameworks/Carbon.framework/Versions/A/Frameworks/ImageCapture.framework/Versions/A/ImageCapture
0x0000000020353000 	/System/Library/Frameworks/Carbon.framework/Versions/A/Frameworks/OpenScripting.framework/Versions/A/OpenScripting
0x0000000020353000 	/System/Library/Frameworks/Carbon.framework/Versions/A/Frameworks/Print.framework/Versions/A/Print
0x0000000020353000 	/System/Library/Frameworks/Carbon.framework/Versions/A/Frameworks/SecurityHI.framework/Versions/A/SecurityHI
0x0000000113fe3000 	/Library/Java/JavaVirtualMachines/jdk1.8.0_73.jdk/Contents/Home/jre/lib/libawt.dylib
0x000000011408b000 	/Library/Java/JavaVirtualMachines/jdk1.8.0_73.jdk/Contents/Home/jre/lib/./libmlib_image.dylib
0x0000000114157000 	/Library/Java/JavaVirtualMachines/jdk1.8.0_73.jdk/Contents/Home/jre/lib/libawt_lwawt.dylib
0x000000011420c000 	/Library/Java/JavaVirtualMachines/jdk1.8.0_73.jdk/Contents/Home/jre/lib/./libosxapp.dylib
0x0000000020353000 	/System/Library/Frameworks/ExceptionHandling.framework/Versions/A/ExceptionHandling
0x0000000020353000 	/System/Library/PrivateFrameworks/CoreServicesInternal.framework/Versions/A/CoreServicesInternal
0x0000000020353000 	/System/Library/CoreServices/RawCamera.bundle/Contents/MacOS/RawCamera
0x0000000020353000 	/System/Library/PrivateFrameworks/MobileAsset.framework/Versions/A/MobileAsset
0x0000000020353000 	/System/Library/PrivateFrameworks/StreamingZip.framework/Versions/A/StreamingZip
0x0000000020353000 	/System/Library/Frameworks/MediaToolbox.framework/Versions/A/MediaToolbox
0x0000000020353000 	/System/Library/PrivateFrameworks/CoreAVCHD.framework/Versions/A/CoreAVCHD
0x0000000020353000 	/System/Library/Frameworks/MediaAccessibility.framework/Versions/A/MediaAccessibility
0x0000000020353000 	/System/Library/PrivateFrameworks/Mangrove.framework/Versions/A/Mangrove
0x0000000020353000 	/System/Library/Frameworks/CoreMedia.framework/Versions/A/CoreMedia
0x0000000020353000 	/System/Library/Frameworks/VideoToolbox.framework/Versions/A/VideoToolbox
0x0000000020353000 	/System/Library/PrivateFrameworks/CoreAUC.framework/Versions/A/CoreAUC
0x0000000020353000 	/usr/lib/libspindump.dylib
0x0000000020353000 	/System/Library/PrivateFrameworks/AppleVA.framework/Versions/A/AppleVA
0x0000000020353000 	/System/Library/Frameworks/Accelerate.framework/Versions/A/Frameworks/vImage.framework/Versions/A/Libraries/libCGInterfaces.dylib
0x0000000020353000 	/System/Library/Frameworks/ApplicationServices.framework/Versions/A/Frameworks/ATS.framework/Versions/A/Resources/libTrueTypeScaler.dylib
0x0000000020353000 	/System/Library/Extensions/AppleIntelBDWGraphicsMTLDriver.bundle/Contents/MacOS/AppleIntelBDWGraphicsMTLDriver
0x0000000020353000 	/System/Library/PrivateFrameworks/GPUCompiler.framework/Versions/3802/Libraries/libmetal_timestamp.dylib
0x0000000020353000 	/System/Library/PrivateFrameworks/FamilyControls.framework/Versions/A/FamilyControls
0x0000000020353000 	/System/Library/PrivateFrameworks/CommerceKit.framework/Versions/A/Frameworks/CommerceCore.framework/Versions/A/CommerceCore
0x0000000020353000 	/System/Library/PrivateFrameworks/SystemAdministration.framework/Versions/A/SystemAdministration
0x0000000020353000 	/System/Library/PrivateFrameworks/AppContainer.framework/Versions/A/AppContainer
0x0000000020353000 	/System/Library/PrivateFrameworks/SecCodeWrapper.framework/Versions/A/SecCodeWrapper
0x0000000020353000 	/System/Library/PrivateFrameworks/DiskManagement.framework/Versions/A/DiskManagement
0x0000000020353000 	/System/Library/Frameworks/DirectoryService.framework/Versions/A/DirectoryService
0x0000000020353000 	/System/Library/PrivateFrameworks/DiskImages.framework/Versions/A/DiskImages
0x0000000020353000 	/System/Library/PrivateFrameworks/LoginUIKit.framework/Versions/A/Frameworks/LoginUICore.framework/Versions/A/LoginUICore
0x0000000020353000 	/usr/lib/libCoreStorage.dylib
0x0000000020353000 	/usr/lib/libcsfde.dylib
0x0000000020353000 	/usr/lib/libodfde.dylib
0x0000000020353000 	/System/Library/PrivateFrameworks/MediaKit.framework/Versions/A/MediaKit
0x0000000020353000 	/System/Library/Frameworks/DiscRecording.framework/Versions/A/DiscRecording
0x0000000020353000 	/System/Library/PrivateFrameworks/EFILogin.framework/Versions/A/EFILogin
0x0000000020353000 	/System/Library/PrivateFrameworks/ProtectedCloudStorage.framework/Versions/A/ProtectedCloudStorage
0x0000000020353000 	/usr/lib/libcurl.4.dylib
0x0000000020353000 	/usr/lib/libcrypto.35.dylib
0x0000000020353000 	/usr/lib/libssl.35.dylib
0x0000000020353000 	/System/Library/Frameworks/LDAP.framework/Versions/A/LDAP
0x0000000020353000 	/System/Library/PrivateFrameworks/TrustEvaluationAgent.framework/Versions/A/TrustEvaluationAgent
0x0000000020353000 	/usr/lib/libsasl2.2.dylib
0x0000000020353000 	/System/Library/PrivateFrameworks/CoreDaemon.framework/Versions/B/CoreDaemon
0x0000000020353000 	/System/Library/PrivateFrameworks/AppleSRP.framework/Versions/A/AppleSRP
0x0000000020353000 	/System/Library/Frameworks/OpenGL.framework/Versions/A/Resources/GLEngine.bundle/GLEngine
0x0000000020353000 	/System/Library/Frameworks/OpenGL.framework/Versions/A/Libraries/libGLProgrammability.dylib
0x0000000125bbb000 	/System/Library/Extensions/AppleIntelBDWGraphicsGLDriver.bundle/Contents/MacOS/AppleIntelBDWGraphicsGLDriver
0x0000000020353000 	/System/Library/PrivateFrameworks/GPUSupport.framework/Versions/A/Libraries/libGPUSupportMercury.dylib
0x0000000020353000 	/System/Library/Frameworks/OpenGL.framework/Versions/A/Resources/GLRendererFloat.bundle/GLRendererFloat
0x0000000020353000 	/System/Library/Frameworks/OpenCL.framework/Versions/A/Libraries/libcldcpuengine.dylib
0x0000000126baf000 	/Library/Java/JavaVirtualMachines/jdk1.8.0_73.jdk/Contents/Home/jre/lib/libfontmanager.dylib
0x0000000127e8b000 	/Library/Java/JavaVirtualMachines/jdk1.8.0_73.jdk/Contents/Home/jre/lib/libosxui.dylib
0x0000000020353000 	/System/Library/PrivateFrameworks/ViewBridge.framework/Versions/A/ViewBridge
0x0000000128e31000 	/Library/Java/JavaVirtualMachines/jdk1.8.0_73.jdk/Contents/Home/jre/lib/libnet.dylib
0x0000000128e48000 	/Library/Java/JavaVirtualMachines/jdk1.8.0_73.jdk/Contents/Home/jre/lib/libnio.dylib
0x00000001246da000 	/private/var/folders/qx/wrjdfy9d1sq4_104x_y4g7kr0000gn/T/jogamp_0000/file_cache/jln6907488347151388576/jln5781572329588461046/libgluegen-rt.jnilib
0x0000000127e88000 	/private/var/folders/qx/wrjdfy9d1sq4_104x_y4g7kr0000gn/T/jogamp_0000/file_cache/jln6907488347151388576/jln5781572329588461046/libnativewindow_awt.jnilib
0x0000000127f0d000 	/Library/Java/JavaVirtualMachines/jdk1.8.0_73.jdk/Contents/Home/jre/lib/libjawt.dylib
0x0000000127f10000 	/private/var/folders/qx/wrjdfy9d1sq4_104x_y4g7kr0000gn/T/jogamp_0000/file_cache/jln6907488347151388576/jln5781572329588461046/libnativewindow_macosx.jnilib
0x000000019580c000 	/private/var/folders/qx/wrjdfy9d1sq4_104x_y4g7kr0000gn/T/jogamp_0000/file_cache/jln6907488347151388576/jln5781572329588461046/libjogl_desktop.jnilib
0x0000000124eed000 	/Library/Java/JavaVirtualMachines/jdk1.8.0_73.jdk/Contents/Home/jre/lib/libt2k.dylib

VM Arguments:
jvm_args: -Djava.security.policy=java.policy.applet -Dfile.encoding=UTF-8 
java_command: sun.applet.AppletViewer module4.EarthquakeCityMap1536733499503.html
java_class_path (initial): /Library/Java/JavaVirtualMachines/jdk1.8.0_73.jdk/Contents/Home/jre/lib/resources.jar:/Library/Java/JavaVirtualMachines/jdk1.8.0_73.jdk/Contents/Home/jre/lib/rt.jar:/Library/Java/JavaVirtualMachines/jdk1.8.0_73.jdk/Contents/Home/jre/lib/jsse.jar:/Library/Java/JavaVirtualMachines/jdk1.8.0_73.jdk/Contents/Home/jre/lib/jce.jar:/Library/Java/JavaVirtualMachines/jdk1.8.0_73.jdk/Contents/Home/jre/lib/charsets.jar:/Library/Java/JavaVirtualMachines/jdk1.8.0_73.jdk/Contents/Home/jre/lib/jfr.jar:/Library/Java/JavaVirtualMachines/jdk1.8.0_73.jdk/Contents/Home/jre/lib/ext/sunec.jar:/Library/Java/JavaVirtualMachines/jdk1.8.0_73.jdk/Contents/Home/jre/lib/ext/nashorn.jar:/Library/Java/JavaVirtualMachines/jdk1.8.0_73.jdk/Contents/Home/jre/lib/ext/cldrdata.jar:/Library/Java/JavaVirtualMachines/jdk1.8.0_73.jdk/Contents/Home/jre/lib/ext/jfxrt.jar:/Library/Java/JavaVirtualMachines/jdk1.8.0_73.jdk/Contents/Home/jre/lib/ext/dnsns.jar:/Library/Java/JavaVirtualMachines/jdk1.8.0_73.jdk/Contents/Home/jre/lib/ext/localedata.jar:/Library/Java/JavaVirtualMachines/jdk1.8.0_73.jdk/Contents/Home/jre/lib/ext/sunjce_provider.jar:/Library/Java/JavaVirtualMachines/jdk1.8.0_73.jdk/Contents/Home/jre/lib/ext/sunpkcs11.jar:/Library/Java/JavaVirtualMachines/jdk1.8.0_73.jdk/Contents/Home/jre/lib/ext/jaccess.jar:/Library/Java/JavaVirtualMachines/jdk1.8.0_73.jdk/Contents/Home/jre/lib/ext/zipfs.jar:/System/Library/Java/Extensions/MRJToolkit.jar:/Users/ZRC/eclipse-workspace/UCSDUnfoldingMaps/build:/Users/ZRC/eclipse-workspace/UCSDUnfoldingMaps/lib/core.jar:/Users/ZRC/eclipse-workspace/UCSDUnfoldingMaps/lib/gluegen-rt.jar:/Users/ZRC/eclipse-workspace/UCSDUnfoldingMaps/lib/jogl-all.jar:/Users/ZRC/eclipse-workspace/UCSDUnfoldingMaps/lib/log4j-1.2.15.jar:/Users/ZRC/eclipse-workspace/UCSDUnfoldingMaps/lib/sqlite-jdbc-3.7.2.jar:/Users/ZRC/eclipse-workspace/UCSDUnfoldingMaps/lib/json4processing.jar:/Users/ZRC/eclipse-workspace/UCSDUnfoldingMaps/lib/libTUIO.jar:/Users/ZRC/eclipse-workspace/
Launcher Type: SUN_STANDARD

Environment Variables:
PATH=/usr/bin:/bin:/usr/sbin:/sbin
SHELL=/bin/zsh
DISPLAY=/private/tmp/com.apple.launchd.j5495vNUtb/org.macosforge.xquartz:0

Signal Handlers:
SIGSEGV: [libjvm.dylib+0x5a71a5], sa_mask[0]=11111111011111110111111111111111, sa_flags=SA_ONSTACK|SA_RESTART|SA_SIGINFO
SIGBUS: [libjvm.dylib+0x5a71a5], sa_mask[0]=11111111011111110111111111111111, sa_flags=SA_RESTART|SA_SIGINFO
SIGFPE: [libjvm.dylib+0x480eb4], sa_mask[0]=11111111011111110111111111111111, sa_flags=SA_RESTART|SA_SIGINFO
SIGPIPE: [libjvm.dylib+0x480eb4], sa_mask[0]=11111111011111110111111111111111, sa_flags=SA_RESTART|SA_SIGINFO
SIGXFSZ: [libjvm.dylib+0x480eb4], sa_mask[0]=11111111011111110111111111111111, sa_flags=SA_RESTART|SA_SIGINFO
SIGILL: [libjvm.dylib+0x480eb4], sa_mask[0]=11111111011111110111111111111111, sa_flags=SA_RESTART|SA_SIGINFO
SIGUSR1: SIG_DFL, sa_mask[0]=00000000000000000000000000000000, sa_flags=none
SIGUSR2: [libjvm.dylib+0x4809d2], sa_mask[0]=00100000000000000000000000000000, sa_flags=SA_RESTART|SA_SIGINFO
SIGHUP: [libjvm.dylib+0x47efa9], sa_mask[0]=11111111011111110111111111111111, sa_flags=SA_RESTART|SA_SIGINFO
SIGINT: [libjvm.dylib+0x47efa9], sa_mask[0]=11111111011111110111111111111111, sa_flags=SA_RESTART|SA_SIGINFO
SIGTERM: [libjvm.dylib+0x47efa9], sa_mask[0]=11111111011111110111111111111111, sa_flags=SA_RESTART|SA_SIGINFO
SIGQUIT: [libjvm.dylib+0x47efa9], sa_mask[0]=11111111011111110111111111111111, sa_flags=SA_RESTART|SA_SIGINFO


---------------  S Y S T E M  ---------------

OS:Bsduname:Darwin 17.7.0 Darwin Kernel Version 17.7.0: Thu Jun 21 22:53:14 PDT 2018; root:xnu-4570.71.2~1/RELEASE_X86_64 x86_64
rlimit: STACK 8192k, CORE 0k, NPROC 709, NOFILE 10240, AS infinity
load average:1.82 1.70 1.68

CPU:total 4 (2 cores per cpu, 2 threads per core) family 6 model 61 stepping 4, cmov, cx8, fxsr, mmx, sse, sse2, sse3, ssse3, sse4.1, sse4.2, popcnt, avx, avx2, aes, clmul, erms, 3dnowpref, lzcnt, ht, tsc, tscinvbit, bmi1, bmi2, adx

Memory: 4k page, physical 8388608k(331200k free)

/proc/meminfo:


vm_info: Java HotSpot(TM) 64-Bit Server VM (25.73-b02) for bsd-amd64 JRE (1.8.0_73-b02), built on Jan 29 2016 15:02:00 by "java_re" with gcc 4.2.1 (Based on Apple Inc. build 5658) (LLVM build 2336.11.00)

time: Wed Sep 12 02:25:10 2018
elapsed time: 11 seconds (0d 0h 0m 11s)

